[ 2017-08-09T08:12:08+08:00 ] 127.0.0.1 /gzsc/
INFO: [ app_init ] --START--
INFO: Run Behavior\BuildLiteBehavior [ RunTime:0.000000s ]
INFO: [ app_init ] --END-- [ RunTime:0.005000s ]
INFO: [ app_begin ] --START--
INFO: Run Behavior\ReadHtmlCacheBehavior [ RunTime:0.002000s ]
INFO: [ app_begin ] --END-- [ RunTime:0.002000s ]
INFO: [ view_parse ] --START--
INFO: [ template_filter ] --START--
INFO: Run Behavior\ContentReplaceBehavior [ RunTime:0.000000s ]
INFO: [ template_filter ] --END-- [ RunTime:0.000000s ]
INFO: Run Behavior\ParseTemplateBehavior [ RunTime:0.010000s ]
INFO: [ view_parse ] --END-- [ RunTime:0.010000s ]
INFO: [ view_filter ] --START--
INFO: Run Behavior\WriteHtmlCacheBehavior [ RunTime:0.001000s ]
INFO: [ view_filter ] --END-- [ RunTime:0.001000s ]
INFO: [ app_end ] --START--
INFO: Run Behavior\ShowPageTraceBehavior [ RunTime:0.002000s ]
INFO: [ app_end ] --END-- [ RunTime:0.002000s ]

[ 2017-08-09T15:42:01+08:00 ] 192.168.31.216 /gzsc/index.php/Home/Serve/selectserve?
INFO: [ app_init ] --START--
INFO: Run Behavior\BuildLiteBehavior [ RunTime:0.000000s ]
INFO: [ app_init ] --END-- [ RunTime:0.000000s ]
INFO: [ app_begin ] --START--
INFO: Run Behavior\ReadHtmlCacheBehavior [ RunTime:0.000000s ]
INFO: [ app_begin ] --END-- [ RunTime:0.001000s ]
NOTIC: [8192] mysql_connect(): The mysql extension is deprecated and will be removed in the future: use mysqli or PDO instead C:\aaa\WWW\gzsc\ThinkPHP\Library\Think\Db\Driver\Mysql.class.php Á¨¨ 52 Ë°å.
SQL: SHOW COLUMNS FROM `cate` [ RunTime:0.020000s ]
SQL: SELECT `id` FROM `cate` WHERE `cate_name` = 'ÊúçÂä°' LIMIT 1   [ RunTime:0.000000s ]
SQL: SELECT `id`,`cate_name`,`cate_pic` FROM `cate` WHERE `cate_pid` = 1  [ RunTime:0.001000s ]

[ 2017-08-09T15:58:10+08:00 ] 192.168.31.216 /gzsc/index.php/Home/Serve/selectserve?
INFO: [ app_init ] --START--
INFO: Run Behavior\BuildLiteBehavior [ RunTime:0.000000s ]
INFO: [ app_init ] --END-- [ RunTime:0.001000s ]
INFO: [ app_begin ] --START--
INFO: Run Behavior\ReadHtmlCacheBehavior [ RunTime:0.001000s ]
INFO: [ app_begin ] --END-- [ RunTime:0.001000s ]
NOTIC: [8192] mysql_connect(): The mysql extension is deprecated and will be removed in the future: use mysqli or PDO instead C:\aaa\WWW\gzsc\ThinkPHP\Library\Think\Db\Driver\Mysql.class.php Á¨¨ 52 Ë°å.
SQL: SHOW COLUMNS FROM `cate` [ RunTime:0.010000s ]
SQL: SELECT `id` FROM `cate` WHERE `cate_name` = 'ÊúçÂä°' LIMIT 1   [ RunTime:0.000000s ]
SQL: SELECT `id`,`cate_name`,`cate_pic` FROM `cate` WHERE `cate_pid` = 1  [ RunTime:0.001000s ]

[ 2017-08-09T17:06:50+08:00 ] 192.168.31.216 /gzsc/index.php/Home/Serve//index.php/Home/Serve/houseforrent?json=%7B%22area%22%3A%22%E5%B9%BF%E5%B7%9E%22%2C%22cash%22%3A%22%22%2C%22cate_id%22%3A%222%22%2C%22des%22%3A%22%22%2C%22house_type%22%3A%22ads%22%2C%22name%22%3A%22%22%2C%22pay_method%22%3A%22%22%2C%22state%22%3A%222%22%2C%22tel%22%3A%22%22%2C%22url%22%3A%5B%5D%7D
INFO: [ app_init ] --START--
INFO: Run Behavior\BuildLiteBehavior [ RunTime:0.000000s ]
INFO: [ app_init ] --END-- [ RunTime:0.001000s ]
INFO: [ app_begin ] --START--
INFO: Run Behavior\ReadHtmlCacheBehavior [ RunTime:0.000000s ]
INFO: [ app_begin ] --END-- [ RunTime:0.000000s ]
ERR: ÈùûÊ≥ïÊìç‰Ωú:index.php

[ 2017-08-09T17:07:18+08:00 ] 192.168.31.216 /gzsc/index.php/Home/Serve//index.php/Home/Serve/houseforrent?json=%7B%22area%22%3A%22%E5%B9%BF%E5%B7%9E%22%2C%22cash%22%3A%22%22%2C%22cate_id%22%3A%222%22%2C%22des%22%3A%22%22%2C%22house_type%22%3A%22ads%22%2C%22name%22%3A%22%22%2C%22pay_method%22%3A%22%22%2C%22state%22%3A%222%22%2C%22tel%22%3A%22%22%2C%22url%22%3A%5B%5D%7D
INFO: [ app_init ] --START--
INFO: Run Behavior\BuildLiteBehavior [ RunTime:0.000000s ]
INFO: [ app_init ] --END-- [ RunTime:0.000000s ]
INFO: [ app_begin ] --START--
INFO: Run Behavior\ReadHtmlCacheBehavior [ RunTime:0.000000s ]
INFO: [ app_begin ] --END-- [ RunTime:0.000000s ]
ERR: ÈùûÊ≥ïÊìç‰Ωú:index.php

[ 2017-08-09T17:07:19+08:00 ] 192.168.31.216 /gzsc/index.php/Home/Serve//index.php/Home/Serve/houseforrent?json=%7B%22area%22%3A%22%E5%B9%BF%E5%B7%9E%22%2C%22cash%22%3A%22%22%2C%22cate_id%22%3A%222%22%2C%22des%22%3A%22%22%2C%22house_type%22%3A%22ads%22%2C%22name%22%3A%22%22%2C%22pay_method%22%3A%22%22%2C%22state%22%3A%222%22%2C%22tel%22%3A%22%22%2C%22url%22%3A%5B%5D%7D
INFO: [ app_init ] --START--
INFO: Run Behavior\BuildLiteBehavior [ RunTime:0.000000s ]
INFO: [ app_init ] --END-- [ RunTime:0.000000s ]
INFO: [ app_begin ] --START--
INFO: Run Behavior\ReadHtmlCacheBehavior [ RunTime:0.001000s ]
INFO: [ app_begin ] --END-- [ RunTime:0.001000s ]
ERR: ÈùûÊ≥ïÊìç‰Ωú:index.php

[ 2017-08-09T17:07:19+08:00 ] 192.168.31.216 /gzsc/index.php/Home/Serve//index.php/Home/Serve/houseforrent?json=%7B%22area%22%3A%22%E5%B9%BF%E5%B7%9E%22%2C%22cash%22%3A%22%22%2C%22cate_id%22%3A%222%22%2C%22des%22%3A%22%22%2C%22house_type%22%3A%22ads%22%2C%22name%22%3A%22%22%2C%22pay_method%22%3A%22%22%2C%22state%22%3A%222%22%2C%22tel%22%3A%22%22%2C%22url%22%3A%5B%5D%7D
INFO: [ app_init ] --START--
INFO: Run Behavior\BuildLiteBehavior [ RunTime:0.000000s ]
INFO: [ app_init ] --END-- [ RunTime:0.000000s ]
INFO: [ app_begin ] --START--
INFO: Run Behavior\ReadHtmlCacheBehavior [ RunTime:0.001000s ]
INFO: [ app_begin ] --END-- [ RunTime:0.001000s ]
ERR: ÈùûÊ≥ïÊìç‰Ωú:index.php

[ 2017-08-09T17:07:19+08:00 ] 192.168.31.216 /gzsc/index.php/Home/Serve//index.php/Home/Serve/houseforrent?json=%7B%22area%22%3A%22%E5%B9%BF%E5%B7%9E%22%2C%22cash%22%3A%22%22%2C%22cate_id%22%3A%222%22%2C%22des%22%3A%22%22%2C%22house_type%22%3A%22ads%22%2C%22name%22%3A%22%22%2C%22pay_method%22%3A%22%22%2C%22state%22%3A%222%22%2C%22tel%22%3A%22%22%2C%22url%22%3A%5B%5D%7D
INFO: [ app_init ] --START--
INFO: Run Behavior\BuildLiteBehavior [ RunTime:0.000000s ]
INFO: [ app_init ] --END-- [ RunTime:0.001000s ]
INFO: [ app_begin ] --START--
INFO: Run Behavior\ReadHtmlCacheBehavior [ RunTime:0.001000s ]
INFO: [ app_begin ] --END-- [ RunTime:0.001000s ]
ERR: ÈùûÊ≥ïÊìç‰Ωú:index.php

[ 2017-08-09T17:07:19+08:00 ] 192.168.31.216 /gzsc/index.php/Home/Serve//index.php/Home/Serve/houseforrent?json=%7B%22area%22%3A%22%E5%B9%BF%E5%B7%9E%22%2C%22cash%22%3A%22%22%2C%22cate_id%22%3A%222%22%2C%22des%22%3A%22%22%2C%22house_type%22%3A%22ads%22%2C%22name%22%3A%22%22%2C%22pay_method%22%3A%22%22%2C%22state%22%3A%222%22%2C%22tel%22%3A%22%22%2C%22url%22%3A%5B%5D%7D
INFO: [ app_init ] --START--
INFO: Run Behavior\BuildLiteBehavior [ RunTime:0.000000s ]
INFO: [ app_init ] --END-- [ RunTime:0.000000s ]
INFO: [ app_begin ] --START--
INFO: Run Behavior\ReadHtmlCacheBehavior [ RunTime:0.000000s ]
INFO: [ app_begin ] --END-- [ RunTime:0.000000s ]
ERR: ÈùûÊ≥ïÊìç‰Ωú:index.php

[ 2017-08-09T17:07:22+08:00 ] 192.168.31.216 /gzsc/index.php/Home/Serve//index.php/Home/Serve/houseforrent?json=%7B%22area%22%3A%22%E5%B9%BF%E5%B7%9E%22%2C%22cash%22%3A%22%22%2C%22cate_id%22%3A%222%22%2C%22des%22%3A%22%22%2C%22house_type%22%3A%22ads%22%2C%22name%22%3A%22%22%2C%22pay_method%22%3A%22sadsa%22%2C%22state%22%3A%222%22%2C%22tel%22%3A%22%22%2C%22url%22%3A%5B%5D%7D
INFO: [ app_init ] --START--
INFO: Run Behavior\BuildLiteBehavior [ RunTime:0.000000s ]
INFO: [ app_init ] --END-- [ RunTime:0.001000s ]
INFO: [ app_begin ] --START--
INFO: Run Behavior\ReadHtmlCacheBehavior [ RunTime:0.000000s ]
INFO: [ app_begin ] --END-- [ RunTime:0.000000s ]
ERR: ÈùûÊ≥ïÊìç‰Ωú:index.php

[ 2017-08-09T17:07:22+08:00 ] 192.168.31.216 /gzsc/index.php/Home/Serve//index.php/Home/Serve/houseforrent?json=%7B%22area%22%3A%22%E5%B9%BF%E5%B7%9E%22%2C%22cash%22%3A%22%22%2C%22cate_id%22%3A%222%22%2C%22des%22%3A%22%22%2C%22house_type%22%3A%22ads%22%2C%22name%22%3A%22%22%2C%22pay_method%22%3A%22sadsa%22%2C%22state%22%3A%222%22%2C%22tel%22%3A%22%22%2C%22url%22%3A%5B%5D%7D
INFO: [ app_init ] --START--
INFO: Run Behavior\BuildLiteBehavior [ RunTime:0.000000s ]
INFO: [ app_init ] --END-- [ RunTime:0.001000s ]
INFO: [ app_begin ] --START--
INFO: Run Behavior\ReadHtmlCacheBehavior [ RunTime:0.001000s ]
INFO: [ app_begin ] --END-- [ RunTime:0.001000s ]
ERR: ÈùûÊ≥ïÊìç‰Ωú:index.php

[ 2017-08-09T17:07:22+08:00 ] 192.168.31.216 /gzsc/index.php/Home/Serve//index.php/Home/Serve/houseforrent?json=%7B%22area%22%3A%22%E5%B9%BF%E5%B7%9E%22%2C%22cash%22%3A%22%22%2C%22cate_id%22%3A%222%22%2C%22des%22%3A%22%22%2C%22house_type%22%3A%22ads%22%2C%22name%22%3A%22%22%2C%22pay_method%22%3A%22sadsa%22%2C%22state%22%3A%222%22%2C%22tel%22%3A%22%22%2C%22url%22%3A%5B%5D%7D
INFO: [ app_init ] --START--
INFO: Run Behavior\BuildLiteBehavior [ RunTime:0.000000s ]
INFO: [ app_init ] --END-- [ RunTime:0.000000s ]
INFO: [ app_begin ] --START--
INFO: Run Behavior\ReadHtmlCacheBehavior [ RunTime:0.001000s ]
INFO: [ app_begin ] --END-- [ RunTime:0.001000s ]
ERR: ÈùûÊ≥ïÊìç‰Ωú:index.php

[ 2017-08-09T17:10:21+08:00 ] 192.168.31.216 /gzsc/index.php/Home/Serve//index.php/Home/Serve/houseforrent?json=%7B%22area%22%3A%22%E5%B9%BF%E5%B7%9E%22%2C%22cash%22%3A%22%22%2C%22cate_id%22%3A%222%22%2C%22des%22%3A%22%22%2C%22house_type%22%3A%22%22%2C%22name%22%3A%22%22%2C%22pay_method%22%3A%22%22%2C%22state%22%3A%222%22%2C%22tel%22%3A%22%22%2C%22url%22%3A%5B%5D%7D
INFO: [ app_init ] --START--
INFO: Run Behavior\BuildLiteBehavior [ RunTime:0.000000s ]
INFO: [ app_init ] --END-- [ RunTime:0.001000s ]
INFO: [ app_begin ] --START--
INFO: Run Behavior\ReadHtmlCacheBehavior [ RunTime:0.001000s ]
INFO: [ app_begin ] --END-- [ RunTime:0.001000s ]
ERR: ÈùûÊ≥ïÊìç‰Ωú:index.php

[ 2017-08-09T17:11:21+08:00 ] 192.168.31.216 /gzsc/index.php/Home/Serve//index.php/Home/Serve/houseforrent?json=%7B%22area%22%3A%22%E5%B9%BF%E5%B7%9E%22%2C%22cash%22%3A%22%22%2C%22cate_id%22%3A%222%22%2C%22des%22%3A%22%22%2C%22house_type%22%3A%22%22%2C%22name%22%3A%22%22%2C%22pay_method%22%3A%22%22%2C%22state%22%3A%222%22%2C%22tel%22%3A%22%22%2C%22url%22%3A%5B%5D%7D
INFO: [ app_init ] --START--
INFO: Run Behavior\BuildLiteBehavior [ RunTime:0.000000s ]
INFO: [ app_init ] --END-- [ RunTime:0.001000s ]
INFO: [ app_begin ] --START--
INFO: Run Behavior\ReadHtmlCacheBehavior [ RunTime:0.001000s ]
INFO: [ app_begin ] --END-- [ RunTime:0.001000s ]
ERR: ÈùûÊ≥ïÊìç‰Ωú:index.php

[ 2017-08-09T17:11:23+08:00 ] 192.168.31.216 /gzsc/index.php/Home/Serve//index.php/Home/Serve/houseforrent?json=%7B%22area%22%3A%22%E5%B9%BF%E5%B7%9E%22%2C%22cash%22%3A%22%22%2C%22cate_id%22%3A%222%22%2C%22des%22%3A%22%22%2C%22house_type%22%3A%22%22%2C%22name%22%3A%22%22%2C%22pay_method%22%3A%22%22%2C%22state%22%3A%222%22%2C%22tel%22%3A%22%22%2C%22url%22%3A%5B%5D%7D
INFO: [ app_init ] --START--
INFO: Run Behavior\BuildLiteBehavior [ RunTime:0.000000s ]
INFO: [ app_init ] --END-- [ RunTime:0.001000s ]
INFO: [ app_begin ] --START--
INFO: Run Behavior\ReadHtmlCacheBehavior [ RunTime:0.000000s ]
INFO: [ app_begin ] --END-- [ RunTime:0.000000s ]
ERR: ÈùûÊ≥ïÊìç‰Ωú:index.php

[ 2017-08-09T17:13:19+08:00 ] 192.168.31.216 /gzsc/index.php/Home/Serve//index.php/Home/Serve/houseforrent?json=%7B%22area%22%3A%22%E5%B9%BF%E5%B7%9E%22%2C%22cash%22%3A%22%22%2C%22cate_id%22%3A%222%22%2C%22des%22%3A%22%22%2C%22house_type%22%3A%22%22%2C%22name%22%3A%22%22%2C%22pay_method%22%3A%22%22%2C%22state%22%3A%222%22%2C%22tel%22%3A%22%22%2C%22url%22%3A%5B%5D%7D
INFO: [ app_init ] --START--
INFO: Run Behavior\BuildLiteBehavior [ RunTime:0.000000s ]
INFO: [ app_init ] --END-- [ RunTime:0.001000s ]
INFO: [ app_begin ] --START--
INFO: Run Behavior\ReadHtmlCacheBehavior [ RunTime:0.000000s ]
INFO: [ app_begin ] --END-- [ RunTime:0.000000s ]
ERR: ÈùûÊ≥ïÊìç‰Ωú:index.php

[ 2017-08-09T17:14:24+08:00 ] 192.168.31.216 /gzsc/index.php/Home/Serve//index.php/Home/Serve/houseforrent?json=%7B%22area%22%3A%22%E5%B9%BF%E5%B7%9E%22%2C%22cash%22%3A%22%22%2C%22cate_id%22%3A%222%22%2C%22des%22%3A%22%22%2C%22house_type%22%3A%22%22%2C%22name%22%3A%22%22%2C%22pay_method%22%3A%22%22%2C%22state%22%3A%222%22%2C%22tel%22%3A%22%22%2C%22url%22%3A%5B%5D%7D
INFO: [ app_init ] --START--
INFO: Run Behavior\BuildLiteBehavior [ RunTime:0.000000s ]
INFO: [ app_init ] --END-- [ RunTime:0.001000s ]
INFO: [ app_begin ] --START--
INFO: Run Behavior\ReadHtmlCacheBehavior [ RunTime:0.000000s ]
INFO: [ app_begin ] --END-- [ RunTime:0.000000s ]
ERR: ÈùûÊ≥ïÊìç‰Ωú:index.php

[ 2017-08-09T17:15:24+08:00 ] 192.168.31.216 /gzsc/index.php/Home/Serve//index.php/Home/Serve/houseforrent?json=%7B%22area%22%3A%22%E5%B9%BF%E5%B7%9E%22%2C%22cash%22%3A%22%22%2C%22cate_id%22%3A%222%22%2C%22des%22%3A%22%22%2C%22house_type%22%3A%22%22%2C%22name%22%3A%22%22%2C%22pay_method%22%3A%22%22%2C%22state%22%3A%222%22%2C%22tel%22%3A%22%22%2C%22url%22%3A%5B%5D%7D
INFO: [ app_init ] --START--
INFO: Run Behavior\BuildLiteBehavior [ RunTime:0.000000s ]
INFO: [ app_init ] --END-- [ RunTime:0.001000s ]
INFO: [ app_begin ] --START--
INFO: Run Behavior\ReadHtmlCacheBehavior [ RunTime:0.000000s ]
INFO: [ app_begin ] --END-- [ RunTime:0.000000s ]
ERR: ÈùûÊ≥ïÊìç‰Ωú:index.php

[ 2017-08-09T17:18:01+08:00 ] 192.168.31.216 /gzsc/index.php/Home/Serve//index.php/Home/Serve/houseforrent?json=%7B%22area%22%3A%22%E5%B9%BF%E5%B7%9E%22%2C%22cash%22%3A%22%22%2C%22cate_id%22%3A%222%22%2C%22des%22%3A%22%22%2C%22house_type%22%3A%22%22%2C%22name%22%3A%22%22%2C%22pay_method%22%3A%22%22%2C%22state%22%3A%222%22%2C%22tel%22%3A%22%22%2C%22url%22%3A%5B%5D%7D
INFO: [ app_init ] --START--
INFO: Run Behavior\BuildLiteBehavior [ RunTime:0.000000s ]
INFO: [ app_init ] --END-- [ RunTime:0.000000s ]
INFO: [ app_begin ] --START--
INFO: Run Behavior\ReadHtmlCacheBehavior [ RunTime:0.001000s ]
INFO: [ app_begin ] --END-- [ RunTime:0.001000s ]
ERR: ÈùûÊ≥ïÊìç‰Ωú:index.php

[ 2017-08-09T17:18:59+08:00 ] 192.168.31.216 /gzsc/index.php/Home/Serve//index.php/Home/Serve/houseforrent?json=%7B%22area%22%3A%22%E5%B9%BF%E5%B7%9E%22%2C%22cash%22%3A%22%22%2C%22cate_id%22%3A%222%22%2C%22des%22%3A%22%22%2C%22house_type%22%3A%22%22%2C%22name%22%3A%22%22%2C%22pay_method%22%3A%22%22%2C%22state%22%3A%222%22%2C%22tel%22%3A%22%22%2C%22url%22%3A%5B%5D%7D
INFO: [ app_init ] --START--
INFO: Run Behavior\BuildLiteBehavior [ RunTime:0.000000s ]
INFO: [ app_init ] --END-- [ RunTime:0.001000s ]
INFO: [ app_begin ] --START--
INFO: Run Behavior\ReadHtmlCacheBehavior [ RunTime:0.000000s ]
INFO: [ app_begin ] --END-- [ RunTime:0.000000s ]
ERR: ÈùûÊ≥ïÊìç‰Ωú:index.php

[ 2017-08-09T17:20:47+08:00 ] 192.168.31.216 /gzsc/index.php/Home/Serve//index.php/Home/Serve/houseforrent?json=%7B%22area%22%3A%22%E5%B9%BF%E5%B7%9E%22%2C%22cash%22%3A%22%22%2C%22cate_id%22%3A%222%22%2C%22des%22%3A%22%22%2C%22house_type%22%3A%22%22%2C%22name%22%3A%22%22%2C%22pay_method%22%3A%22%22%2C%22state%22%3A%222%22%2C%22tel%22%3A%22%22%2C%22url%22%3A%5B%5D%7D
INFO: [ app_init ] --START--
INFO: Run Behavior\BuildLiteBehavior [ RunTime:0.000000s ]
INFO: [ app_init ] --END-- [ RunTime:0.000000s ]
INFO: [ app_begin ] --START--
INFO: Run Behavior\ReadHtmlCacheBehavior [ RunTime:0.001000s ]
INFO: [ app_begin ] --END-- [ RunTime:0.001000s ]
ERR: ÈùûÊ≥ïÊìç‰Ωú:index.php

[ 2017-08-09T17:20:49+08:00 ] 192.168.31.216 /gzsc/index.php/Home/Serve//index.php/Home/Serve/houseforrent?json=%7B%22area%22%3A%22%E5%B9%BF%E5%B7%9E%22%2C%22cash%22%3A%22%22%2C%22cate_id%22%3A%222%22%2C%22des%22%3A%22%22%2C%22house_type%22%3A%22%22%2C%22name%22%3A%22%22%2C%22pay_method%22%3A%22%22%2C%22state%22%3A%222%22%2C%22tel%22%3A%22%22%2C%22url%22%3A%5B%5D%7D
INFO: [ app_init ] --START--
INFO: Run Behavior\BuildLiteBehavior [ RunTime:0.000000s ]
INFO: [ app_init ] --END-- [ RunTime:0.001000s ]
INFO: [ app_begin ] --START--
INFO: Run Behavior\ReadHtmlCacheBehavior [ RunTime:0.001000s ]
INFO: [ app_begin ] --END-- [ RunTime:0.001000s ]
ERR: ÈùûÊ≥ïÊìç‰Ωú:index.php

[ 2017-08-09T17:20:50+08:00 ] 192.168.31.216 /gzsc/index.php/Home/Serve//index.php/Home/Serve/houseforrent?json=%7B%22area%22%3A%22%E5%B9%BF%E5%B7%9E%22%2C%22cash%22%3A%22%22%2C%22cate_id%22%3A%222%22%2C%22des%22%3A%22%22%2C%22house_type%22%3A%22%22%2C%22name%22%3A%22%22%2C%22pay_method%22%3A%22%22%2C%22state%22%3A%222%22%2C%22tel%22%3A%22%22%2C%22url%22%3A%5B%5D%7D
INFO: [ app_init ] --START--
INFO: Run Behavior\BuildLiteBehavior [ RunTime:0.000000s ]
INFO: [ app_init ] --END-- [ RunTime:0.000000s ]
INFO: [ app_begin ] --START--
INFO: Run Behavior\ReadHtmlCacheBehavior [ RunTime:0.001000s ]
INFO: [ app_begin ] --END-- [ RunTime:0.002000s ]
ERR: ÈùûÊ≥ïÊìç‰Ωú:index.php

[ 2017-08-09T17:20:50+08:00 ] 192.168.31.216 /gzsc/index.php/Home/Serve//index.php/Home/Serve/houseforrent?json=%7B%22area%22%3A%22%E5%B9%BF%E5%B7%9E%22%2C%22cash%22%3A%22%22%2C%22cate_id%22%3A%222%22%2C%22des%22%3A%22%22%2C%22house_type%22%3A%22%22%2C%22name%22%3A%22%22%2C%22pay_method%22%3A%22%22%2C%22state%22%3A%222%22%2C%22tel%22%3A%22%22%2C%22url%22%3A%5B%5D%7D
INFO: [ app_init ] --START--
INFO: Run Behavior\BuildLiteBehavior [ RunTime:0.000000s ]
INFO: [ app_init ] --END-- [ RunTime:0.000000s ]
INFO: [ app_begin ] --START--
INFO: Run Behavior\ReadHtmlCacheBehavior [ RunTime:0.001000s ]
INFO: [ app_begin ] --END-- [ RunTime:0.001000s ]
ERR: ÈùûÊ≥ïÊìç‰Ωú:index.php

[ 2017-08-09T17:22:15+08:00 ] 192.168.31.216 /gzsc/index.php/Home/Serve//index.php/Home/Serve/houseforrent?json=%7B%22area%22%3A%22%E5%B9%BF%E5%B7%9E%22%2C%22cash%22%3A%22%22%2C%22cate_id%22%3A%222%22%2C%22des%22%3A%22%22%2C%22house_type%22%3A%22%22%2C%22name%22%3A%22%22%2C%22pay_method%22%3A%22%22%2C%22state%22%3A%222%22%2C%22tel%22%3A%22%22%2C%22url%22%3A%5B%5D%7D
INFO: [ app_init ] --START--
INFO: Run Behavior\BuildLiteBehavior [ RunTime:0.000000s ]
INFO: [ app_init ] --END-- [ RunTime:0.001000s ]
INFO: [ app_begin ] --START--
INFO: Run Behavior\ReadHtmlCacheBehavior [ RunTime:0.000000s ]
INFO: [ app_begin ] --END-- [ RunTime:0.000000s ]
ERR: ÈùûÊ≥ïÊìç‰Ωú:index.php

[ 2017-08-09T17:23:37+08:00 ] 192.168.31.216 /gzsc/index.php/Home/Serve//index.php/Home/Serve/houseforrent?json=%7B%22area%22%3A%22%E5%B9%BF%E5%B7%9E%22%2C%22cash%22%3A%22%22%2C%22cate_id%22%3A%222%22%2C%22des%22%3A%22%22%2C%22house_type%22%3A%22%22%2C%22name%22%3A%22%22%2C%22pay_method%22%3A%22%22%2C%22state%22%3A%222%22%2C%22tel%22%3A%22%22%2C%22url%22%3A%5B%5D%7D
INFO: [ app_init ] --START--
INFO: Run Behavior\BuildLiteBehavior [ RunTime:0.000000s ]
INFO: [ app_init ] --END-- [ RunTime:0.000000s ]
INFO: [ app_begin ] --START--
INFO: Run Behavior\ReadHtmlCacheBehavior [ RunTime:0.001000s ]
INFO: [ app_begin ] --END-- [ RunTime:0.001000s ]
ERR: ÈùûÊ≥ïÊìç‰Ωú:index.php

[ 2017-08-09T17:24:33+08:00 ] 192.168.31.216 /gzsc/index.php/Home/Serve//index.php/Home/Serve/houseforrent?json=%7B%22area%22%3A%22%E5%B9%BF%E5%B7%9E%22%2C%22cash%22%3A%22%22%2C%22cate_id%22%3A%222%22%2C%22des%22%3A%22%22%2C%22house_type%22%3A%22%22%2C%22name%22%3A%22%22%2C%22pay_method%22%3A%22%22%2C%22state%22%3A%222%22%2C%22tel%22%3A%22%22%2C%22url%22%3A%5B%5D%7D
INFO: [ app_init ] --START--
INFO: Run Behavior\BuildLiteBehavior [ RunTime:0.000000s ]
INFO: [ app_init ] --END-- [ RunTime:0.000000s ]
INFO: [ app_begin ] --START--
INFO: Run Behavior\ReadHtmlCacheBehavior [ RunTime:0.001000s ]
INFO: [ app_begin ] --END-- [ RunTime:0.001000s ]
ERR: ÈùûÊ≥ïÊìç‰Ωú:index.php

[ 2017-08-09T17:24:39+08:00 ] 192.168.31.216 /gzsc/index.php/Home/Serve//index.php/Home/Serve/houseforrent?json=%7B%22area%22%3A%22%E5%B9%BF%E5%B7%9E%22%2C%22cash%22%3A%22%22%2C%22cate_id%22%3A%222%22%2C%22des%22%3A%22%22%2C%22house_type%22%3A%22%22%2C%22name%22%3A%22%22%2C%22pay_method%22%3A%22%22%2C%22state%22%3A%222%22%2C%22tel%22%3A%22%22%2C%22url%22%3A%5B%5D%7D
INFO: [ app_init ] --START--
INFO: Run Behavior\BuildLiteBehavior [ RunTime:0.000000s ]
INFO: [ app_init ] --END-- [ RunTime:0.000000s ]
INFO: [ app_begin ] --START--
INFO: Run Behavior\ReadHtmlCacheBehavior [ RunTime:0.001000s ]
INFO: [ app_begin ] --END-- [ RunTime:0.001000s ]
ERR: ÈùûÊ≥ïÊìç‰Ωú:index.php

[ 2017-08-09T17:24:40+08:00 ] 192.168.31.216 /gzsc/index.php/Home/Serve//index.php/Home/Serve/houseforrent?json=%7B%22area%22%3A%22%E5%B9%BF%E5%B7%9E%22%2C%22cash%22%3A%22%22%2C%22cate_id%22%3A%222%22%2C%22des%22%3A%22%22%2C%22house_type%22%3A%22%22%2C%22name%22%3A%22%22%2C%22pay_method%22%3A%22%22%2C%22state%22%3A%222%22%2C%22tel%22%3A%22%22%2C%22url%22%3A%5B%5D%7D
INFO: [ app_init ] --START--
INFO: Run Behavior\BuildLiteBehavior [ RunTime:0.000000s ]
INFO: [ app_init ] --END-- [ RunTime:0.001000s ]
INFO: [ app_begin ] --START--
INFO: Run Behavior\ReadHtmlCacheBehavior [ RunTime:0.001000s ]
INFO: [ app_begin ] --END-- [ RunTime:0.001000s ]
ERR: ÈùûÊ≥ïÊìç‰Ωú:index.php

[ 2017-08-09T17:24:40+08:00 ] 192.168.31.216 /gzsc/index.php/Home/Serve//index.php/Home/Serve/houseforrent?json=%7B%22area%22%3A%22%E5%B9%BF%E5%B7%9E%22%2C%22cash%22%3A%22%22%2C%22cate_id%22%3A%222%22%2C%22des%22%3A%22%22%2C%22house_type%22%3A%22%22%2C%22name%22%3A%22%22%2C%22pay_method%22%3A%22%22%2C%22state%22%3A%222%22%2C%22tel%22%3A%22%22%2C%22url%22%3A%5B%5D%7D
INFO: [ app_init ] --START--
INFO: Run Behavior\BuildLiteBehavior [ RunTime:0.000000s ]
INFO: [ app_init ] --END-- [ RunTime:0.000000s ]
INFO: [ app_begin ] --START--
INFO: Run Behavior\ReadHtmlCacheBehavior [ RunTime:0.000000s ]
INFO: [ app_begin ] --END-- [ RunTime:0.000000s ]
ERR: ÈùûÊ≥ïÊìç‰Ωú:index.php

[ 2017-08-09T17:24:40+08:00 ] 192.168.31.216 /gzsc/index.php/Home/Serve//index.php/Home/Serve/houseforrent?json=%7B%22area%22%3A%22%E5%B9%BF%E5%B7%9E%22%2C%22cash%22%3A%22%22%2C%22cate_id%22%3A%222%22%2C%22des%22%3A%22%22%2C%22house_type%22%3A%22%22%2C%22name%22%3A%22%22%2C%22pay_method%22%3A%22%22%2C%22state%22%3A%222%22%2C%22tel%22%3A%22%22%2C%22url%22%3A%5B%5D%7D
INFO: [ app_init ] --START--
INFO: Run Behavior\BuildLiteBehavior [ RunTime:0.000000s ]
INFO: [ app_init ] --END-- [ RunTime:0.001000s ]
INFO: [ app_begin ] --START--
INFO: Run Behavior\ReadHtmlCacheBehavior [ RunTime:0.001000s ]
INFO: [ app_begin ] --END-- [ RunTime:0.001000s ]
ERR: ÈùûÊ≥ïÊìç‰Ωú:index.php

[ 2017-08-09T17:24:40+08:00 ] 192.168.31.216 /gzsc/index.php/Home/Serve//index.php/Home/Serve/houseforrent?json=%7B%22area%22%3A%22%E5%B9%BF%E5%B7%9E%22%2C%22cash%22%3A%22%22%2C%22cate_id%22%3A%222%22%2C%22des%22%3A%22%22%2C%22house_type%22%3A%22%22%2C%22name%22%3A%22%22%2C%22pay_method%22%3A%22%22%2C%22state%22%3A%222%22%2C%22tel%22%3A%22%22%2C%22url%22%3A%5B%5D%7D
INFO: [ app_init ] --START--
INFO: Run Behavior\BuildLiteBehavior [ RunTime:0.000000s ]
INFO: [ app_init ] --END-- [ RunTime:0.000000s ]
INFO: [ app_begin ] --START--
INFO: Run Behavior\ReadHtmlCacheBehavior [ RunTime:0.000000s ]
INFO: [ app_begin ] --END-- [ RunTime:0.000000s ]
ERR: ÈùûÊ≥ïÊìç‰Ωú:index.php

[ 2017-08-09T17:26:06+08:00 ] 192.168.31.216 /gzsc/index.php/Home/Serve//index.php/Home/Serve/houseforrent?json=%7B%22area%22%3A%22%E5%B9%BF%E5%B7%9E%22%2C%22cash%22%3A%22%22%2C%22cate_id%22%3A%222%22%2C%22des%22%3A%22%22%2C%22house_type%22%3A%22%22%2C%22name%22%3A%22%22%2C%22pay_method%22%3A%22%22%2C%22state%22%3A%222%22%2C%22tel%22%3A%22%22%2C%22url%22%3A%5B%5D%7D
INFO: [ app_init ] --START--
INFO: Run Behavior\BuildLiteBehavior [ RunTime:0.000000s ]
INFO: [ app_init ] --END-- [ RunTime:0.001000s ]
INFO: [ app_begin ] --START--
INFO: Run Behavior\ReadHtmlCacheBehavior [ RunTime:0.000000s ]
INFO: [ app_begin ] --END-- [ RunTime:0.000000s ]
ERR: ÈùûÊ≥ïÊìç‰Ωú:index.php

[ 2017-08-09T17:26:28+08:00 ] 192.168.31.216 /gzsc/index.php/Home/Serve//index.php/Home/Serve/houseforrent?json=%7B%22area%22%3A%22%E5%B9%BF%E5%B7%9E%22%2C%22cash%22%3A%22%22%2C%22cate_id%22%3A%222%22%2C%22des%22%3A%22%22%2C%22house_type%22%3A%22%22%2C%22name%22%3A%22%22%2C%22pay_method%22%3A%22%22%2C%22state%22%3A%222%22%2C%22tel%22%3A%22%22%2C%22url%22%3A%5B%5D%7D
INFO: [ app_init ] --START--
INFO: Run Behavior\BuildLiteBehavior [ RunTime:0.000000s ]
INFO: [ app_init ] --END-- [ RunTime:0.001000s ]
INFO: [ app_begin ] --START--
INFO: Run Behavior\ReadHtmlCacheBehavior [ RunTime:0.001000s ]
INFO: [ app_begin ] --END-- [ RunTime:0.001000s ]
ERR: ÈùûÊ≥ïÊìç‰Ωú:index.php

[ 2017-08-09T17:26:43+08:00 ] 192.168.31.216 /gzsc/index.php/Home/Serve//index.php/Home/Serve/houseforrent?json=%7B%22area%22%3A%22%E5%B9%BF%E5%B7%9E%22%2C%22cash%22%3A%22%22%2C%22cate_id%22%3A%222%22%2C%22des%22%3A%22%22%2C%22house_type%22%3A%22%22%2C%22name%22%3A%22%22%2C%22pay_method%22%3A%22%22%2C%22state%22%3A%222%22%2C%22tel%22%3A%22%22%2C%22url%22%3A%5B%5D%7D
INFO: [ app_init ] --START--
INFO: Run Behavior\BuildLiteBehavior [ RunTime:0.000000s ]
INFO: [ app_init ] --END-- [ RunTime:0.000000s ]
INFO: [ app_begin ] --START--
INFO: Run Behavior\ReadHtmlCacheBehavior [ RunTime:0.001000s ]
INFO: [ app_begin ] --END-- [ RunTime:0.001000s ]
ERR: ÈùûÊ≥ïÊìç‰Ωú:index.php

[ 2017-08-09T17:27:17+08:00 ] 192.168.31.216 /gzsc/index.php/Home/Serve//index.php/Home/Serve/houseforrent?json=%7B%22area%22%3A%22%E5%B9%BF%E5%B7%9E%22%2C%22cash%22%3A%22%22%2C%22cate_id%22%3A%222%22%2C%22des%22%3A%22%22%2C%22house_type%22%3A%22%22%2C%22name%22%3A%22%22%2C%22pay_method%22%3A%22%22%2C%22state%22%3A%222%22%2C%22tel%22%3A%22%22%2C%22url%22%3A%5B%5D%7D
INFO: [ app_init ] --START--
INFO: Run Behavior\BuildLiteBehavior [ RunTime:0.000000s ]
INFO: [ app_init ] --END-- [ RunTime:0.001000s ]
INFO: [ app_begin ] --START--
INFO: Run Behavior\ReadHtmlCacheBehavior [ RunTime:0.001000s ]
INFO: [ app_begin ] --END-- [ RunTime:0.001000s ]
ERR: ÈùûÊ≥ïÊìç‰Ωú:index.php

[ 2017-08-09T17:30:45+08:00 ] 192.168.31.216 /gzsc/index.php/Home/Serve//index.php/Home/Serve/houseforrent?json=%7B%22area%22%3A%22%E5%B9%BF%E5%B7%9E%22%2C%22cash%22%3A%22%22%2C%22cate_id%22%3A%222%22%2C%22des%22%3A%22%22%2C%22house_type%22%3A%22asdas%22%2C%22name%22%3A%22%22%2C%22pay_method%22%3A%22%22%2C%22state%22%3A%222%22%2C%22tel%22%3A%22%22%2C%22url%22%3A%5B%5D%7D
INFO: [ app_init ] --START--
INFO: Run Behavior\BuildLiteBehavior [ RunTime:0.000000s ]
INFO: [ app_init ] --END-- [ RunTime:0.001000s ]
INFO: [ app_begin ] --START--
INFO: Run Behavior\ReadHtmlCacheBehavior [ RunTime:0.001000s ]
INFO: [ app_begin ] --END-- [ RunTime:0.001000s ]
ERR: ÈùûÊ≥ïÊìç‰Ωú:index.php

[ 2017-08-09T17:38:12+08:00 ] 192.168.31.216 /gzsc/index.php/Home/Serve//index.php/Home/Serve/houseforrent?json=%7B%22area%22%3A%22%E5%B9%BF%E5%B7%9E%22%2C%22cash%22%3A%22%22%2C%22cate_id%22%3A%222%22%2C%22des%22%3A%22%22%2C%22house_type%22%3A%22asd%22%2C%22name%22%3A%22%22%2C%22pay_method%22%3A%22%22%2C%22state%22%3A%222%22%2C%22tel%22%3A%22%22%2C%22url%22%3A%5B%5D%7D
INFO: [ app_init ] --START--
INFO: Run Behavior\BuildLiteBehavior [ RunTime:0.000000s ]
INFO: [ app_init ] --END-- [ RunTime:0.001000s ]
INFO: [ app_begin ] --START--
INFO: Run Behavior\ReadHtmlCacheBehavior [ RunTime:0.001000s ]
INFO: [ app_begin ] --END-- [ RunTime:0.001000s ]
ERR: ÈùûÊ≥ïÊìç‰Ωú:index.php

[ 2017-08-09T17:38:15+08:00 ] 192.168.31.216 /gzsc/index.php/Home/Serve//index.php/Home/Serve/houseforrent?json=%7B%22area%22%3A%22%E5%B9%BF%E5%B7%9E%22%2C%22cash%22%3A%22%22%2C%22cate_id%22%3A%222%22%2C%22des%22%3A%22%22%2C%22house_type%22%3A%22asd%22%2C%22name%22%3A%22%22%2C%22pay_method%22%3A%22%22%2C%22state%22%3A%222%22%2C%22tel%22%3A%22%22%2C%22url%22%3A%5B%5D%7D
INFO: [ app_init ] --START--
INFO: Run Behavior\BuildLiteBehavior [ RunTime:0.000000s ]
INFO: [ app_init ] --END-- [ RunTime:0.001000s ]
INFO: [ app_begin ] --START--
INFO: Run Behavior\ReadHtmlCacheBehavior [ RunTime:0.000000s ]
INFO: [ app_begin ] --END-- [ RunTime:0.000000s ]
ERR: ÈùûÊ≥ïÊìç‰Ωú:index.php

[ 2017-08-09T17:39:40+08:00 ] 192.168.31.216 /gzsc/index.php/Home/Serve//index.php/Home/Serve/houseforrent?json=%7B%22area%22%3A%22%E5%B9%BF%E5%B7%9E%22%2C%22cash%22%3A%22asd%22%2C%22cate_id%22%3A%222%22%2C%22des%22%3A%22sad%22%2C%22house_type%22%3A%22as%22%2C%22name%22%3A%22asd%22%2C%22pay_method%22%3A%22sadas%22%2C%22state%22%3A%222%22%2C%22tel%22%3A%22asdsa%22%2C%22url%22%3A%5B%5D%7D
INFO: [ app_init ] --START--
INFO: Run Behavior\BuildLiteBehavior [ RunTime:0.000000s ]
INFO: [ app_init ] --END-- [ RunTime:0.001000s ]
INFO: [ app_begin ] --START--
INFO: Run Behavior\ReadHtmlCacheBehavior [ RunTime:0.001000s ]
INFO: [ app_begin ] --END-- [ RunTime:0.001000s ]
ERR: ÈùûÊ≥ïÊìç‰Ωú:index.php

[ 2017-08-09T17:39:43+08:00 ] 192.168.31.216 /gzsc/index.php/Home/Serve//index.php/Home/Serve/houseforrent?json=%7B%22area%22%3A%22%E5%B9%BF%E5%B7%9E%22%2C%22cash%22%3A%22asd%22%2C%22cate_id%22%3A%222%22%2C%22des%22%3A%22sad%22%2C%22house_type%22%3A%22as%22%2C%22name%22%3A%22asd%22%2C%22pay_method%22%3A%22sadas%22%2C%22state%22%3A%222%22%2C%22tel%22%3A%22asdsa%22%2C%22url%22%3A%5B%5D%7D
INFO: [ app_init ] --START--
INFO: Run Behavior\BuildLiteBehavior [ RunTime:0.000000s ]
INFO: [ app_init ] --END-- [ RunTime:0.000000s ]
INFO: [ app_begin ] --START--
INFO: Run Behavior\ReadHtmlCacheBehavior [ RunTime:0.001000s ]
INFO: [ app_begin ] --END-- [ RunTime:0.001000s ]
ERR: ÈùûÊ≥ïÊìç‰Ωú:index.php

[ 2017-08-09T17:39:43+08:00 ] 192.168.31.216 /gzsc/index.php/Home/Serve//index.php/Home/Serve/houseforrent?json=%7B%22area%22%3A%22%E5%B9%BF%E5%B7%9E%22%2C%22cash%22%3A%22asd%22%2C%22cate_id%22%3A%222%22%2C%22des%22%3A%22sad%22%2C%22house_type%22%3A%22as%22%2C%22name%22%3A%22asd%22%2C%22pay_method%22%3A%22sadas%22%2C%22state%22%3A%222%22%2C%22tel%22%3A%22asdsa%22%2C%22url%22%3A%5B%5D%7D
INFO: [ app_init ] --START--
INFO: Run Behavior\BuildLiteBehavior [ RunTime:0.000000s ]
INFO: [ app_init ] --END-- [ RunTime:0.000000s ]
INFO: [ app_begin ] --START--
INFO: Run Behavior\ReadHtmlCacheBehavior [ RunTime:0.001000s ]
INFO: [ app_begin ] --END-- [ RunTime:0.001000s ]
ERR: ÈùûÊ≥ïÊìç‰Ωú:index.php

[ 2017-08-09T17:39:44+08:00 ] 192.168.31.216 /gzsc/index.php/Home/Serve//index.php/Home/Serve/houseforrent?json=%7B%22area%22%3A%22%E5%B9%BF%E5%B7%9E%22%2C%22cash%22%3A%22asd%22%2C%22cate_id%22%3A%222%22%2C%22des%22%3A%22sad%22%2C%22house_type%22%3A%22as%22%2C%22name%22%3A%22asd%22%2C%22pay_method%22%3A%22sadas%22%2C%22state%22%3A%222%22%2C%22tel%22%3A%22asdsa%22%2C%22url%22%3A%5B%5D%7D
INFO: [ app_init ] --START--
INFO: Run Behavior\BuildLiteBehavior [ RunTime:0.000000s ]
INFO: [ app_init ] --END-- [ RunTime:0.000000s ]
INFO: [ app_begin ] --START--
INFO: Run Behavior\ReadHtmlCacheBehavior [ RunTime:0.001000s ]
INFO: [ app_begin ] --END-- [ RunTime:0.001000s ]
ERR: ÈùûÊ≥ïÊìç‰Ωú:index.php

[ 2017-08-09T17:39:44+08:00 ] 192.168.31.216 /gzsc/index.php/Home/Serve//index.php/Home/Serve/houseforrent?json=%7B%22area%22%3A%22%E5%B9%BF%E5%B7%9E%22%2C%22cash%22%3A%22asd%22%2C%22cate_id%22%3A%222%22%2C%22des%22%3A%22sad%22%2C%22house_type%22%3A%22as%22%2C%22name%22%3A%22asd%22%2C%22pay_method%22%3A%22sadas%22%2C%22state%22%3A%222%22%2C%22tel%22%3A%22asdsa%22%2C%22url%22%3A%5B%5D%7D
INFO: [ app_init ] --START--
INFO: Run Behavior\BuildLiteBehavior [ RunTime:0.000000s ]
INFO: [ app_init ] --END-- [ RunTime:0.000000s ]
INFO: [ app_begin ] --START--
INFO: Run Behavior\ReadHtmlCacheBehavior [ RunTime:0.001000s ]
INFO: [ app_begin ] --END-- [ RunTime:0.001000s ]
ERR: ÈùûÊ≥ïÊìç‰Ωú:index.php

[ 2017-08-09T17:41:17+08:00 ] 192.168.31.216 /gzsc/index.php/Home/Serve//index.php/Home/Serve/houseforrent?json=%7B%22area%22%3A%22%E5%B9%BF%E5%B7%9E%22%2C%22cash%22%3A%22sada%22%2C%22cate_id%22%3A%222%22%2C%22des%22%3A%22asdsa%22%2C%22house_type%22%3A%22asdsa%22%2C%22name%22%3A%22asdsa%22%2C%22pay_method%22%3A%22sda%22%2C%22state%22%3A%222%22%2C%22tel%22%3A%2215538165120%22%2C%22url%22%3A%5B%5D%7D
INFO: [ app_init ] --START--
INFO: Run Behavior\BuildLiteBehavior [ RunTime:0.000000s ]
INFO: [ app_init ] --END-- [ RunTime:0.000000s ]
INFO: [ app_begin ] --START--
INFO: Run Behavior\ReadHtmlCacheBehavior [ RunTime:0.000000s ]
INFO: [ app_begin ] --END-- [ RunTime:0.000000s ]
ERR: ÈùûÊ≥ïÊìç‰Ωú:index.php

[ 2017-08-09T17:41:52+08:00 ] 192.168.31.216 /gzsc/index.php/Home/Serve/houseforrent?json=
INFO: [ app_init ] --START--
INFO: Run Behavior\BuildLiteBehavior [ RunTime:0.000000s ]
INFO: [ app_init ] --END-- [ RunTime:0.001000s ]
INFO: [ app_begin ] --START--
INFO: Run Behavior\ReadHtmlCacheBehavior [ RunTime:0.001000s ]
INFO: [ app_begin ] --END-- [ RunTime:0.001000s ]
NOTIC: [8192] mysql_connect(): The mysql extension is deprecated and will be removed in the future: use mysqli or PDO instead C:\aaa\WWW\gzsc\ThinkPHP\Library\Think\Db\Driver\Mysql.class.php Á¨¨ 52 Ë°å.
SQL: SHOW COLUMNS FROM `house_for_rent` [ RunTime:0.011000s ]
SQL: SHOW COLUMNS FROM `house_for_rentfile` [ RunTime:0.027000s ]
SQL: INSERT INTO `house_for_rent` (`user_id`,`cate_id`,`area`,`house_type`,`cash`,`pay_method`,`des`,`name`,`tel`,`state`,`add_time`,`valid_time`) VALUES (null,null,null,null,null,null,null,null,null,null,'2017-08-09 17:41:52','2017-08-16 17:41:52') [ RunTime:0.001000s ]
NOTIC: [2] Invalid argument supplied for foreach() C:\aaa\WWW\gzsc\Application\Home\Controller\ServeController.class.php Á¨¨ 92 Ë°å.
NOTIC: [8] Undefined variable: info2 C:\aaa\WWW\gzsc\Application\Home\Controller\ServeController.class.php Á¨¨ 99 Ë°å.

[ 2017-08-09T17:41:57+08:00 ] 192.168.31.216 /gzsc/index.php/Home/Serve/houseforrent?json=1
INFO: [ app_init ] --START--
INFO: Run Behavior\BuildLiteBehavior [ RunTime:0.000000s ]
INFO: [ app_init ] --END-- [ RunTime:0.000000s ]
INFO: [ app_begin ] --START--
INFO: Run Behavior\ReadHtmlCacheBehavior [ RunTime:0.001000s ]
INFO: [ app_begin ] --END-- [ RunTime:0.001000s ]
NOTIC: [8192] mysql_connect(): The mysql extension is deprecated and will be removed in the future: use mysqli or PDO instead C:\aaa\WWW\gzsc\ThinkPHP\Library\Think\Db\Driver\Mysql.class.php Á¨¨ 52 Ë°å.
SQL: SHOW COLUMNS FROM `house_for_rent` [ RunTime:0.012000s ]
SQL: SHOW COLUMNS FROM `house_for_rentfile` [ RunTime:0.009000s ]
SQL: INSERT INTO `house_for_rent` (`user_id`,`cate_id`,`area`,`house_type`,`cash`,`pay_method`,`des`,`name`,`tel`,`state`,`add_time`,`valid_time`) VALUES (null,null,null,null,null,null,null,null,null,null,'2017-08-09 17:41:57','2017-08-16 17:41:57') [ RunTime:0.000000s ]
NOTIC: [2] Invalid argument supplied for foreach() C:\aaa\WWW\gzsc\Application\Home\Controller\ServeController.class.php Á¨¨ 92 Ë°å.
NOTIC: [8] Undefined variable: info2 C:\aaa\WWW\gzsc\Application\Home\Controller\ServeController.class.php Á¨¨ 99 Ë°å.

[ 2017-08-09T17:42:02+08:00 ] 192.168.31.216 /gzsc/index.php/Home/Serve/houseforrent?json={}
INFO: [ app_init ] --START--
INFO: Run Behavior\BuildLiteBehavior [ RunTime:0.000000s ]
INFO: [ app_init ] --END-- [ RunTime:0.001000s ]
INFO: [ app_begin ] --START--
INFO: Run Behavior\ReadHtmlCacheBehavior [ RunTime:0.000000s ]
INFO: [ app_begin ] --END-- [ RunTime:0.000000s ]
NOTIC: [8192] mysql_connect(): The mysql extension is deprecated and will be removed in the future: use mysqli or PDO instead C:\aaa\WWW\gzsc\ThinkPHP\Library\Think\Db\Driver\Mysql.class.php Á¨¨ 52 Ë°å.
SQL: SHOW COLUMNS FROM `house_for_rent` [ RunTime:0.011000s ]
SQL: SHOW COLUMNS FROM `house_for_rentfile` [ RunTime:0.013000s ]
NOTIC: [8] Undefined index: user_id C:\aaa\WWW\gzsc\Application\Home\Controller\ServeController.class.php Á¨¨ 76 Ë°å.
NOTIC: [8] Undefined index: cate_id C:\aaa\WWW\gzsc\Application\Home\Controller\ServeController.class.php Á¨¨ 77 Ë°å.
NOTIC: [8] Undefined index: area C:\aaa\WWW\gzsc\Application\Home\Controller\ServeController.class.php Á¨¨ 78 Ë°å.
NOTIC: [8] Undefined index: house_type C:\aaa\WWW\gzsc\Application\Home\Controller\ServeController.class.php Á¨¨ 79 Ë°å.
NOTIC: [8] Undefined index: cash C:\aaa\WWW\gzsc\Application\Home\Controller\ServeController.class.php Á¨¨ 80 Ë°å.
NOTIC: [8] Undefined index: pay_method C:\aaa\WWW\gzsc\Application\Home\Controller\ServeController.class.php Á¨¨ 81 Ë°å.
NOTIC: [8] Undefined index: des C:\aaa\WWW\gzsc\Application\Home\Controller\ServeController.class.php Á¨¨ 82 Ë°å.
NOTIC: [8] Undefined index: name C:\aaa\WWW\gzsc\Application\Home\Controller\ServeController.class.php Á¨¨ 83 Ë°å.
NOTIC: [8] Undefined index: tel C:\aaa\WWW\gzsc\Application\Home\Controller\ServeController.class.php Á¨¨ 84 Ë°å.
NOTIC: [8] Undefined index: state C:\aaa\WWW\gzsc\Application\Home\Controller\ServeController.class.php Á¨¨ 85 Ë°å.
SQL: INSERT INTO `house_for_rent` (`user_id`,`cate_id`,`area`,`house_type`,`cash`,`pay_method`,`des`,`name`,`tel`,`state`,`add_time`,`valid_time`) VALUES (null,null,null,null,null,null,null,null,null,null,'2017-08-09 17:42:02','2017-08-16 17:42:02') [ RunTime:0.001000s ]
NOTIC: [8] Undefined index: url C:\aaa\WWW\gzsc\Application\Home\Controller\ServeController.class.php Á¨¨ 90 Ë°å.
NOTIC: [2] Invalid argument supplied for foreach() C:\aaa\WWW\gzsc\Application\Home\Controller\ServeController.class.php Á¨¨ 92 Ë°å.
NOTIC: [8] Undefined variable: info2 C:\aaa\WWW\gzsc\Application\Home\Controller\ServeController.class.php Á¨¨ 99 Ë°å.

[ 2017-08-09T17:42:32+08:00 ] 192.168.31.216 /gzsc/index.php/Home/Serve/houseforrent?json=1
INFO: [ app_init ] --START--
INFO: Run Behavior\BuildLiteBehavior [ RunTime:0.000000s ]
INFO: [ app_init ] --END-- [ RunTime:0.001000s ]
INFO: [ app_begin ] --START--
INFO: Run Behavior\ReadHtmlCacheBehavior [ RunTime:0.000000s ]
INFO: [ app_begin ] --END-- [ RunTime:0.000000s ]
NOTIC: [8192] mysql_connect(): The mysql extension is deprecated and will be removed in the future: use mysqli or PDO instead C:\aaa\WWW\gzsc\ThinkPHP\Library\Think\Db\Driver\Mysql.class.php Á¨¨ 52 Ë°å.
SQL: SHOW COLUMNS FROM `house_for_rent` [ RunTime:0.011000s ]
SQL: SHOW COLUMNS FROM `house_for_rentfile` [ RunTime:0.010000s ]
SQL: INSERT INTO `house_for_rent` (`user_id`,`cate_id`,`area`,`house_type`,`cash`,`pay_method`,`des`,`name`,`tel`,`state`,`add_time`,`valid_time`) VALUES (null,null,null,null,null,null,null,null,null,null,'2017-08-09 17:42:32','2017-08-16 17:42:32') [ RunTime:0.002000s ]
NOTIC: [2] Invalid argument supplied for foreach() C:\aaa\WWW\gzsc\Application\Home\Controller\ServeController.class.php Á¨¨ 92 Ë°å.
NOTIC: [8] Undefined variable: info2 C:\aaa\WWW\gzsc\Application\Home\Controller\ServeController.class.php Á¨¨ 99 Ë°å.

[ 2017-08-09T17:42:33+08:00 ] 192.168.31.216 /gzsc/index.php/Home/Serve/houseforrent?json=1
INFO: [ app_init ] --START--
INFO: Run Behavior\BuildLiteBehavior [ RunTime:0.000000s ]
INFO: [ app_init ] --END-- [ RunTime:0.001000s ]
INFO: [ app_begin ] --START--
INFO: Run Behavior\ReadHtmlCacheBehavior [ RunTime:0.001000s ]
INFO: [ app_begin ] --END-- [ RunTime:0.001000s ]
NOTIC: [8192] mysql_connect(): The mysql extension is deprecated and will be removed in the future: use mysqli or PDO instead C:\aaa\WWW\gzsc\ThinkPHP\Library\Think\Db\Driver\Mysql.class.php Á¨¨ 52 Ë°å.
SQL: SHOW COLUMNS FROM `house_for_rent` [ RunTime:0.012000s ]
SQL: SHOW COLUMNS FROM `house_for_rentfile` [ RunTime:0.009000s ]
SQL: INSERT INTO `house_for_rent` (`user_id`,`cate_id`,`area`,`house_type`,`cash`,`pay_method`,`des`,`name`,`tel`,`state`,`add_time`,`valid_time`) VALUES (null,null,null,null,null,null,null,null,null,null,'2017-08-09 17:42:33','2017-08-16 17:42:33') [ RunTime:0.000000s ]
NOTIC: [2] Invalid argument supplied for foreach() C:\aaa\WWW\gzsc\Application\Home\Controller\ServeController.class.php Á¨¨ 92 Ë°å.
NOTIC: [8] Undefined variable: info2 C:\aaa\WWW\gzsc\Application\Home\Controller\ServeController.class.php Á¨¨ 99 Ë°å.

[ 2017-08-09T17:42:35+08:00 ] 192.168.31.216 /gzsc/index.php/Home/Serve/houseforrent?json=
INFO: [ app_init ] --START--
INFO: Run Behavior\BuildLiteBehavior [ RunTime:0.000000s ]
INFO: [ app_init ] --END-- [ RunTime:0.000000s ]
INFO: [ app_begin ] --START--
INFO: Run Behavior\ReadHtmlCacheBehavior [ RunTime:0.001000s ]
INFO: [ app_begin ] --END-- [ RunTime:0.001000s ]
NOTIC: [8192] mysql_connect(): The mysql extension is deprecated and will be removed in the future: use mysqli or PDO instead C:\aaa\WWW\gzsc\ThinkPHP\Library\Think\Db\Driver\Mysql.class.php Á¨¨ 52 Ë°å.
SQL: SHOW COLUMNS FROM `house_for_rent` [ RunTime:0.015000s ]
SQL: SHOW COLUMNS FROM `house_for_rentfile` [ RunTime:0.011000s ]
SQL: INSERT INTO `house_for_rent` (`user_id`,`cate_id`,`area`,`house_type`,`cash`,`pay_method`,`des`,`name`,`tel`,`state`,`add_time`,`valid_time`) VALUES (null,null,null,null,null,null,null,null,null,null,'2017-08-09 17:42:35','2017-08-16 17:42:35') [ RunTime:0.000000s ]
NOTIC: [2] Invalid argument supplied for foreach() C:\aaa\WWW\gzsc\Application\Home\Controller\ServeController.class.php Á¨¨ 92 Ë°å.
NOTIC: [8] Undefined variable: info2 C:\aaa\WWW\gzsc\Application\Home\Controller\ServeController.class.php Á¨¨ 99 Ë°å.

[ 2017-08-09T17:48:16+08:00 ] 192.168.31.73 /gzsc/index.php/Home/Serve/houseforrent?json=%7B%22area%22%3A%22%E5%B9%BF%E5%B7%9E%22%2C%22cash%22%3A%22123%22%2C%22cate_id%22%3A%222%22%2C%22des%22%3A%22%E5%BE%88%E5%B0%B4%E5%B0%AC%22%2C%22house_type%22%3A%22123%22%2C%22name%22%3A%22455%22%2C%22pay_method%22%3A%22%E5%BE%88%E5%B0%B4%E5%B0%AC%22%2C%22state%22%3A%222%22%2C%22tel%22%3A%2213409362482%22%2C%22url%22%3A%5B%5D%7D
INFO: [ app_init ] --START--
INFO: Run Behavior\BuildLiteBehavior [ RunTime:0.001000s ]
INFO: [ app_init ] --END-- [ RunTime:0.001000s ]
INFO: [ app_begin ] --START--
INFO: Run Behavior\ReadHtmlCacheBehavior [ RunTime:0.000000s ]
INFO: [ app_begin ] --END-- [ RunTime:0.000000s ]
NOTIC: [8192] mysql_connect(): The mysql extension is deprecated and will be removed in the future: use mysqli or PDO instead C:\aaa\WWW\gzsc\ThinkPHP\Library\Think\Db\Driver\Mysql.class.php Á¨¨ 52 Ë°å.
SQL: SHOW COLUMNS FROM `house_for_rent` [ RunTime:0.009000s ]
SQL: SHOW COLUMNS FROM `house_for_rentfile` [ RunTime:0.016000s ]
NOTIC: [8] Undefined index: user_id C:\aaa\WWW\gzsc\Application\Home\Controller\ServeController.class.php Á¨¨ 76 Ë°å.
SQL: INSERT INTO `house_for_rent` (`user_id`,`cate_id`,`area`,`house_type`,`cash`,`pay_method`,`des`,`name`,`tel`,`state`,`add_time`,`valid_time`) VALUES (null,2,'ÂπøÂ∑û','123',123,'ÂæàÂ∞¥Â∞\¨','ÂæàÂ∞¥Â∞\¨','455','13409362482',2,'2017-08-09 17:48:16','2017-08-16 17:48:16') [ RunTime:0.001000s ]
NOTIC: [8] Undefined variable: info2 C:\aaa\WWW\gzsc\Application\Home\Controller\ServeController.class.php Á¨¨ 99 Ë°å.

[ 2017-08-09T17:55:05+08:00 ] 192.168.31.73 /gzsc/index.php/Home/Serve/houseforrent?json=%7B%22area%22%3A%22%E5%B9%BF%E5%B7%9E%22%2C%22cash%22%3A%221%22%2C%22cate_id%22%3A%222%22%2C%22des%22%3A%221%22%2C%22house_type%22%3A%2212%22%2C%22name%22%3A%2213409362482%22%2C%22pay_method%22%3A%221%22%2C%22state%22%3A%222%22%2C%22tel%22%3A%2213409362482%22%2C%22url%22%3A%5B%7B%22url%22%3A%22%2Fstorage%2Femulated%2F0%2FPictures%2FScreenshots%2FS70808-18385456.jpg%22%7D%2C%7B%22url%22%3A%22%2Fstorage%2Femulated%2F0%2FPictures%2FScreenshots%2FS70808-07510747.jpg%22%7D%2C%7B%22url%22%3A%22%2Fstorage%2Femulated%2F0%2FPictures%2FScreenshots%2FS70807-23325655.jpg%22%7D%5D%7D
INFO: [ app_init ] --START--
INFO: Run Behavior\BuildLiteBehavior [ RunTime:0.000000s ]
INFO: [ app_init ] --END-- [ RunTime:0.001000s ]
INFO: [ app_begin ] --START--
INFO: Run Behavior\ReadHtmlCacheBehavior [ RunTime:0.001000s ]
INFO: [ app_begin ] --END-- [ RunTime:0.001000s ]
NOTIC: [8192] mysql_connect(): The mysql extension is deprecated and will be removed in the future: use mysqli or PDO instead C:\aaa\WWW\gzsc\ThinkPHP\Library\Think\Db\Driver\Mysql.class.php Á¨¨ 52 Ë°å.
SQL: SHOW COLUMNS FROM `house_for_rent` [ RunTime:0.013000s ]
SQL: SHOW COLUMNS FROM `house_for_rentfile` [ RunTime:0.015000s ]
NOTIC: [8] Undefined index: user_id C:\aaa\WWW\gzsc\Application\Home\Controller\ServeController.class.php Á¨¨ 76 Ë°å.
SQL: INSERT INTO `house_for_rent` (`user_id`,`cate_id`,`area`,`house_type`,`cash`,`pay_method`,`des`,`name`,`tel`,`state`,`add_time`,`valid_time`) VALUES (null,2,'ÂπøÂ∑û','12',1,'1','1','13409362482','13409362482',2,'2017-08-09 17:55:05','2017-08-16 17:55:05') [ RunTime:0.000000s ]
SQL: INSERT INTO `house_for_rentfile` (`house_for_rend_id`,`file`,`add_time`) VALUES (18,'/storage/emulated/0/Pictures/Screenshots/S70808-18385456.jpg','2017-08-09 17:55:05') [ RunTime:0.001000s ]
SQL: INSERT INTO `house_for_rentfile` (`house_for_rend_id`,`file`,`add_time`) VALUES (18,'/storage/emulated/0/Pictures/Screenshots/S70808-07510747.jpg','2017-08-09 17:55:05') [ RunTime:0.000000s ]
SQL: INSERT INTO `house_for_rentfile` (`house_for_rend_id`,`file`,`add_time`) VALUES (18,'/storage/emulated/0/Pictures/Screenshots/S70807-23325655.jpg','2017-08-09 17:55:05') [ RunTime:0.001000s ]

[ 2017-08-09T18:02:09+08:00 ] 192.168.31.216 /gzsc/index.php/Home/Serve/addhandcar?
INFO: [ app_init ] --START--
INFO: Run Behavior\BuildLiteBehavior [ RunTime:0.000000s ]
INFO: [ app_init ] --END-- [ RunTime:0.001000s ]
INFO: [ app_begin ] --START--
INFO: Run Behavior\ReadHtmlCacheBehavior [ RunTime:0.000000s ]
INFO: [ app_begin ] --END-- [ RunTime:0.000000s ]
NOTIC: [8192] mysql_connect(): The mysql extension is deprecated and will be removed in the future: use mysqli or PDO instead C:\aaa\WWW\gzsc\ThinkPHP\Library\Think\Db\Driver\Mysql.class.php Á¨¨ 52 Ë°å.
SQL: SHOW COLUMNS FROM `second_hand_car` [ RunTime:0.015000s ]
SQL: SHOW COLUMNS FROM `second_hand_carfile` [ RunTime:0.018000s ]
SQL: INSERT INTO `second_hand_car` (`user_id`,`cate_id`,`brank`,`color`,`first_time`,`price`,`des`,`name`,`tel`,`area`,`add_time`,`valid_time`,`driving_lience_pic`,`lience_num_pic`,`register_pic`,`bill_pic`) VALUES (null,null,null,null,null,null,null,null,null,null,'2017-08-09 18:02:09','2017-08-16 18:02:09',null,null,null,null) [ RunTime:0.000000s ]
NOTIC: [2] Invalid argument supplied for foreach() C:\aaa\WWW\gzsc\Application\Home\Controller\ServeController.class.php Á¨¨ 49 Ë°å.
NOTIC: [8] Undefined variable: info2 C:\aaa\WWW\gzsc\Application\Home\Controller\ServeController.class.php Á¨¨ 56 Ë°å.

[ 2017-08-09T20:56:38+08:00 ] 192.168.31.216 /gzsc/index.php/Home/Serve/truckrend?json=%7B%22brand%22%3A%22sada%22%2C%22car_num%22%3A%22asdas%22%2C%22cate_id%22%3A%223%22%2C%22date_for_production%22%3A%22sadassadsa%22%2C%22des%22%3A%22asdasasd%22%2C%22name%22%3A%22asdsa%22%2C%22price%22%3A%22asdas%22%2C%22tel%22%3A%2213409362482%22%2C%22url%22%3A%5B%5D%7D
INFO: [ app_init ] --START--
INFO: Run Behavior\BuildLiteBehavior [ RunTime:0.000000s ]
INFO: [ app_init ] --END-- [ RunTime:0.001000s ]
INFO: [ app_begin ] --START--
INFO: Run Behavior\ReadHtmlCacheBehavior [ RunTime:0.001000s ]
INFO: [ app_begin ] --END-- [ RunTime:0.001000s ]
NOTIC: [8192] mysql_connect(): The mysql extension is deprecated and will be removed in the future: use mysqli or PDO instead C:\aaa\WWW\gzsc\ThinkPHP\Library\Think\Db\Driver\Mysql.class.php Á¨¨ 52 Ë°å.
SQL: SHOW COLUMNS FROM `truck_rend` [ RunTime:0.009000s ]
SQL: SHOW COLUMNS FROM `truck_rendfile` [ RunTime:0.012000s ]
NOTIC: [8] Undefined index: user_id C:\aaa\WWW\gzsc\Application\Home\Controller\ServeController.class.php Á¨¨ 119 Ë°å.
SQL: INSERT INTO `truck_rend` (`user_id`,`cate_id`,`brand`,`car_num`,`date_for_production`,`price`,`des`,`name`,`tel`,`add_time`,`valid_time`) VALUES (null,3,'sada','asdas','sadassadsa',0,'asdasasd','asdsa','13409362482','2017-08-09 20:56:38','2017-08-16 20:56:38') [ RunTime:0.001000s ]
NOTIC: [8] Undefined variable: info2 C:\aaa\WWW\gzsc\Application\Home\Controller\ServeController.class.php Á¨¨ 141 Ë°å.

[ 2017-08-09T20:56:57+08:00 ] 192.168.31.216 /gzsc/index.php/Home/Serve/truckrend?json=%7B%22brand%22%3A%22sada%22%2C%22car_num%22%3A%22asdas%22%2C%22cate_id%22%3A%223%22%2C%22date_for_production%22%3A%22sadassadsa%22%2C%22des%22%3A%22asdasasd%22%2C%22name%22%3A%22asdsa%22%2C%22price%22%3A%22asdas%22%2C%22tel%22%3A%2213409362482%22%2C%22url%22%3A%5B%5D%7D
INFO: [ app_init ] --START--
INFO: Run Behavior\BuildLiteBehavior [ RunTime:0.000000s ]
INFO: [ app_init ] --END-- [ RunTime:0.001000s ]
INFO: [ app_begin ] --START--
INFO: Run Behavior\ReadHtmlCacheBehavior [ RunTime:0.001000s ]
INFO: [ app_begin ] --END-- [ RunTime:0.001000s ]
NOTIC: [8192] mysql_connect(): The mysql extension is deprecated and will be removed in the future: use mysqli or PDO instead C:\aaa\WWW\gzsc\ThinkPHP\Library\Think\Db\Driver\Mysql.class.php Á¨¨ 52 Ë°å.
SQL: SHOW COLUMNS FROM `truck_rend` [ RunTime:0.011000s ]
SQL: SHOW COLUMNS FROM `truck_rendfile` [ RunTime:0.008000s ]
NOTIC: [8] Undefined index: user_id C:\aaa\WWW\gzsc\Application\Home\Controller\ServeController.class.php Á¨¨ 119 Ë°å.
SQL: INSERT INTO `truck_rend` (`user_id`,`cate_id`,`brand`,`car_num`,`date_for_production`,`price`,`des`,`name`,`tel`,`add_time`,`valid_time`) VALUES (null,3,'sada','asdas','sadassadsa',0,'asdasasd','asdsa','13409362482','2017-08-09 20:56:57','2017-08-16 20:56:57') [ RunTime:0.000000s ]
NOTIC: [8] Undefined variable: info2 C:\aaa\WWW\gzsc\Application\Home\Controller\ServeController.class.php Á¨¨ 141 Ë°å.

[ 2017-08-09T20:57:30+08:00 ] 192.168.31.216 /gzsc/index.php/Home/Serve/truckrend?json=%7B%22brand%22%3A%22sada%22%2C%22car_num%22%3A%22asdas%22%2C%22cate_id%22%3A%223%22%2C%22date_for_production%22%3A%22sadassadsa%22%2C%22des%22%3A%22asdasasd%22%2C%22name%22%3A%22asdsa%22%2C%22price%22%3A%22asdas%22%2C%22tel%22%3A%2213409362482%22%2C%22url%22%3A%5B%5D%7D
INFO: [ app_init ] --START--
INFO: Run Behavior\BuildLiteBehavior [ RunTime:0.000000s ]
INFO: [ app_init ] --END-- [ RunTime:0.000000s ]
INFO: [ app_begin ] --START--
INFO: Run Behavior\ReadHtmlCacheBehavior [ RunTime:0.001000s ]
INFO: [ app_begin ] --END-- [ RunTime:0.001000s ]
NOTIC: [8192] mysql_connect(): The mysql extension is deprecated and will be removed in the future: use mysqli or PDO instead C:\aaa\WWW\gzsc\ThinkPHP\Library\Think\Db\Driver\Mysql.class.php Á¨¨ 52 Ë°å.
SQL: SHOW COLUMNS FROM `truck_rend` [ RunTime:0.008000s ]
SQL: SHOW COLUMNS FROM `truck_rendfile` [ RunTime:0.009000s ]
NOTIC: [8] Undefined index: user_id C:\aaa\WWW\gzsc\Application\Home\Controller\ServeController.class.php Á¨¨ 119 Ë°å.
SQL: INSERT INTO `truck_rend` (`user_id`,`cate_id`,`brand`,`car_num`,`date_for_production`,`price`,`des`,`name`,`tel`,`add_time`,`valid_time`) VALUES (null,3,'sada','asdas','sadassadsa',0,'asdasasd','asdsa','13409362482','2017-08-09 20:57:30','2017-08-16 20:57:30') [ RunTime:0.001000s ]
NOTIC: [8] Undefined variable: info2 C:\aaa\WWW\gzsc\Application\Home\Controller\ServeController.class.php Á¨¨ 141 Ë°å.

[ 2017-08-09T20:57:32+08:00 ] 192.168.31.216 /gzsc/index.php/Home/Serve/truckrend?json=%7B%22brand%22%3A%22sada%22%2C%22car_num%22%3A%22asdas%22%2C%22cate_id%22%3A%223%22%2C%22date_for_production%22%3A%22sadassadsa%22%2C%22des%22%3A%22asdasasd%22%2C%22name%22%3A%22asdsa%22%2C%22price%22%3A%22asdas%22%2C%22tel%22%3A%2213409362482%22%2C%22url%22%3A%5B%5D%7D
INFO: [ app_init ] --START--
INFO: Run Behavior\BuildLiteBehavior [ RunTime:0.000000s ]
INFO: [ app_init ] --END-- [ RunTime:0.001000s ]
INFO: [ app_begin ] --START--
INFO: Run Behavior\ReadHtmlCacheBehavior [ RunTime:0.000000s ]
INFO: [ app_begin ] --END-- [ RunTime:0.000000s ]
NOTIC: [8192] mysql_connect(): The mysql extension is deprecated and will be removed in the future: use mysqli or PDO instead C:\aaa\WWW\gzsc\ThinkPHP\Library\Think\Db\Driver\Mysql.class.php Á¨¨ 52 Ë°å.
SQL: SHOW COLUMNS FROM `truck_rend` [ RunTime:0.008000s ]
SQL: SHOW COLUMNS FROM `truck_rendfile` [ RunTime:0.008000s ]
NOTIC: [8] Undefined index: user_id C:\aaa\WWW\gzsc\Application\Home\Controller\ServeController.class.php Á¨¨ 119 Ë°å.
SQL: INSERT INTO `truck_rend` (`user_id`,`cate_id`,`brand`,`car_num`,`date_for_production`,`price`,`des`,`name`,`tel`,`add_time`,`valid_time`) VALUES (null,3,'sada','asdas','sadassadsa',0,'asdasasd','asdsa','13409362482','2017-08-09 20:57:32','2017-08-16 20:57:32') [ RunTime:0.001000s ]
NOTIC: [8] Undefined variable: info2 C:\aaa\WWW\gzsc\Application\Home\Controller\ServeController.class.php Á¨¨ 141 Ë°å.

[ 2017-08-09T22:11:14+08:00 ] 192.168.31.125 /gzsc/
INFO: [ app_init ] --START--
INFO: Run Behavior\BuildLiteBehavior [ RunTime:0.000000s ]
INFO: [ app_init ] --END-- [ RunTime:0.000000s ]
INFO: [ app_begin ] --START--
INFO: Run Behavior\ReadHtmlCacheBehavior [ RunTime:0.000000s ]
INFO: [ app_begin ] --END-- [ RunTime:0.000000s ]
INFO: [ view_parse ] --START--
INFO: [ template_filter ] --START--
INFO: Run Behavior\ContentReplaceBehavior [ RunTime:0.000000s ]
INFO: [ template_filter ] --END-- [ RunTime:0.000000s ]
INFO: Run Behavior\ParseTemplateBehavior [ RunTime:0.009000s ]
INFO: [ view_parse ] --END-- [ RunTime:0.009000s ]
INFO: [ view_filter ] --START--
INFO: Run Behavior\WriteHtmlCacheBehavior [ RunTime:0.001000s ]
INFO: [ view_filter ] --END-- [ RunTime:0.001000s ]
INFO: [ app_end ] --START--
INFO: Run Behavior\ShowPageTraceBehavior [ RunTime:0.001000s ]
INFO: [ app_end ] --END-- [ RunTime:0.001000s ]

[ 2017-08-09T22:11:20+08:00 ] 192.168.31.125 /gzsc/
INFO: [ app_init ] --START--
INFO: Run Behavior\BuildLiteBehavior [ RunTime:0.000000s ]
INFO: [ app_init ] --END-- [ RunTime:0.001000s ]
INFO: [ app_begin ] --START--
INFO: Run Behavior\ReadHtmlCacheBehavior [ RunTime:0.000000s ]
INFO: [ app_begin ] --END-- [ RunTime:0.000000s ]
INFO: [ view_parse ] --START--
INFO: [ template_filter ] --START--
INFO: Run Behavior\ContentReplaceBehavior [ RunTime:0.000000s ]
INFO: [ template_filter ] --END-- [ RunTime:0.000000s ]
INFO: Run Behavior\ParseTemplateBehavior [ RunTime:0.009000s ]
INFO: [ view_parse ] --END-- [ RunTime:0.009000s ]
INFO: [ view_filter ] --START--
INFO: Run Behavior\WriteHtmlCacheBehavior [ RunTime:0.001000s ]
INFO: [ view_filter ] --END-- [ RunTime:0.001000s ]
INFO: [ app_end ] --START--
INFO: Run Behavior\ShowPageTraceBehavior [ RunTime:0.000000s ]
INFO: [ app_end ] --END-- [ RunTime:0.000000s ]

[ 2017-08-09T22:11:55+08:00 ] 192.168.31.125 /gzsc/index.php/Home/Servedetail/secondhandcar
INFO: [ app_init ] --START--
INFO: Run Behavior\BuildLiteBehavior [ RunTime:0.000000s ]
INFO: [ app_init ] --END-- [ RunTime:0.001000s ]
INFO: [ app_begin ] --START--
INFO: Run Behavior\ReadHtmlCacheBehavior [ RunTime:0.001000s ]
INFO: [ app_begin ] --END-- [ RunTime:0.001000s ]
NOTIC: [8192] mysql_connect(): The mysql extension is deprecated and will be removed in the future: use mysqli or PDO instead C:\aaa\WWW\gzsc\ThinkPHP\Library\Think\Db\Driver\Mysql.class.php Á¨¨ 52 Ë°å.
SQL: SHOW COLUMNS FROM `secondhandcar` [ RunTime:0.008000s ]
ERR: 1146:Table 'dsc.secondhandcar' doesn't exist
 [ SQLËØ≠Âè• ] : SHOW COLUMNS FROM `secondhandcar`

[ 2017-08-09T22:25:20+08:00 ] 192.168.31.125 /gzsc/index.php/Home/Servedetail/secondhandcar
INFO: [ app_init ] --START--
INFO: Run Behavior\BuildLiteBehavior [ RunTime:0.000000s ]
INFO: [ app_init ] --END-- [ RunTime:0.001000s ]
INFO: [ app_begin ] --START--
INFO: Run Behavior\ReadHtmlCacheBehavior [ RunTime:0.001000s ]
INFO: [ app_begin ] --END-- [ RunTime:0.001000s ]
NOTIC: [8192] mysql_connect(): The mysql extension is deprecated and will be removed in the future: use mysqli or PDO instead C:\aaa\WWW\gzsc\ThinkPHP\Library\Think\Db\Driver\Mysql.class.php Á¨¨ 52 Ë°å.
SQL: SHOW COLUMNS FROM `secondhandcar` [ RunTime:0.011000s ]
ERR: 1146:Table 'dsc.secondhandcar' doesn't exist
 [ SQLËØ≠Âè• ] : SHOW COLUMNS FROM `secondhandcar`

[ 2017-08-09T22:26:09+08:00 ] 192.168.31.125 /gzsc/index.php/Home/Servedetail/secondhandcar?id=31
INFO: [ app_init ] --START--
INFO: Run Behavior\BuildLiteBehavior [ RunTime:0.000000s ]
INFO: [ app_init ] --END-- [ RunTime:0.001000s ]
INFO: [ app_begin ] --START--
INFO: Run Behavior\ReadHtmlCacheBehavior [ RunTime:0.001000s ]
INFO: [ app_begin ] --END-- [ RunTime:0.001000s ]
NOTIC: [8192] mysql_connect(): The mysql extension is deprecated and will be removed in the future: use mysqli or PDO instead C:\aaa\WWW\gzsc\ThinkPHP\Library\Think\Db\Driver\Mysql.class.php Á¨¨ 52 Ë°å.
SQL: SHOW COLUMNS FROM `secondhandcar` [ RunTime:0.009000s ]
ERR: 1146:Table 'dsc.secondhandcar' doesn't exist
 [ SQLËØ≠Âè• ] : SHOW COLUMNS FROM `secondhandcar`

[ 2017-08-09T22:26:41+08:00 ] 192.168.31.125 /gzsc/index.php/Home/Servedetail/secondhandcar?id=30
INFO: [ app_init ] --START--
INFO: Run Behavior\BuildLiteBehavior [ RunTime:0.000000s ]
INFO: [ app_init ] --END-- [ RunTime:0.001000s ]
INFO: [ app_begin ] --START--
INFO: Run Behavior\ReadHtmlCacheBehavior [ RunTime:0.000000s ]
INFO: [ app_begin ] --END-- [ RunTime:0.000000s ]
NOTIC: [8192] mysql_connect(): The mysql extension is deprecated and will be removed in the future: use mysqli or PDO instead C:\aaa\WWW\gzsc\ThinkPHP\Library\Think\Db\Driver\Mysql.class.php Á¨¨ 52 Ë°å.
SQL: SHOW COLUMNS FROM `secondhandcar` [ RunTime:0.010000s ]
ERR: 1146:Table 'dsc.secondhandcar' doesn't exist
 [ SQLËØ≠Âè• ] : SHOW COLUMNS FROM `secondhandcar`

[ 2017-08-09T22:27:58+08:00 ] 192.168.31.125 /gzsc/index.php/Home/Servedetail/secondhandcar?id=30
INFO: [ app_init ] --START--
INFO: Run Behavior\BuildLiteBehavior [ RunTime:0.000000s ]
INFO: [ app_init ] --END-- [ RunTime:0.001000s ]
INFO: [ app_begin ] --START--
INFO: Run Behavior\ReadHtmlCacheBehavior [ RunTime:0.001000s ]
INFO: [ app_begin ] --END-- [ RunTime:0.001000s ]
NOTIC: [8192] mysql_connect(): The mysql extension is deprecated and will be removed in the future: use mysqli or PDO instead C:\aaa\WWW\gzsc\ThinkPHP\Library\Think\Db\Driver\Mysql.class.php Á¨¨ 52 Ë°å.
SQL: SHOW COLUMNS FROM `secondhandcar` [ RunTime:0.007000s ]
ERR: 1146:Table 'dsc.secondhandcar' doesn't exist
 [ SQLËØ≠Âè• ] : SHOW COLUMNS FROM `secondhandcar`
SQL: SELECT * FROM `secondhandcar` WHERE ( id=30 )  [ RunTime:0.000000s ]
ERR: 1146:Table 'dsc.secondhandcar' doesn't exist
 [ SQLËØ≠Âè• ] : SELECT * FROM `secondhandcar` WHERE ( id=30 ) 

[ 2017-08-09T22:28:11+08:00 ] 192.168.31.125 /gzsc/index.php/Home/Servedetail/secondhandcar?id=30
INFO: [ app_init ] --START--
INFO: Run Behavior\BuildLiteBehavior [ RunTime:0.000000s ]
INFO: [ app_init ] --END-- [ RunTime:0.000000s ]
INFO: [ app_begin ] --START--
INFO: Run Behavior\ReadHtmlCacheBehavior [ RunTime:0.000000s ]
INFO: [ app_begin ] --END-- [ RunTime:0.000000s ]
NOTIC: [8192] mysql_connect(): The mysql extension is deprecated and will be removed in the future: use mysqli or PDO instead C:\aaa\WWW\gzsc\ThinkPHP\Library\Think\Db\Driver\Mysql.class.php Á¨¨ 52 Ë°å.
SQL: SHOW COLUMNS FROM `secondhandcar` [ RunTime:0.011000s ]
ERR: 1146:Table 'dsc.secondhandcar' doesn't exist
 [ SQLËØ≠Âè• ] : SHOW COLUMNS FROM `secondhandcar`
SQL: SELECT * FROM `secondhandcar` WHERE ( id=30 )  [ RunTime:0.000000s ]
ERR: 1146:Table 'dsc.secondhandcar' doesn't exist
 [ SQLËØ≠Âè• ] : SELECT * FROM `secondhandcar` WHERE ( id=30 ) 

[ 2017-08-09T22:28:25+08:00 ] 192.168.31.125 /gzsc/index.php/Home/Servedetail/secondhandcar?id=30
INFO: [ app_init ] --START--
INFO: Run Behavior\BuildLiteBehavior [ RunTime:0.000000s ]
INFO: [ app_init ] --END-- [ RunTime:0.000000s ]
INFO: [ app_begin ] --START--
INFO: Run Behavior\ReadHtmlCacheBehavior [ RunTime:0.001000s ]
INFO: [ app_begin ] --END-- [ RunTime:0.001000s ]
NOTIC: [8192] mysql_connect(): The mysql extension is deprecated and will be removed in the future: use mysqli or PDO instead C:\aaa\WWW\gzsc\ThinkPHP\Library\Think\Db\Driver\Mysql.class.php Á¨¨ 52 Ë°å.
SQL: SHOW COLUMNS FROM `secondhandcar` [ RunTime:0.007000s ]
ERR: 1146:Table 'dsc.secondhandcar' doesn't exist
 [ SQLËØ≠Âè• ] : SHOW COLUMNS FROM `secondhandcar`
SQL: SELECT * FROM `secondhandcar` WHERE ( id=30 )  [ RunTime:0.000000s ]
ERR: 1146:Table 'dsc.secondhandcar' doesn't exist
 [ SQLËØ≠Âè• ] : SELECT * FROM `secondhandcar` WHERE ( id=30 ) 

[ 2017-08-09T22:28:52+08:00 ] 192.168.31.125 /gzsc/index.php/Home/Servedetail/secondhandcar?id=30
INFO: [ app_init ] --START--
INFO: Run Behavior\BuildLiteBehavior [ RunTime:0.000000s ]
INFO: [ app_init ] --END-- [ RunTime:0.000000s ]
INFO: [ app_begin ] --START--
INFO: Run Behavior\ReadHtmlCacheBehavior [ RunTime:0.001000s ]
INFO: [ app_begin ] --END-- [ RunTime:0.001000s ]
NOTIC: [8192] mysql_connect(): The mysql extension is deprecated and will be removed in the future: use mysqli or PDO instead C:\aaa\WWW\gzsc\ThinkPHP\Library\Think\Db\Driver\Mysql.class.php Á¨¨ 52 Ë°å.
SQL: SHOW COLUMNS FROM `second_hand_car` [ RunTime:0.010000s ]
SQL: SELECT * FROM `second_hand_car` WHERE ( id=30 )  [ RunTime:0.000000s ]

[ 2017-08-09T22:45:43+08:00 ] 192.168.31.125 /gzsc/index.php/Home/Servedetail/secondhandcar?id=30
INFO: [ app_init ] --START--
INFO: Run Behavior\BuildLiteBehavior [ RunTime:0.000000s ]
INFO: [ app_init ] --END-- [ RunTime:0.001000s ]
INFO: [ app_begin ] --START--
INFO: Run Behavior\ReadHtmlCacheBehavior [ RunTime:0.002000s ]
INFO: [ app_begin ] --END-- [ RunTime:0.002000s ]
NOTIC: [8192] mysql_connect(): The mysql extension is deprecated and will be removed in the future: use mysqli or PDO instead C:\aaa\WWW\gzsc\ThinkPHP\Library\Think\Db\Driver\Mysql.class.php Á¨¨ 52 Ë°å.
SQL: SHOW COLUMNS FROM `second_hand_car` [ RunTime:0.010000s ]
SQL: SHOW COLUMNS FROM `second_hand_carfile` [ RunTime:0.010000s ]
SQL: SELECT * FROM `second_hand_car` WHERE ( id=30 )  [ RunTime:0.001000s ]
NOTIC: [8] Undefined index: id C:\aaa\WWW\gzsc\Application\Home\Controller\ServedetailController.class.php Á¨¨ 15 Ë°å.
NOTIC: [2] Missing argument 1 for Think\Model::field(), called in C:\aaa\WWW\gzsc\Application\Home\Controller\ServedetailController.class.php on line 16 and defined C:\aaa\WWW\gzsc\ThinkPHP\Library\Think\Model.class.php Á¨¨ 1555 Ë°å.
NOTIC: [8] Undefined variable: field C:\aaa\WWW\gzsc\ThinkPHP\Library\Think\Model.class.php Á¨¨ 1556 Ë°å.
NOTIC: [8] Undefined variable: field C:\aaa\WWW\gzsc\ThinkPHP\Library\Think\Model.class.php Á¨¨ 1566 Ë°å.

[ 2017-08-09T22:45:54+08:00 ] 192.168.31.125 /gzsc/index.php/Home/Servedetail/secondhandcar?id=30
INFO: [ app_init ] --START--
INFO: Run Behavior\BuildLiteBehavior [ RunTime:0.000000s ]
INFO: [ app_init ] --END-- [ RunTime:0.001000s ]
INFO: [ app_begin ] --START--
INFO: Run Behavior\ReadHtmlCacheBehavior [ RunTime:0.001000s ]
INFO: [ app_begin ] --END-- [ RunTime:0.001000s ]
NOTIC: [8192] mysql_connect(): The mysql extension is deprecated and will be removed in the future: use mysqli or PDO instead C:\aaa\WWW\gzsc\ThinkPHP\Library\Think\Db\Driver\Mysql.class.php Á¨¨ 52 Ë°å.
SQL: SHOW COLUMNS FROM `second_hand_car` [ RunTime:0.011000s ]
SQL: SHOW COLUMNS FROM `second_hand_carfile` [ RunTime:0.010000s ]
SQL: SELECT * FROM `second_hand_car` WHERE ( id=30 )  [ RunTime:0.000000s ]
NOTIC: [8] Undefined index: id C:\aaa\WWW\gzsc\Application\Home\Controller\ServedetailController.class.php Á¨¨ 15 Ë°å.
NOTIC: [2] Missing argument 1 for Think\Model::field(), called in C:\aaa\WWW\gzsc\Application\Home\Controller\ServedetailController.class.php on line 16 and defined C:\aaa\WWW\gzsc\ThinkPHP\Library\Think\Model.class.php Á¨¨ 1555 Ë°å.
NOTIC: [8] Undefined variable: field C:\aaa\WWW\gzsc\ThinkPHP\Library\Think\Model.class.php Á¨¨ 1556 Ë°å.
NOTIC: [8] Undefined variable: field C:\aaa\WWW\gzsc\ThinkPHP\Library\Think\Model.class.php Á¨¨ 1566 Ë°å.

[ 2017-08-09T22:46:17+08:00 ] 192.168.31.125 /gzsc/index.php/Home/Servedetail/secondhandcar?id=30
INFO: [ app_init ] --START--
INFO: Run Behavior\BuildLiteBehavior [ RunTime:0.000000s ]
INFO: [ app_init ] --END-- [ RunTime:0.001000s ]
INFO: [ app_begin ] --START--
INFO: Run Behavior\ReadHtmlCacheBehavior [ RunTime:0.001000s ]
INFO: [ app_begin ] --END-- [ RunTime:0.001000s ]
NOTIC: [8192] mysql_connect(): The mysql extension is deprecated and will be removed in the future: use mysqli or PDO instead C:\aaa\WWW\gzsc\ThinkPHP\Library\Think\Db\Driver\Mysql.class.php Á¨¨ 52 Ë°å.
SQL: SHOW COLUMNS FROM `second_hand_car` [ RunTime:0.007000s ]
SQL: SHOW COLUMNS FROM `second_hand_carfile` [ RunTime:0.006000s ]
SQL: SELECT * FROM `second_hand_car` WHERE ( id=30 )  [ RunTime:0.000000s ]
NOTIC: [8] Undefined index: id C:\aaa\WWW\gzsc\Application\Home\Controller\ServedetailController.class.php Á¨¨ 15 Ë°å.
SQL: SELECT * FROM `second_hand_carfile` WHERE `second_hand_card_id` = null LIMIT 1   [ RunTime:0.002000s ]

[ 2017-08-09T22:46:30+08:00 ] 192.168.31.125 /gzsc/index.php/Home/Servedetail/secondhandcar?id=30
INFO: [ app_init ] --START--
INFO: Run Behavior\BuildLiteBehavior [ RunTime:0.000000s ]
INFO: [ app_init ] --END-- [ RunTime:0.000000s ]
INFO: [ app_begin ] --START--
INFO: Run Behavior\ReadHtmlCacheBehavior [ RunTime:0.002000s ]
INFO: [ app_begin ] --END-- [ RunTime:0.002000s ]
NOTIC: [8192] mysql_connect(): The mysql extension is deprecated and will be removed in the future: use mysqli or PDO instead C:\aaa\WWW\gzsc\ThinkPHP\Library\Think\Db\Driver\Mysql.class.php Á¨¨ 52 Ë°å.
SQL: SHOW COLUMNS FROM `second_hand_car` [ RunTime:0.011000s ]
SQL: SHOW COLUMNS FROM `second_hand_carfile` [ RunTime:0.009000s ]
SQL: SELECT * FROM `second_hand_car` WHERE ( id=30 )  [ RunTime:0.001000s ]
NOTIC: [8] Undefined index: id C:\aaa\WWW\gzsc\Application\Home\Controller\ServedetailController.class.php Á¨¨ 15 Ë°å.
SQL: SELECT * FROM `second_hand_carfile` WHERE `second_hand_card_id` = null LIMIT 1   [ RunTime:0.001000s ]

[ 2017-08-09T22:46:44+08:00 ] 192.168.31.125 /gzsc/index.php/Home/Servedetail/secondhandcar?id=30
INFO: [ app_init ] --START--
INFO: Run Behavior\BuildLiteBehavior [ RunTime:0.000000s ]
INFO: [ app_init ] --END-- [ RunTime:0.001000s ]
INFO: [ app_begin ] --START--
INFO: Run Behavior\ReadHtmlCacheBehavior [ RunTime:0.001000s ]
INFO: [ app_begin ] --END-- [ RunTime:0.001000s ]
NOTIC: [8192] mysql_connect(): The mysql extension is deprecated and will be removed in the future: use mysqli or PDO instead C:\aaa\WWW\gzsc\ThinkPHP\Library\Think\Db\Driver\Mysql.class.php Á¨¨ 52 Ë°å.
SQL: SHOW COLUMNS FROM `second_hand_car` [ RunTime:0.008000s ]
SQL: SHOW COLUMNS FROM `second_hand_carfile` [ RunTime:0.010000s ]
SQL: SELECT * FROM `second_hand_car` WHERE ( id=30 )  [ RunTime:0.001000s ]
NOTIC: [8] Undefined index: id C:\aaa\WWW\gzsc\Application\Home\Controller\ServedetailController.class.php Á¨¨ 15 Ë°å.
SQL: SELECT * FROM `second_hand_carfile` WHERE `second_hand_card_id` = null LIMIT 1   [ RunTime:0.000000s ]

[ 2017-08-09T22:47:07+08:00 ] 192.168.31.125 /gzsc/index.php/Home/Servedetail/secondhandcar?id=30
INFO: [ app_init ] --START--
INFO: Run Behavior\BuildLiteBehavior [ RunTime:0.001000s ]
INFO: [ app_init ] --END-- [ RunTime:0.001000s ]
INFO: [ app_begin ] --START--
INFO: Run Behavior\ReadHtmlCacheBehavior [ RunTime:0.001000s ]
INFO: [ app_begin ] --END-- [ RunTime:0.001000s ]
NOTIC: [8192] mysql_connect(): The mysql extension is deprecated and will be removed in the future: use mysqli or PDO instead C:\aaa\WWW\gzsc\ThinkPHP\Library\Think\Db\Driver\Mysql.class.php Á¨¨ 52 Ë°å.
SQL: SHOW COLUMNS FROM `second_hand_car` [ RunTime:0.009000s ]
SQL: SHOW COLUMNS FROM `second_hand_carfile` [ RunTime:0.007000s ]
SQL: SELECT * FROM `second_hand_car` WHERE ( id=30 ) LIMIT 1   [ RunTime:0.000000s ]
SQL: SELECT * FROM `second_hand_carfile` WHERE `second_hand_card_id` = 30 LIMIT 1   [ RunTime:0.001000s ]

[ 2017-08-09T22:47:39+08:00 ] 192.168.31.125 /gzsc/index.php/Home/Servedetail/secondhandcar?id=30
INFO: [ app_init ] --START--
INFO: Run Behavior\BuildLiteBehavior [ RunTime:0.000000s ]
INFO: [ app_init ] --END-- [ RunTime:0.001000s ]
INFO: [ app_begin ] --START--
INFO: Run Behavior\ReadHtmlCacheBehavior [ RunTime:0.000000s ]
INFO: [ app_begin ] --END-- [ RunTime:0.000000s ]
NOTIC: [8192] mysql_connect(): The mysql extension is deprecated and will be removed in the future: use mysqli or PDO instead C:\aaa\WWW\gzsc\ThinkPHP\Library\Think\Db\Driver\Mysql.class.php Á¨¨ 52 Ë°å.
SQL: SHOW COLUMNS FROM `second_hand_car` [ RunTime:0.007000s ]
SQL: SHOW COLUMNS FROM `second_hand_carfile` [ RunTime:0.007000s ]
SQL: SELECT * FROM `second_hand_car` WHERE ( id=30 ) LIMIT 1   [ RunTime:0.001000s ]
SQL: SELECT `file` FROM `second_hand_carfile` WHERE `second_hand_card_id` = 30  [ RunTime:0.000000s ]

[ 2017-08-09T22:50:42+08:00 ] 192.168.31.125 /gzsc/index.php/Home/Servedetail/secondhandcar?id=30
INFO: [ app_init ] --START--
INFO: Run Behavior\BuildLiteBehavior [ RunTime:0.000000s ]
INFO: [ app_init ] --END-- [ RunTime:0.001000s ]
INFO: [ app_begin ] --START--
INFO: Run Behavior\ReadHtmlCacheBehavior [ RunTime:0.000000s ]
INFO: [ app_begin ] --END-- [ RunTime:0.000000s ]
NOTIC: [8192] mysql_connect(): The mysql extension is deprecated and will be removed in the future: use mysqli or PDO instead C:\aaa\WWW\gzsc\ThinkPHP\Library\Think\Db\Driver\Mysql.class.php Á¨¨ 52 Ë°å.
SQL: SHOW COLUMNS FROM `second_hand_car` [ RunTime:0.008000s ]
SQL: SHOW COLUMNS FROM `second_hand_carfile` [ RunTime:0.013000s ]
SQL: SELECT * FROM `second_hand_car` WHERE ( id=30 ) LIMIT 1   [ RunTime:0.000000s ]
SQL: SELECT `file` FROM `second_hand_carfile` WHERE `second_hand_card_id` = 30  [ RunTime:0.000000s ]

[ 2017-08-09T22:50:47+08:00 ] 192.168.31.125 /gzsc/index.php/Home/Servedetail/secondhandcar?id=30
INFO: [ app_init ] --START--
INFO: Run Behavior\BuildLiteBehavior [ RunTime:0.000000s ]
INFO: [ app_init ] --END-- [ RunTime:0.001000s ]
INFO: [ app_begin ] --START--
INFO: Run Behavior\ReadHtmlCacheBehavior [ RunTime:0.001000s ]
INFO: [ app_begin ] --END-- [ RunTime:0.001000s ]
NOTIC: [8192] mysql_connect(): The mysql extension is deprecated and will be removed in the future: use mysqli or PDO instead C:\aaa\WWW\gzsc\ThinkPHP\Library\Think\Db\Driver\Mysql.class.php Á¨¨ 52 Ë°å.
SQL: SHOW COLUMNS FROM `second_hand_car` [ RunTime:0.008000s ]
SQL: SHOW COLUMNS FROM `second_hand_carfile` [ RunTime:0.010000s ]
SQL: SELECT * FROM `second_hand_car` WHERE ( id=30 ) LIMIT 1   [ RunTime:0.001000s ]
SQL: SELECT `file` FROM `second_hand_carfile` WHERE `second_hand_card_id` = 30  [ RunTime:0.000000s ]

[ 2017-08-09T22:51:03+08:00 ] 192.168.31.125 /gzsc/index.php/Home/Servedetail/secondhandcar?id=30
INFO: [ app_init ] --START--
INFO: Run Behavior\BuildLiteBehavior [ RunTime:0.000000s ]
INFO: [ app_init ] --END-- [ RunTime:0.000000s ]
INFO: [ app_begin ] --START--
INFO: Run Behavior\ReadHtmlCacheBehavior [ RunTime:0.001000s ]
INFO: [ app_begin ] --END-- [ RunTime:0.001000s ]
NOTIC: [8192] mysql_connect(): The mysql extension is deprecated and will be removed in the future: use mysqli or PDO instead C:\aaa\WWW\gzsc\ThinkPHP\Library\Think\Db\Driver\Mysql.class.php Á¨¨ 52 Ë°å.
SQL: SHOW COLUMNS FROM `second_hand_car` [ RunTime:0.010000s ]
SQL: SHOW COLUMNS FROM `second_hand_carfile` [ RunTime:0.010000s ]
SQL: SELECT * FROM `second_hand_car` WHERE ( id=30 ) LIMIT 1   [ RunTime:0.001000s ]
SQL: SELECT `file` FROM `second_hand_carfile` WHERE `second_hand_card_id` = 30  [ RunTime:0.000000s ]

[ 2017-08-09T22:52:16+08:00 ] 192.168.31.125 /gzsc/index.php/Home/Servedetail/secondhandcar?id=30
INFO: [ app_init ] --START--
INFO: Run Behavior\BuildLiteBehavior [ RunTime:0.000000s ]
INFO: [ app_init ] --END-- [ RunTime:0.000000s ]
INFO: [ app_begin ] --START--
INFO: Run Behavior\ReadHtmlCacheBehavior [ RunTime:0.001000s ]
INFO: [ app_begin ] --END-- [ RunTime:0.001000s ]

[ 2017-08-09T22:52:24+08:00 ] 192.168.31.125 /gzsc/index.php/Home/Servedetail/secondhandcar?id=30
INFO: [ app_init ] --START--
INFO: Run Behavior\BuildLiteBehavior [ RunTime:0.000000s ]
INFO: [ app_init ] --END-- [ RunTime:0.000000s ]
INFO: [ app_begin ] --START--
INFO: Run Behavior\ReadHtmlCacheBehavior [ RunTime:0.001000s ]
INFO: [ app_begin ] --END-- [ RunTime:0.001000s ]
NOTIC: [8192] mysql_connect(): The mysql extension is deprecated and will be removed in the future: use mysqli or PDO instead C:\aaa\WWW\gzsc\ThinkPHP\Library\Think\Db\Driver\Mysql.class.php Á¨¨ 52 Ë°å.
SQL: SHOW COLUMNS FROM `second_hand_car` [ RunTime:0.013000s ]
SQL: SHOW COLUMNS FROM `second_hand_carfile` [ RunTime:0.009000s ]
SQL: SELECT * FROM `second_hand_car` WHERE ( id=30 ) LIMIT 1   [ RunTime:0.001000s ]
SQL: SELECT `file` FROM `second_hand_carfile` WHERE `second_hand_card_id` = 30  [ RunTime:0.000000s ]
INFO: [ app_end ] --START--
INFO: Run Behavior\ShowPageTraceBehavior [ RunTime:0.001000s ]
INFO: [ app_end ] --END-- [ RunTime:0.001000s ]

[ 2017-08-09T22:53:04+08:00 ] 192.168.31.125 /gzsc/index.php/Home/Servedetail/secondhandcar?id=30
INFO: [ app_init ] --START--
INFO: Run Behavior\BuildLiteBehavior [ RunTime:0.000000s ]
INFO: [ app_init ] --END-- [ RunTime:0.000000s ]
INFO: [ app_begin ] --START--
INFO: Run Behavior\ReadHtmlCacheBehavior [ RunTime:0.000000s ]
INFO: [ app_begin ] --END-- [ RunTime:0.001000s ]
NOTIC: [8192] mysql_connect(): The mysql extension is deprecated and will be removed in the future: use mysqli or PDO instead C:\aaa\WWW\gzsc\ThinkPHP\Library\Think\Db\Driver\Mysql.class.php Á¨¨ 52 Ë°å.
SQL: SHOW COLUMNS FROM `second_hand_car` [ RunTime:0.008000s ]
SQL: SHOW COLUMNS FROM `second_hand_carfile` [ RunTime:0.008000s ]
SQL: SELECT * FROM `second_hand_car` WHERE ( id=30 ) LIMIT 1   [ RunTime:0.000000s ]
SQL: SELECT `file` FROM `second_hand_carfile` WHERE `second_hand_card_id` = 30  [ RunTime:0.001000s ]

[ 2017-08-09T23:03:13+08:00 ] 192.168.31.125 /gzsc/index.php/Home/Servedetail/houseforrentinfo?id=8
INFO: [ app_init ] --START--
INFO: Run Behavior\BuildLiteBehavior [ RunTime:0.000000s ]
INFO: [ app_init ] --END-- [ RunTime:0.001000s ]
INFO: [ app_begin ] --START--
INFO: Run Behavior\ReadHtmlCacheBehavior [ RunTime:0.001000s ]
INFO: [ app_begin ] --END-- [ RunTime:0.002000s ]
NOTIC: [8192] mysql_connect(): The mysql extension is deprecated and will be removed in the future: use mysqli or PDO instead C:\aaa\WWW\gzsc\ThinkPHP\Library\Think\Db\Driver\Mysql.class.php Á¨¨ 52 Ë°å.
SQL: SHOW COLUMNS FROM `house_for_rent` [ RunTime:0.013000s ]
SQL: SHOW COLUMNS FROM `house_for_rentfile` [ RunTime:0.015000s ]
SQL: SELECT * FROM `house_for_rent` WHERE ( id=8 ) LIMIT 1   [ RunTime:0.000000s ]
SQL: SELECT `file` FROM `house_for_rentfile` WHERE `house_for_rend_id` = 8  [ RunTime:0.001000s ]

[ 2017-08-09T23:07:04+08:00 ] 192.168.31.125 /gzsc/index.php/Home/Servedetail/truckrendinfo?id=4
INFO: [ app_init ] --START--
INFO: Run Behavior\BuildLiteBehavior [ RunTime:0.000000s ]
INFO: [ app_init ] --END-- [ RunTime:0.001000s ]
INFO: [ app_begin ] --START--
INFO: Run Behavior\ReadHtmlCacheBehavior [ RunTime:0.001000s ]
INFO: [ app_begin ] --END-- [ RunTime:0.001000s ]
NOTIC: [8192] mysql_connect(): The mysql extension is deprecated and will be removed in the future: use mysqli or PDO instead C:\aaa\WWW\gzsc\ThinkPHP\Library\Think\Db\Driver\Mysql.class.php Á¨¨ 52 Ë°å.
SQL: SHOW COLUMNS FROM `truck_rend` [ RunTime:0.009000s ]
SQL: SHOW COLUMNS FROM `truck_rendfile` [ RunTime:0.008000s ]
NOTIC: [8] Undefined variable: house_for_rent C:\aaa\WWW\gzsc\Application\Home\Controller\ServedetailController.class.php Á¨¨ 44 Ë°å.

[ 2017-08-09T23:07:29+08:00 ] 192.168.31.125 /gzsc/index.php/Home/Servedetail/truckrendinfo?id=4
INFO: [ app_init ] --START--
INFO: Run Behavior\BuildLiteBehavior [ RunTime:0.000000s ]
INFO: [ app_init ] --END-- [ RunTime:0.000000s ]
INFO: [ app_begin ] --START--
INFO: Run Behavior\ReadHtmlCacheBehavior [ RunTime:0.000000s ]
INFO: [ app_begin ] --END-- [ RunTime:0.000000s ]
NOTIC: [8192] mysql_connect(): The mysql extension is deprecated and will be removed in the future: use mysqli or PDO instead C:\aaa\WWW\gzsc\ThinkPHP\Library\Think\Db\Driver\Mysql.class.php Á¨¨ 52 Ë°å.
SQL: SHOW COLUMNS FROM `truck_rend` [ RunTime:0.007000s ]
SQL: SHOW COLUMNS FROM `truck_rendfile` [ RunTime:0.007000s ]
SQL: SELECT * FROM `truck_rend` WHERE ( id=4 ) LIMIT 1   [ RunTime:0.001000s ]
SQL: SELECT `file` FROM `truck_rendfile` WHERE `truck_rend_id` = 4  [ RunTime:0.000000s ]

[ 2017-08-09T23:10:58+08:00 ] 192.168.31.125 /gzsc/index.php/Home/Servedetail/homedecorationinfo?id=8
INFO: [ app_init ] --START--
INFO: Run Behavior\BuildLiteBehavior [ RunTime:0.000000s ]
INFO: [ app_init ] --END-- [ RunTime:0.001000s ]
INFO: [ app_begin ] --START--
INFO: Run Behavior\ReadHtmlCacheBehavior [ RunTime:0.001000s ]
INFO: [ app_begin ] --END-- [ RunTime:0.001000s ]
NOTIC: [8192] mysql_connect(): The mysql extension is deprecated and will be removed in the future: use mysqli or PDO instead C:\aaa\WWW\gzsc\ThinkPHP\Library\Think\Db\Driver\Mysql.class.php Á¨¨ 52 Ë°å.
SQL: SHOW COLUMNS FROM `home_decoration` [ RunTime:0.011000s ]
SQL: SHOW COLUMNS FROM `home_decorationfile` [ RunTime:0.010000s ]
SQL: SELECT * FROM `home_decoration` WHERE ( id=8 ) LIMIT 1   [ RunTime:0.001000s ]
SQL: SELECT `file` FROM `home_decorationfile` WHERE `home_decoration_id` = 8  [ RunTime:0.000000s ]

[ 2017-08-09T23:14:45+08:00 ] 192.168.31.125 /gzsc/index.php/Home/Servedetail/housekeepinginfo?id=8
INFO: [ app_init ] --START--
INFO: Run Behavior\BuildLiteBehavior [ RunTime:0.000000s ]
INFO: [ app_init ] --END-- [ RunTime:0.001000s ]
INFO: [ app_begin ] --START--
INFO: Run Behavior\ReadHtmlCacheBehavior [ RunTime:0.001000s ]
INFO: [ app_begin ] --END-- [ RunTime:0.001000s ]
NOTIC: [8192] mysql_connect(): The mysql extension is deprecated and will be removed in the future: use mysqli or PDO instead C:\aaa\WWW\gzsc\ThinkPHP\Library\Think\Db\Driver\Mysql.class.php Á¨¨ 52 Ë°å.
SQL: SHOW COLUMNS FROM `housekeeping` [ RunTime:0.012000s ]
SQL: SHOW COLUMNS FROM `housekeepingfile` [ RunTime:0.013000s ]
SQL: SELECT * FROM `housekeeping` WHERE ( id=8 ) LIMIT 1   [ RunTime:0.000000s ]
SQL: SELECT `file` FROM `housekeepingfile` WHERE `housekeeping_id` = 8  [ RunTime:0.000000s ]

[ 2017-08-09T23:21:43+08:00 ] 192.168.31.125 /gzsc/index.php/Home/Servedetail/weixiuserviceinfo?id=8
INFO: [ app_init ] --START--
INFO: Run Behavior\BuildLiteBehavior [ RunTime:0.000000s ]
INFO: [ app_init ] --END-- [ RunTime:0.001000s ]
INFO: [ app_begin ] --START--
INFO: Run Behavior\ReadHtmlCacheBehavior [ RunTime:0.001000s ]
INFO: [ app_begin ] --END-- [ RunTime:0.001000s ]
NOTIC: [8192] mysql_connect(): The mysql extension is deprecated and will be removed in the future: use mysqli or PDO instead C:\aaa\WWW\gzsc\ThinkPHP\Library\Think\Db\Driver\Mysql.class.php Á¨¨ 52 Ë°å.
SQL: SHOW COLUMNS FROM `weixiu_service` [ RunTime:0.013000s ]
SQL: SHOW COLUMNS FROM `weixiu_servicefile` [ RunTime:0.009000s ]
SQL: SELECT * FROM `weixiu_service` WHERE ( id=8 ) LIMIT 1   [ RunTime:0.001000s ]
SQL: SELECT `file` FROM `weixiu_servicefile` WHERE `weixiu_service_id` = null  [ RunTime:0.001000s ]

[ 2017-08-09T23:21:55+08:00 ] 192.168.31.125 /gzsc/index.php/Home/Servedetail/weixiuserviceinfo?id=8
INFO: [ app_init ] --START--
INFO: Run Behavior\BuildLiteBehavior [ RunTime:0.000000s ]
INFO: [ app_init ] --END-- [ RunTime:0.001000s ]
INFO: [ app_begin ] --START--
INFO: Run Behavior\ReadHtmlCacheBehavior [ RunTime:0.000000s ]
INFO: [ app_begin ] --END-- [ RunTime:0.000000s ]
NOTIC: [8192] mysql_connect(): The mysql extension is deprecated and will be removed in the future: use mysqli or PDO instead C:\aaa\WWW\gzsc\ThinkPHP\Library\Think\Db\Driver\Mysql.class.php Á¨¨ 52 Ë°å.
SQL: SHOW COLUMNS FROM `weixiu_service` [ RunTime:0.009000s ]
SQL: SHOW COLUMNS FROM `weixiu_servicefile` [ RunTime:0.007000s ]
SQL: SELECT * FROM `weixiu_service` WHERE ( id=8 ) LIMIT 1   [ RunTime:0.001000s ]
SQL: SELECT `file` FROM `weixiu_servicefile` WHERE `weixiu_service_id` = null  [ RunTime:0.000000s ]

[ 2017-08-09T23:22:38+08:00 ] 192.168.31.125 /gzsc/index.php/Home/Servedetail/weixiuserviceinfo?id=4
INFO: [ app_init ] --START--
INFO: Run Behavior\BuildLiteBehavior [ RunTime:0.000000s ]
INFO: [ app_init ] --END-- [ RunTime:0.001000s ]
INFO: [ app_begin ] --START--
INFO: Run Behavior\ReadHtmlCacheBehavior [ RunTime:0.001000s ]
INFO: [ app_begin ] --END-- [ RunTime:0.001000s ]
NOTIC: [8192] mysql_connect(): The mysql extension is deprecated and will be removed in the future: use mysqli or PDO instead C:\aaa\WWW\gzsc\ThinkPHP\Library\Think\Db\Driver\Mysql.class.php Á¨¨ 52 Ë°å.
SQL: SHOW COLUMNS FROM `weixiu_service` [ RunTime:0.009000s ]
SQL: SHOW COLUMNS FROM `weixiu_servicefile` [ RunTime:0.009000s ]
SQL: SELECT * FROM `weixiu_service` WHERE ( id=4 ) LIMIT 1   [ RunTime:0.001000s ]
SQL: SELECT `file` FROM `weixiu_servicefile` WHERE `weixiu_service_id` = 4  [ RunTime:0.000000s ]

[ 2017-08-09T23:29:27+08:00 ] 192.168.31.73 /gzsc/index.php/Home/Serve/houseforrent?json=%7B%22area%22%3A%22%E8%AF%B7%E9%80%89%E6%8B%A9%22%2C%22cash%22%3A%22123%22%2C%22cate_id%22%3A%222%22%2C%22des%22%3A%2213267%22%2C%22house_type%22%3A%22123456%22%2C%22name%22%3A%221364%22%2C%22pay_method%22%3A%22132%22%2C%22state%22%3A%221%22%2C%22tel%22%3A%2213409362482%22%2C%22url%22%3A%5B%7B%22url%22%3A%22%2Fstorage%2Femulated%2F0%2FPictures%2FScreenshots%2FS70808-18385456.jpg%22%7D%2C%7B%22url%22%3A%22%2Fstorage%2Femulated%2F0%2FPictures%2FScreenshots%2FS70808-07510747.jpg%22%7D%2C%7B%22url%22%3A%22%2Fstorage%2Femulated%2F0%2FPictures%2FScreenshots%2FS70808-07515741.jpg%22%7D%2C%7B%22url%22%3A%22%2Fstorage%2Femulated%2F0%2FPictures%2FScreenshots%2FS70807-23325655.jpg%22%7D%2C%7B%22url%22%3A%22%2Fstorage%2Femulated%2F0%2FPictures%2FScreenshots%2FS70807-23290766.jpg%22%7D%2C%7B%22url%22%3A%22%2Fstorage%2Femulated%2F0%2FPictures%2FScreenshots%2FS70807-20234991.jpg%22%7D%2C%7B%22url%22%3A%22%2Fstorage%2Femulated%2F0%2FPictures%2FScreenshots%2FS70807-21351859.jpg%22%7D%2C%7B%22url%22%3A%22%2Fstorage%2Femulated%2F0%2FPictures%2FScreenshots%2FS70807-20240246.jpg%22%7D%2C%7B%22url%22%3A%22%2Fstorage%2Femulated%2F0%2FPictures%2FScreenshots%2FS70808-18385456.jpg%22%7D%2C%7B%22url%22%3A%22%2Fstorage%2Femulated%2F0%2FPictures%2FScreenshots%2FS70808-07510747.jpg%22%7D%2C%7B%22url%22%3A%22%2Fstorage%2Femulated%2F0%2FPictures%2FScreenshots%2FS70808-07515741.jpg%22%7D%2C%7B%22url%22%3A%22%2Fstorage%2Femulated%2F0%2FPictures%2FScreenshots%2FS70807-23325655.jpg%22%7D%2C%7B%22url%22%3A%22%2Fstorage%2Femulated%2F0%2FPictures%2FScreenshots%2FS70807-23290766.jpg%22%7D%2C%7B%22url%22%3A%22%2Fstorage%2Femulated%2F0%2FPictures%2FScreenshots%2FS70807-20234991.jpg%22%7D%2C%7B%22url%22%3A%22%2Fstorage%2Femulated%2F0%2FPictures%2FScreenshots%2FS70807-21351859.jpg%22%7D%2C%7B%22url%22%3A%22%2Fstorage%2Femulated%2F0%2FPictures%2FScreenshots%2FS70807-20240246.jpg%22%7D%2C%7B%22url%22%3A%22%2Fstorage%2Femulated%2F0%2FPictures%2FScreenshots%2FS70804-15243025.jpg%22%7D%2C%7B%22url%22%3A%22%2Fstorage%2Femulated%2F0%2FPictures%2FScreenshots%2FS70804-18193318.jpg%22%7D%2C%7B%22url%22%3A%22%2Fstorage%2Femulated%2F0%2FPictures%2FScreenshots%2FS70804-07494622.jpg%22%7D%2C%7B%22url%22%3A%22%2Fstorage%2Femulated%2F0%2FPictures%2FScreenshots%2FS70803-20025157.jpg%22%7D%2C%7B%22url%22%3A%22%2Fstorage%2Femulated%2F0%2FPictures%2FScreenshots%2FS70803-20341741.jpg%22%7D%2C%7B%22url%22%3A%22%2Fstorage%2Femulated%2F0%2FPictures%2FScreenshots%2FS70804-07370168.jpg%22%7D%5D%7D
INFO: [ app_init ] --START--
INFO: Run Behavior\BuildLiteBehavior [ RunTime:0.000000s ]
INFO: [ app_init ] --END-- [ RunTime:0.000000s ]
INFO: [ app_begin ] --START--
INFO: Run Behavior\ReadHtmlCacheBehavior [ RunTime:0.001000s ]
INFO: [ app_begin ] --END-- [ RunTime:0.001000s ]
NOTIC: [8192] mysql_connect(): The mysql extension is deprecated and will be removed in the future: use mysqli or PDO instead C:\aaa\WWW\gzsc\ThinkPHP\Library\Think\Db\Driver\Mysql.class.php Á¨¨ 52 Ë°å.
SQL: SHOW COLUMNS FROM `house_for_rent` [ RunTime:0.012000s ]
SQL: SHOW COLUMNS FROM `house_for_rentfile` [ RunTime:0.012000s ]
NOTIC: [8] Undefined index: user_id C:\aaa\WWW\gzsc\Application\Home\Controller\ServeController.class.php Á¨¨ 76 Ë°å.
SQL: INSERT INTO `house_for_rent` (`user_id`,`cate_id`,`area`,`house_type`,`cash`,`pay_method`,`des`,`name`,`tel`,`state`,`add_time`,`valid_time`) VALUES (null,2,'ËØ∑ÈÄâÊã©','123456',123,'132','13267','1364','13409362482',1,'2017-08-09 23:29:27','2017-08-16 23:29:27') [ RunTime:0.000000s ]
SQL: INSERT INTO `house_for_rentfile` (`house_for_rend_id`,`file`,`add_time`) VALUES (19,'/storage/emulated/0/Pictures/Screenshots/S70808-18385456.jpg','2017-08-09 23:29:27') [ RunTime:0.000000s ]
SQL: INSERT INTO `house_for_rentfile` (`house_for_rend_id`,`file`,`add_time`) VALUES (19,'/storage/emulated/0/Pictures/Screenshots/S70808-07510747.jpg','2017-08-09 23:29:27') [ RunTime:0.001000s ]
SQL: INSERT INTO `house_for_rentfile` (`house_for_rend_id`,`file`,`add_time`) VALUES (19,'/storage/emulated/0/Pictures/Screenshots/S70808-07515741.jpg','2017-08-09 23:29:27') [ RunTime:0.000000s ]
SQL: INSERT INTO `house_for_rentfile` (`house_for_rend_id`,`file`,`add_time`) VALUES (19,'/storage/emulated/0/Pictures/Screenshots/S70807-23325655.jpg','2017-08-09 23:29:27') [ RunTime:0.001000s ]
SQL: INSERT INTO `house_for_rentfile` (`house_for_rend_id`,`file`,`add_time`) VALUES (19,'/storage/emulated/0/Pictures/Screenshots/S70807-23290766.jpg','2017-08-09 23:29:27') [ RunTime:0.000000s ]
SQL: INSERT INTO `house_for_rentfile` (`house_for_rend_id`,`file`,`add_time`) VALUES (19,'/storage/emulated/0/Pictures/Screenshots/S70807-20234991.jpg','2017-08-09 23:29:27') [ RunTime:0.001000s ]
SQL: INSERT INTO `house_for_rentfile` (`house_for_rend_id`,`file`,`add_time`) VALUES (19,'/storage/emulated/0/Pictures/Screenshots/S70807-21351859.jpg','2017-08-09 23:29:27') [ RunTime:0.000000s ]
SQL: INSERT INTO `house_for_rentfile` (`house_for_rend_id`,`file`,`add_time`) VALUES (19,'/storage/emulated/0/Pictures/Screenshots/S70807-20240246.jpg','2017-08-09 23:29:27') [ RunTime:0.000000s ]
SQL: INSERT INTO `house_for_rentfile` (`house_for_rend_id`,`file`,`add_time`) VALUES (19,'/storage/emulated/0/Pictures/Screenshots/S70808-18385456.jpg','2017-08-09 23:29:27') [ RunTime:0.000000s ]
SQL: INSERT INTO `house_for_rentfile` (`house_for_rend_id`,`file`,`add_time`) VALUES (19,'/storage/emulated/0/Pictures/Screenshots/S70808-07510747.jpg','2017-08-09 23:29:27') [ RunTime:0.001000s ]
SQL: INSERT INTO `house_for_rentfile` (`house_for_rend_id`,`file`,`add_time`) VALUES (19,'/storage/emulated/0/Pictures/Screenshots/S70808-07515741.jpg','2017-08-09 23:29:27') [ RunTime:0.000000s ]
SQL: INSERT INTO `house_for_rentfile` (`house_for_rend_id`,`file`,`add_time`) VALUES (19,'/storage/emulated/0/Pictures/Screenshots/S70807-23325655.jpg','2017-08-09 23:29:27') [ RunTime:0.001000s ]
SQL: INSERT INTO `house_for_rentfile` (`house_for_rend_id`,`file`,`add_time`) VALUES (19,'/storage/emulated/0/Pictures/Screenshots/S70807-23290766.jpg','2017-08-09 23:29:27') [ RunTime:0.000000s ]
SQL: INSERT INTO `house_for_rentfile` (`house_for_rend_id`,`file`,`add_time`) VALUES (19,'/storage/emulated/0/Pictures/Screenshots/S70807-20234991.jpg','2017-08-09 23:29:27') [ RunTime:0.000000s ]
SQL: INSERT INTO `house_for_rentfile` (`house_for_rend_id`,`file`,`add_time`) VALUES (19,'/storage/emulated/0/Pictures/Screenshots/S70807-21351859.jpg','2017-08-09 23:29:27') [ RunTime:0.000000s ]
SQL: INSERT INTO `house_for_rentfile` (`house_for_rend_id`,`file`,`add_time`) VALUES (19,'/storage/emulated/0/Pictures/Screenshots/S70807-20240246.jpg','2017-08-09 23:29:27') [ RunTime:0.000000s ]
SQL: INSERT INTO `house_for_rentfile` (`house_for_rend_id`,`file`,`add_time`) VALUES (19,'/storage/emulated/0/Pictures/Screenshots/S70804-15243025.jpg','2017-08-09 23:29:27') [ RunTime:0.000000s ]
SQL: INSERT INTO `house_for_rentfile` (`house_for_rend_id`,`file`,`add_time`) VALUES (19,'/storage/emulated/0/Pictures/Screenshots/S70804-18193318.jpg','2017-08-09 23:29:27') [ RunTime:0.000000s ]
SQL: INSERT INTO `house_for_rentfile` (`house_for_rend_id`,`file`,`add_time`) VALUES (19,'/storage/emulated/0/Pictures/Screenshots/S70804-07494622.jpg','2017-08-09 23:29:27') [ RunTime:0.000000s ]
SQL: INSERT INTO `house_for_rentfile` (`house_for_rend_id`,`file`,`add_time`) VALUES (19,'/storage/emulated/0/Pictures/Screenshots/S70803-20025157.jpg','2017-08-09 23:29:27') [ RunTime:0.000000s ]
SQL: INSERT INTO `house_for_rentfile` (`house_for_rend_id`,`file`,`add_time`) VALUES (19,'/storage/emulated/0/Pictures/Screenshots/S70803-20341741.jpg','2017-08-09 23:29:27') [ RunTime:0.000000s ]
SQL: INSERT INTO `house_for_rentfile` (`house_for_rend_id`,`file`,`add_time`) VALUES (19,'/storage/emulated/0/Pictures/Screenshots/S70804-07370168.jpg','2017-08-09 23:29:27') [ RunTime:0.000000s ]

