[ 2017-08-24T08:13:47+08:00 ] 192.168.31.216 /gzsc/index.php/Home/Goods/detail?id=14
INFO: [ app_init ] --START--
INFO: Run Behavior\BuildLiteBehavior [ RunTime:0.000000s ]
INFO: [ app_init ] --END-- [ RunTime:0.000000s ]
INFO: [ app_begin ] --START--
INFO: Run Behavior\ReadHtmlCacheBehavior [ RunTime:0.015600s ]
INFO: [ app_begin ] --END-- [ RunTime:0.015600s ]
NOTIC: [8192] mysql_connect(): The mysql extension is deprecated and will be removed in the future: use mysqli or PDO instead C:\aaa\WWW\gzsc\ThinkPHP\Library\Think\Db\Driver\Mysql.class.php 第 52 行.
SQL: SHOW COLUMNS FROM `good` [ RunTime:0.015600s ]
SQL: SHOW COLUMNS FROM `order` [ RunTime:0.015600s ]
SQL: SHOW COLUMNS FROM `user` [ RunTime:0.015600s ]
SQL: SHOW COLUMNS FROM `rele` [ RunTime:0.000000s ]
SQL: SHOW COLUMNS FROM `file` [ RunTime:0.000000s ]
SQL: SHOW COLUMNS FROM `good_attr` [ RunTime:0.015600s ]
SQL: SHOW COLUMNS FROM `evaluate` [ RunTime:0.000000s ]
SQL: SELECT `id`,`user_id`,`good_name` FROM `good` WHERE `id` = 14 LIMIT 1   [ RunTime:0.000000s ]
SQL: SELECT `good_attr_id`,`file_id` FROM `rele` WHERE `good_id` = 14  [ RunTime:0.000000s ]
SQL: SELECT * FROM `good_attr` WHERE `good_id` = 14  [ RunTime:0.000000s ]
SQL: SELECT `user_store_name`,`user_store_pic`,`user_store_phone`,`user_store_evaluate`,`user_store_address` FROM `user` WHERE `id` = 6 LIMIT 1   [ RunTime:0.015600s ]
SQL: SELECT * FROM `evaluate` WHERE `good_id` = 14 ORDER BY add_time desc LIMIT 1   [ RunTime:0.000000s ]
SQL: SELECT COUNT(*) AS tp_count FROM `evaluate` WHERE `good_id` = 14 LIMIT 1   [ RunTime:0.000000s ]
SQL: SELECT `user_pic`,`user_name` FROM `user` WHERE `id` = 9 LIMIT 1   [ RunTime:0.000000s ]
NOTIC: [8] Undefined variable: hwere7 C:\aaa\WWW\gzsc\Application\Home\Controller\GoodsController.class.php 第 143 行.
SQL: SELECT `good_attr_color`,`good_attr_size` FROM `good_attr` LIMIT 1   [ RunTime:0.000000s ]
SQL: SELECT `file_pic` FROM `file` WHERE ( good_id=14 )  [ RunTime:0.000000s ]
SQL: SELECT * FROM `good_attr` WHERE `good_attr_color` = 'red'  [ RunTime:0.000000s ]
SQL: SELECT * FROM `good_attr` WHERE `good_attr_color` = 'red'  [ RunTime:0.000000s ]
SQL: SELECT * FROM `good_attr` WHERE `good_attr_color` = 'blue'  [ RunTime:0.000000s ]
SQL: SELECT * FROM `good_attr` WHERE `good_attr_color` = 'red'  [ RunTime:0.000000s ]

[ 2017-08-24T14:40:57+08:00 ] 192.168.31.216 /gzsc/index.php/Home/Goods/detail?id=14
INFO: [ app_init ] --START--
INFO: Run Behavior\BuildLiteBehavior [ RunTime:0.000000s ]
INFO: [ app_init ] --END-- [ RunTime:0.000000s ]
INFO: [ app_begin ] --START--
INFO: Run Behavior\ReadHtmlCacheBehavior [ RunTime:0.000000s ]
INFO: [ app_begin ] --END-- [ RunTime:0.000000s ]
NOTIC: [8192] mysql_connect(): The mysql extension is deprecated and will be removed in the future: use mysqli or PDO instead C:\aaa\WWW\gzsc\ThinkPHP\Library\Think\Db\Driver\Mysql.class.php 第 52 行.
SQL: SHOW COLUMNS FROM `good` [ RunTime:0.000000s ]
SQL: SHOW COLUMNS FROM `order` [ RunTime:0.015600s ]
SQL: SHOW COLUMNS FROM `user` [ RunTime:0.015600s ]
SQL: SHOW COLUMNS FROM `rele` [ RunTime:0.000000s ]
SQL: SHOW COLUMNS FROM `file` [ RunTime:0.000000s ]
SQL: SHOW COLUMNS FROM `good_attr` [ RunTime:0.015600s ]
SQL: SHOW COLUMNS FROM `evaluate` [ RunTime:0.000000s ]
SQL: SELECT `id`,`user_id`,`good_name` FROM `good` WHERE `id` = 14 LIMIT 1   [ RunTime:0.000000s ]
SQL: SELECT `good_attr_id`,`file_id` FROM `rele` WHERE `good_id` = 14  [ RunTime:0.000000s ]
SQL: SELECT * FROM `good_attr` WHERE `good_id` = 14  [ RunTime:0.000000s ]
SQL: SELECT `user_store_name`,`user_store_pic`,`user_store_phone`,`user_store_evaluate`,`user_store_address` FROM `user` WHERE `id` = 6 LIMIT 1   [ RunTime:0.000000s ]
SQL: SELECT * FROM `evaluate` WHERE `good_id` = 14 ORDER BY add_time desc LIMIT 1   [ RunTime:0.000000s ]
SQL: SELECT COUNT(*) AS tp_count FROM `evaluate` WHERE `good_id` = 14 LIMIT 1   [ RunTime:0.000000s ]
SQL: SELECT `user_pic`,`user_name` FROM `user` WHERE `id` = 9 LIMIT 1   [ RunTime:0.000000s ]
NOTIC: [8] Undefined variable: hwere7 C:\aaa\WWW\gzsc\Application\Home\Controller\GoodsController.class.php 第 143 行.
SQL: SELECT `good_attr_color`,`good_attr_size` FROM `good_attr` LIMIT 1   [ RunTime:0.000000s ]
SQL: SELECT `file_pic` FROM `file` WHERE ( good_id=14 )  [ RunTime:0.000000s ]
SQL: SELECT * FROM `good_attr` WHERE `good_attr_color` = 'red'  [ RunTime:0.000000s ]
SQL: SELECT * FROM `good_attr` WHERE `good_attr_color` = 'red'  [ RunTime:0.000000s ]
SQL: SELECT * FROM `good_attr` WHERE `good_attr_color` = 'blue'  [ RunTime:0.000000s ]
SQL: SELECT * FROM `good_attr` WHERE `good_attr_color` = 'red'  [ RunTime:0.000000s ]

[ 2017-08-24T14:44:08+08:00 ] 192.168.31.216 /gzsc/index.php/Home/Goods/detail?id=14
INFO: [ app_init ] --START--
INFO: Run Behavior\BuildLiteBehavior [ RunTime:0.000000s ]
INFO: [ app_init ] --END-- [ RunTime:0.000000s ]
INFO: [ app_begin ] --START--
INFO: Run Behavior\ReadHtmlCacheBehavior [ RunTime:0.000000s ]
INFO: [ app_begin ] --END-- [ RunTime:0.000000s ]
NOTIC: [8192] mysql_connect(): The mysql extension is deprecated and will be removed in the future: use mysqli or PDO instead C:\aaa\WWW\gzsc\ThinkPHP\Library\Think\Db\Driver\Mysql.class.php 第 52 行.
SQL: SHOW COLUMNS FROM `good` [ RunTime:0.000000s ]
SQL: SHOW COLUMNS FROM `order` [ RunTime:0.015600s ]
SQL: SHOW COLUMNS FROM `user` [ RunTime:0.015600s ]
SQL: SHOW COLUMNS FROM `rele` [ RunTime:0.000000s ]
SQL: SHOW COLUMNS FROM `file` [ RunTime:0.000000s ]
SQL: SHOW COLUMNS FROM `good_attr` [ RunTime:0.015600s ]
SQL: SHOW COLUMNS FROM `evaluate` [ RunTime:0.000000s ]
SQL: SELECT `id`,`user_id`,`good_name` FROM `good` WHERE `id` = 14 LIMIT 1   [ RunTime:0.000000s ]
SQL: SELECT `good_attr_id`,`file_id` FROM `rele` WHERE `good_id` = 14  [ RunTime:0.000000s ]
SQL: SELECT * FROM `good_attr` WHERE `good_id` = 14  [ RunTime:0.000000s ]
SQL: SELECT `user_store_name`,`user_store_pic`,`user_store_phone`,`user_store_evaluate`,`user_store_address` FROM `user` WHERE `id` = 6 LIMIT 1   [ RunTime:0.000000s ]
SQL: SELECT * FROM `evaluate` WHERE `good_id` = 14 ORDER BY add_time desc LIMIT 1   [ RunTime:0.000000s ]
SQL: SELECT COUNT(*) AS tp_count FROM `evaluate` WHERE `good_id` = 14 LIMIT 1   [ RunTime:0.000000s ]
SQL: SELECT `user_pic`,`user_name` FROM `user` WHERE `id` = 9 LIMIT 1   [ RunTime:0.000000s ]
NOTIC: [8] Undefined variable: hwere7 C:\aaa\WWW\gzsc\Application\Home\Controller\GoodsController.class.php 第 143 行.
SQL: SELECT `good_attr_color`,`good_attr_size` FROM `good_attr` LIMIT 1   [ RunTime:0.000000s ]
SQL: SELECT `file_pic` FROM `file` WHERE ( good_id=14 )  [ RunTime:0.000000s ]
SQL: SELECT * FROM `good_attr` WHERE `good_attr_color` = 'red'  [ RunTime:0.000000s ]
SQL: SELECT * FROM `good_attr` WHERE `good_attr_color` = 'red'  [ RunTime:0.000000s ]
SQL: SELECT * FROM `good_attr` WHERE `good_attr_color` = 'blue'  [ RunTime:0.000000s ]
SQL: SELECT * FROM `good_attr` WHERE `good_attr_color` = 'red'  [ RunTime:0.000000s ]

[ 2017-08-24T14:46:45+08:00 ] 192.168.31.216 /gzsc/index.php/Home/Goods/detail?id=14
INFO: [ app_init ] --START--
INFO: Run Behavior\BuildLiteBehavior [ RunTime:0.000000s ]
INFO: [ app_init ] --END-- [ RunTime:0.000000s ]
INFO: [ app_begin ] --START--
INFO: Run Behavior\ReadHtmlCacheBehavior [ RunTime:0.000000s ]
INFO: [ app_begin ] --END-- [ RunTime:0.000000s ]
NOTIC: [8192] mysql_connect(): The mysql extension is deprecated and will be removed in the future: use mysqli or PDO instead C:\aaa\WWW\gzsc\ThinkPHP\Library\Think\Db\Driver\Mysql.class.php 第 52 行.
SQL: SHOW COLUMNS FROM `good` [ RunTime:0.000000s ]
SQL: SHOW COLUMNS FROM `order` [ RunTime:0.015600s ]
SQL: SHOW COLUMNS FROM `user` [ RunTime:0.015600s ]
SQL: SHOW COLUMNS FROM `rele` [ RunTime:0.000000s ]
SQL: SHOW COLUMNS FROM `file` [ RunTime:0.015600s ]
SQL: SHOW COLUMNS FROM `good_attr` [ RunTime:0.000000s ]
SQL: SHOW COLUMNS FROM `evaluate` [ RunTime:0.000000s ]
SQL: SELECT `id`,`user_id`,`good_name` FROM `good` WHERE `id` = 14 LIMIT 1   [ RunTime:0.000000s ]
SQL: SELECT `good_attr_id`,`file_id` FROM `rele` WHERE `good_id` = 14  [ RunTime:0.000000s ]
SQL: SELECT * FROM `good_attr` WHERE `good_id` = 14  [ RunTime:0.000000s ]
SQL: SELECT `user_store_name`,`user_store_pic`,`user_store_phone`,`user_store_evaluate`,`user_store_address` FROM `user` WHERE `id` = 6 LIMIT 1   [ RunTime:0.000000s ]
SQL: SELECT * FROM `evaluate` WHERE `good_id` = 14 ORDER BY add_time desc LIMIT 1   [ RunTime:0.000000s ]
SQL: SELECT COUNT(*) AS tp_count FROM `evaluate` WHERE `good_id` = 14 LIMIT 1   [ RunTime:0.000000s ]
SQL: SELECT `user_pic`,`user_name` FROM `user` WHERE `id` = 9 LIMIT 1   [ RunTime:0.000000s ]
NOTIC: [8] Undefined variable: hwere7 C:\aaa\WWW\gzsc\Application\Home\Controller\GoodsController.class.php 第 143 行.
SQL: SELECT `good_attr_color`,`good_attr_size` FROM `good_attr` LIMIT 1   [ RunTime:0.000000s ]
SQL: SELECT `file_pic` FROM `file` WHERE ( good_id=14 )  [ RunTime:0.000000s ]
SQL: SELECT * FROM `good_attr` WHERE `good_attr_color` = 'red'  [ RunTime:0.015600s ]
SQL: SELECT * FROM `good_attr` WHERE `good_attr_color` = 'red'  [ RunTime:0.000000s ]
SQL: SELECT * FROM `good_attr` WHERE `good_attr_color` = 'blue'  [ RunTime:0.000000s ]
SQL: SELECT * FROM `good_attr` WHERE `good_attr_color` = 'red'  [ RunTime:0.000000s ]

[ 2017-08-24T14:50:16+08:00 ] 192.168.31.216 /gzsc/index.php/Home/Goods/detail?id=14
INFO: [ app_init ] --START--
INFO: Run Behavior\BuildLiteBehavior [ RunTime:0.000000s ]
INFO: [ app_init ] --END-- [ RunTime:0.000000s ]
INFO: [ app_begin ] --START--
INFO: Run Behavior\ReadHtmlCacheBehavior [ RunTime:0.000000s ]
INFO: [ app_begin ] --END-- [ RunTime:0.000000s ]
NOTIC: [8192] mysql_connect(): The mysql extension is deprecated and will be removed in the future: use mysqli or PDO instead C:\aaa\WWW\gzsc\ThinkPHP\Library\Think\Db\Driver\Mysql.class.php 第 52 行.
SQL: SHOW COLUMNS FROM `good` [ RunTime:0.000000s ]
SQL: SHOW COLUMNS FROM `order` [ RunTime:0.015600s ]
SQL: SHOW COLUMNS FROM `user` [ RunTime:0.015600s ]
SQL: SHOW COLUMNS FROM `rele` [ RunTime:0.000000s ]
SQL: SHOW COLUMNS FROM `file` [ RunTime:0.000000s ]
SQL: SHOW COLUMNS FROM `good_attr` [ RunTime:0.000000s ]
SQL: SHOW COLUMNS FROM `evaluate` [ RunTime:0.015600s ]
SQL: SELECT `id`,`user_id`,`good_name` FROM `good` WHERE `id` = 14 LIMIT 1   [ RunTime:0.000000s ]
SQL: SELECT `good_attr_id`,`file_id` FROM `rele` WHERE `good_id` = 14  [ RunTime:0.000000s ]
SQL: SELECT * FROM `good_attr` WHERE `good_id` = 14  [ RunTime:0.000000s ]
SQL: SELECT `user_store_name`,`user_store_pic`,`user_store_phone`,`user_store_evaluate`,`user_store_address` FROM `user` WHERE `id` = 6 LIMIT 1   [ RunTime:0.000000s ]
SQL: SELECT * FROM `evaluate` WHERE `good_id` = 14 ORDER BY add_time desc LIMIT 1   [ RunTime:0.000000s ]
SQL: SELECT COUNT(*) AS tp_count FROM `evaluate` WHERE `good_id` = 14 LIMIT 1   [ RunTime:0.000000s ]
SQL: SELECT `user_pic`,`user_name` FROM `user` WHERE `id` = 9 LIMIT 1   [ RunTime:0.000000s ]
NOTIC: [8] Undefined variable: hwere7 C:\aaa\WWW\gzsc\Application\Home\Controller\GoodsController.class.php 第 143 行.
SQL: SELECT `good_attr_color`,`good_attr_size` FROM `good_attr` LIMIT 1   [ RunTime:0.000000s ]
SQL: SELECT `file_pic` FROM `file` WHERE ( good_id=14 )  [ RunTime:0.000000s ]
SQL: SELECT * FROM `good_attr` WHERE `good_attr_color` = 'red'  [ RunTime:0.000000s ]
SQL: SELECT * FROM `good_attr` WHERE `good_attr_color` = 'red'  [ RunTime:0.000000s ]
SQL: SELECT * FROM `good_attr` WHERE `good_attr_color` = 'blue'  [ RunTime:0.000000s ]
SQL: SELECT * FROM `good_attr` WHERE `good_attr_color` = 'red'  [ RunTime:0.000000s ]

