[ 2017-08-02T00:40:18+08:00 ] 192.168.31.125 /gzsc/index.php/Home/Serve/addhandcar?json={%22user_id%22:%20%226%22,%22cate_id%22:%20%228%22,%22brank%22:%20%22%E5%A5%A5%E8%BF%AA%22,%22color%22:%22white%22,%22first_time%22:%222012-12-12%22,%22price%22:%20%2212%22,%22des%22:%20%22%E4%BD%A0%E5%A5%BD%22,%22name%22:%20%22%E4%BA%9A%E9%BE%99%22,%22tel%22:%20%22156388514569%22,%22area%22:%20%22%E6%B2%B3%E5%8D%97%22,%22url1%22:%20[{%22url%22:%20%222017-07-31/0e711dee3387b091717b05f62989f6e7.jpg%22},{%22url%22:%20%222017-07-31/1c3a39be4b38c2ab4ddae8283b684fb7.jpg%22},{%22url%22:%20%222017-07-31/1ee6b92981598517e6061358cb158a33.jpg%22},{%22url%22:%20%222017-07-31/2af19d20e041871fc573762d9657f5d7.jpg%22}],%22url2%22:%20[{%22url%22:%20%222017-07-31/4ed0bfd806ba867d22f05c218d6e08d9.jpg%22},{%22url%22:%20%222017-07-31/7f024f638735f1b7b601fd9c148efdbd.jpg%22}]}
INFO: [ app_init ] --START--
INFO: Run Behavior\BuildLiteBehavior [ RunTime:0.000000s ]
INFO: [ app_init ] --END-- [ RunTime:0.001000s ]
INFO: [ app_begin ] --START--
INFO: Run Behavior\ReadHtmlCacheBehavior [ RunTime:0.001000s ]
INFO: [ app_begin ] --END-- [ RunTime:0.001000s ]
NOTIC: [8192] mysql_connect(): The mysql extension is deprecated and will be removed in the future: use mysqli or PDO instead C:\aaa\WWW\gzsc\ThinkPHP\Library\Think\Db\Driver\Mysql.class.php Á¨¨ 52 Ë°å.
SQL: SHOW COLUMNS FROM `second_hand_car` [ RunTime:0.009000s ]
SQL: SHOW COLUMNS FROM `second_hand_carfile` [ RunTime:0.007000s ]
SQL: INSERT INTO `second_hand_car` (`user_id`,`cate_id`,`brank`,`color`,`first_time`,`price`,`des`,`name`,`tel`,`area`,`add_time`,`driving_lience_pic`,`lience_num_pic`,`register_pic`,`bill_pic`) VALUES (6,8,'Â••Ëø™','white','2012-12-12',12,'‰Ω†Â•Ω','‰∫öÈæô','156388514569','Ê≤≥Âçó','2017-08-02 00:40:18','2017-07-31/0e711dee3387b091717b05f62989f6e7.jpg','2017-07-31/1c3a39be4b38c2ab4ddae8283b684fb7.jpg','2017-07-31/1ee6b92981598517e6061358cb158a33.jpg','2017-07-31/2af19d20e041871fc573762d9657f5d7.jpg') [ RunTime:0.000000s ]
SQL: INSERT INTO `second_hand_carfile` (`second_hand_card_id`,`file`,`add_time`) VALUES (28,'2017-07-31/4ed0bfd806ba867d22f05c218d6e08d9.jpg','2017-08-02 00:40:18') [ RunTime:0.001000s ]
SQL: INSERT INTO `second_hand_carfile` (`second_hand_card_id`,`file`,`add_time`) VALUES (28,'2017-07-31/7f024f638735f1b7b601fd9c148efdbd.jpg','2017-08-02 00:40:18') [ RunTime:0.000000s ]

[ 2017-08-02T00:47:49+08:00 ] 192.168.31.125 /gzsc/index.php/Home/Serve/addhandcar?json={%22user_id%22:%20%226%22,%22cate_id%22:%20%228%22,%22brank%22:%20%22%E5%A5%A5%E8%BF%AA%22,%22color%22:%22white%22,%22first_time%22:%222012-12-12%22,%22price%22:%20%2212%22,%22des%22:%20%22%E4%BD%A0%E5%A5%BD%22,%22name%22:%20%22%E4%BA%9A%E9%BE%99%22,%22tel%22:%20%22156388514569%22,%22area%22:%20%22%E6%B2%B3%E5%8D%97%22,%22url1%22:%20[{%22url%22:%20%222017-07-31/0e711dee3387b091717b05f62989f6e7.jpg%22},{%22url%22:%20%222017-07-31/1c3a39be4b38c2ab4ddae8283b684fb7.jpg%22},{%22url%22:%20%222017-07-31/1ee6b92981598517e6061358cb158a33.jpg%22},{%22url%22:%20%222017-07-31/2af19d20e041871fc573762d9657f5d7.jpg%22}],%22url2%22:%20[{%22url%22:%20%222017-07-31/4ed0bfd806ba867d22f05c218d6e08d9.jpg%22},{%22url%22:%20%222017-07-31/7f024f638735f1b7b601fd9c148efdbd.jpg%22}]}
INFO: [ app_init ] --START--
INFO: Run Behavior\BuildLiteBehavior [ RunTime:0.000000s ]
INFO: [ app_init ] --END-- [ RunTime:0.000000s ]
INFO: [ app_begin ] --START--
INFO: Run Behavior\ReadHtmlCacheBehavior [ RunTime:0.001000s ]
INFO: [ app_begin ] --END-- [ RunTime:0.001000s ]
NOTIC: [8192] mysql_connect(): The mysql extension is deprecated and will be removed in the future: use mysqli or PDO instead C:\aaa\WWW\gzsc\ThinkPHP\Library\Think\Db\Driver\Mysql.class.php Á¨¨ 52 Ë°å.
SQL: SHOW COLUMNS FROM `second_hand_car` [ RunTime:0.004000s ]
SQL: SHOW COLUMNS FROM `second_hand_carfile` [ RunTime:0.005000s ]
SQL: INSERT INTO `second_hand_car` (`user_id`,`cate_id`,`brank`,`color`,`first_time`,`price`,`des`,`name`,`tel`,`area`,`add_time`,`driving_lience_pic`,`lience_num_pic`,`register_pic`,`bill_pic`) VALUES (6,8,'Â••Ëø™','white','2012-12-12',12,'‰Ω†Â•Ω','‰∫öÈæô','156388514569','Ê≤≥Âçó','2017-08-02 00:47:49','2017-07-31/0e711dee3387b091717b05f62989f6e7.jpg','2017-07-31/1c3a39be4b38c2ab4ddae8283b684fb7.jpg','2017-07-31/1ee6b92981598517e6061358cb158a33.jpg','2017-07-31/2af19d20e041871fc573762d9657f5d7.jpg') [ RunTime:0.001000s ]
SQL: INSERT INTO `second_hand_carfile` (`second_hand_card_id`,`file`,`add_time`) VALUES (29,'2017-07-31/4ed0bfd806ba867d22f05c218d6e08d9.jpg','2017-08-02 00:47:49') [ RunTime:0.000000s ]
SQL: INSERT INTO `second_hand_carfile` (`second_hand_card_id`,`file`,`add_time`) VALUES (29,'2017-07-31/7f024f638735f1b7b601fd9c148efdbd.jpg','2017-08-02 00:47:49') [ RunTime:0.001000s ]

[ 2017-08-02T00:47:53+08:00 ] 192.168.31.125 /gzsc/index.php/Home/Serve/addhandcar?json={%22user_id%22:%20%226%22,%22cate_id%22:%20%228%22,%22brank%22:%20%22%E5%A5%A5%E8%BF%AA%22,%22color%22:%22white%22,%22first_time%22:%222012-12-12%22,%22price%22:%20%2212%22,%22des%22:%20%22%E4%BD%A0%E5%A5%BD%22,%22name%22:%20%22%E4%BA%9A%E9%BE%99%22,%22tel%22:%20%22156388514569%22,%22area%22:%20%22%E6%B2%B3%E5%8D%97%22,%22url1%22:%20[{%22url%22:%20%222017-07-31/0e711dee3387b091717b05f62989f6e7.jpg%22},{%22url%22:%20%222017-07-31/1c3a39be4b38c2ab4ddae8283b684fb7.jpg%22},{%22url%22:%20%222017-07-31/1ee6b92981598517e6061358cb158a33.jpg%22},{%22url%22:%20%222017-07-31/2af19d20e041871fc573762d9657f5d7.jpg%22}],%22url2%22:%20[{%22url%22:%20%222017-07-31/4ed0bfd806ba867d22f05c218d6e08d9.jpg%22},{%22url%22:%20%222017-07-31/7f024f638735f1b7b601fd9c148efdbd.jpg%22}]}
INFO: [ app_init ] --START--
INFO: Run Behavior\BuildLiteBehavior [ RunTime:0.000000s ]
INFO: [ app_init ] --END-- [ RunTime:0.001000s ]
INFO: [ app_begin ] --START--
INFO: Run Behavior\ReadHtmlCacheBehavior [ RunTime:0.000000s ]
INFO: [ app_begin ] --END-- [ RunTime:0.000000s ]
NOTIC: [8192] mysql_connect(): The mysql extension is deprecated and will be removed in the future: use mysqli or PDO instead C:\aaa\WWW\gzsc\ThinkPHP\Library\Think\Db\Driver\Mysql.class.php Á¨¨ 52 Ë°å.
SQL: SHOW COLUMNS FROM `second_hand_car` [ RunTime:0.003000s ]
SQL: SHOW COLUMNS FROM `second_hand_carfile` [ RunTime:0.005000s ]
SQL: INSERT INTO `second_hand_car` (`user_id`,`cate_id`,`brank`,`color`,`first_time`,`price`,`des`,`name`,`tel`,`area`,`add_time`,`driving_lience_pic`,`lience_num_pic`,`register_pic`,`bill_pic`) VALUES (6,8,'Â••Ëø™','white','2012-12-12',12,'‰Ω†Â•Ω','‰∫öÈæô','156388514569','Ê≤≥Âçó','2017-08-02 00:47:53','2017-07-31/0e711dee3387b091717b05f62989f6e7.jpg','2017-07-31/1c3a39be4b38c2ab4ddae8283b684fb7.jpg','2017-07-31/1ee6b92981598517e6061358cb158a33.jpg','2017-07-31/2af19d20e041871fc573762d9657f5d7.jpg') [ RunTime:0.001000s ]
SQL: INSERT INTO `second_hand_carfile` (`second_hand_card_id`,`file`,`add_time`) VALUES (30,'2017-07-31/4ed0bfd806ba867d22f05c218d6e08d9.jpg','2017-08-02 00:47:53') [ RunTime:0.000000s ]
SQL: INSERT INTO `second_hand_carfile` (`second_hand_card_id`,`file`,`add_time`) VALUES (30,'2017-07-31/7f024f638735f1b7b601fd9c148efdbd.jpg','2017-08-02 00:47:53') [ RunTime:0.000000s ]

[ 2017-08-02T08:07:24+08:00 ] 127.0.0.1 /gzsc/
INFO: [ app_init ] --START--
INFO: Run Behavior\BuildLiteBehavior [ RunTime:0.000000s ]
INFO: [ app_init ] --END-- [ RunTime:0.004000s ]
INFO: [ app_begin ] --START--
INFO: Run Behavior\ReadHtmlCacheBehavior [ RunTime:0.003000s ]
INFO: [ app_begin ] --END-- [ RunTime:0.003000s ]
INFO: [ view_parse ] --START--
INFO: [ template_filter ] --START--
INFO: Run Behavior\ContentReplaceBehavior [ RunTime:0.000000s ]
INFO: [ template_filter ] --END-- [ RunTime:0.000000s ]
INFO: Run Behavior\ParseTemplateBehavior [ RunTime:0.010000s ]
INFO: [ view_parse ] --END-- [ RunTime:0.010000s ]
INFO: [ view_filter ] --START--
INFO: Run Behavior\WriteHtmlCacheBehavior [ RunTime:0.001000s ]
INFO: [ view_filter ] --END-- [ RunTime:0.001000s ]
INFO: [ app_end ] --START--
INFO: Run Behavior\ShowPageTraceBehavior [ RunTime:0.001000s ]
INFO: [ app_end ] --END-- [ RunTime:0.001000s ]

[ 2017-08-02T08:08:14+08:00 ] 127.0.0.1 /gzsc/
INFO: [ app_init ] --START--
INFO: Run Behavior\BuildLiteBehavior [ RunTime:0.000000s ]
INFO: [ app_init ] --END-- [ RunTime:0.000000s ]
INFO: [ app_begin ] --START--
INFO: Run Behavior\ReadHtmlCacheBehavior [ RunTime:0.000000s ]
INFO: [ app_begin ] --END-- [ RunTime:0.000000s ]
INFO: [ view_parse ] --START--
INFO: [ template_filter ] --START--
INFO: Run Behavior\ContentReplaceBehavior [ RunTime:0.000000s ]
INFO: [ template_filter ] --END-- [ RunTime:0.000000s ]
INFO: Run Behavior\ParseTemplateBehavior [ RunTime:0.005000s ]
INFO: [ view_parse ] --END-- [ RunTime:0.005000s ]
INFO: [ view_filter ] --START--
INFO: Run Behavior\WriteHtmlCacheBehavior [ RunTime:0.000000s ]
INFO: [ view_filter ] --END-- [ RunTime:0.000000s ]
INFO: [ app_end ] --START--
INFO: Run Behavior\ShowPageTraceBehavior [ RunTime:0.001000s ]
INFO: [ app_end ] --END-- [ RunTime:0.001000s ]

[ 2017-08-02T08:08:24+08:00 ] 127.0.0.1 /gzsc/index.php/
INFO: [ app_init ] --START--
INFO: Run Behavior\BuildLiteBehavior [ RunTime:0.000000s ]
INFO: [ app_init ] --END-- [ RunTime:0.001000s ]
INFO: [ app_begin ] --START--
INFO: Run Behavior\ReadHtmlCacheBehavior [ RunTime:0.001000s ]
INFO: [ app_begin ] --END-- [ RunTime:0.001000s ]
INFO: [ view_parse ] --START--
INFO: [ template_filter ] --START--
INFO: Run Behavior\ContentReplaceBehavior [ RunTime:0.000000s ]
INFO: [ template_filter ] --END-- [ RunTime:0.000000s ]
INFO: Run Behavior\ParseTemplateBehavior [ RunTime:0.007000s ]
INFO: [ view_parse ] --END-- [ RunTime:0.007000s ]
INFO: [ view_filter ] --START--
INFO: Run Behavior\WriteHtmlCacheBehavior [ RunTime:0.000000s ]
INFO: [ view_filter ] --END-- [ RunTime:0.001000s ]
INFO: [ app_end ] --START--
INFO: Run Behavior\ShowPageTraceBehavior [ RunTime:0.000000s ]
INFO: [ app_end ] --END-- [ RunTime:0.000000s ]

[ 2017-08-02T08:47:20+08:00 ] 127.0.0.1 /gzsc/index.php/Home/Serve/houseforrent?json={%22user_id%22:%20%226%22,%22cate_id%22:%20%222%22,%22area%22:%20%22%E6%B2%B3%E5%8D%97%22,%22house_type%22:%22%E4%B8%A4%E5%AE%A4%E4%B8%80%E5%8E%85%22,%22cash%22:%221000%22,%22pay_method%22:%20%220%22,%22des%22:%20%22%E4%BD%A0%E5%A5%BD%22,%22name%22:%20%22%E4%BA%9A%E9%BE%99%22,%22tel%22:%20%22156388514569%22,%22state%22:%20%221%22,%22url%22:%20[{%22url%22:%20%222017-07-31/3f54a3aed1d7c2ed9a3b41da3c3d5735.jpg%22},{%22url%22:%20%222017-07-31/4ed0bfd806ba867d22f05c218d6e08d9.jpg%22},]}
INFO: [ app_init ] --START--
INFO: Run Behavior\BuildLiteBehavior [ RunTime:0.000000s ]
INFO: [ app_init ] --END-- [ RunTime:0.001000s ]
INFO: [ app_begin ] --START--
INFO: Run Behavior\ReadHtmlCacheBehavior [ RunTime:0.001000s ]
INFO: [ app_begin ] --END-- [ RunTime:0.001000s ]
NOTIC: [8192] mysql_connect(): The mysql extension is deprecated and will be removed in the future: use mysqli or PDO instead C:\aaa\WWW\gzsc\ThinkPHP\Library\Think\Db\Driver\Mysql.class.php Á¨¨ 52 Ë°å.
SQL: SHOW COLUMNS FROM `house_for_rent` [ RunTime:0.016000s ]
SQL: SHOW COLUMNS FROM `house_for_rentfile` [ RunTime:0.006000s ]
SQL: INSERT INTO `house_for_rent` (`user_id`,`cate_id`,`area`,`house_type`,`cash`,`pay_method`,`des`,`name`,`tel`,`state`,`add_time`) VALUES (null,null,null,null,null,null,null,null,null,null,'2017-08-02 08:47:20') [ RunTime:0.000000s ]
NOTIC: [2] Invalid argument supplied for foreach() C:\aaa\WWW\gzsc\Application\Home\Controller\ServeController.class.php Á¨¨ 89 Ë°å.
NOTIC: [8] Undefined variable: info2 C:\aaa\WWW\gzsc\Application\Home\Controller\ServeController.class.php Á¨¨ 96 Ë°å.

[ 2017-08-02T08:49:10+08:00 ] 127.0.0.1 /gzsc/index.php/Home/Serve/houseforrent?json={%22user_id%22:%20%226%22,%22cate_id%22:%20%222%22,%22area%22:%20%22%E6%B2%B3%E5%8D%97%22,%22house_type%22:%22%E4%B8%A4%E5%AE%A4%E4%B8%80%E5%8E%85%22,%22cash%22:%221000%22,%22pay_method%22:%20%220%22,%22des%22:%20%22%E4%BD%A0%E5%A5%BD%22,%22name%22:%20%22%E4%BA%9A%E9%BE%99%22,%22tel%22:%20%22156388514569%22,%22state%22:%20%221%22,%22url%22:%20[{%22url%22:%20%222017-07-31/3f54a3aed1d7c2ed9a3b41da3c3d5735.jpg%22},{%22url%22:%20%222017-07-31/4ed0bfd806ba867d22f05c218d6e08d9.jpg%22},]}
INFO: [ app_init ] --START--
INFO: Run Behavior\BuildLiteBehavior [ RunTime:0.000000s ]
INFO: [ app_init ] --END-- [ RunTime:0.002000s ]
INFO: [ app_begin ] --START--
INFO: Run Behavior\ReadHtmlCacheBehavior [ RunTime:0.001000s ]
INFO: [ app_begin ] --END-- [ RunTime:0.001000s ]
NOTIC: [8192] mysql_connect(): The mysql extension is deprecated and will be removed in the future: use mysqli or PDO instead C:\aaa\WWW\gzsc\ThinkPHP\Library\Think\Db\Driver\Mysql.class.php Á¨¨ 52 Ë°å.
SQL: SHOW COLUMNS FROM `house_for_rent` [ RunTime:0.016000s ]
SQL: SHOW COLUMNS FROM `house_for_rentfile` [ RunTime:0.007000s ]

[ 2017-08-02T08:50:12+08:00 ] 127.0.0.1 /gzsc/index.php/Home/Serve/houseforrent?json={%22user_id%22:%20%226%22,%22cate_id%22:%20%222%22,%22area%22:%20%22%E6%B2%B3%E5%8D%97%22,%22house_type%22:%22%E4%B8%A4%E5%AE%A4%E4%B8%80%E5%8E%85%22,%22cash%22:%221000%22,%22pay_method%22:%20%220%22,%22des%22:%20%22%E4%BD%A0%E5%A5%BD%22,%22name%22:%20%22%E4%BA%9A%E9%BE%99%22,%22tel%22:%20%22156388514569%22,%22state%22:%20%221%22,%22url%22:%20[{%22url%22:%20%222017-07-31/3f54a3aed1d7c2ed9a3b41da3c3d5735.jpg%22},{%22url%22:%20%222017-07-31/4ed0bfd806ba867d22f05c218d6e08d9.jpg%22}]}
INFO: [ app_init ] --START--
INFO: Run Behavior\BuildLiteBehavior [ RunTime:0.000000s ]
INFO: [ app_init ] --END-- [ RunTime:0.001000s ]
INFO: [ app_begin ] --START--
INFO: Run Behavior\ReadHtmlCacheBehavior [ RunTime:0.001000s ]
INFO: [ app_begin ] --END-- [ RunTime:0.001000s ]
NOTIC: [8192] mysql_connect(): The mysql extension is deprecated and will be removed in the future: use mysqli or PDO instead C:\aaa\WWW\gzsc\ThinkPHP\Library\Think\Db\Driver\Mysql.class.php Á¨¨ 52 Ë°å.
SQL: SHOW COLUMNS FROM `house_for_rent` [ RunTime:0.012000s ]
SQL: SHOW COLUMNS FROM `house_for_rentfile` [ RunTime:0.012000s ]

[ 2017-08-02T08:50:29+08:00 ] 127.0.0.1 /gzsc/index.php/Home/Serve/houseforrent?json={%22user_id%22:%20%226%22,%22cate_id%22:%20%222%22,%22area%22:%20%22%E6%B2%B3%E5%8D%97%22,%22house_type%22:%22%E4%B8%A4%E5%AE%A4%E4%B8%80%E5%8E%85%22,%22cash%22:%221000%22,%22pay_method%22:%20%220%22,%22des%22:%20%22%E4%BD%A0%E5%A5%BD%22,%22name%22:%20%22%E4%BA%9A%E9%BE%99%22,%22tel%22:%20%22156388514569%22,%22state%22:%20%221%22,%22url%22:%20[{%22url%22:%20%222017-07-31/3f54a3aed1d7c2ed9a3b41da3c3d5735.jpg%22},{%22url%22:%20%222017-07-31/4ed0bfd806ba867d22f05c218d6e08d9.jpg%22}]}
INFO: [ app_init ] --START--
INFO: Run Behavior\BuildLiteBehavior [ RunTime:0.000000s ]
INFO: [ app_init ] --END-- [ RunTime:0.000000s ]
INFO: [ app_begin ] --START--
INFO: Run Behavior\ReadHtmlCacheBehavior [ RunTime:0.001000s ]
INFO: [ app_begin ] --END-- [ RunTime:0.001000s ]
NOTIC: [8192] mysql_connect(): The mysql extension is deprecated and will be removed in the future: use mysqli or PDO instead C:\aaa\WWW\gzsc\ThinkPHP\Library\Think\Db\Driver\Mysql.class.php Á¨¨ 52 Ë°å.
SQL: SHOW COLUMNS FROM `house_for_rent` [ RunTime:0.007000s ]
SQL: SHOW COLUMNS FROM `house_for_rentfile` [ RunTime:0.006000s ]
SQL: INSERT INTO `house_for_rent` (`user_id`,`cate_id`,`area`,`house_type`,`cash`,`pay_method`,`des`,`name`,`tel`,`state`,`add_time`) VALUES (6,2,'Ê≤≥Âçó','‰∏§ÂÆ§‰∏ÄÂé\Ö',1000,'0','‰Ω†Â•Ω','‰∫öÈæô','156388514569',1,'2017-08-02 08:50:29') [ RunTime:0.000000s ]
SQL: INSERT INTO `house_for_rentfile` (`house_for_rend_id`,`file`,`add_time`) VALUES (8,'2017-07-31/3f54a3aed1d7c2ed9a3b41da3c3d5735.jpg','2017-08-02 08:50:29') [ RunTime:0.000000s ]
SQL: INSERT INTO `house_for_rentfile` (`house_for_rend_id`,`file`,`add_time`) VALUES (8,'2017-07-31/4ed0bfd806ba867d22f05c218d6e08d9.jpg','2017-08-02 08:50:29') [ RunTime:0.001000s ]

[ 2017-08-02T09:42:37+08:00 ] 192.168.31.216 /gzsc/
INFO: [ app_init ] --START--
INFO: Run Behavior\BuildLiteBehavior [ RunTime:0.000000s ]
INFO: [ app_init ] --END-- [ RunTime:0.001000s ]
INFO: [ app_begin ] --START--
INFO: Run Behavior\ReadHtmlCacheBehavior [ RunTime:0.002000s ]
INFO: [ app_begin ] --END-- [ RunTime:0.002000s ]
INFO: [ view_parse ] --START--
INFO: [ template_filter ] --START--
INFO: Run Behavior\ContentReplaceBehavior [ RunTime:0.000000s ]
INFO: [ template_filter ] --END-- [ RunTime:0.000000s ]
INFO: Run Behavior\ParseTemplateBehavior [ RunTime:0.006000s ]
INFO: [ view_parse ] --END-- [ RunTime:0.006000s ]
INFO: [ view_filter ] --START--
INFO: Run Behavior\WriteHtmlCacheBehavior [ RunTime:0.001000s ]
INFO: [ view_filter ] --END-- [ RunTime:0.001000s ]
INFO: [ app_end ] --START--
INFO: Run Behavior\ShowPageTraceBehavior [ RunTime:0.000000s ]
INFO: [ app_end ] --END-- [ RunTime:0.000000s ]

[ 2017-08-02T09:42:40+08:00 ] 192.168.31.216 /gzsc/
INFO: [ app_init ] --START--
INFO: Run Behavior\BuildLiteBehavior [ RunTime:0.000000s ]
INFO: [ app_init ] --END-- [ RunTime:0.000000s ]
INFO: [ app_begin ] --START--
INFO: Run Behavior\ReadHtmlCacheBehavior [ RunTime:0.000000s ]
INFO: [ app_begin ] --END-- [ RunTime:0.000000s ]
INFO: [ view_parse ] --START--
INFO: [ template_filter ] --START--
INFO: Run Behavior\ContentReplaceBehavior [ RunTime:0.000000s ]
INFO: [ template_filter ] --END-- [ RunTime:0.000000s ]
INFO: Run Behavior\ParseTemplateBehavior [ RunTime:0.004000s ]
INFO: [ view_parse ] --END-- [ RunTime:0.004000s ]
INFO: [ view_filter ] --START--
INFO: Run Behavior\WriteHtmlCacheBehavior [ RunTime:0.001000s ]
INFO: [ view_filter ] --END-- [ RunTime:0.001000s ]
INFO: [ app_end ] --START--
INFO: Run Behavior\ShowPageTraceBehavior [ RunTime:0.000000s ]
INFO: [ app_end ] --END-- [ RunTime:0.000000s ]

[ 2017-08-02T09:47:58+08:00 ] 192.168.31.216 /gzsc/
INFO: [ app_init ] --START--
INFO: Run Behavior\BuildLiteBehavior [ RunTime:0.000000s ]
INFO: [ app_init ] --END-- [ RunTime:0.001000s ]
INFO: [ app_begin ] --START--
INFO: Run Behavior\ReadHtmlCacheBehavior [ RunTime:0.001000s ]
INFO: [ app_begin ] --END-- [ RunTime:0.001000s ]
INFO: [ view_parse ] --START--
INFO: [ template_filter ] --START--
INFO: Run Behavior\ContentReplaceBehavior [ RunTime:0.000000s ]
INFO: [ template_filter ] --END-- [ RunTime:0.000000s ]
INFO: Run Behavior\ParseTemplateBehavior [ RunTime:0.006000s ]
INFO: [ view_parse ] --END-- [ RunTime:0.006000s ]
INFO: [ view_filter ] --START--
INFO: Run Behavior\WriteHtmlCacheBehavior [ RunTime:0.001000s ]
INFO: [ view_filter ] --END-- [ RunTime:0.001000s ]
INFO: [ app_end ] --START--
INFO: Run Behavior\ShowPageTraceBehavior [ RunTime:0.000000s ]
INFO: [ app_end ] --END-- [ RunTime:0.000000s ]

[ 2017-08-02T09:57:33+08:00 ] 127.0.0.1 /gzsc/
INFO: [ app_init ] --START--
INFO: Run Behavior\BuildLiteBehavior [ RunTime:0.000000s ]
INFO: [ app_init ] --END-- [ RunTime:0.001000s ]
INFO: [ app_begin ] --START--
INFO: Run Behavior\ReadHtmlCacheBehavior [ RunTime:0.000000s ]
INFO: [ app_begin ] --END-- [ RunTime:0.000000s ]
INFO: [ view_parse ] --START--
INFO: [ template_filter ] --START--
INFO: Run Behavior\ContentReplaceBehavior [ RunTime:0.000000s ]
INFO: [ template_filter ] --END-- [ RunTime:0.000000s ]
INFO: Run Behavior\ParseTemplateBehavior [ RunTime:0.007000s ]
INFO: [ view_parse ] --END-- [ RunTime:0.007000s ]
INFO: [ view_filter ] --START--
INFO: Run Behavior\WriteHtmlCacheBehavior [ RunTime:0.000000s ]
INFO: [ view_filter ] --END-- [ RunTime:0.000000s ]
INFO: [ app_end ] --START--
INFO: Run Behavior\ShowPageTraceBehavior [ RunTime:0.001000s ]
INFO: [ app_end ] --END-- [ RunTime:0.001000s ]

[ 2017-08-02T11:55:37+08:00 ] 127.0.0.1 /gzsc/index.php/Home/Serve/truckrend?json={%22user_id%22:%20%226%22,%22cate_id%22:%20%223%22,%22brand%22:%20%22%E5%A4%A7%E4%BC%97%22,%22car_num%22:%22%E8%B1%ABS1234A%22,%22date_for_production%22:%222012%E5%B9%B412%E6%9C%8813%E6%97%A5%22,%22price%22:%20%2212%22,%22des%22:%20%22%E4%BD%A0%E5%A5%BD%22,%22name%22:%20%22%E4%BA%9A%E9%BE%99%22,%22tel%22:%20%22156388514569%22,%22url%22:%20[{%22url%22:%20%222017-07-31/3f54a3aed1d7c2ed9a3b41da3c3d5735.jpg%22},{%22url%22:%20%222017-07-31/4ed0bfd806ba867d22f05c218d6e08d9.jpg%22}]}
INFO: [ app_init ] --START--
INFO: Run Behavior\BuildLiteBehavior [ RunTime:0.000000s ]
INFO: [ app_init ] --END-- [ RunTime:0.001000s ]
INFO: [ app_begin ] --START--
INFO: Run Behavior\ReadHtmlCacheBehavior [ RunTime:0.001000s ]
INFO: [ app_begin ] --END-- [ RunTime:0.001000s ]
NOTIC: [8192] mysql_connect(): The mysql extension is deprecated and will be removed in the future: use mysqli or PDO instead C:\aaa\WWW\gzsc\ThinkPHP\Library\Think\Db\Driver\Mysql.class.php Á¨¨ 52 Ë°å.
SQL: SHOW COLUMNS FROM `truck_rend` [ RunTime:0.027000s ]
SQL: SHOW COLUMNS FROM `truck_rendfile` [ RunTime:0.008000s ]
SQL: INSERT INTO `truck_rend` (`user_id`,`cate_id`,`brand`,`car_num`,`date_for_production`,`price`,`des`,`name`,`tel`,`add_time`) VALUES (6,3,'Â§ß‰ºó','Ë±´S1234A','2012Âπ\¥12Êú\à13Êó\•',12,'‰Ω†Â•Ω','‰∫öÈæô','156388514569','2017-08-02 11:55:37') [ RunTime:0.001000s ]
SQL: INSERT INTO `truck_rendfile` (`truck_rend_id`,`file`,`add_time`) VALUES (4,'2017-07-31/3f54a3aed1d7c2ed9a3b41da3c3d5735.jpg','2017-08-02 11:55:37') [ RunTime:0.001000s ]
SQL: INSERT INTO `truck_rendfile` (`truck_rend_id`,`file`,`add_time`) VALUES (4,'2017-07-31/4ed0bfd806ba867d22f05c218d6e08d9.jpg','2017-08-02 11:55:37') [ RunTime:0.000000s ]

[ 2017-08-02T11:56:23+08:00 ] 127.0.0.1 /gzsc/index.php/Home/Serve/houseforrent?json={%22user_id%22:%20%226%22,%22cate_id%22:%20%222%22,%22area%22:%20%22%E6%B2%B3%E5%8D%97%22,%22house_type%22:%22%E4%B8%A4%E5%AE%A4%E4%B8%80%E5%8E%85%22,%22cash%22:%221000%22,%22pay_method%22:%20%220%22,%22des%22:%20%22%E4%BD%A0%E5%A5%BD%22,%22name%22:%20%22%E4%BA%9A%E9%BE%99%22,%22tel%22:%20%22156388514569%22,%22state%22:%20%221%22,%22url%22:%20[{%22url%22:%20%222017-07-31/3f54a3aed1d7c2ed9a3b41da3c3d5735.jpg%22},{%22url%22:%20%222017-07-31/4ed0bfd806ba867d22f05c218d6e08d9.jpg%22}]}
INFO: [ app_init ] --START--
INFO: Run Behavior\BuildLiteBehavior [ RunTime:0.000000s ]
INFO: [ app_init ] --END-- [ RunTime:0.000000s ]
INFO: [ app_begin ] --START--
INFO: Run Behavior\ReadHtmlCacheBehavior [ RunTime:0.001000s ]
INFO: [ app_begin ] --END-- [ RunTime:0.001000s ]
NOTIC: [8192] mysql_connect(): The mysql extension is deprecated and will be removed in the future: use mysqli or PDO instead C:\aaa\WWW\gzsc\ThinkPHP\Library\Think\Db\Driver\Mysql.class.php Á¨¨ 52 Ë°å.
SQL: SHOW COLUMNS FROM `house_for_rent` [ RunTime:0.012000s ]
SQL: SHOW COLUMNS FROM `house_for_rentfile` [ RunTime:0.014000s ]
SQL: INSERT INTO `house_for_rent` (`user_id`,`cate_id`,`area`,`house_type`,`cash`,`pay_method`,`des`,`name`,`tel`,`state`,`add_time`) VALUES (6,2,'Ê≤≥Âçó','‰∏§ÂÆ§‰∏ÄÂé\Ö',1000,'0','‰Ω†Â•Ω','‰∫öÈæô','156388514569',1,'2017-08-02 11:56:23') [ RunTime:0.001000s ]
SQL: INSERT INTO `house_for_rentfile` (`house_for_rend_id`,`file`,`add_time`) VALUES (9,'2017-07-31/3f54a3aed1d7c2ed9a3b41da3c3d5735.jpg','2017-08-02 11:56:23') [ RunTime:0.001000s ]
SQL: INSERT INTO `house_for_rentfile` (`house_for_rend_id`,`file`,`add_time`) VALUES (9,'2017-07-31/4ed0bfd806ba867d22f05c218d6e08d9.jpg','2017-08-02 11:56:23') [ RunTime:0.000000s ]

[ 2017-08-02T12:02:11+08:00 ] 127.0.0.1 /gzsc/index.php/Home/Serve/houseforrent?json={%22user_id%22:%20%226%22,%22cate_id%22:%20%222%22,%22area%22:%20%22%E6%B2%B3%E5%8D%97%22,%22house_type%22:%22%E4%B8%A4%E5%AE%A4%E4%B8%80%E5%8E%85%22,%22cash%22:%221000%22,%22pay_method%22:%20%220%22,%22des%22:%20%22%E4%BD%A0%E5%A5%BD%22,%22name%22:%20%22%E4%BA%9A%E9%BE%99%22,%22tel%22:%20%22156388514569%22,%22state%22:%20%221%22,%22url%22:%20[{%22url%22:%20%222017-07-31/3f54a3aed1d7c2ed9a3b41da3c3d5735.jpg%22},{%22url%22:%20%222017-07-31/4ed0bfd806ba867d22f05c218d6e08d9.jpg%22}]}
INFO: [ app_init ] --START--
INFO: Run Behavior\BuildLiteBehavior [ RunTime:0.000000s ]
INFO: [ app_init ] --END-- [ RunTime:0.000000s ]
INFO: [ app_begin ] --START--
INFO: Run Behavior\ReadHtmlCacheBehavior [ RunTime:0.001000s ]
INFO: [ app_begin ] --END-- [ RunTime:0.001000s ]
NOTIC: [8192] mysql_connect(): The mysql extension is deprecated and will be removed in the future: use mysqli or PDO instead C:\aaa\WWW\gzsc\ThinkPHP\Library\Think\Db\Driver\Mysql.class.php Á¨¨ 52 Ë°å.
SQL: SHOW COLUMNS FROM `house_for_rent` [ RunTime:0.008000s ]
SQL: SHOW COLUMNS FROM `house_for_rentfile` [ RunTime:0.007000s ]
SQL: INSERT INTO `house_for_rent` (`user_id`,`cate_id`,`area`,`house_type`,`cash`,`pay_method`,`des`,`name`,`tel`,`state`,`add_time`) VALUES (6,2,'Ê≤≥Âçó','‰∏§ÂÆ§‰∏ÄÂé\Ö',1000,'0','‰Ω†Â•Ω','‰∫öÈæô','156388514569',1,'2017-08-02 12:02:11') [ RunTime:0.000000s ]
SQL: INSERT INTO `house_for_rentfile` (`house_for_rend_id`,`file`,`add_time`) VALUES (10,'2017-07-31/3f54a3aed1d7c2ed9a3b41da3c3d5735.jpg','2017-08-02 12:02:11') [ RunTime:0.001000s ]
SQL: INSERT INTO `house_for_rentfile` (`house_for_rend_id`,`file`,`add_time`) VALUES (10,'2017-07-31/4ed0bfd806ba867d22f05c218d6e08d9.jpg','2017-08-02 12:02:11') [ RunTime:0.000000s ]

[ 2017-08-02T12:03:31+08:00 ] 127.0.0.1 /gzsc/index.php/Home/Serve/homedecoration?json={%22user_id%22:%20%226%22,%22cate_id%22:%20%227%22,%22serve_cate%22:%20%22%E5%A4%A7%E4%BC%97%22,%22address%22:%22%E8%B1%ABS1234A%22,%22pay_method%22:%22%E5%AE%8C%E5%B7%A5%E4%BB%98%E6%AC%BE%22,%22des%22:%20%22%E4%BD%A0%E5%A5%BD%22,%22name%22:%20%22%E4%BA%9A%E9%BE%99%22,%22tel%22:%20%22156388514569%22,%22url%22:%20[{%22url%22:%20%22http://192.168.31.125/gzsc/Public/Uploads/2017-07-31/3f54a3aed1d7c2ed9a3b41da3c3d5735.jpg%22},{%22url%22:%20%22http://192.168.31.125/gzsc/Public/Uploads/2017-07-31/4ed0bfd806ba867d22f05c218d6e08d9.jpg%22},]}
INFO: [ app_init ] --START--
INFO: Run Behavior\BuildLiteBehavior [ RunTime:0.000000s ]
INFO: [ app_init ] --END-- [ RunTime:0.000000s ]
INFO: [ app_begin ] --START--
INFO: Run Behavior\ReadHtmlCacheBehavior [ RunTime:0.001000s ]
INFO: [ app_begin ] --END-- [ RunTime:0.001000s ]
NOTIC: [8192] mysql_connect(): The mysql extension is deprecated and will be removed in the future: use mysqli or PDO instead C:\aaa\WWW\gzsc\ThinkPHP\Library\Think\Db\Driver\Mysql.class.php Á¨¨ 52 Ë°å.
SQL: SHOW COLUMNS FROM `home_decoration` [ RunTime:0.018000s ]
SQL: SHOW COLUMNS FROM `home_decorationfile` [ RunTime:0.010000s ]
SQL: INSERT INTO `home_decoration` (`user_id`,`cate_id`,`serve_cate`,`address`,`pay_method`,`des`,`name`,`tel`,`add_time`) VALUES (null,null,null,null,null,null,null,null,'2017-08-02 12:03:31') [ RunTime:0.001000s ]
NOTIC: [2] Invalid argument supplied for foreach() C:\aaa\WWW\gzsc\Application\Home\Controller\ServeController.class.php Á¨¨ 170 Ë°å.
NOTIC: [8] Undefined variable: info2 C:\aaa\WWW\gzsc\Application\Home\Controller\ServeController.class.php Á¨¨ 177 Ë°å.

[ 2017-08-02T14:07:06+08:00 ] 127.0.0.1 /gzsc/index.php/Home/Serve/truckrend?json={%22user_id%22:%20%226%22,%22cate_id%22:%20%223%22,%22brand%22:%20%22%E5%A4%A7%E4%BC%97%22,%22car_num%22:%22%E8%B1%ABS1234A%22,%22date_for_production%22:%222012%E5%B9%B412%E6%9C%8813%E6%97%A5%22,%22price%22:%20%2212%22,%22des%22:%20%22%E4%BD%A0%E5%A5%BD%22,%22name%22:%20%22%E4%BA%9A%E9%BE%99%22,%22tel%22:%20%22156388514569%22,%22url%22:%20[{%22url%22:%20%222017-07-31/3f54a3aed1d7c2ed9a3b41da3c3d5735.jpg%22},{%22url%22:%20%222017-07-31/4ed0bfd806ba867d22f05c218d6e08d9.jpg%22}]}
INFO: [ app_init ] --START--
INFO: Run Behavior\BuildLiteBehavior [ RunTime:0.000000s ]
INFO: [ app_init ] --END-- [ RunTime:0.000000s ]
INFO: [ app_begin ] --START--
INFO: Run Behavior\ReadHtmlCacheBehavior [ RunTime:0.001000s ]
INFO: [ app_begin ] --END-- [ RunTime:0.001000s ]
NOTIC: [8192] mysql_connect(): The mysql extension is deprecated and will be removed in the future: use mysqli or PDO instead C:\aaa\WWW\gzsc\ThinkPHP\Library\Think\Db\Driver\Mysql.class.php Á¨¨ 52 Ë°å.
SQL: SHOW COLUMNS FROM `truck_rend` [ RunTime:0.005000s ]
SQL: SHOW COLUMNS FROM `truck_rendfile` [ RunTime:0.006000s ]
SQL: INSERT INTO `truck_rend` (`user_id`,`cate_id`,`brand`,`car_num`,`date_for_production`,`price`,`des`,`name`,`tel`,`add_time`) VALUES (6,3,'Â§ß‰ºó','Ë±´S1234A','2012Âπ\¥12Êú\à13Êó\•',12,'‰Ω†Â•Ω','‰∫öÈæô','156388514569','2017-08-02 14:07:06') [ RunTime:0.000000s ]
SQL: INSERT INTO `truck_rendfile` (`truck_rend_id`,`file`,`add_time`) VALUES (5,'2017-07-31/3f54a3aed1d7c2ed9a3b41da3c3d5735.jpg','2017-08-02 14:07:06') [ RunTime:0.001000s ]
SQL: INSERT INTO `truck_rendfile` (`truck_rend_id`,`file`,`add_time`) VALUES (5,'2017-07-31/4ed0bfd806ba867d22f05c218d6e08d9.jpg','2017-08-02 14:07:06') [ RunTime:0.000000s ]

[ 2017-08-02T14:43:24+08:00 ] 127.0.0.1 /gzsc/index.php/Home/Serve/truckrend?json={%22user_id%22:%20%226%22,%22cate_id%22:%20%223%22,%22brand%22:%20%22%E5%A4%A7%E4%BC%97%22,%22car_num%22:%22%E8%B1%ABS1234A%22,%22date_for_production%22:%222012%E5%B9%B412%E6%9C%8813%E6%97%A5%22,%22price%22:%20%2212%22,%22des%22:%20%22%E4%BD%A0%E5%A5%BD%22,%22name%22:%20%22%E4%BA%9A%E9%BE%99%22,%22tel%22:%20%22156388514569%22,%22url%22:%20[{%22url%22:%20%222017-07-31/3f54a3aed1d7c2ed9a3b41da3c3d5735.jpg%22},{%22url%22:%20%222017-07-31/4ed0bfd806ba867d22f05c218d6e08d9.jpg%22}]}
INFO: [ app_init ] --START--
INFO: Run Behavior\BuildLiteBehavior [ RunTime:0.000000s ]
INFO: [ app_init ] --END-- [ RunTime:0.001000s ]
INFO: [ app_begin ] --START--
INFO: Run Behavior\ReadHtmlCacheBehavior [ RunTime:0.000000s ]
INFO: [ app_begin ] --END-- [ RunTime:0.000000s ]
NOTIC: [8192] mysql_connect(): The mysql extension is deprecated and will be removed in the future: use mysqli or PDO instead C:\aaa\WWW\gzsc\ThinkPHP\Library\Think\Db\Driver\Mysql.class.php Á¨¨ 52 Ë°å.
SQL: SHOW COLUMNS FROM `truck_rend` [ RunTime:0.005000s ]
SQL: SHOW COLUMNS FROM `truck_rendfile` [ RunTime:0.005000s ]
SQL: INSERT INTO `truck_rend` (`user_id`,`cate_id`,`brand`,`car_num`,`date_for_production`,`price`,`des`,`name`,`tel`,`add_time`) VALUES (6,3,'Â§ß‰ºó','Ë±´S1234A','2012Âπ\¥12Êú\à13Êó\•',12,'‰Ω†Â•Ω','‰∫öÈæô','156388514569','2017-08-02 14:43:24') [ RunTime:0.001000s ]
SQL: INSERT INTO `truck_rendfile` (`truck_rend_id`,`file`,`add_time`) VALUES (6,'2017-07-31/3f54a3aed1d7c2ed9a3b41da3c3d5735.jpg','2017-08-02 14:43:24') [ RunTime:0.000000s ]
SQL: INSERT INTO `truck_rendfile` (`truck_rend_id`,`file`,`add_time`) VALUES (6,'2017-07-31/4ed0bfd806ba867d22f05c218d6e08d9.jpg','2017-08-02 14:43:24') [ RunTime:0.001000s ]

[ 2017-08-02T15:04:30+08:00 ] 127.0.0.1 /gzsc/index.php/Home/Serve/homedecoration?json={%22user_id%22:%20%226%22,%22cate_id%22:%20%227%22,%22serve_cate%22:%20%22%E5%A4%A7%E4%BC%97%22,%22address%22:%22%E8%B1%ABS1234A%22,%22pay_method%22:%22%E5%AE%8C%E5%B7%A5%E4%BB%98%E6%AC%BE%22,%22des%22:%20%22%E4%BD%A0%E5%A5%BD%22,%22name%22:%20%22%E4%BA%9A%E9%BE%99%22,%22tel%22:%20%22156388514569%22,%22url%22:%20[{%22url%22:%20%222017-07-31/3f54a3aed1d7c2ed9a3b41da3c3d5735.jpg%22},{%22url%22:%20%222017-07-31/4ed0bfd806ba867d22f05c218d6e08d9.jpg%22}]}
INFO: [ app_init ] --START--
INFO: Run Behavior\BuildLiteBehavior [ RunTime:0.000000s ]
INFO: [ app_init ] --END-- [ RunTime:0.001000s ]
INFO: [ app_begin ] --START--
INFO: Run Behavior\ReadHtmlCacheBehavior [ RunTime:0.001000s ]
INFO: [ app_begin ] --END-- [ RunTime:0.001000s ]
NOTIC: [8192] mysql_connect(): The mysql extension is deprecated and will be removed in the future: use mysqli or PDO instead C:\aaa\WWW\gzsc\ThinkPHP\Library\Think\Db\Driver\Mysql.class.php Á¨¨ 52 Ë°å.
SQL: SHOW COLUMNS FROM `home_decoration` [ RunTime:0.013000s ]
SQL: SHOW COLUMNS FROM `home_decorationfile` [ RunTime:0.011000s ]
SQL: INSERT INTO `home_decoration` (`user_id`,`cate_id`,`serve_cate`,`address`,`pay_method`,`des`,`name`,`tel`,`add_time`) VALUES (6,7,'Â§ß‰ºó','Ë±´S1234A','ÂÆåÂ∑•‰ªòÊ¨æ','‰Ω†Â•Ω','‰∫öÈæô','156388514569','2017-08-02 15:04:30') [ RunTime:0.001000s ]
SQL: INSERT INTO `home_decorationfile` (`home_decoration_id`,`file`,`add_time`) VALUES (8,'2017-07-31/3f54a3aed1d7c2ed9a3b41da3c3d5735.jpg','2017-08-02 15:04:30') [ RunTime:0.001000s ]
SQL: INSERT INTO `home_decorationfile` (`home_decoration_id`,`file`,`add_time`) VALUES (8,'2017-07-31/4ed0bfd806ba867d22f05c218d6e08d9.jpg','2017-08-02 15:04:30') [ RunTime:0.000000s ]

[ 2017-08-02T15:21:26+08:00 ] 127.0.0.1 /gzsc/index.php/Home/Serve/homedecoration?json={%22user_id%22:%20%226%22,%22cate_id%22:%20%227%22,%22serve_cate%22:%20%22%E5%A4%A7%E4%BC%97%22,%22address%22:%22%E8%B1%ABS1234A%22,%22pay_method%22:%22%E5%AE%8C%E5%B7%A5%E4%BB%98%E6%AC%BE%22,%22des%22:%20%22%E4%BD%A0%E5%A5%BD%22,%22name%22:%20%22%E4%BA%9A%E9%BE%99%22,%22tel%22:%20%22156388514569%22,%22url%22:%20[{%22url%22:%20%222017-07-31/3f54a3aed1d7c2ed9a3b41da3c3d5735.jpg%22},{%22url%22:%20%222017-07-31/4ed0bfd806ba867d22f05c218d6e08d9.jpg%22}]}
INFO: [ app_init ] --START--
INFO: Run Behavior\BuildLiteBehavior [ RunTime:0.000000s ]
INFO: [ app_init ] --END-- [ RunTime:0.000000s ]
INFO: [ app_begin ] --START--
INFO: Run Behavior\ReadHtmlCacheBehavior [ RunTime:0.000000s ]
INFO: [ app_begin ] --END-- [ RunTime:0.000000s ]
NOTIC: [8192] mysql_connect(): The mysql extension is deprecated and will be removed in the future: use mysqli or PDO instead C:\aaa\WWW\gzsc\ThinkPHP\Library\Think\Db\Driver\Mysql.class.php Á¨¨ 52 Ë°å.
SQL: SHOW COLUMNS FROM `home_decoration` [ RunTime:0.017000s ]
SQL: SHOW COLUMNS FROM `home_decorationfile` [ RunTime:0.013000s ]
SQL: INSERT INTO `home_decoration` (`user_id`,`cate_id`,`serve_cate`,`address`,`pay_method`,`des`,`name`,`tel`,`add_time`) VALUES (6,7,'Â§ß‰ºó','Ë±´S1234A','ÂÆåÂ∑•‰ªòÊ¨æ','‰Ω†Â•Ω','‰∫öÈæô','156388514569','2017-08-02 15:21:26') [ RunTime:0.000000s ]
SQL: INSERT INTO `home_decorationfile` (`home_decoration_id`,`file`,`add_time`) VALUES (9,'2017-07-31/3f54a3aed1d7c2ed9a3b41da3c3d5735.jpg','2017-08-02 15:21:26') [ RunTime:0.001000s ]
SQL: INSERT INTO `home_decorationfile` (`home_decoration_id`,`file`,`add_time`) VALUES (9,'2017-07-31/4ed0bfd806ba867d22f05c218d6e08d9.jpg','2017-08-02 15:21:26') [ RunTime:0.000000s ]

[ 2017-08-02T15:21:29+08:00 ] 127.0.0.1 /gzsc/index.php/Home/Serve/homedecoration?json={%22user_id%22:%20%226%22,%22cate_id%22:%20%227%22,%22serve_cate%22:%20%22%E5%A4%A7%E4%BC%97%22,%22address%22:%22%E8%B1%ABS1234A%22,%22pay_method%22:%22%E5%AE%8C%E5%B7%A5%E4%BB%98%E6%AC%BE%22,%22des%22:%20%22%E4%BD%A0%E5%A5%BD%22,%22name%22:%20%22%E4%BA%9A%E9%BE%99%22,%22tel%22:%20%22156388514569%22,%22url%22:%20[{%22url%22:%20%222017-07-31/3f54a3aed1d7c2ed9a3b41da3c3d5735.jpg%22},{%22url%22:%20%222017-07-31/4ed0bfd806ba867d22f05c218d6e08d9.jpg%22}]}
INFO: [ app_init ] --START--
INFO: Run Behavior\BuildLiteBehavior [ RunTime:0.000000s ]
INFO: [ app_init ] --END-- [ RunTime:0.000000s ]
INFO: [ app_begin ] --START--
INFO: Run Behavior\ReadHtmlCacheBehavior [ RunTime:0.000000s ]
INFO: [ app_begin ] --END-- [ RunTime:0.000000s ]
NOTIC: [8192] mysql_connect(): The mysql extension is deprecated and will be removed in the future: use mysqli or PDO instead C:\aaa\WWW\gzsc\ThinkPHP\Library\Think\Db\Driver\Mysql.class.php Á¨¨ 52 Ë°å.
SQL: SHOW COLUMNS FROM `home_decoration` [ RunTime:0.015000s ]
SQL: SHOW COLUMNS FROM `home_decorationfile` [ RunTime:0.014000s ]
SQL: INSERT INTO `home_decoration` (`user_id`,`cate_id`,`serve_cate`,`address`,`pay_method`,`des`,`name`,`tel`,`add_time`) VALUES (6,7,'Â§ß‰ºó','Ë±´S1234A','ÂÆåÂ∑•‰ªòÊ¨æ','‰Ω†Â•Ω','‰∫öÈæô','156388514569','2017-08-02 15:21:29') [ RunTime:0.000000s ]
SQL: INSERT INTO `home_decorationfile` (`home_decoration_id`,`file`,`add_time`) VALUES (10,'2017-07-31/3f54a3aed1d7c2ed9a3b41da3c3d5735.jpg','2017-08-02 15:21:29') [ RunTime:0.001000s ]
SQL: INSERT INTO `home_decorationfile` (`home_decoration_id`,`file`,`add_time`) VALUES (10,'2017-07-31/4ed0bfd806ba867d22f05c218d6e08d9.jpg','2017-08-02 15:21:29') [ RunTime:0.001000s ]

[ 2017-08-02T15:21:34+08:00 ] 127.0.0.1 /gzsc/index.php/Home/Serve/homedecoration?json={%22user_id%22:%20%226%22,%22cate_id%22:%20%227%22,%22serve_cate%22:%20%22%E5%A4%A7%E4%BC%97%22,%22address%22:%22%E8%B1%ABS1234A%22,%22pay_method%22:%22%E5%AE%8C%E5%B7%A5%E4%BB%98%E6%AC%BE%22,%22des%22:%20%22%E4%BD%A0%E5%A5%BD%22,%22name%22:%20%22%E4%BA%9A%E9%BE%99%22,%22tel%22:%20%22156388514569%22,%22url%22:%20[{%22url%22:%20%222017-07-31/3f54a3aed1d7c2ed9a3b41da3c3d5735.jpg%22},{%22url%22:%20%222017-07-31/4ed0bfd806ba867d22f05c218d6e08d9.jpg%22}]}
INFO: [ app_init ] --START--
INFO: Run Behavior\BuildLiteBehavior [ RunTime:0.000000s ]
INFO: [ app_init ] --END-- [ RunTime:0.001000s ]
INFO: [ app_begin ] --START--
INFO: Run Behavior\ReadHtmlCacheBehavior [ RunTime:0.001000s ]
INFO: [ app_begin ] --END-- [ RunTime:0.001000s ]
NOTIC: [8192] mysql_connect(): The mysql extension is deprecated and will be removed in the future: use mysqli or PDO instead C:\aaa\WWW\gzsc\ThinkPHP\Library\Think\Db\Driver\Mysql.class.php Á¨¨ 52 Ë°å.
SQL: SHOW COLUMNS FROM `home_decoration` [ RunTime:0.014000s ]
SQL: SHOW COLUMNS FROM `home_decorationfile` [ RunTime:0.014000s ]
SQL: INSERT INTO `home_decoration` (`user_id`,`cate_id`,`serve_cate`,`address`,`pay_method`,`des`,`name`,`tel`,`add_time`) VALUES (6,7,'Â§ß‰ºó','Ë±´S1234A','ÂÆåÂ∑•‰ªòÊ¨æ','‰Ω†Â•Ω','‰∫öÈæô','156388514569','2017-08-02 15:21:34') [ RunTime:0.001000s ]
SQL: INSERT INTO `home_decorationfile` (`home_decoration_id`,`file`,`add_time`) VALUES (11,'2017-07-31/3f54a3aed1d7c2ed9a3b41da3c3d5735.jpg','2017-08-02 15:21:34') [ RunTime:0.000000s ]
SQL: INSERT INTO `home_decorationfile` (`home_decoration_id`,`file`,`add_time`) VALUES (11,'2017-07-31/4ed0bfd806ba867d22f05c218d6e08d9.jpg','2017-08-02 15:21:34') [ RunTime:0.001000s ]

[ 2017-08-02T16:12:15+08:00 ] 127.0.0.1 /gzsc/index.php/Home/Serve/housekeeping?json={%22user_id%22:%20%226%22,%22cate_id%22:%20%226%22,%22serve_cate%22:%20%22%E5%A4%A7%E4%BC%97%22,%22address%22:%22%E8%B1%ABS1234A%22,%22pay_method%22:%22%E5%AE%8C%E5%B7%A5%E4%BB%98%E6%AC%BE%22,%22des%22:%20%22%E4%BD%A0%E5%A5%BD%22,%22name%22:%20%22%E4%BA%9A%E9%BE%99%22,%22tel%22:%20%22156388514569%22,%22url%22:%20[{%22url%22:%20%222017-07-31/3f54a3aed1d7c2ed9a3b41da3c3d5735.jpg%22},{%22url%22:%20%222017-07-31/4ed0bfd806ba867d22f05c218d6e08d9.jpg%22}]}
INFO: [ app_init ] --START--
INFO: Run Behavior\BuildLiteBehavior [ RunTime:0.000000s ]
INFO: [ app_init ] --END-- [ RunTime:0.000000s ]
INFO: [ app_begin ] --START--
INFO: Run Behavior\ReadHtmlCacheBehavior [ RunTime:0.001000s ]
INFO: [ app_begin ] --END-- [ RunTime:0.001000s ]
NOTIC: [8192] mysql_connect(): The mysql extension is deprecated and will be removed in the future: use mysqli or PDO instead C:\aaa\WWW\gzsc\ThinkPHP\Library\Think\Db\Driver\Mysql.class.php Á¨¨ 52 Ë°å.
SQL: SHOW COLUMNS FROM `housekeeping` [ RunTime:0.009000s ]
SQL: SHOW COLUMNS FROM `housekeepingfile` [ RunTime:0.008000s ]
SQL: INSERT INTO `housekeeping` (`user_id`,`cate_id`,`serve_cate`,`address`,`pay_method`,`des`,`name`,`tel`,`add_time`) VALUES (6,6,'Â§ß‰ºó','Ë±´S1234A','ÂÆåÂ∑•‰ªòÊ¨æ','‰Ω†Â•Ω','‰∫öÈæô','156388514569','2017-08-02 16:12:15') [ RunTime:0.001000s ]
SQL: INSERT INTO `housekeepingfile` (`housekeeping_id`,`file`,`add_time`) VALUES (6,'2017-07-31/3f54a3aed1d7c2ed9a3b41da3c3d5735.jpg','2017-08-02 16:12:15') [ RunTime:0.001000s ]
SQL: INSERT INTO `housekeepingfile` (`housekeeping_id`,`file`,`add_time`) VALUES (6,'2017-07-31/4ed0bfd806ba867d22f05c218d6e08d9.jpg','2017-08-02 16:12:15') [ RunTime:0.001000s ]

[ 2017-08-02T16:12:46+08:00 ] 127.0.0.1 /gzsc/index.php/Home/Serve/housekeeping?json={%22user_id%22:%20%226%22,%22cate_id%22:%20%226%22,%22serve_cate%22:%20%22%E5%A4%A7%E4%BC%97%22,%22address%22:%22%E8%B1%ABS1234A%22,%22pay_method%22:%22%E5%AE%8C%E5%B7%A5%E4%BB%98%E6%AC%BE%22,%22des%22:%20%22%E4%BD%A0%E5%A5%BD%22,%22name%22:%20%22%E4%BA%9A%E9%BE%99%22,%22tel%22:%20%22156388514569%22,%22url%22:%20[{%22url%22:%20%222017-07-31/3f54a3aed1d7c2ed9a3b41da3c3d5735.jpg%22},{%22url%22:%20%222017-07-31/4ed0bfd806ba867d22f05c218d6e08d9.jpg%22}]}
INFO: [ app_init ] --START--
INFO: Run Behavior\BuildLiteBehavior [ RunTime:0.000000s ]
INFO: [ app_init ] --END-- [ RunTime:0.000000s ]
INFO: [ app_begin ] --START--
INFO: Run Behavior\ReadHtmlCacheBehavior [ RunTime:0.001000s ]
INFO: [ app_begin ] --END-- [ RunTime:0.001000s ]
NOTIC: [8192] mysql_connect(): The mysql extension is deprecated and will be removed in the future: use mysqli or PDO instead C:\aaa\WWW\gzsc\ThinkPHP\Library\Think\Db\Driver\Mysql.class.php Á¨¨ 52 Ë°å.
SQL: SHOW COLUMNS FROM `housekeeping` [ RunTime:0.005000s ]
SQL: SHOW COLUMNS FROM `housekeepingfile` [ RunTime:0.006000s ]
SQL: INSERT INTO `housekeeping` (`user_id`,`cate_id`,`serve_cate`,`address`,`pay_method`,`des`,`name`,`tel`,`add_time`) VALUES (6,6,'Â§ß‰ºó','Ë±´S1234A','ÂÆåÂ∑•‰ªòÊ¨æ','‰Ω†Â•Ω','‰∫öÈæô','156388514569','2017-08-02 16:12:46') [ RunTime:0.001000s ]
SQL: INSERT INTO `housekeepingfile` (`housekeeping_id`,`file`,`add_time`) VALUES (7,'2017-07-31/3f54a3aed1d7c2ed9a3b41da3c3d5735.jpg','2017-08-02 16:12:46') [ RunTime:0.001000s ]
SQL: INSERT INTO `housekeepingfile` (`housekeeping_id`,`file`,`add_time`) VALUES (7,'2017-07-31/4ed0bfd806ba867d22f05c218d6e08d9.jpg','2017-08-02 16:12:46') [ RunTime:0.000000s ]

[ 2017-08-02T16:12:49+08:00 ] 127.0.0.1 /gzsc/index.php/Home/Serve/housekeeping?json={%22user_id%22:%20%226%22,%22cate_id%22:%20%226%22,%22serve_cate%22:%20%22%E5%A4%A7%E4%BC%97%22,%22address%22:%22%E8%B1%ABS1234A%22,%22pay_method%22:%22%E5%AE%8C%E5%B7%A5%E4%BB%98%E6%AC%BE%22,%22des%22:%20%22%E4%BD%A0%E5%A5%BD%22,%22name%22:%20%22%E4%BA%9A%E9%BE%99%22,%22tel%22:%20%22156388514569%22,%22url%22:%20[{%22url%22:%20%222017-07-31/3f54a3aed1d7c2ed9a3b41da3c3d5735.jpg%22},{%22url%22:%20%222017-07-31/4ed0bfd806ba867d22f05c218d6e08d9.jpg%22}]}
INFO: [ app_init ] --START--
INFO: Run Behavior\BuildLiteBehavior [ RunTime:0.000000s ]
INFO: [ app_init ] --END-- [ RunTime:0.000000s ]
INFO: [ app_begin ] --START--
INFO: Run Behavior\ReadHtmlCacheBehavior [ RunTime:0.000000s ]
INFO: [ app_begin ] --END-- [ RunTime:0.000000s ]
NOTIC: [8192] mysql_connect(): The mysql extension is deprecated and will be removed in the future: use mysqli or PDO instead C:\aaa\WWW\gzsc\ThinkPHP\Library\Think\Db\Driver\Mysql.class.php Á¨¨ 52 Ë°å.
SQL: SHOW COLUMNS FROM `housekeeping` [ RunTime:0.004000s ]
SQL: SHOW COLUMNS FROM `housekeepingfile` [ RunTime:0.005000s ]
SQL: INSERT INTO `housekeeping` (`user_id`,`cate_id`,`serve_cate`,`address`,`pay_method`,`des`,`name`,`tel`,`add_time`) VALUES (6,6,'Â§ß‰ºó','Ë±´S1234A','ÂÆåÂ∑•‰ªòÊ¨æ','‰Ω†Â•Ω','‰∫öÈæô','156388514569','2017-08-02 16:12:49') [ RunTime:0.000000s ]
SQL: INSERT INTO `housekeepingfile` (`housekeeping_id`,`file`,`add_time`) VALUES (8,'2017-07-31/3f54a3aed1d7c2ed9a3b41da3c3d5735.jpg','2017-08-02 16:12:49') [ RunTime:0.000000s ]
SQL: INSERT INTO `housekeepingfile` (`housekeeping_id`,`file`,`add_time`) VALUES (8,'2017-07-31/4ed0bfd806ba867d22f05c218d6e08d9.jpg','2017-08-02 16:12:49') [ RunTime:0.000000s ]

[ 2017-08-02T16:40:51+08:00 ] 127.0.0.1 /gzsc/index.php/Home/Serve/weixiuservice?json={%22user_id%22:%20%226%22,%22cate_id%22:%20%226%22,%22serve_cate%22:%20%22%E5%A4%A7%E4%BC%97%22,%22address%22:%22%E8%B1%ABS1234A%22,%22pay_method%22:%220%22,%22des%22:%20%22%E4%BD%A0%E5%A5%BD%22,%22name%22:%20%22%E4%BA%9A%E9%BE%99%22,%22tel%22:%20%22156388514569%22,%22url%22:%20[{%22url%22:%20%222017-07-31/3f54a3aed1d7c2ed9a3b41da3c3d5735.jpg%22},{%22url%22:%20%222017-07-31/4ed0bfd806ba867d22f05c218d6e08d9.jpg%22}]}
INFO: [ app_init ] --START--
INFO: Run Behavior\BuildLiteBehavior [ RunTime:0.000000s ]
INFO: [ app_init ] --END-- [ RunTime:0.001000s ]
INFO: [ app_begin ] --START--
INFO: Run Behavior\ReadHtmlCacheBehavior [ RunTime:0.002000s ]
INFO: [ app_begin ] --END-- [ RunTime:0.002000s ]
NOTIC: [8192] mysql_connect(): The mysql extension is deprecated and will be removed in the future: use mysqli or PDO instead C:\aaa\WWW\gzsc\ThinkPHP\Library\Think\Db\Driver\Mysql.class.php Á¨¨ 52 Ë°å.
SQL: SHOW COLUMNS FROM `weixiu_service` [ RunTime:0.009000s ]
SQL: SHOW COLUMNS FROM `weixiu_servicefile` [ RunTime:0.008000s ]
SQL: INSERT INTO `weixiu_service` (`user_id`,`cate_id`,`serve_cate`,`address`,`pay_method`,`des`,`name`,`tel`,`add_time`) VALUES (6,6,'Â§ß‰ºó','Ë±´S1234A','0','‰Ω†Â•Ω','‰∫öÈæô','156388514569','2017-08-02 16:40:51') [ RunTime:0.000000s ]
SQL: INSERT INTO `weixiu_servicefile` (`weixiu_service_id`,`file`,`add_time`) VALUES (4,'2017-07-31/3f54a3aed1d7c2ed9a3b41da3c3d5735.jpg','2017-08-02 16:40:51') [ RunTime:0.001000s ]
SQL: INSERT INTO `weixiu_servicefile` (`weixiu_service_id`,`file`,`add_time`) VALUES (4,'2017-07-31/4ed0bfd806ba867d22f05c218d6e08d9.jpg','2017-08-02 16:40:51') [ RunTime:0.000000s ]

[ 2017-08-02T16:42:02+08:00 ] 127.0.0.1 /gzsc/index.php/Home/Serve/weixiuservice?json={%22user_id%22:%20%226%22,%22cate_id%22:%20%226%22,%22serve_cate%22:%20%22%E5%A4%A7%E4%BC%97%22,%22address%22:%22%E8%B1%ABS1234A%22,%22pay_method%22:%220%22,%22des%22:%20%22%E4%BD%A0%E5%A5%BD%22,%22name%22:%20%22%E4%BA%9A%E9%BE%99%22,%22tel%22:%20%22156388514569%22,%22url%22:%20[{%22url%22:%20%222017-07-31/3f54a3aed1d7c2ed9a3b41da3c3d5735.jpg%22},{%22url%22:%20%222017-07-31/4ed0bfd806ba867d22f05c218d6e08d9.jpg%22}]}
INFO: [ app_init ] --START--
INFO: Run Behavior\BuildLiteBehavior [ RunTime:0.000000s ]
INFO: [ app_init ] --END-- [ RunTime:0.000000s ]
INFO: [ app_begin ] --START--
INFO: Run Behavior\ReadHtmlCacheBehavior [ RunTime:0.000000s ]
INFO: [ app_begin ] --END-- [ RunTime:0.002000s ]
NOTIC: [8192] mysql_connect(): The mysql extension is deprecated and will be removed in the future: use mysqli or PDO instead C:\aaa\WWW\gzsc\ThinkPHP\Library\Think\Db\Driver\Mysql.class.php Á¨¨ 52 Ë°å.
SQL: SHOW COLUMNS FROM `weixiu_service` [ RunTime:0.008000s ]
SQL: SHOW COLUMNS FROM `weixiu_servicefile` [ RunTime:0.006000s ]
SQL: INSERT INTO `weixiu_service` (`user_id`,`cate_id`,`serve_cate`,`address`,`pay_method`,`des`,`name`,`tel`,`add_time`) VALUES (6,6,'Â§ß‰ºó','Ë±´S1234A','0','‰Ω†Â•Ω','‰∫öÈæô','156388514569','2017-08-02 16:42:02') [ RunTime:0.001000s ]
SQL: INSERT INTO `weixiu_servicefile` (`weixiu_service_id`,`file`,`add_time`) VALUES (5,'2017-07-31/3f54a3aed1d7c2ed9a3b41da3c3d5735.jpg','2017-08-02 16:42:02') [ RunTime:0.000000s ]
SQL: INSERT INTO `weixiu_servicefile` (`weixiu_service_id`,`file`,`add_time`) VALUES (5,'2017-07-31/4ed0bfd806ba867d22f05c218d6e08d9.jpg','2017-08-02 16:42:02') [ RunTime:0.000000s ]

[ 2017-08-02T16:42:04+08:00 ] 127.0.0.1 /gzsc/index.php/Home/Serve/weixiuservice?json={%22user_id%22:%20%226%22,%22cate_id%22:%20%226%22,%22serve_cate%22:%20%22%E5%A4%A7%E4%BC%97%22,%22address%22:%22%E8%B1%ABS1234A%22,%22pay_method%22:%220%22,%22des%22:%20%22%E4%BD%A0%E5%A5%BD%22,%22name%22:%20%22%E4%BA%9A%E9%BE%99%22,%22tel%22:%20%22156388514569%22,%22url%22:%20[{%22url%22:%20%222017-07-31/3f54a3aed1d7c2ed9a3b41da3c3d5735.jpg%22},{%22url%22:%20%222017-07-31/4ed0bfd806ba867d22f05c218d6e08d9.jpg%22}]}
INFO: [ app_init ] --START--
INFO: Run Behavior\BuildLiteBehavior [ RunTime:0.000000s ]
INFO: [ app_init ] --END-- [ RunTime:0.001000s ]
INFO: [ app_begin ] --START--
INFO: Run Behavior\ReadHtmlCacheBehavior [ RunTime:0.001000s ]
INFO: [ app_begin ] --END-- [ RunTime:0.001000s ]
NOTIC: [8192] mysql_connect(): The mysql extension is deprecated and will be removed in the future: use mysqli or PDO instead C:\aaa\WWW\gzsc\ThinkPHP\Library\Think\Db\Driver\Mysql.class.php Á¨¨ 52 Ë°å.
SQL: SHOW COLUMNS FROM `weixiu_service` [ RunTime:0.005000s ]
SQL: SHOW COLUMNS FROM `weixiu_servicefile` [ RunTime:0.006000s ]
SQL: INSERT INTO `weixiu_service` (`user_id`,`cate_id`,`serve_cate`,`address`,`pay_method`,`des`,`name`,`tel`,`add_time`) VALUES (6,6,'Â§ß‰ºó','Ë±´S1234A','0','‰Ω†Â•Ω','‰∫öÈæô','156388514569','2017-08-02 16:42:04') [ RunTime:0.000000s ]
SQL: INSERT INTO `weixiu_servicefile` (`weixiu_service_id`,`file`,`add_time`) VALUES (6,'2017-07-31/3f54a3aed1d7c2ed9a3b41da3c3d5735.jpg','2017-08-02 16:42:04') [ RunTime:0.000000s ]
SQL: INSERT INTO `weixiu_servicefile` (`weixiu_service_id`,`file`,`add_time`) VALUES (6,'2017-07-31/4ed0bfd806ba867d22f05c218d6e08d9.jpg','2017-08-02 16:42:04') [ RunTime:0.000000s ]

[ 2017-08-02T17:19:09+08:00 ] 127.0.0.1 /gzsc/index.php/Home/Serve/medialservice?json={%22user_id%22:%20%226%22,%22cate_id%22:%20%229%22,%22address%22:%22%E6%B2%B3%E5%8D%97%22,%22pay_method%22:%220%22,%22des%22:%20%22%E4%BD%A0%E5%A5%BD%22,%22name%22:%20%22%E4%BA%9A%E9%BE%99%22,%22tel%22:%20%22156388514569%22,%22url%22:%20[{%22url%22:%20%222017-07-31/3f54a3aed1d7c2ed9a3b41da3c3d5735.jpg%22},{%22url%22:%20%222017-07-31/4ed0bfd806ba867d22f05c218d6e08d9.jpg%22}]}
INFO: [ app_init ] --START--
INFO: Run Behavior\BuildLiteBehavior [ RunTime:0.000000s ]
INFO: [ app_init ] --END-- [ RunTime:0.001000s ]
INFO: [ app_begin ] --START--
INFO: Run Behavior\ReadHtmlCacheBehavior [ RunTime:0.000000s ]
INFO: [ app_begin ] --END-- [ RunTime:0.001000s ]
NOTIC: [8192] mysql_connect(): The mysql extension is deprecated and will be removed in the future: use mysqli or PDO instead C:\aaa\WWW\gzsc\ThinkPHP\Library\Think\Db\Driver\Mysql.class.php Á¨¨ 52 Ë°å.
SQL: SHOW COLUMNS FROM `medial_service` [ RunTime:0.003000s ]
SQL: SHOW COLUMNS FROM `medial_servicefile` [ RunTime:0.003000s ]
NOTIC: [8] Undefined index: serve_cate C:\aaa\WWW\gzsc\Application\Home\Controller\ServeController.class.php Á¨¨ 279 Ë°å.
SQL: INSERT INTO `medial_service` (`user_id`,`cate_id`,`serve_cate`,`address`,`pay_method`,`des`,`name`,`tel`,`add_time`) VALUES (6,9,null,'Ê≤≥Âçó','0','‰Ω†Â•Ω','‰∫öÈæô','156388514569','2017-08-02 17:19:09') [ RunTime:0.001000s ]
SQL: INSERT INTO `medial_servicefile` (`medial_service_id`,`file`,`add_time`) VALUES (3,'2017-07-31/3f54a3aed1d7c2ed9a3b41da3c3d5735.jpg','2017-08-02 17:19:09') [ RunTime:0.000000s ]
SQL: INSERT INTO `medial_servicefile` (`medial_service_id`,`file`,`add_time`) VALUES (3,'2017-07-31/4ed0bfd806ba867d22f05c218d6e08d9.jpg','2017-08-02 17:19:09') [ RunTime:0.000000s ]

[ 2017-08-02T17:19:23+08:00 ] 127.0.0.1 /gzsc/index.php/Home/Serve/medialservice?json={%22user_id%22:%20%226%22,%22cate_id%22:%20%229%22,%22address%22:%22%E6%B2%B3%E5%8D%97%22,%22pay_method%22:%220%22,%22des%22:%20%22%E4%BD%A0%E5%A5%BD%22,%22name%22:%20%22%E4%BA%9A%E9%BE%99%22,%22tel%22:%20%22156388514569%22,%22url%22:%20[{%22url%22:%20%222017-07-31/3f54a3aed1d7c2ed9a3b41da3c3d5735.jpg%22},{%22url%22:%20%222017-07-31/4ed0bfd806ba867d22f05c218d6e08d9.jpg%22}]}
INFO: [ app_init ] --START--
INFO: Run Behavior\BuildLiteBehavior [ RunTime:0.000000s ]
INFO: [ app_init ] --END-- [ RunTime:0.001000s ]
INFO: [ app_begin ] --START--
INFO: Run Behavior\ReadHtmlCacheBehavior [ RunTime:0.001000s ]
INFO: [ app_begin ] --END-- [ RunTime:0.001000s ]
NOTIC: [8192] mysql_connect(): The mysql extension is deprecated and will be removed in the future: use mysqli or PDO instead C:\aaa\WWW\gzsc\ThinkPHP\Library\Think\Db\Driver\Mysql.class.php Á¨¨ 52 Ë°å.
SQL: SHOW COLUMNS FROM `medial_service` [ RunTime:0.020000s ]
SQL: SHOW COLUMNS FROM `medial_servicefile` [ RunTime:0.013000s ]
NOTIC: [8] Undefined index: serve_cate C:\aaa\WWW\gzsc\Application\Home\Controller\ServeController.class.php Á¨¨ 279 Ë°å.
SQL: INSERT INTO `medial_service` (`user_id`,`cate_id`,`serve_cate`,`address`,`pay_method`,`des`,`name`,`tel`,`add_time`) VALUES (6,9,null,'Ê≤≥Âçó','0','‰Ω†Â•Ω','‰∫öÈæô','156388514569','2017-08-02 17:19:23') [ RunTime:0.001000s ]
SQL: INSERT INTO `medial_servicefile` (`medial_service_id`,`file`,`add_time`) VALUES (4,'2017-07-31/3f54a3aed1d7c2ed9a3b41da3c3d5735.jpg','2017-08-02 17:19:23') [ RunTime:0.000000s ]
SQL: INSERT INTO `medial_servicefile` (`medial_service_id`,`file`,`add_time`) VALUES (4,'2017-07-31/4ed0bfd806ba867d22f05c218d6e08d9.jpg','2017-08-02 17:19:23') [ RunTime:0.001000s ]

[ 2017-08-02T17:19:25+08:00 ] 127.0.0.1 /gzsc/index.php/Home/Serve/medialservice?json={%22user_id%22:%20%226%22,%22cate_id%22:%20%229%22,%22address%22:%22%E6%B2%B3%E5%8D%97%22,%22pay_method%22:%220%22,%22des%22:%20%22%E4%BD%A0%E5%A5%BD%22,%22name%22:%20%22%E4%BA%9A%E9%BE%99%22,%22tel%22:%20%22156388514569%22,%22url%22:%20[{%22url%22:%20%222017-07-31/3f54a3aed1d7c2ed9a3b41da3c3d5735.jpg%22},{%22url%22:%20%222017-07-31/4ed0bfd806ba867d22f05c218d6e08d9.jpg%22}]}
INFO: [ app_init ] --START--
INFO: Run Behavior\BuildLiteBehavior [ RunTime:0.000000s ]
INFO: [ app_init ] --END-- [ RunTime:0.000000s ]
INFO: [ app_begin ] --START--
INFO: Run Behavior\ReadHtmlCacheBehavior [ RunTime:0.000000s ]
INFO: [ app_begin ] --END-- [ RunTime:0.001000s ]
NOTIC: [8192] mysql_connect(): The mysql extension is deprecated and will be removed in the future: use mysqli or PDO instead C:\aaa\WWW\gzsc\ThinkPHP\Library\Think\Db\Driver\Mysql.class.php Á¨¨ 52 Ë°å.
SQL: SHOW COLUMNS FROM `medial_service` [ RunTime:0.004000s ]
SQL: SHOW COLUMNS FROM `medial_servicefile` [ RunTime:0.003000s ]
NOTIC: [8] Undefined index: serve_cate C:\aaa\WWW\gzsc\Application\Home\Controller\ServeController.class.php Á¨¨ 279 Ë°å.
SQL: INSERT INTO `medial_service` (`user_id`,`cate_id`,`serve_cate`,`address`,`pay_method`,`des`,`name`,`tel`,`add_time`) VALUES (6,9,null,'Ê≤≥Âçó','0','‰Ω†Â•Ω','‰∫öÈæô','156388514569','2017-08-02 17:19:25') [ RunTime:0.000000s ]
SQL: INSERT INTO `medial_servicefile` (`medial_service_id`,`file`,`add_time`) VALUES (5,'2017-07-31/3f54a3aed1d7c2ed9a3b41da3c3d5735.jpg','2017-08-02 17:19:25') [ RunTime:0.001000s ]
SQL: INSERT INTO `medial_servicefile` (`medial_service_id`,`file`,`add_time`) VALUES (5,'2017-07-31/4ed0bfd806ba867d22f05c218d6e08d9.jpg','2017-08-02 17:19:25') [ RunTime:0.000000s ]

[ 2017-08-02T17:46:48+08:00 ] 127.0.0.1 /gzsc/index.php/Home/Serve/inforservice?json={%22user_id%22:%20%226%22,%22cate_id%22:%20%224%22,%22company_name%22:%20%22Alibab%22,%22company_des%22:%20%22%E5%BE%85%E9%81%87%E5%A5%BD%22,%22address%22:%22%E6%B2%B3%E5%8D%97%22,%22seat%22:%22%E7%A8%8B%E5%BA%8F%E5%91%98%22,%22job_req%22:%20%22%E6%8A%80%E6%9C%AF%E5%A5%BD%22,%22payment%22:%20%224000%22,%22name%22:%20%22%E5%B0%8F%E6%98%8E%22,%22tel%22:%20%22156388514569%22,%22url%22:%20[{%22url%22:%20%222017-07-31/3f54a3aed1d7c2ed9a3b41da3c3d5735.jpg%22},{%22url%22:%20%222017-07-31/4ed0bfd806ba867d22f05c218d6e08d9.jpg%22}]}
INFO: [ app_init ] --START--
INFO: Run Behavior\BuildLiteBehavior [ RunTime:0.000000s ]
INFO: [ app_init ] --END-- [ RunTime:0.000000s ]
INFO: [ app_begin ] --START--
INFO: Run Behavior\ReadHtmlCacheBehavior [ RunTime:0.001000s ]
INFO: [ app_begin ] --END-- [ RunTime:0.001000s ]
NOTIC: [8192] mysql_connect(): The mysql extension is deprecated and will be removed in the future: use mysqli or PDO instead C:\aaa\WWW\gzsc\ThinkPHP\Library\Think\Db\Driver\Mysql.class.php Á¨¨ 52 Ë°å.
SQL: SHOW COLUMNS FROM `information` [ RunTime:0.005000s ]
SQL: SHOW COLUMNS FROM `informationfile` [ RunTime:0.005000s ]
SQL: INSERT INTO `information` (`user_id`,`company_name`,`company_des`,`address`,`seat`,`job_req`,`payment`,`name`,`tel`,`add_time`) VALUES (6,'Alibab','ÂæÖÈÅáÂ•\Ω','Ê≤≥Âçó','Á®ãÂ∫èÂë\ò','ÊäÄÊúØÂ•Ω',4000,'Â∞èÊòé','156388514569','2017-08-02 17:46:48') [ RunTime:0.001000s ]
SQL: INSERT INTO `informationfile` (`information_id`,`file`,`add_time`) VALUES (4,'2017-07-31/3f54a3aed1d7c2ed9a3b41da3c3d5735.jpg','2017-08-02 17:46:48') [ RunTime:0.000000s ]
SQL: INSERT INTO `informationfile` (`information_id`,`file`,`add_time`) VALUES (4,'2017-07-31/4ed0bfd806ba867d22f05c218d6e08d9.jpg','2017-08-02 17:46:48') [ RunTime:0.000000s ]

[ 2017-08-02T17:46:53+08:00 ] 127.0.0.1 /gzsc/index.php/Home/Serve/inforservice?json={%22user_id%22:%20%226%22,%22cate_id%22:%20%224%22,%22company_name%22:%20%22Alibab%22,%22company_des%22:%20%22%E5%BE%85%E9%81%87%E5%A5%BD%22,%22address%22:%22%E6%B2%B3%E5%8D%97%22,%22seat%22:%22%E7%A8%8B%E5%BA%8F%E5%91%98%22,%22job_req%22:%20%22%E6%8A%80%E6%9C%AF%E5%A5%BD%22,%22payment%22:%20%224000%22,%22name%22:%20%22%E5%B0%8F%E6%98%8E%22,%22tel%22:%20%22156388514569%22,%22url%22:%20[{%22url%22:%20%222017-07-31/3f54a3aed1d7c2ed9a3b41da3c3d5735.jpg%22},{%22url%22:%20%222017-07-31/4ed0bfd806ba867d22f05c218d6e08d9.jpg%22}]}
INFO: [ app_init ] --START--
INFO: Run Behavior\BuildLiteBehavior [ RunTime:0.000000s ]
INFO: [ app_init ] --END-- [ RunTime:0.001000s ]
INFO: [ app_begin ] --START--
INFO: Run Behavior\ReadHtmlCacheBehavior [ RunTime:0.001000s ]
INFO: [ app_begin ] --END-- [ RunTime:0.001000s ]
NOTIC: [8192] mysql_connect(): The mysql extension is deprecated and will be removed in the future: use mysqli or PDO instead C:\aaa\WWW\gzsc\ThinkPHP\Library\Think\Db\Driver\Mysql.class.php Á¨¨ 52 Ë°å.
SQL: SHOW COLUMNS FROM `information` [ RunTime:0.012000s ]
SQL: SHOW COLUMNS FROM `informationfile` [ RunTime:0.010000s ]
SQL: INSERT INTO `information` (`user_id`,`company_name`,`company_des`,`address`,`seat`,`job_req`,`payment`,`name`,`tel`,`add_time`) VALUES (6,'Alibab','ÂæÖÈÅáÂ•\Ω','Ê≤≥Âçó','Á®ãÂ∫èÂë\ò','ÊäÄÊúØÂ•Ω',4000,'Â∞èÊòé','156388514569','2017-08-02 17:46:53') [ RunTime:0.001000s ]
SQL: INSERT INTO `informationfile` (`information_id`,`file`,`add_time`) VALUES (5,'2017-07-31/3f54a3aed1d7c2ed9a3b41da3c3d5735.jpg','2017-08-02 17:46:53') [ RunTime:0.001000s ]
SQL: INSERT INTO `informationfile` (`information_id`,`file`,`add_time`) VALUES (5,'2017-07-31/4ed0bfd806ba867d22f05c218d6e08d9.jpg','2017-08-02 17:46:53') [ RunTime:0.001000s ]

[ 2017-08-02T17:46:55+08:00 ] 127.0.0.1 /gzsc/index.php/Home/Serve/inforservice?json={%22user_id%22:%20%226%22,%22cate_id%22:%20%224%22,%22company_name%22:%20%22Alibab%22,%22company_des%22:%20%22%E5%BE%85%E9%81%87%E5%A5%BD%22,%22address%22:%22%E6%B2%B3%E5%8D%97%22,%22seat%22:%22%E7%A8%8B%E5%BA%8F%E5%91%98%22,%22job_req%22:%20%22%E6%8A%80%E6%9C%AF%E5%A5%BD%22,%22payment%22:%20%224000%22,%22name%22:%20%22%E5%B0%8F%E6%98%8E%22,%22tel%22:%20%22156388514569%22,%22url%22:%20[{%22url%22:%20%222017-07-31/3f54a3aed1d7c2ed9a3b41da3c3d5735.jpg%22},{%22url%22:%20%222017-07-31/4ed0bfd806ba867d22f05c218d6e08d9.jpg%22}]}
INFO: [ app_init ] --START--
INFO: Run Behavior\BuildLiteBehavior [ RunTime:0.000000s ]
INFO: [ app_init ] --END-- [ RunTime:0.001000s ]
INFO: [ app_begin ] --START--
INFO: Run Behavior\ReadHtmlCacheBehavior [ RunTime:0.001000s ]
INFO: [ app_begin ] --END-- [ RunTime:0.001000s ]
NOTIC: [8192] mysql_connect(): The mysql extension is deprecated and will be removed in the future: use mysqli or PDO instead C:\aaa\WWW\gzsc\ThinkPHP\Library\Think\Db\Driver\Mysql.class.php Á¨¨ 52 Ë°å.
SQL: SHOW COLUMNS FROM `information` [ RunTime:0.007000s ]
SQL: SHOW COLUMNS FROM `informationfile` [ RunTime:0.006000s ]
SQL: INSERT INTO `information` (`user_id`,`company_name`,`company_des`,`address`,`seat`,`job_req`,`payment`,`name`,`tel`,`add_time`) VALUES (6,'Alibab','ÂæÖÈÅáÂ•\Ω','Ê≤≥Âçó','Á®ãÂ∫èÂë\ò','ÊäÄÊúØÂ•Ω',4000,'Â∞èÊòé','156388514569','2017-08-02 17:46:55') [ RunTime:0.000000s ]
SQL: INSERT INTO `informationfile` (`information_id`,`file`,`add_time`) VALUES (6,'2017-07-31/3f54a3aed1d7c2ed9a3b41da3c3d5735.jpg','2017-08-02 17:46:55') [ RunTime:0.000000s ]
SQL: INSERT INTO `informationfile` (`information_id`,`file`,`add_time`) VALUES (6,'2017-07-31/4ed0bfd806ba867d22f05c218d6e08d9.jpg','2017-08-02 17:46:55') [ RunTime:0.000000s ]

