[ 2017-09-10T10:15:35+08:00 ] 127.0.0.1 /gzsc/index.php/Home/Dianshang/indexaa?p=1&lat=0.0&lng=0.0
INFO: [ app_init ] --START--
INFO: Run Behavior\BuildLiteBehavior [ RunTime:0.000000s ]
INFO: [ app_init ] --END-- [ RunTime:0.002000s ]
INFO: [ app_begin ] --START--
INFO: Run Behavior\ReadHtmlCacheBehavior [ RunTime:0.003000s ]
INFO: [ app_begin ] --END-- [ RunTime:0.003000s ]
NOTIC: [8192] mysql_connect(): The mysql extension is deprecated and will be removed in the future: use mysqli or PDO instead C:\aaa\WWW\gzsc\ThinkPHP\Library\Think\Db\Driver\Mysql.class.php 第 52 行.
SQL: SHOW COLUMNS FROM `user` [ RunTime:0.019000s ]
SQL: SHOW COLUMNS FROM `pics` [ RunTime:0.014000s ]
SQL: SELECT `id`,`user_store_x`,`user_store_y`,`user_store_name`,`user_store_evaluate`,`user_store_pic`,`user_store_pic1`,`user_store_pic2`,`user_store_pic3`,`user_store_pic4`,`user_store_phone` FROM `user` WHERE `user_grade` = 2  [ RunTime:0.001000s ]
SQL: SELECT `pic`,`pic_http`,`pic_descr` FROM `pics` WHERE `store_id` = 6 AND `pic_address` = 1 AND `pic_state` = 1  [ RunTime:0.001000s ]
SQL: SELECT `pic`,`pic_http`,`pic_descr` FROM `pics` WHERE `store_id` = 16 AND `pic_address` = 1 AND `pic_state` = 1  [ RunTime:0.000000s ]
SQL: SELECT `pic`,`pic_http`,`pic_descr` FROM `pics` WHERE `store_id` = 17 AND `pic_address` = 1 AND `pic_state` = 1  [ RunTime:0.001000s ]
SQL: SELECT `pic`,`pic_http`,`pic_descr` FROM `pics` WHERE `store_id` = 18 AND `pic_address` = 1 AND `pic_state` = 1  [ RunTime:0.000000s ]
SQL: SELECT `pic`,`pic_http`,`pic_descr` FROM `pics` WHERE `store_id` = 20 AND `pic_address` = 1 AND `pic_state` = 1  [ RunTime:0.000000s ]
SQL: SELECT `pic`,`pic_http`,`pic_descr` FROM `pics` WHERE `store_id` = 23 AND `pic_address` = 1 AND `pic_state` = 1  [ RunTime:0.001000s ]
SQL: SELECT `pic`,`pic_http`,`pic_descr` FROM `pics` WHERE `store_id` = 21 AND `pic_address` = 1 AND `pic_state` = 1  [ RunTime:0.000000s ]
NOTIC: [2] Invalid argument supplied for foreach() C:\aaa\WWW\gzsc\Application\Home\Controller\DianshangController.class.php 第 98 行.
NOTIC: [2] Invalid argument supplied for foreach() C:\aaa\WWW\gzsc\Application\Home\Controller\DianshangController.class.php 第 98 行.
NOTIC: [2] Invalid argument supplied for foreach() C:\aaa\WWW\gzsc\Application\Home\Controller\DianshangController.class.php 第 98 行.
NOTIC: [2] Invalid argument supplied for foreach() C:\aaa\WWW\gzsc\Application\Home\Controller\DianshangController.class.php 第 98 行.
NOTIC: [2] Invalid argument supplied for foreach() C:\aaa\WWW\gzsc\Application\Home\Controller\DianshangController.class.php 第 98 行.
NOTIC: [2] Invalid argument supplied for foreach() C:\aaa\WWW\gzsc\Application\Home\Controller\DianshangController.class.php 第 98 行.
SQL: SELECT `pic`,`pic_http`,`pic_descr` FROM `pics` WHERE `store_id` = 6 AND `pic_address` = 2 AND `pic_state` = 1  [ RunTime:0.001000s ]
SQL: SELECT `pic`,`pic_http`,`pic_descr` FROM `pics` WHERE `store_id` = 16 AND `pic_address` = 2 AND `pic_state` = 1  [ RunTime:0.000000s ]
SQL: SELECT `pic`,`pic_http`,`pic_descr` FROM `pics` WHERE `store_id` = 17 AND `pic_address` = 2 AND `pic_state` = 1  [ RunTime:0.000000s ]
SQL: SELECT `pic`,`pic_http`,`pic_descr` FROM `pics` WHERE `store_id` = 18 AND `pic_address` = 2 AND `pic_state` = 1  [ RunTime:0.000000s ]
SQL: SELECT `pic`,`pic_http`,`pic_descr` FROM `pics` WHERE `store_id` = 20 AND `pic_address` = 2 AND `pic_state` = 1  [ RunTime:0.001000s ]
SQL: SELECT `pic`,`pic_http`,`pic_descr` FROM `pics` WHERE `store_id` = 23 AND `pic_address` = 2 AND `pic_state` = 1  [ RunTime:0.001000s ]
SQL: SELECT `pic`,`pic_http`,`pic_descr` FROM `pics` WHERE `store_id` = 21 AND `pic_address` = 2 AND `pic_state` = 1  [ RunTime:0.000000s ]
NOTIC: [2] Invalid argument supplied for foreach() C:\aaa\WWW\gzsc\Application\Home\Controller\DianshangController.class.php 第 110 行.
NOTIC: [2] Invalid argument supplied for foreach() C:\aaa\WWW\gzsc\Application\Home\Controller\DianshangController.class.php 第 110 行.
NOTIC: [2] Invalid argument supplied for foreach() C:\aaa\WWW\gzsc\Application\Home\Controller\DianshangController.class.php 第 110 行.
NOTIC: [2] Invalid argument supplied for foreach() C:\aaa\WWW\gzsc\Application\Home\Controller\DianshangController.class.php 第 110 行.
NOTIC: [2] Invalid argument supplied for foreach() C:\aaa\WWW\gzsc\Application\Home\Controller\DianshangController.class.php 第 110 行.
NOTIC: [2] Invalid argument supplied for foreach() C:\aaa\WWW\gzsc\Application\Home\Controller\DianshangController.class.php 第 110 行.

[ 2017-09-10T10:15:36+08:00 ] 127.0.0.1 /gzsc/index.php/Home/Serve/selectserve
INFO: [ app_init ] --START--
INFO: Run Behavior\BuildLiteBehavior [ RunTime:0.000000s ]
INFO: [ app_init ] --END-- [ RunTime:0.001000s ]
INFO: [ app_begin ] --START--
INFO: Run Behavior\ReadHtmlCacheBehavior [ RunTime:0.001000s ]
INFO: [ app_begin ] --END-- [ RunTime:0.001000s ]
NOTIC: [8192] mysql_connect(): The mysql extension is deprecated and will be removed in the future: use mysqli or PDO instead C:\aaa\WWW\gzsc\ThinkPHP\Library\Think\Db\Driver\Mysql.class.php 第 52 行.
SQL: SHOW COLUMNS FROM `cate` [ RunTime:0.018000s ]
SQL: SELECT `id` FROM `cate` WHERE `cate_name` = '服务' LIMIT 1   [ RunTime:0.001000s ]
SQL: SELECT `id`,`cate_name`,`cate_pic` FROM `cate` WHERE `cate_pid` = 1  [ RunTime:0.001000s ]

[ 2017-09-10T10:15:38+08:00 ] 127.0.0.1 /gzsc/index.php/Home/Dianshang/indexaa?p=1&lat=0.0&lng=0.0
INFO: [ app_init ] --START--
INFO: Run Behavior\BuildLiteBehavior [ RunTime:0.000000s ]
INFO: [ app_init ] --END-- [ RunTime:0.000000s ]
INFO: [ app_begin ] --START--
INFO: Run Behavior\ReadHtmlCacheBehavior [ RunTime:0.001000s ]
INFO: [ app_begin ] --END-- [ RunTime:0.001000s ]
NOTIC: [8192] mysql_connect(): The mysql extension is deprecated and will be removed in the future: use mysqli or PDO instead C:\aaa\WWW\gzsc\ThinkPHP\Library\Think\Db\Driver\Mysql.class.php 第 52 行.
SQL: SHOW COLUMNS FROM `user` [ RunTime:0.003000s ]
SQL: SHOW COLUMNS FROM `pics` [ RunTime:0.003000s ]
SQL: SELECT `id`,`user_store_x`,`user_store_y`,`user_store_name`,`user_store_evaluate`,`user_store_pic`,`user_store_pic1`,`user_store_pic2`,`user_store_pic3`,`user_store_pic4`,`user_store_phone` FROM `user` WHERE `user_grade` = 2  [ RunTime:0.001000s ]
SQL: SELECT `pic`,`pic_http`,`pic_descr` FROM `pics` WHERE `store_id` = 6 AND `pic_address` = 1 AND `pic_state` = 1  [ RunTime:0.000000s ]
SQL: SELECT `pic`,`pic_http`,`pic_descr` FROM `pics` WHERE `store_id` = 16 AND `pic_address` = 1 AND `pic_state` = 1  [ RunTime:0.000000s ]
SQL: SELECT `pic`,`pic_http`,`pic_descr` FROM `pics` WHERE `store_id` = 17 AND `pic_address` = 1 AND `pic_state` = 1  [ RunTime:0.000000s ]
SQL: SELECT `pic`,`pic_http`,`pic_descr` FROM `pics` WHERE `store_id` = 18 AND `pic_address` = 1 AND `pic_state` = 1  [ RunTime:0.001000s ]
SQL: SELECT `pic`,`pic_http`,`pic_descr` FROM `pics` WHERE `store_id` = 20 AND `pic_address` = 1 AND `pic_state` = 1  [ RunTime:0.000000s ]
SQL: SELECT `pic`,`pic_http`,`pic_descr` FROM `pics` WHERE `store_id` = 23 AND `pic_address` = 1 AND `pic_state` = 1  [ RunTime:0.000000s ]
SQL: SELECT `pic`,`pic_http`,`pic_descr` FROM `pics` WHERE `store_id` = 21 AND `pic_address` = 1 AND `pic_state` = 1  [ RunTime:0.000000s ]
NOTIC: [2] Invalid argument supplied for foreach() C:\aaa\WWW\gzsc\Application\Home\Controller\DianshangController.class.php 第 98 行.
NOTIC: [2] Invalid argument supplied for foreach() C:\aaa\WWW\gzsc\Application\Home\Controller\DianshangController.class.php 第 98 行.
NOTIC: [2] Invalid argument supplied for foreach() C:\aaa\WWW\gzsc\Application\Home\Controller\DianshangController.class.php 第 98 行.
NOTIC: [2] Invalid argument supplied for foreach() C:\aaa\WWW\gzsc\Application\Home\Controller\DianshangController.class.php 第 98 行.
NOTIC: [2] Invalid argument supplied for foreach() C:\aaa\WWW\gzsc\Application\Home\Controller\DianshangController.class.php 第 98 行.
NOTIC: [2] Invalid argument supplied for foreach() C:\aaa\WWW\gzsc\Application\Home\Controller\DianshangController.class.php 第 98 行.
SQL: SELECT `pic`,`pic_http`,`pic_descr` FROM `pics` WHERE `store_id` = 6 AND `pic_address` = 2 AND `pic_state` = 1  [ RunTime:0.000000s ]
SQL: SELECT `pic`,`pic_http`,`pic_descr` FROM `pics` WHERE `store_id` = 16 AND `pic_address` = 2 AND `pic_state` = 1  [ RunTime:0.001000s ]
SQL: SELECT `pic`,`pic_http`,`pic_descr` FROM `pics` WHERE `store_id` = 17 AND `pic_address` = 2 AND `pic_state` = 1  [ RunTime:0.000000s ]
SQL: SELECT `pic`,`pic_http`,`pic_descr` FROM `pics` WHERE `store_id` = 18 AND `pic_address` = 2 AND `pic_state` = 1  [ RunTime:0.000000s ]
SQL: SELECT `pic`,`pic_http`,`pic_descr` FROM `pics` WHERE `store_id` = 20 AND `pic_address` = 2 AND `pic_state` = 1  [ RunTime:0.000000s ]
SQL: SELECT `pic`,`pic_http`,`pic_descr` FROM `pics` WHERE `store_id` = 23 AND `pic_address` = 2 AND `pic_state` = 1  [ RunTime:0.000000s ]
SQL: SELECT `pic`,`pic_http`,`pic_descr` FROM `pics` WHERE `store_id` = 21 AND `pic_address` = 2 AND `pic_state` = 1  [ RunTime:0.000000s ]
NOTIC: [2] Invalid argument supplied for foreach() C:\aaa\WWW\gzsc\Application\Home\Controller\DianshangController.class.php 第 110 行.
NOTIC: [2] Invalid argument supplied for foreach() C:\aaa\WWW\gzsc\Application\Home\Controller\DianshangController.class.php 第 110 行.
NOTIC: [2] Invalid argument supplied for foreach() C:\aaa\WWW\gzsc\Application\Home\Controller\DianshangController.class.php 第 110 行.
NOTIC: [2] Invalid argument supplied for foreach() C:\aaa\WWW\gzsc\Application\Home\Controller\DianshangController.class.php 第 110 行.
NOTIC: [2] Invalid argument supplied for foreach() C:\aaa\WWW\gzsc\Application\Home\Controller\DianshangController.class.php 第 110 行.
NOTIC: [2] Invalid argument supplied for foreach() C:\aaa\WWW\gzsc\Application\Home\Controller\DianshangController.class.php 第 110 行.

[ 2017-09-10T10:15:40+08:00 ] 127.0.0.1 /gzsc/index.php/Home/Dianshang/indexaa?p=2&lat=0.0&lng=0.0
INFO: [ app_init ] --START--
INFO: Run Behavior\BuildLiteBehavior [ RunTime:0.000000s ]
INFO: [ app_init ] --END-- [ RunTime:0.000000s ]
INFO: [ app_begin ] --START--
INFO: Run Behavior\ReadHtmlCacheBehavior [ RunTime:0.000000s ]
INFO: [ app_begin ] --END-- [ RunTime:0.000000s ]
NOTIC: [8192] mysql_connect(): The mysql extension is deprecated and will be removed in the future: use mysqli or PDO instead C:\aaa\WWW\gzsc\ThinkPHP\Library\Think\Db\Driver\Mysql.class.php 第 52 行.
SQL: SHOW COLUMNS FROM `user` [ RunTime:0.003000s ]
SQL: SHOW COLUMNS FROM `pics` [ RunTime:0.003000s ]
SQL: SELECT `id`,`user_store_x`,`user_store_y`,`user_store_name`,`user_store_evaluate`,`user_store_pic`,`user_store_pic1`,`user_store_pic2`,`user_store_pic3`,`user_store_pic4`,`user_store_phone` FROM `user` WHERE `user_grade` = 2  [ RunTime:0.000000s ]
SQL: SELECT `pic`,`pic_http`,`pic_descr` FROM `pics` WHERE `store_id` = 6 AND `pic_address` = 1 AND `pic_state` = 1  [ RunTime:0.000000s ]
SQL: SELECT `pic`,`pic_http`,`pic_descr` FROM `pics` WHERE `store_id` = 16 AND `pic_address` = 1 AND `pic_state` = 1  [ RunTime:0.001000s ]
SQL: SELECT `pic`,`pic_http`,`pic_descr` FROM `pics` WHERE `store_id` = 17 AND `pic_address` = 1 AND `pic_state` = 1  [ RunTime:0.000000s ]
SQL: SELECT `pic`,`pic_http`,`pic_descr` FROM `pics` WHERE `store_id` = 18 AND `pic_address` = 1 AND `pic_state` = 1  [ RunTime:0.000000s ]
SQL: SELECT `pic`,`pic_http`,`pic_descr` FROM `pics` WHERE `store_id` = 20 AND `pic_address` = 1 AND `pic_state` = 1  [ RunTime:0.000000s ]
SQL: SELECT `pic`,`pic_http`,`pic_descr` FROM `pics` WHERE `store_id` = 23 AND `pic_address` = 1 AND `pic_state` = 1  [ RunTime:0.000000s ]
SQL: SELECT `pic`,`pic_http`,`pic_descr` FROM `pics` WHERE `store_id` = 21 AND `pic_address` = 1 AND `pic_state` = 1  [ RunTime:0.001000s ]
NOTIC: [2] Invalid argument supplied for foreach() C:\aaa\WWW\gzsc\Application\Home\Controller\DianshangController.class.php 第 98 行.
NOTIC: [2] Invalid argument supplied for foreach() C:\aaa\WWW\gzsc\Application\Home\Controller\DianshangController.class.php 第 98 行.
NOTIC: [2] Invalid argument supplied for foreach() C:\aaa\WWW\gzsc\Application\Home\Controller\DianshangController.class.php 第 98 行.
NOTIC: [2] Invalid argument supplied for foreach() C:\aaa\WWW\gzsc\Application\Home\Controller\DianshangController.class.php 第 98 行.
NOTIC: [2] Invalid argument supplied for foreach() C:\aaa\WWW\gzsc\Application\Home\Controller\DianshangController.class.php 第 98 行.
NOTIC: [2] Invalid argument supplied for foreach() C:\aaa\WWW\gzsc\Application\Home\Controller\DianshangController.class.php 第 98 行.
SQL: SELECT `pic`,`pic_http`,`pic_descr` FROM `pics` WHERE `store_id` = 6 AND `pic_address` = 2 AND `pic_state` = 1  [ RunTime:0.000000s ]
SQL: SELECT `pic`,`pic_http`,`pic_descr` FROM `pics` WHERE `store_id` = 16 AND `pic_address` = 2 AND `pic_state` = 1  [ RunTime:0.001000s ]
SQL: SELECT `pic`,`pic_http`,`pic_descr` FROM `pics` WHERE `store_id` = 17 AND `pic_address` = 2 AND `pic_state` = 1  [ RunTime:0.000000s ]
SQL: SELECT `pic`,`pic_http`,`pic_descr` FROM `pics` WHERE `store_id` = 18 AND `pic_address` = 2 AND `pic_state` = 1  [ RunTime:0.000000s ]
SQL: SELECT `pic`,`pic_http`,`pic_descr` FROM `pics` WHERE `store_id` = 20 AND `pic_address` = 2 AND `pic_state` = 1  [ RunTime:0.000000s ]
SQL: SELECT `pic`,`pic_http`,`pic_descr` FROM `pics` WHERE `store_id` = 23 AND `pic_address` = 2 AND `pic_state` = 1  [ RunTime:0.001000s ]
SQL: SELECT `pic`,`pic_http`,`pic_descr` FROM `pics` WHERE `store_id` = 21 AND `pic_address` = 2 AND `pic_state` = 1  [ RunTime:0.000000s ]
NOTIC: [2] Invalid argument supplied for foreach() C:\aaa\WWW\gzsc\Application\Home\Controller\DianshangController.class.php 第 110 行.
NOTIC: [2] Invalid argument supplied for foreach() C:\aaa\WWW\gzsc\Application\Home\Controller\DianshangController.class.php 第 110 行.
NOTIC: [2] Invalid argument supplied for foreach() C:\aaa\WWW\gzsc\Application\Home\Controller\DianshangController.class.php 第 110 行.
NOTIC: [2] Invalid argument supplied for foreach() C:\aaa\WWW\gzsc\Application\Home\Controller\DianshangController.class.php 第 110 行.
NOTIC: [2] Invalid argument supplied for foreach() C:\aaa\WWW\gzsc\Application\Home\Controller\DianshangController.class.php 第 110 行.
NOTIC: [2] Invalid argument supplied for foreach() C:\aaa\WWW\gzsc\Application\Home\Controller\DianshangController.class.php 第 110 行.

[ 2017-09-10T10:15:52+08:00 ] 127.0.0.1 /gzsc/index.php/Home/Dianshang/indexaa?p=1&lat=0.0&lng=0.0
INFO: [ app_init ] --START--
INFO: Run Behavior\BuildLiteBehavior [ RunTime:0.000000s ]
INFO: [ app_init ] --END-- [ RunTime:0.001000s ]
INFO: [ app_begin ] --START--
INFO: Run Behavior\ReadHtmlCacheBehavior [ RunTime:0.002000s ]
INFO: [ app_begin ] --END-- [ RunTime:0.002000s ]
NOTIC: [8192] mysql_connect(): The mysql extension is deprecated and will be removed in the future: use mysqli or PDO instead C:\aaa\WWW\gzsc\ThinkPHP\Library\Think\Db\Driver\Mysql.class.php 第 52 行.
SQL: SHOW COLUMNS FROM `user` [ RunTime:0.006000s ]
SQL: SHOW COLUMNS FROM `pics` [ RunTime:0.004000s ]
SQL: SELECT `id`,`user_store_x`,`user_store_y`,`user_store_name`,`user_store_evaluate`,`user_store_pic`,`user_store_pic1`,`user_store_pic2`,`user_store_pic3`,`user_store_pic4`,`user_store_phone` FROM `user` WHERE `user_grade` = 2  [ RunTime:0.000000s ]
SQL: SELECT `pic`,`pic_http`,`pic_descr` FROM `pics` WHERE `store_id` = 6 AND `pic_address` = 1 AND `pic_state` = 1  [ RunTime:0.000000s ]
SQL: SELECT `pic`,`pic_http`,`pic_descr` FROM `pics` WHERE `store_id` = 16 AND `pic_address` = 1 AND `pic_state` = 1  [ RunTime:0.000000s ]
SQL: SELECT `pic`,`pic_http`,`pic_descr` FROM `pics` WHERE `store_id` = 17 AND `pic_address` = 1 AND `pic_state` = 1  [ RunTime:0.001000s ]
SQL: SELECT `pic`,`pic_http`,`pic_descr` FROM `pics` WHERE `store_id` = 18 AND `pic_address` = 1 AND `pic_state` = 1  [ RunTime:0.000000s ]
SQL: SELECT `pic`,`pic_http`,`pic_descr` FROM `pics` WHERE `store_id` = 20 AND `pic_address` = 1 AND `pic_state` = 1  [ RunTime:0.001000s ]
SQL: SELECT `pic`,`pic_http`,`pic_descr` FROM `pics` WHERE `store_id` = 23 AND `pic_address` = 1 AND `pic_state` = 1  [ RunTime:0.000000s ]
SQL: SELECT `pic`,`pic_http`,`pic_descr` FROM `pics` WHERE `store_id` = 21 AND `pic_address` = 1 AND `pic_state` = 1  [ RunTime:0.000000s ]
NOTIC: [2] Invalid argument supplied for foreach() C:\aaa\WWW\gzsc\Application\Home\Controller\DianshangController.class.php 第 98 行.
NOTIC: [2] Invalid argument supplied for foreach() C:\aaa\WWW\gzsc\Application\Home\Controller\DianshangController.class.php 第 98 行.
NOTIC: [2] Invalid argument supplied for foreach() C:\aaa\WWW\gzsc\Application\Home\Controller\DianshangController.class.php 第 98 行.
NOTIC: [2] Invalid argument supplied for foreach() C:\aaa\WWW\gzsc\Application\Home\Controller\DianshangController.class.php 第 98 行.
NOTIC: [2] Invalid argument supplied for foreach() C:\aaa\WWW\gzsc\Application\Home\Controller\DianshangController.class.php 第 98 行.
NOTIC: [2] Invalid argument supplied for foreach() C:\aaa\WWW\gzsc\Application\Home\Controller\DianshangController.class.php 第 98 行.
SQL: SELECT `pic`,`pic_http`,`pic_descr` FROM `pics` WHERE `store_id` = 6 AND `pic_address` = 2 AND `pic_state` = 1  [ RunTime:0.000000s ]
SQL: SELECT `pic`,`pic_http`,`pic_descr` FROM `pics` WHERE `store_id` = 16 AND `pic_address` = 2 AND `pic_state` = 1  [ RunTime:0.001000s ]
SQL: SELECT `pic`,`pic_http`,`pic_descr` FROM `pics` WHERE `store_id` = 17 AND `pic_address` = 2 AND `pic_state` = 1  [ RunTime:0.000000s ]
SQL: SELECT `pic`,`pic_http`,`pic_descr` FROM `pics` WHERE `store_id` = 18 AND `pic_address` = 2 AND `pic_state` = 1  [ RunTime:0.001000s ]
SQL: SELECT `pic`,`pic_http`,`pic_descr` FROM `pics` WHERE `store_id` = 20 AND `pic_address` = 2 AND `pic_state` = 1  [ RunTime:0.000000s ]
SQL: SELECT `pic`,`pic_http`,`pic_descr` FROM `pics` WHERE `store_id` = 23 AND `pic_address` = 2 AND `pic_state` = 1  [ RunTime:0.000000s ]
SQL: SELECT `pic`,`pic_http`,`pic_descr` FROM `pics` WHERE `store_id` = 21 AND `pic_address` = 2 AND `pic_state` = 1  [ RunTime:0.001000s ]
NOTIC: [2] Invalid argument supplied for foreach() C:\aaa\WWW\gzsc\Application\Home\Controller\DianshangController.class.php 第 110 行.
NOTIC: [2] Invalid argument supplied for foreach() C:\aaa\WWW\gzsc\Application\Home\Controller\DianshangController.class.php 第 110 行.
NOTIC: [2] Invalid argument supplied for foreach() C:\aaa\WWW\gzsc\Application\Home\Controller\DianshangController.class.php 第 110 行.
NOTIC: [2] Invalid argument supplied for foreach() C:\aaa\WWW\gzsc\Application\Home\Controller\DianshangController.class.php 第 110 行.
NOTIC: [2] Invalid argument supplied for foreach() C:\aaa\WWW\gzsc\Application\Home\Controller\DianshangController.class.php 第 110 行.
NOTIC: [2] Invalid argument supplied for foreach() C:\aaa\WWW\gzsc\Application\Home\Controller\DianshangController.class.php 第 110 行.

[ 2017-09-10T10:15:52+08:00 ] 127.0.0.1 /gzsc/index.php/Home/Serve/selectserve
INFO: [ app_init ] --START--
INFO: Run Behavior\BuildLiteBehavior [ RunTime:0.000000s ]
INFO: [ app_init ] --END-- [ RunTime:0.000000s ]
INFO: [ app_begin ] --START--
INFO: Run Behavior\ReadHtmlCacheBehavior [ RunTime:0.001000s ]
INFO: [ app_begin ] --END-- [ RunTime:0.001000s ]
NOTIC: [8192] mysql_connect(): The mysql extension is deprecated and will be removed in the future: use mysqli or PDO instead C:\aaa\WWW\gzsc\ThinkPHP\Library\Think\Db\Driver\Mysql.class.php 第 52 行.
SQL: SHOW COLUMNS FROM `cate` [ RunTime:0.004000s ]
SQL: SELECT `id` FROM `cate` WHERE `cate_name` = '服务' LIMIT 1   [ RunTime:0.001000s ]
SQL: SELECT `id`,`cate_name`,`cate_pic` FROM `cate` WHERE `cate_pid` = 1  [ RunTime:0.000000s ]

[ 2017-09-10T10:16:06+08:00 ] 127.0.0.1 /gzsc/index.php/Home/Serve/selectserve
INFO: [ app_init ] --START--
INFO: Run Behavior\BuildLiteBehavior [ RunTime:0.000000s ]
INFO: [ app_init ] --END-- [ RunTime:0.001000s ]
INFO: [ app_begin ] --START--
INFO: Run Behavior\ReadHtmlCacheBehavior [ RunTime:0.001000s ]
INFO: [ app_begin ] --END-- [ RunTime:0.001000s ]
NOTIC: [8192] mysql_connect(): The mysql extension is deprecated and will be removed in the future: use mysqli or PDO instead C:\aaa\WWW\gzsc\ThinkPHP\Library\Think\Db\Driver\Mysql.class.php 第 52 行.
SQL: SHOW COLUMNS FROM `cate` [ RunTime:0.013000s ]
SQL: SELECT `id` FROM `cate` WHERE `cate_name` = '服务' LIMIT 1   [ RunTime:0.000000s ]
SQL: SELECT `id`,`cate_name`,`cate_pic` FROM `cate` WHERE `cate_pid` = 1  [ RunTime:0.000000s ]

[ 2017-09-10T10:16:06+08:00 ] 127.0.0.1 /gzsc/index.php/Home/Dianshang/indexaa?p=1&lat=0.0&lng=0.0
INFO: [ app_init ] --START--
INFO: Run Behavior\BuildLiteBehavior [ RunTime:0.000000s ]
INFO: [ app_init ] --END-- [ RunTime:0.000000s ]
INFO: [ app_begin ] --START--
INFO: Run Behavior\ReadHtmlCacheBehavior [ RunTime:0.001000s ]
INFO: [ app_begin ] --END-- [ RunTime:0.001000s ]
NOTIC: [8192] mysql_connect(): The mysql extension is deprecated and will be removed in the future: use mysqli or PDO instead C:\aaa\WWW\gzsc\ThinkPHP\Library\Think\Db\Driver\Mysql.class.php 第 52 行.
SQL: SHOW COLUMNS FROM `user` [ RunTime:0.007000s ]
SQL: SHOW COLUMNS FROM `pics` [ RunTime:0.006000s ]
SQL: SELECT `id`,`user_store_x`,`user_store_y`,`user_store_name`,`user_store_evaluate`,`user_store_pic`,`user_store_pic1`,`user_store_pic2`,`user_store_pic3`,`user_store_pic4`,`user_store_phone` FROM `user` WHERE `user_grade` = 2  [ RunTime:0.001000s ]
SQL: SELECT `pic`,`pic_http`,`pic_descr` FROM `pics` WHERE `store_id` = 6 AND `pic_address` = 1 AND `pic_state` = 1  [ RunTime:0.001000s ]
SQL: SELECT `pic`,`pic_http`,`pic_descr` FROM `pics` WHERE `store_id` = 16 AND `pic_address` = 1 AND `pic_state` = 1  [ RunTime:0.001000s ]
SQL: SELECT `pic`,`pic_http`,`pic_descr` FROM `pics` WHERE `store_id` = 17 AND `pic_address` = 1 AND `pic_state` = 1  [ RunTime:0.001000s ]
SQL: SELECT `pic`,`pic_http`,`pic_descr` FROM `pics` WHERE `store_id` = 18 AND `pic_address` = 1 AND `pic_state` = 1  [ RunTime:0.000000s ]
SQL: SELECT `pic`,`pic_http`,`pic_descr` FROM `pics` WHERE `store_id` = 20 AND `pic_address` = 1 AND `pic_state` = 1  [ RunTime:0.000000s ]
SQL: SELECT `pic`,`pic_http`,`pic_descr` FROM `pics` WHERE `store_id` = 23 AND `pic_address` = 1 AND `pic_state` = 1  [ RunTime:0.001000s ]
SQL: SELECT `pic`,`pic_http`,`pic_descr` FROM `pics` WHERE `store_id` = 21 AND `pic_address` = 1 AND `pic_state` = 1  [ RunTime:0.001000s ]
NOTIC: [2] Invalid argument supplied for foreach() C:\aaa\WWW\gzsc\Application\Home\Controller\DianshangController.class.php 第 98 行.
NOTIC: [2] Invalid argument supplied for foreach() C:\aaa\WWW\gzsc\Application\Home\Controller\DianshangController.class.php 第 98 行.
NOTIC: [2] Invalid argument supplied for foreach() C:\aaa\WWW\gzsc\Application\Home\Controller\DianshangController.class.php 第 98 行.
NOTIC: [2] Invalid argument supplied for foreach() C:\aaa\WWW\gzsc\Application\Home\Controller\DianshangController.class.php 第 98 行.
NOTIC: [2] Invalid argument supplied for foreach() C:\aaa\WWW\gzsc\Application\Home\Controller\DianshangController.class.php 第 98 行.
NOTIC: [2] Invalid argument supplied for foreach() C:\aaa\WWW\gzsc\Application\Home\Controller\DianshangController.class.php 第 98 行.
SQL: SELECT `pic`,`pic_http`,`pic_descr` FROM `pics` WHERE `store_id` = 6 AND `pic_address` = 2 AND `pic_state` = 1  [ RunTime:0.001000s ]
SQL: SELECT `pic`,`pic_http`,`pic_descr` FROM `pics` WHERE `store_id` = 16 AND `pic_address` = 2 AND `pic_state` = 1  [ RunTime:0.000000s ]
SQL: SELECT `pic`,`pic_http`,`pic_descr` FROM `pics` WHERE `store_id` = 17 AND `pic_address` = 2 AND `pic_state` = 1  [ RunTime:0.000000s ]
SQL: SELECT `pic`,`pic_http`,`pic_descr` FROM `pics` WHERE `store_id` = 18 AND `pic_address` = 2 AND `pic_state` = 1  [ RunTime:0.000000s ]
SQL: SELECT `pic`,`pic_http`,`pic_descr` FROM `pics` WHERE `store_id` = 20 AND `pic_address` = 2 AND `pic_state` = 1  [ RunTime:0.001000s ]
SQL: SELECT `pic`,`pic_http`,`pic_descr` FROM `pics` WHERE `store_id` = 23 AND `pic_address` = 2 AND `pic_state` = 1  [ RunTime:0.000000s ]
SQL: SELECT `pic`,`pic_http`,`pic_descr` FROM `pics` WHERE `store_id` = 21 AND `pic_address` = 2 AND `pic_state` = 1  [ RunTime:0.000000s ]
NOTIC: [2] Invalid argument supplied for foreach() C:\aaa\WWW\gzsc\Application\Home\Controller\DianshangController.class.php 第 110 行.
NOTIC: [2] Invalid argument supplied for foreach() C:\aaa\WWW\gzsc\Application\Home\Controller\DianshangController.class.php 第 110 行.
NOTIC: [2] Invalid argument supplied for foreach() C:\aaa\WWW\gzsc\Application\Home\Controller\DianshangController.class.php 第 110 行.
NOTIC: [2] Invalid argument supplied for foreach() C:\aaa\WWW\gzsc\Application\Home\Controller\DianshangController.class.php 第 110 行.
NOTIC: [2] Invalid argument supplied for foreach() C:\aaa\WWW\gzsc\Application\Home\Controller\DianshangController.class.php 第 110 行.
NOTIC: [2] Invalid argument supplied for foreach() C:\aaa\WWW\gzsc\Application\Home\Controller\DianshangController.class.php 第 110 行.

[ 2017-09-10T10:16:12+08:00 ] 127.0.0.1 /gzsc/index.php/Home/Dianshang/indexaa?p=1&lat=0.0&lng=0.0
INFO: [ app_init ] --START--
INFO: Run Behavior\BuildLiteBehavior [ RunTime:0.000000s ]
INFO: [ app_init ] --END-- [ RunTime:0.001000s ]
INFO: [ app_begin ] --START--
INFO: Run Behavior\ReadHtmlCacheBehavior [ RunTime:0.001000s ]
INFO: [ app_begin ] --END-- [ RunTime:0.001000s ]
NOTIC: [8192] mysql_connect(): The mysql extension is deprecated and will be removed in the future: use mysqli or PDO instead C:\aaa\WWW\gzsc\ThinkPHP\Library\Think\Db\Driver\Mysql.class.php 第 52 行.
SQL: SHOW COLUMNS FROM `user` [ RunTime:0.014000s ]
SQL: SHOW COLUMNS FROM `pics` [ RunTime:0.011000s ]
SQL: SELECT `id`,`user_store_x`,`user_store_y`,`user_store_name`,`user_store_evaluate`,`user_store_pic`,`user_store_pic1`,`user_store_pic2`,`user_store_pic3`,`user_store_pic4`,`user_store_phone` FROM `user` WHERE `user_grade` = 2  [ RunTime:0.001000s ]
SQL: SELECT `pic`,`pic_http`,`pic_descr` FROM `pics` WHERE `store_id` = 6 AND `pic_address` = 1 AND `pic_state` = 1  [ RunTime:0.001000s ]
SQL: SELECT `pic`,`pic_http`,`pic_descr` FROM `pics` WHERE `store_id` = 16 AND `pic_address` = 1 AND `pic_state` = 1  [ RunTime:0.001000s ]
SQL: SELECT `pic`,`pic_http`,`pic_descr` FROM `pics` WHERE `store_id` = 17 AND `pic_address` = 1 AND `pic_state` = 1  [ RunTime:0.001000s ]
SQL: SELECT `pic`,`pic_http`,`pic_descr` FROM `pics` WHERE `store_id` = 18 AND `pic_address` = 1 AND `pic_state` = 1  [ RunTime:0.001000s ]
SQL: SELECT `pic`,`pic_http`,`pic_descr` FROM `pics` WHERE `store_id` = 20 AND `pic_address` = 1 AND `pic_state` = 1  [ RunTime:0.001000s ]
SQL: SELECT `pic`,`pic_http`,`pic_descr` FROM `pics` WHERE `store_id` = 23 AND `pic_address` = 1 AND `pic_state` = 1  [ RunTime:0.001000s ]
SQL: SELECT `pic`,`pic_http`,`pic_descr` FROM `pics` WHERE `store_id` = 21 AND `pic_address` = 1 AND `pic_state` = 1  [ RunTime:0.001000s ]
NOTIC: [2] Invalid argument supplied for foreach() C:\aaa\WWW\gzsc\Application\Home\Controller\DianshangController.class.php 第 98 行.
NOTIC: [2] Invalid argument supplied for foreach() C:\aaa\WWW\gzsc\Application\Home\Controller\DianshangController.class.php 第 98 行.
NOTIC: [2] Invalid argument supplied for foreach() C:\aaa\WWW\gzsc\Application\Home\Controller\DianshangController.class.php 第 98 行.
NOTIC: [2] Invalid argument supplied for foreach() C:\aaa\WWW\gzsc\Application\Home\Controller\DianshangController.class.php 第 98 行.
NOTIC: [2] Invalid argument supplied for foreach() C:\aaa\WWW\gzsc\Application\Home\Controller\DianshangController.class.php 第 98 行.
NOTIC: [2] Invalid argument supplied for foreach() C:\aaa\WWW\gzsc\Application\Home\Controller\DianshangController.class.php 第 98 行.
SQL: SELECT `pic`,`pic_http`,`pic_descr` FROM `pics` WHERE `store_id` = 6 AND `pic_address` = 2 AND `pic_state` = 1  [ RunTime:0.001000s ]
SQL: SELECT `pic`,`pic_http`,`pic_descr` FROM `pics` WHERE `store_id` = 16 AND `pic_address` = 2 AND `pic_state` = 1  [ RunTime:0.001000s ]
SQL: SELECT `pic`,`pic_http`,`pic_descr` FROM `pics` WHERE `store_id` = 17 AND `pic_address` = 2 AND `pic_state` = 1  [ RunTime:0.000000s ]
SQL: SELECT `pic`,`pic_http`,`pic_descr` FROM `pics` WHERE `store_id` = 18 AND `pic_address` = 2 AND `pic_state` = 1  [ RunTime:0.001000s ]
SQL: SELECT `pic`,`pic_http`,`pic_descr` FROM `pics` WHERE `store_id` = 20 AND `pic_address` = 2 AND `pic_state` = 1  [ RunTime:0.001000s ]
SQL: SELECT `pic`,`pic_http`,`pic_descr` FROM `pics` WHERE `store_id` = 23 AND `pic_address` = 2 AND `pic_state` = 1  [ RunTime:0.000000s ]
SQL: SELECT `pic`,`pic_http`,`pic_descr` FROM `pics` WHERE `store_id` = 21 AND `pic_address` = 2 AND `pic_state` = 1  [ RunTime:0.001000s ]
NOTIC: [2] Invalid argument supplied for foreach() C:\aaa\WWW\gzsc\Application\Home\Controller\DianshangController.class.php 第 110 行.
NOTIC: [2] Invalid argument supplied for foreach() C:\aaa\WWW\gzsc\Application\Home\Controller\DianshangController.class.php 第 110 行.
NOTIC: [2] Invalid argument supplied for foreach() C:\aaa\WWW\gzsc\Application\Home\Controller\DianshangController.class.php 第 110 行.
NOTIC: [2] Invalid argument supplied for foreach() C:\aaa\WWW\gzsc\Application\Home\Controller\DianshangController.class.php 第 110 行.
NOTIC: [2] Invalid argument supplied for foreach() C:\aaa\WWW\gzsc\Application\Home\Controller\DianshangController.class.php 第 110 行.
NOTIC: [2] Invalid argument supplied for foreach() C:\aaa\WWW\gzsc\Application\Home\Controller\DianshangController.class.php 第 110 行.

[ 2017-09-10T10:16:16+08:00 ] 127.0.0.1 /gzsc/index.php/Home/Dianshang/cate
INFO: [ app_init ] --START--
INFO: Run Behavior\BuildLiteBehavior [ RunTime:0.000000s ]
INFO: [ app_init ] --END-- [ RunTime:0.001000s ]
INFO: [ app_begin ] --START--
INFO: Run Behavior\ReadHtmlCacheBehavior [ RunTime:0.001000s ]
INFO: [ app_begin ] --END-- [ RunTime:0.001000s ]
NOTIC: [8192] mysql_connect(): The mysql extension is deprecated and will be removed in the future: use mysqli or PDO instead C:\aaa\WWW\gzsc\ThinkPHP\Library\Think\Db\Driver\Mysql.class.php 第 52 行.
SQL: SHOW COLUMNS FROM `cate` [ RunTime:0.012000s ]
SQL: SHOW COLUMNS FROM `good` [ RunTime:0.011000s ]
SQL: SELECT `id` FROM `cate` WHERE `cate_name` = '电商' LIMIT 1   [ RunTime:0.000000s ]
SQL: SELECT `id`,`cate_name` FROM `cate` WHERE `cate_pid` = 10  [ RunTime:0.000000s ]
SQL: SELECT `id`,`cate_name`,`cate_pic` FROM `cate` WHERE `cate_pid` = 11  [ RunTime:0.000000s ]
SQL: SELECT `id`,`cate_name`,`cate_pic` FROM `cate` WHERE `cate_pid` = 18  [ RunTime:0.000000s ]
SQL: SELECT `id`,`cate_name`,`cate_pic` FROM `cate` WHERE `cate_pid` = 23  [ RunTime:0.000000s ]
SQL: SELECT `id`,`cate_name`,`cate_pic` FROM `cate` WHERE `cate_pid` = 28  [ RunTime:0.001000s ]
SQL: SELECT `id`,`cate_name`,`cate_pic` FROM `cate` WHERE `cate_pid` = 35  [ RunTime:0.001000s ]
SQL: SELECT `id`,`cate_name`,`cate_pic` FROM `cate` WHERE `cate_pid` = 40  [ RunTime:0.001000s ]
SQL: SELECT `id`,`cate_name`,`cate_pic` FROM `cate` WHERE `cate_pid` = 49  [ RunTime:0.000000s ]
SQL: SELECT `id`,`cate_name`,`cate_pic` FROM `cate` WHERE `cate_pid` = 53  [ RunTime:0.000000s ]
SQL: SELECT `id`,`cate_name`,`cate_pic` FROM `cate` WHERE `cate_pid` = 60  [ RunTime:0.000000s ]

[ 2017-09-10T10:16:17+08:00 ] 127.0.0.1 /gzsc/index.php/Home/Dianshang/cate
INFO: [ app_init ] --START--
INFO: Run Behavior\BuildLiteBehavior [ RunTime:0.000000s ]
INFO: [ app_init ] --END-- [ RunTime:0.001000s ]
INFO: [ app_begin ] --START--
INFO: Run Behavior\ReadHtmlCacheBehavior [ RunTime:0.002000s ]
INFO: [ app_begin ] --END-- [ RunTime:0.002000s ]
NOTIC: [8192] mysql_connect(): The mysql extension is deprecated and will be removed in the future: use mysqli or PDO instead C:\aaa\WWW\gzsc\ThinkPHP\Library\Think\Db\Driver\Mysql.class.php 第 52 行.
SQL: SHOW COLUMNS FROM `cate` [ RunTime:0.011000s ]
SQL: SHOW COLUMNS FROM `good` [ RunTime:0.010000s ]
SQL: SELECT `id` FROM `cate` WHERE `cate_name` = '电商' LIMIT 1   [ RunTime:0.001000s ]
SQL: SELECT `id`,`cate_name` FROM `cate` WHERE `cate_pid` = 10  [ RunTime:0.001000s ]
SQL: SELECT `id`,`cate_name`,`cate_pic` FROM `cate` WHERE `cate_pid` = 11  [ RunTime:0.001000s ]
SQL: SELECT `id`,`cate_name`,`cate_pic` FROM `cate` WHERE `cate_pid` = 18  [ RunTime:0.001000s ]
SQL: SELECT `id`,`cate_name`,`cate_pic` FROM `cate` WHERE `cate_pid` = 23  [ RunTime:0.000000s ]
SQL: SELECT `id`,`cate_name`,`cate_pic` FROM `cate` WHERE `cate_pid` = 28  [ RunTime:0.000000s ]
SQL: SELECT `id`,`cate_name`,`cate_pic` FROM `cate` WHERE `cate_pid` = 35  [ RunTime:0.000000s ]
SQL: SELECT `id`,`cate_name`,`cate_pic` FROM `cate` WHERE `cate_pid` = 40  [ RunTime:0.001000s ]
SQL: SELECT `id`,`cate_name`,`cate_pic` FROM `cate` WHERE `cate_pid` = 49  [ RunTime:0.001000s ]
SQL: SELECT `id`,`cate_name`,`cate_pic` FROM `cate` WHERE `cate_pid` = 53  [ RunTime:0.001000s ]
SQL: SELECT `id`,`cate_name`,`cate_pic` FROM `cate` WHERE `cate_pid` = 60  [ RunTime:0.000000s ]

[ 2017-09-10T10:16:18+08:00 ] 127.0.0.1 /gzsc/index.php/Home/Dianshang/cate
INFO: [ app_init ] --START--
INFO: Run Behavior\BuildLiteBehavior [ RunTime:0.000000s ]
INFO: [ app_init ] --END-- [ RunTime:0.000000s ]
INFO: [ app_begin ] --START--
INFO: Run Behavior\ReadHtmlCacheBehavior [ RunTime:0.000000s ]
INFO: [ app_begin ] --END-- [ RunTime:0.000000s ]
NOTIC: [8192] mysql_connect(): The mysql extension is deprecated and will be removed in the future: use mysqli or PDO instead C:\aaa\WWW\gzsc\ThinkPHP\Library\Think\Db\Driver\Mysql.class.php 第 52 行.
SQL: SHOW COLUMNS FROM `cate` [ RunTime:0.003000s ]
SQL: SHOW COLUMNS FROM `good` [ RunTime:0.004000s ]
SQL: SELECT `id` FROM `cate` WHERE `cate_name` = '电商' LIMIT 1   [ RunTime:0.000000s ]
SQL: SELECT `id`,`cate_name` FROM `cate` WHERE `cate_pid` = 10  [ RunTime:0.001000s ]
SQL: SELECT `id`,`cate_name`,`cate_pic` FROM `cate` WHERE `cate_pid` = 11  [ RunTime:0.000000s ]
SQL: SELECT `id`,`cate_name`,`cate_pic` FROM `cate` WHERE `cate_pid` = 18  [ RunTime:0.001000s ]
SQL: SELECT `id`,`cate_name`,`cate_pic` FROM `cate` WHERE `cate_pid` = 23  [ RunTime:0.000000s ]
SQL: SELECT `id`,`cate_name`,`cate_pic` FROM `cate` WHERE `cate_pid` = 28  [ RunTime:0.001000s ]
SQL: SELECT `id`,`cate_name`,`cate_pic` FROM `cate` WHERE `cate_pid` = 35  [ RunTime:0.000000s ]
SQL: SELECT `id`,`cate_name`,`cate_pic` FROM `cate` WHERE `cate_pid` = 40  [ RunTime:0.001000s ]
SQL: SELECT `id`,`cate_name`,`cate_pic` FROM `cate` WHERE `cate_pid` = 49  [ RunTime:0.000000s ]
SQL: SELECT `id`,`cate_name`,`cate_pic` FROM `cate` WHERE `cate_pid` = 53  [ RunTime:0.000000s ]
SQL: SELECT `id`,`cate_name`,`cate_pic` FROM `cate` WHERE `cate_pid` = 60  [ RunTime:0.000000s ]

[ 2017-09-10T10:16:19+08:00 ] 127.0.0.1 /gzsc/index.php/Home/Dianshang/cate
INFO: [ app_init ] --START--
INFO: Run Behavior\BuildLiteBehavior [ RunTime:0.000000s ]
INFO: [ app_init ] --END-- [ RunTime:0.001000s ]
INFO: [ app_begin ] --START--
INFO: Run Behavior\ReadHtmlCacheBehavior [ RunTime:0.000000s ]
INFO: [ app_begin ] --END-- [ RunTime:0.000000s ]
NOTIC: [8192] mysql_connect(): The mysql extension is deprecated and will be removed in the future: use mysqli or PDO instead C:\aaa\WWW\gzsc\ThinkPHP\Library\Think\Db\Driver\Mysql.class.php 第 52 行.
SQL: SHOW COLUMNS FROM `cate` [ RunTime:0.003000s ]
SQL: SHOW COLUMNS FROM `good` [ RunTime:0.004000s ]
SQL: SELECT `id` FROM `cate` WHERE `cate_name` = '电商' LIMIT 1   [ RunTime:0.001000s ]
SQL: SELECT `id`,`cate_name` FROM `cate` WHERE `cate_pid` = 10  [ RunTime:0.000000s ]
SQL: SELECT `id`,`cate_name`,`cate_pic` FROM `cate` WHERE `cate_pid` = 11  [ RunTime:0.000000s ]
SQL: SELECT `id`,`cate_name`,`cate_pic` FROM `cate` WHERE `cate_pid` = 18  [ RunTime:0.000000s ]
SQL: SELECT `id`,`cate_name`,`cate_pic` FROM `cate` WHERE `cate_pid` = 23  [ RunTime:0.000000s ]
SQL: SELECT `id`,`cate_name`,`cate_pic` FROM `cate` WHERE `cate_pid` = 28  [ RunTime:0.000000s ]
SQL: SELECT `id`,`cate_name`,`cate_pic` FROM `cate` WHERE `cate_pid` = 35  [ RunTime:0.001000s ]
SQL: SELECT `id`,`cate_name`,`cate_pic` FROM `cate` WHERE `cate_pid` = 40  [ RunTime:0.001000s ]
SQL: SELECT `id`,`cate_name`,`cate_pic` FROM `cate` WHERE `cate_pid` = 49  [ RunTime:0.000000s ]
SQL: SELECT `id`,`cate_name`,`cate_pic` FROM `cate` WHERE `cate_pid` = 53  [ RunTime:0.000000s ]
SQL: SELECT `id`,`cate_name`,`cate_pic` FROM `cate` WHERE `cate_pid` = 60  [ RunTime:0.000000s ]

[ 2017-09-10T10:16:20+08:00 ] 127.0.0.1 /gzsc/index.php/Home/Dianshang/cate
INFO: [ app_init ] --START--
INFO: Run Behavior\BuildLiteBehavior [ RunTime:0.000000s ]
INFO: [ app_init ] --END-- [ RunTime:0.001000s ]
INFO: [ app_begin ] --START--
INFO: Run Behavior\ReadHtmlCacheBehavior [ RunTime:0.001000s ]
INFO: [ app_begin ] --END-- [ RunTime:0.001000s ]
NOTIC: [8192] mysql_connect(): The mysql extension is deprecated and will be removed in the future: use mysqli or PDO instead C:\aaa\WWW\gzsc\ThinkPHP\Library\Think\Db\Driver\Mysql.class.php 第 52 行.
SQL: SHOW COLUMNS FROM `cate` [ RunTime:0.012000s ]
SQL: SHOW COLUMNS FROM `good` [ RunTime:0.008000s ]
SQL: SELECT `id` FROM `cate` WHERE `cate_name` = '电商' LIMIT 1   [ RunTime:0.001000s ]
SQL: SELECT `id`,`cate_name` FROM `cate` WHERE `cate_pid` = 10  [ RunTime:0.001000s ]
SQL: SELECT `id`,`cate_name`,`cate_pic` FROM `cate` WHERE `cate_pid` = 11  [ RunTime:0.001000s ]
SQL: SELECT `id`,`cate_name`,`cate_pic` FROM `cate` WHERE `cate_pid` = 18  [ RunTime:0.001000s ]
SQL: SELECT `id`,`cate_name`,`cate_pic` FROM `cate` WHERE `cate_pid` = 23  [ RunTime:0.001000s ]
SQL: SELECT `id`,`cate_name`,`cate_pic` FROM `cate` WHERE `cate_pid` = 28  [ RunTime:0.000000s ]
SQL: SELECT `id`,`cate_name`,`cate_pic` FROM `cate` WHERE `cate_pid` = 35  [ RunTime:0.000000s ]
SQL: SELECT `id`,`cate_name`,`cate_pic` FROM `cate` WHERE `cate_pid` = 40  [ RunTime:0.000000s ]
SQL: SELECT `id`,`cate_name`,`cate_pic` FROM `cate` WHERE `cate_pid` = 49  [ RunTime:0.000000s ]
SQL: SELECT `id`,`cate_name`,`cate_pic` FROM `cate` WHERE `cate_pid` = 53  [ RunTime:0.001000s ]
SQL: SELECT `id`,`cate_name`,`cate_pic` FROM `cate` WHERE `cate_pid` = 60  [ RunTime:0.001000s ]

[ 2017-09-10T10:16:21+08:00 ] 127.0.0.1 /gzsc/index.php/Home/Dianshang/cate
INFO: [ app_init ] --START--
INFO: Run Behavior\BuildLiteBehavior [ RunTime:0.000000s ]
INFO: [ app_init ] --END-- [ RunTime:0.000000s ]
INFO: [ app_begin ] --START--
INFO: Run Behavior\ReadHtmlCacheBehavior [ RunTime:0.001000s ]
INFO: [ app_begin ] --END-- [ RunTime:0.001000s ]
NOTIC: [8192] mysql_connect(): The mysql extension is deprecated and will be removed in the future: use mysqli or PDO instead C:\aaa\WWW\gzsc\ThinkPHP\Library\Think\Db\Driver\Mysql.class.php 第 52 行.
SQL: SHOW COLUMNS FROM `cate` [ RunTime:0.018000s ]
SQL: SHOW COLUMNS FROM `good` [ RunTime:0.011000s ]
SQL: SELECT `id` FROM `cate` WHERE `cate_name` = '电商' LIMIT 1   [ RunTime:0.001000s ]
SQL: SELECT `id`,`cate_name` FROM `cate` WHERE `cate_pid` = 10  [ RunTime:0.001000s ]
SQL: SELECT `id`,`cate_name`,`cate_pic` FROM `cate` WHERE `cate_pid` = 11  [ RunTime:0.000000s ]
SQL: SELECT `id`,`cate_name`,`cate_pic` FROM `cate` WHERE `cate_pid` = 18  [ RunTime:0.000000s ]
SQL: SELECT `id`,`cate_name`,`cate_pic` FROM `cate` WHERE `cate_pid` = 23  [ RunTime:0.001000s ]
SQL: SELECT `id`,`cate_name`,`cate_pic` FROM `cate` WHERE `cate_pid` = 28  [ RunTime:0.001000s ]
SQL: SELECT `id`,`cate_name`,`cate_pic` FROM `cate` WHERE `cate_pid` = 35  [ RunTime:0.000000s ]
SQL: SELECT `id`,`cate_name`,`cate_pic` FROM `cate` WHERE `cate_pid` = 40  [ RunTime:0.000000s ]
SQL: SELECT `id`,`cate_name`,`cate_pic` FROM `cate` WHERE `cate_pid` = 49  [ RunTime:0.001000s ]
SQL: SELECT `id`,`cate_name`,`cate_pic` FROM `cate` WHERE `cate_pid` = 53  [ RunTime:0.001000s ]
SQL: SELECT `id`,`cate_name`,`cate_pic` FROM `cate` WHERE `cate_pid` = 60  [ RunTime:0.001000s ]

[ 2017-09-10T10:16:22+08:00 ] 127.0.0.1 /gzsc/index.php/Home/Dianshang/cate
INFO: [ app_init ] --START--
INFO: Run Behavior\BuildLiteBehavior [ RunTime:0.000000s ]
INFO: [ app_init ] --END-- [ RunTime:0.001000s ]
INFO: [ app_begin ] --START--
INFO: Run Behavior\ReadHtmlCacheBehavior [ RunTime:0.001000s ]
INFO: [ app_begin ] --END-- [ RunTime:0.001000s ]
NOTIC: [8192] mysql_connect(): The mysql extension is deprecated and will be removed in the future: use mysqli or PDO instead C:\aaa\WWW\gzsc\ThinkPHP\Library\Think\Db\Driver\Mysql.class.php 第 52 行.
SQL: SHOW COLUMNS FROM `cate` [ RunTime:0.005000s ]
SQL: SHOW COLUMNS FROM `good` [ RunTime:0.004000s ]
SQL: SELECT `id` FROM `cate` WHERE `cate_name` = '电商' LIMIT 1   [ RunTime:0.000000s ]
SQL: SELECT `id`,`cate_name` FROM `cate` WHERE `cate_pid` = 10  [ RunTime:0.001000s ]
SQL: SELECT `id`,`cate_name`,`cate_pic` FROM `cate` WHERE `cate_pid` = 11  [ RunTime:0.000000s ]
SQL: SELECT `id`,`cate_name`,`cate_pic` FROM `cate` WHERE `cate_pid` = 18  [ RunTime:0.001000s ]
SQL: SELECT `id`,`cate_name`,`cate_pic` FROM `cate` WHERE `cate_pid` = 23  [ RunTime:0.000000s ]
SQL: SELECT `id`,`cate_name`,`cate_pic` FROM `cate` WHERE `cate_pid` = 28  [ RunTime:0.001000s ]
SQL: SELECT `id`,`cate_name`,`cate_pic` FROM `cate` WHERE `cate_pid` = 35  [ RunTime:0.000000s ]
SQL: SELECT `id`,`cate_name`,`cate_pic` FROM `cate` WHERE `cate_pid` = 40  [ RunTime:0.001000s ]
SQL: SELECT `id`,`cate_name`,`cate_pic` FROM `cate` WHERE `cate_pid` = 49  [ RunTime:0.000000s ]
SQL: SELECT `id`,`cate_name`,`cate_pic` FROM `cate` WHERE `cate_pid` = 53  [ RunTime:0.000000s ]
SQL: SELECT `id`,`cate_name`,`cate_pic` FROM `cate` WHERE `cate_pid` = 60  [ RunTime:0.000000s ]

[ 2017-09-10T10:16:23+08:00 ] 127.0.0.1 /gzsc/index.php/Home/Dianshang/cate
INFO: [ app_init ] --START--
INFO: Run Behavior\BuildLiteBehavior [ RunTime:0.000000s ]
INFO: [ app_init ] --END-- [ RunTime:0.000000s ]
INFO: [ app_begin ] --START--
INFO: Run Behavior\ReadHtmlCacheBehavior [ RunTime:0.000000s ]
INFO: [ app_begin ] --END-- [ RunTime:0.000000s ]
NOTIC: [8192] mysql_connect(): The mysql extension is deprecated and will be removed in the future: use mysqli or PDO instead C:\aaa\WWW\gzsc\ThinkPHP\Library\Think\Db\Driver\Mysql.class.php 第 52 行.
SQL: SHOW COLUMNS FROM `cate` [ RunTime:0.048000s ]
SQL: SHOW COLUMNS FROM `good` [ RunTime:0.004000s ]
SQL: SELECT `id` FROM `cate` WHERE `cate_name` = '电商' LIMIT 1   [ RunTime:0.001000s ]
SQL: SELECT `id`,`cate_name` FROM `cate` WHERE `cate_pid` = 10  [ RunTime:0.000000s ]
SQL: SELECT `id`,`cate_name`,`cate_pic` FROM `cate` WHERE `cate_pid` = 11  [ RunTime:0.000000s ]
SQL: SELECT `id`,`cate_name`,`cate_pic` FROM `cate` WHERE `cate_pid` = 18  [ RunTime:0.000000s ]
SQL: SELECT `id`,`cate_name`,`cate_pic` FROM `cate` WHERE `cate_pid` = 23  [ RunTime:0.002000s ]
SQL: SELECT `id`,`cate_name`,`cate_pic` FROM `cate` WHERE `cate_pid` = 28  [ RunTime:0.000000s ]
SQL: SELECT `id`,`cate_name`,`cate_pic` FROM `cate` WHERE `cate_pid` = 35  [ RunTime:0.000000s ]
SQL: SELECT `id`,`cate_name`,`cate_pic` FROM `cate` WHERE `cate_pid` = 40  [ RunTime:0.001000s ]
SQL: SELECT `id`,`cate_name`,`cate_pic` FROM `cate` WHERE `cate_pid` = 49  [ RunTime:0.000000s ]
SQL: SELECT `id`,`cate_name`,`cate_pic` FROM `cate` WHERE `cate_pid` = 53  [ RunTime:0.001000s ]
SQL: SELECT `id`,`cate_name`,`cate_pic` FROM `cate` WHERE `cate_pid` = 60  [ RunTime:0.000000s ]

[ 2017-09-10T10:16:24+08:00 ] 127.0.0.1 /gzsc/index.php/Home/Dianshang/cate
INFO: [ app_init ] --START--
INFO: Run Behavior\BuildLiteBehavior [ RunTime:0.000000s ]
INFO: [ app_init ] --END-- [ RunTime:0.000000s ]
INFO: [ app_begin ] --START--
INFO: Run Behavior\ReadHtmlCacheBehavior [ RunTime:0.000000s ]
INFO: [ app_begin ] --END-- [ RunTime:0.000000s ]
NOTIC: [8192] mysql_connect(): The mysql extension is deprecated and will be removed in the future: use mysqli or PDO instead C:\aaa\WWW\gzsc\ThinkPHP\Library\Think\Db\Driver\Mysql.class.php 第 52 行.
SQL: SHOW COLUMNS FROM `cate` [ RunTime:0.003000s ]
SQL: SHOW COLUMNS FROM `good` [ RunTime:0.005000s ]
SQL: SELECT `id` FROM `cate` WHERE `cate_name` = '电商' LIMIT 1   [ RunTime:0.000000s ]
SQL: SELECT `id`,`cate_name` FROM `cate` WHERE `cate_pid` = 10  [ RunTime:0.001000s ]
SQL: SELECT `id`,`cate_name`,`cate_pic` FROM `cate` WHERE `cate_pid` = 11  [ RunTime:0.000000s ]
SQL: SELECT `id`,`cate_name`,`cate_pic` FROM `cate` WHERE `cate_pid` = 18  [ RunTime:0.001000s ]
SQL: SELECT `id`,`cate_name`,`cate_pic` FROM `cate` WHERE `cate_pid` = 23  [ RunTime:0.000000s ]
SQL: SELECT `id`,`cate_name`,`cate_pic` FROM `cate` WHERE `cate_pid` = 28  [ RunTime:0.001000s ]
SQL: SELECT `id`,`cate_name`,`cate_pic` FROM `cate` WHERE `cate_pid` = 35  [ RunTime:0.000000s ]
SQL: SELECT `id`,`cate_name`,`cate_pic` FROM `cate` WHERE `cate_pid` = 40  [ RunTime:0.001000s ]
SQL: SELECT `id`,`cate_name`,`cate_pic` FROM `cate` WHERE `cate_pid` = 49  [ RunTime:0.000000s ]
SQL: SELECT `id`,`cate_name`,`cate_pic` FROM `cate` WHERE `cate_pid` = 53  [ RunTime:0.001000s ]
SQL: SELECT `id`,`cate_name`,`cate_pic` FROM `cate` WHERE `cate_pid` = 60  [ RunTime:0.000000s ]

