[ 2017-08-25T08:55:18+08:00 ] 192.168.31.216 /gzsc/index.php/Home/Goods/detail?id=14
INFO: [ app_init ] --START--
INFO: Run Behavior\BuildLiteBehavior [ RunTime:0.000000s ]
INFO: [ app_init ] --END-- [ RunTime:0.002000s ]
INFO: [ app_begin ] --START--
INFO: Run Behavior\ReadHtmlCacheBehavior [ RunTime:0.002000s ]
INFO: [ app_begin ] --END-- [ RunTime:0.002000s ]
NOTIC: [8192] mysql_connect(): The mysql extension is deprecated and will be removed in the future: use mysqli or PDO instead C:\aaa\WWW\gzsc\ThinkPHP\Library\Think\Db\Driver\Mysql.class.php 第 52 行.
SQL: SHOW COLUMNS FROM `good` [ RunTime:0.016000s ]
SQL: SHOW COLUMNS FROM `order` [ RunTime:0.010000s ]
SQL: SHOW COLUMNS FROM `user` [ RunTime:0.011000s ]
SQL: SHOW COLUMNS FROM `rele` [ RunTime:0.009000s ]
SQL: SHOW COLUMNS FROM `file` [ RunTime:0.006000s ]
SQL: SHOW COLUMNS FROM `good_attr` [ RunTime:0.006000s ]
SQL: SHOW COLUMNS FROM `evaluate` [ RunTime:0.006000s ]
SQL: SELECT `id`,`user_id`,`good_name` FROM `good` WHERE `id` = 14 LIMIT 1   [ RunTime:0.001000s ]
SQL: SELECT `good_attr_id`,`file_id` FROM `rele` WHERE `good_id` = 14  [ RunTime:0.001000s ]
SQL: SELECT * FROM `good_attr` WHERE `good_id` = 14  [ RunTime:0.000000s ]
SQL: SELECT `user_store_name`,`user_store_pic`,`user_store_phone`,`user_store_evaluate`,`user_store_address` FROM `user` WHERE `id` = 6 LIMIT 1   [ RunTime:0.001000s ]
SQL: SELECT * FROM `evaluate` WHERE `good_id` = 14 ORDER BY add_time desc LIMIT 1   [ RunTime:0.001000s ]
SQL: SELECT COUNT(*) AS tp_count FROM `evaluate` WHERE `good_id` = 14 LIMIT 1   [ RunTime:0.001000s ]
SQL: SELECT `user_pic`,`user_name` FROM `user` WHERE `id` = 9 LIMIT 1   [ RunTime:0.000000s ]
NOTIC: [8] Undefined variable: hwere7 C:\aaa\WWW\gzsc\Application\Home\Controller\GoodsController.class.php 第 143 行.
SQL: SELECT `good_attr_color`,`good_attr_size` FROM `good_attr` LIMIT 1   [ RunTime:0.000000s ]
SQL: SELECT `file_pic` FROM `file` WHERE ( good_id=14 )  [ RunTime:0.000000s ]
SQL: SELECT * FROM `good_attr` WHERE `good_attr_color` = 'red'  [ RunTime:0.001000s ]
SQL: SELECT * FROM `good_attr` WHERE `good_attr_color` = 'red'  [ RunTime:0.000000s ]
SQL: SELECT * FROM `good_attr` WHERE `good_attr_color` = 'blue'  [ RunTime:0.000000s ]
SQL: SELECT * FROM `good_attr` WHERE `good_attr_color` = 'red'  [ RunTime:0.000000s ]

[ 2017-08-25T15:12:37+08:00 ] ::1 /gzsc/
INFO: [ app_init ] --START--
INFO: Run Behavior\BuildLiteBehavior [ RunTime:0.000000s ]
INFO: [ app_init ] --END-- [ RunTime:0.001000s ]
INFO: [ app_begin ] --START--
INFO: Run Behavior\ReadHtmlCacheBehavior [ RunTime:0.001000s ]
INFO: [ app_begin ] --END-- [ RunTime:0.001000s ]
INFO: [ view_parse ] --START--
INFO: [ template_filter ] --START--
INFO: Run Behavior\ContentReplaceBehavior [ RunTime:0.000000s ]
INFO: [ template_filter ] --END-- [ RunTime:0.000000s ]
INFO: Run Behavior\ParseTemplateBehavior [ RunTime:0.006000s ]
INFO: [ view_parse ] --END-- [ RunTime:0.006000s ]
INFO: [ view_filter ] --START--
INFO: Run Behavior\WriteHtmlCacheBehavior [ RunTime:0.000000s ]
INFO: [ view_filter ] --END-- [ RunTime:0.001000s ]
INFO: [ app_end ] --START--
INFO: Run Behavior\ShowPageTraceBehavior [ RunTime:0.001000s ]
INFO: [ app_end ] --END-- [ RunTime:0.001000s ]

[ 2017-08-25T15:14:58+08:00 ] 192.168.31.144 /gzsc/index.php/Home/Dianshang/indexaa?p=1&lat=35.306672&lng=113.946351
INFO: [ app_init ] --START--
INFO: Run Behavior\BuildLiteBehavior [ RunTime:0.000000s ]
INFO: [ app_init ] --END-- [ RunTime:0.001000s ]
INFO: [ app_begin ] --START--
INFO: Run Behavior\ReadHtmlCacheBehavior [ RunTime:0.001000s ]
INFO: [ app_begin ] --END-- [ RunTime:0.001000s ]
NOTIC: [8192] mysql_connect(): The mysql extension is deprecated and will be removed in the future: use mysqli or PDO instead C:\aaa\WWW\gzsc\ThinkPHP\Library\Think\Db\Driver\Mysql.class.php 第 52 行.
SQL: SHOW COLUMNS FROM `user` [ RunTime:0.012000s ]
SQL: SHOW COLUMNS FROM `pics` [ RunTime:0.016000s ]
SQL: SELECT `id`,`user_store_x`,`user_store_y`,`user_store_name`,`user_store_evaluate`,`user_store_pic`,`user_store_pic1`,`user_store_pic2`,`user_store_pic3`,`user_store_pic4`,`user_store_phone` FROM `user` WHERE `user_grade` = 2  [ RunTime:0.000000s ]
SQL: SELECT `pic`,`pic_http`,`pic_descr` FROM `pics` WHERE `store_id` = 6 AND `pic_address` = 1 AND `pic_state` = 1  [ RunTime:0.000000s ]
SQL: SELECT `pic`,`pic_http`,`pic_descr` FROM `pics` WHERE `store_id` = 16 AND `pic_address` = 1 AND `pic_state` = 1  [ RunTime:0.000000s ]
SQL: SELECT `pic`,`pic_http`,`pic_descr` FROM `pics` WHERE `store_id` = 17 AND `pic_address` = 1 AND `pic_state` = 1  [ RunTime:0.001000s ]
SQL: SELECT `pic`,`pic_http`,`pic_descr` FROM `pics` WHERE `store_id` = 18 AND `pic_address` = 1 AND `pic_state` = 1  [ RunTime:0.000000s ]
SQL: SELECT `pic`,`pic_http`,`pic_descr` FROM `pics` WHERE `store_id` = 20 AND `pic_address` = 1 AND `pic_state` = 1  [ RunTime:0.000000s ]
SQL: SELECT `pic`,`pic_http`,`pic_descr` FROM `pics` WHERE `store_id` = 23 AND `pic_address` = 1 AND `pic_state` = 1  [ RunTime:0.000000s ]
SQL: SELECT `pic`,`pic_http`,`pic_descr` FROM `pics` WHERE `store_id` = 21 AND `pic_address` = 1 AND `pic_state` = 1  [ RunTime:0.000000s ]
NOTIC: [2] Invalid argument supplied for foreach() C:\aaa\WWW\gzsc\Application\Home\Controller\DianshangController.class.php 第 98 行.
NOTIC: [2] Invalid argument supplied for foreach() C:\aaa\WWW\gzsc\Application\Home\Controller\DianshangController.class.php 第 98 行.
NOTIC: [2] Invalid argument supplied for foreach() C:\aaa\WWW\gzsc\Application\Home\Controller\DianshangController.class.php 第 98 行.
NOTIC: [2] Invalid argument supplied for foreach() C:\aaa\WWW\gzsc\Application\Home\Controller\DianshangController.class.php 第 98 行.
NOTIC: [2] Invalid argument supplied for foreach() C:\aaa\WWW\gzsc\Application\Home\Controller\DianshangController.class.php 第 98 行.
NOTIC: [2] Invalid argument supplied for foreach() C:\aaa\WWW\gzsc\Application\Home\Controller\DianshangController.class.php 第 98 行.
SQL: SELECT `pic`,`pic_http`,`pic_descr` FROM `pics` WHERE `store_id` = 6 AND `pic_address` = 2 AND `pic_state` = 1  [ RunTime:0.001000s ]
SQL: SELECT `pic`,`pic_http`,`pic_descr` FROM `pics` WHERE `store_id` = 16 AND `pic_address` = 2 AND `pic_state` = 1  [ RunTime:0.000000s ]
SQL: SELECT `pic`,`pic_http`,`pic_descr` FROM `pics` WHERE `store_id` = 17 AND `pic_address` = 2 AND `pic_state` = 1  [ RunTime:0.001000s ]
SQL: SELECT `pic`,`pic_http`,`pic_descr` FROM `pics` WHERE `store_id` = 18 AND `pic_address` = 2 AND `pic_state` = 1  [ RunTime:0.000000s ]
SQL: SELECT `pic`,`pic_http`,`pic_descr` FROM `pics` WHERE `store_id` = 20 AND `pic_address` = 2 AND `pic_state` = 1  [ RunTime:0.000000s ]
SQL: SELECT `pic`,`pic_http`,`pic_descr` FROM `pics` WHERE `store_id` = 23 AND `pic_address` = 2 AND `pic_state` = 1  [ RunTime:0.000000s ]
SQL: SELECT `pic`,`pic_http`,`pic_descr` FROM `pics` WHERE `store_id` = 21 AND `pic_address` = 2 AND `pic_state` = 1  [ RunTime:0.000000s ]
NOTIC: [2] Invalid argument supplied for foreach() C:\aaa\WWW\gzsc\Application\Home\Controller\DianshangController.class.php 第 110 行.
NOTIC: [2] Invalid argument supplied for foreach() C:\aaa\WWW\gzsc\Application\Home\Controller\DianshangController.class.php 第 110 行.
NOTIC: [2] Invalid argument supplied for foreach() C:\aaa\WWW\gzsc\Application\Home\Controller\DianshangController.class.php 第 110 行.
NOTIC: [2] Invalid argument supplied for foreach() C:\aaa\WWW\gzsc\Application\Home\Controller\DianshangController.class.php 第 110 行.
NOTIC: [2] Invalid argument supplied for foreach() C:\aaa\WWW\gzsc\Application\Home\Controller\DianshangController.class.php 第 110 行.
NOTIC: [2] Invalid argument supplied for foreach() C:\aaa\WWW\gzsc\Application\Home\Controller\DianshangController.class.php 第 110 行.

[ 2017-08-25T15:15:03+08:00 ] 192.168.31.144 /gzsc/index.php/Home/Store/store?store_id=6
INFO: [ app_init ] --START--
INFO: Run Behavior\BuildLiteBehavior [ RunTime:0.000000s ]
INFO: [ app_init ] --END-- [ RunTime:0.000000s ]
INFO: [ app_begin ] --START--
INFO: Run Behavior\ReadHtmlCacheBehavior [ RunTime:0.001000s ]
INFO: [ app_begin ] --END-- [ RunTime:0.001000s ]
NOTIC: [8192] mysql_connect(): The mysql extension is deprecated and will be removed in the future: use mysqli or PDO instead C:\aaa\WWW\gzsc\ThinkPHP\Library\Think\Db\Driver\Mysql.class.php 第 52 行.
SQL: SHOW COLUMNS FROM `good` [ RunTime:0.012000s ]
SQL: SHOW COLUMNS FROM `file` [ RunTime:0.010000s ]
SQL: SHOW COLUMNS FROM `orderdetail` [ RunTime:0.009000s ]
SQL: SELECT * FROM `good` WHERE `user_id` = 6  [ RunTime:0.000000s ]
SQL: SELECT `file_pic` FROM `file` WHERE `good_id` = 14 LIMIT 1   [ RunTime:0.001000s ]
SQL: SELECT * FROM `orderdetail` WHERE `good_id` = 14  [ RunTime:0.001000s ]
SQL: SELECT `file_pic` FROM `file` WHERE `good_id` = 15 LIMIT 1   [ RunTime:0.001000s ]
SQL: SELECT * FROM `orderdetail` WHERE `good_id` = 15  [ RunTime:0.000000s ]
NOTIC: [2] Invalid argument supplied for foreach() C:\aaa\WWW\gzsc\Application\Home\Controller\StoreController.class.php 第 40 行.
SQL: SELECT `file_pic` FROM `file` WHERE `good_id` = 18 LIMIT 1   [ RunTime:0.000000s ]
SQL: SELECT * FROM `orderdetail` WHERE `good_id` = 18  [ RunTime:0.000000s ]
NOTIC: [2] Invalid argument supplied for foreach() C:\aaa\WWW\gzsc\Application\Home\Controller\StoreController.class.php 第 40 行.
SQL: SELECT `file_pic` FROM `file` WHERE `good_id` = 23 LIMIT 1   [ RunTime:0.001000s ]
SQL: SELECT * FROM `orderdetail` WHERE `good_id` = 23  [ RunTime:0.001000s ]
NOTIC: [2] Invalid argument supplied for foreach() C:\aaa\WWW\gzsc\Application\Home\Controller\StoreController.class.php 第 40 行.
NOTIC: [8] Undefined index: p C:\aaa\WWW\gzsc\Application\Home\Controller\StoreController.class.php 第 68 行.
NOTIC: [8] Undefined variable: p C:\aaa\WWW\gzsc\Application\Home\Controller\StoreController.class.php 第 77 行.

[ 2017-08-25T15:15:06+08:00 ] 192.168.31.144 /gzsc/index.php/Home/Dianshang/indexaa?p=1&lat=0.0&lng=0.0
INFO: [ app_init ] --START--
INFO: Run Behavior\BuildLiteBehavior [ RunTime:0.000000s ]
INFO: [ app_init ] --END-- [ RunTime:0.001000s ]
INFO: [ app_begin ] --START--
INFO: Run Behavior\ReadHtmlCacheBehavior [ RunTime:0.001000s ]
INFO: [ app_begin ] --END-- [ RunTime:0.001000s ]
NOTIC: [8192] mysql_connect(): The mysql extension is deprecated and will be removed in the future: use mysqli or PDO instead C:\aaa\WWW\gzsc\ThinkPHP\Library\Think\Db\Driver\Mysql.class.php 第 52 行.
SQL: SHOW COLUMNS FROM `user` [ RunTime:0.013000s ]
SQL: SHOW COLUMNS FROM `pics` [ RunTime:0.010000s ]
SQL: SELECT `id`,`user_store_x`,`user_store_y`,`user_store_name`,`user_store_evaluate`,`user_store_pic`,`user_store_pic1`,`user_store_pic2`,`user_store_pic3`,`user_store_pic4`,`user_store_phone` FROM `user` WHERE `user_grade` = 2  [ RunTime:0.000000s ]
SQL: SELECT `pic`,`pic_http`,`pic_descr` FROM `pics` WHERE `store_id` = 6 AND `pic_address` = 1 AND `pic_state` = 1  [ RunTime:0.000000s ]
SQL: SELECT `pic`,`pic_http`,`pic_descr` FROM `pics` WHERE `store_id` = 16 AND `pic_address` = 1 AND `pic_state` = 1  [ RunTime:0.000000s ]
SQL: SELECT `pic`,`pic_http`,`pic_descr` FROM `pics` WHERE `store_id` = 17 AND `pic_address` = 1 AND `pic_state` = 1  [ RunTime:0.001000s ]
SQL: SELECT `pic`,`pic_http`,`pic_descr` FROM `pics` WHERE `store_id` = 18 AND `pic_address` = 1 AND `pic_state` = 1  [ RunTime:0.001000s ]
SQL: SELECT `pic`,`pic_http`,`pic_descr` FROM `pics` WHERE `store_id` = 20 AND `pic_address` = 1 AND `pic_state` = 1  [ RunTime:0.000000s ]
SQL: SELECT `pic`,`pic_http`,`pic_descr` FROM `pics` WHERE `store_id` = 23 AND `pic_address` = 1 AND `pic_state` = 1  [ RunTime:0.000000s ]
SQL: SELECT `pic`,`pic_http`,`pic_descr` FROM `pics` WHERE `store_id` = 21 AND `pic_address` = 1 AND `pic_state` = 1  [ RunTime:0.001000s ]
NOTIC: [2] Invalid argument supplied for foreach() C:\aaa\WWW\gzsc\Application\Home\Controller\DianshangController.class.php 第 98 行.
NOTIC: [2] Invalid argument supplied for foreach() C:\aaa\WWW\gzsc\Application\Home\Controller\DianshangController.class.php 第 98 行.
NOTIC: [2] Invalid argument supplied for foreach() C:\aaa\WWW\gzsc\Application\Home\Controller\DianshangController.class.php 第 98 行.
NOTIC: [2] Invalid argument supplied for foreach() C:\aaa\WWW\gzsc\Application\Home\Controller\DianshangController.class.php 第 98 行.
NOTIC: [2] Invalid argument supplied for foreach() C:\aaa\WWW\gzsc\Application\Home\Controller\DianshangController.class.php 第 98 行.
NOTIC: [2] Invalid argument supplied for foreach() C:\aaa\WWW\gzsc\Application\Home\Controller\DianshangController.class.php 第 98 行.
SQL: SELECT `pic`,`pic_http`,`pic_descr` FROM `pics` WHERE `store_id` = 6 AND `pic_address` = 2 AND `pic_state` = 1  [ RunTime:0.000000s ]
SQL: SELECT `pic`,`pic_http`,`pic_descr` FROM `pics` WHERE `store_id` = 16 AND `pic_address` = 2 AND `pic_state` = 1  [ RunTime:0.000000s ]
SQL: SELECT `pic`,`pic_http`,`pic_descr` FROM `pics` WHERE `store_id` = 17 AND `pic_address` = 2 AND `pic_state` = 1  [ RunTime:0.001000s ]
SQL: SELECT `pic`,`pic_http`,`pic_descr` FROM `pics` WHERE `store_id` = 18 AND `pic_address` = 2 AND `pic_state` = 1  [ RunTime:0.000000s ]
SQL: SELECT `pic`,`pic_http`,`pic_descr` FROM `pics` WHERE `store_id` = 20 AND `pic_address` = 2 AND `pic_state` = 1  [ RunTime:0.000000s ]
SQL: SELECT `pic`,`pic_http`,`pic_descr` FROM `pics` WHERE `store_id` = 23 AND `pic_address` = 2 AND `pic_state` = 1  [ RunTime:0.000000s ]
SQL: SELECT `pic`,`pic_http`,`pic_descr` FROM `pics` WHERE `store_id` = 21 AND `pic_address` = 2 AND `pic_state` = 1  [ RunTime:0.001000s ]
NOTIC: [2] Invalid argument supplied for foreach() C:\aaa\WWW\gzsc\Application\Home\Controller\DianshangController.class.php 第 110 行.
NOTIC: [2] Invalid argument supplied for foreach() C:\aaa\WWW\gzsc\Application\Home\Controller\DianshangController.class.php 第 110 行.
NOTIC: [2] Invalid argument supplied for foreach() C:\aaa\WWW\gzsc\Application\Home\Controller\DianshangController.class.php 第 110 行.
NOTIC: [2] Invalid argument supplied for foreach() C:\aaa\WWW\gzsc\Application\Home\Controller\DianshangController.class.php 第 110 行.
NOTIC: [2] Invalid argument supplied for foreach() C:\aaa\WWW\gzsc\Application\Home\Controller\DianshangController.class.php 第 110 行.
NOTIC: [2] Invalid argument supplied for foreach() C:\aaa\WWW\gzsc\Application\Home\Controller\DianshangController.class.php 第 110 行.

[ 2017-08-25T15:15:09+08:00 ] 192.168.31.144 /gzsc/index.php/Home/Dianshang/indexaa?p=1&lat=35.307375&lng=113.946427
INFO: [ app_init ] --START--
INFO: Run Behavior\BuildLiteBehavior [ RunTime:0.000000s ]
INFO: [ app_init ] --END-- [ RunTime:0.000000s ]
INFO: [ app_begin ] --START--
INFO: Run Behavior\ReadHtmlCacheBehavior [ RunTime:0.000000s ]
INFO: [ app_begin ] --END-- [ RunTime:0.000000s ]
NOTIC: [8192] mysql_connect(): The mysql extension is deprecated and will be removed in the future: use mysqli or PDO instead C:\aaa\WWW\gzsc\ThinkPHP\Library\Think\Db\Driver\Mysql.class.php 第 52 行.
SQL: SHOW COLUMNS FROM `user` [ RunTime:0.011000s ]
SQL: SHOW COLUMNS FROM `pics` [ RunTime:0.009000s ]
SQL: SELECT `id`,`user_store_x`,`user_store_y`,`user_store_name`,`user_store_evaluate`,`user_store_pic`,`user_store_pic1`,`user_store_pic2`,`user_store_pic3`,`user_store_pic4`,`user_store_phone` FROM `user` WHERE `user_grade` = 2  [ RunTime:0.001000s ]
SQL: SELECT `pic`,`pic_http`,`pic_descr` FROM `pics` WHERE `store_id` = 6 AND `pic_address` = 1 AND `pic_state` = 1  [ RunTime:0.001000s ]
SQL: SELECT `pic`,`pic_http`,`pic_descr` FROM `pics` WHERE `store_id` = 16 AND `pic_address` = 1 AND `pic_state` = 1  [ RunTime:0.000000s ]
SQL: SELECT `pic`,`pic_http`,`pic_descr` FROM `pics` WHERE `store_id` = 17 AND `pic_address` = 1 AND `pic_state` = 1  [ RunTime:0.000000s ]
SQL: SELECT `pic`,`pic_http`,`pic_descr` FROM `pics` WHERE `store_id` = 18 AND `pic_address` = 1 AND `pic_state` = 1  [ RunTime:0.001000s ]
SQL: SELECT `pic`,`pic_http`,`pic_descr` FROM `pics` WHERE `store_id` = 20 AND `pic_address` = 1 AND `pic_state` = 1  [ RunTime:0.000000s ]
SQL: SELECT `pic`,`pic_http`,`pic_descr` FROM `pics` WHERE `store_id` = 23 AND `pic_address` = 1 AND `pic_state` = 1  [ RunTime:0.000000s ]
SQL: SELECT `pic`,`pic_http`,`pic_descr` FROM `pics` WHERE `store_id` = 21 AND `pic_address` = 1 AND `pic_state` = 1  [ RunTime:0.000000s ]
NOTIC: [2] Invalid argument supplied for foreach() C:\aaa\WWW\gzsc\Application\Home\Controller\DianshangController.class.php 第 98 行.
NOTIC: [2] Invalid argument supplied for foreach() C:\aaa\WWW\gzsc\Application\Home\Controller\DianshangController.class.php 第 98 行.
NOTIC: [2] Invalid argument supplied for foreach() C:\aaa\WWW\gzsc\Application\Home\Controller\DianshangController.class.php 第 98 行.
NOTIC: [2] Invalid argument supplied for foreach() C:\aaa\WWW\gzsc\Application\Home\Controller\DianshangController.class.php 第 98 行.
NOTIC: [2] Invalid argument supplied for foreach() C:\aaa\WWW\gzsc\Application\Home\Controller\DianshangController.class.php 第 98 行.
NOTIC: [2] Invalid argument supplied for foreach() C:\aaa\WWW\gzsc\Application\Home\Controller\DianshangController.class.php 第 98 行.
SQL: SELECT `pic`,`pic_http`,`pic_descr` FROM `pics` WHERE `store_id` = 6 AND `pic_address` = 2 AND `pic_state` = 1  [ RunTime:0.000000s ]
SQL: SELECT `pic`,`pic_http`,`pic_descr` FROM `pics` WHERE `store_id` = 16 AND `pic_address` = 2 AND `pic_state` = 1  [ RunTime:0.001000s ]
SQL: SELECT `pic`,`pic_http`,`pic_descr` FROM `pics` WHERE `store_id` = 17 AND `pic_address` = 2 AND `pic_state` = 1  [ RunTime:0.000000s ]
SQL: SELECT `pic`,`pic_http`,`pic_descr` FROM `pics` WHERE `store_id` = 18 AND `pic_address` = 2 AND `pic_state` = 1  [ RunTime:0.000000s ]
SQL: SELECT `pic`,`pic_http`,`pic_descr` FROM `pics` WHERE `store_id` = 20 AND `pic_address` = 2 AND `pic_state` = 1  [ RunTime:0.001000s ]
SQL: SELECT `pic`,`pic_http`,`pic_descr` FROM `pics` WHERE `store_id` = 23 AND `pic_address` = 2 AND `pic_state` = 1  [ RunTime:0.000000s ]
SQL: SELECT `pic`,`pic_http`,`pic_descr` FROM `pics` WHERE `store_id` = 21 AND `pic_address` = 2 AND `pic_state` = 1  [ RunTime:0.001000s ]
NOTIC: [2] Invalid argument supplied for foreach() C:\aaa\WWW\gzsc\Application\Home\Controller\DianshangController.class.php 第 110 行.
NOTIC: [2] Invalid argument supplied for foreach() C:\aaa\WWW\gzsc\Application\Home\Controller\DianshangController.class.php 第 110 行.
NOTIC: [2] Invalid argument supplied for foreach() C:\aaa\WWW\gzsc\Application\Home\Controller\DianshangController.class.php 第 110 行.
NOTIC: [2] Invalid argument supplied for foreach() C:\aaa\WWW\gzsc\Application\Home\Controller\DianshangController.class.php 第 110 行.
NOTIC: [2] Invalid argument supplied for foreach() C:\aaa\WWW\gzsc\Application\Home\Controller\DianshangController.class.php 第 110 行.
NOTIC: [2] Invalid argument supplied for foreach() C:\aaa\WWW\gzsc\Application\Home\Controller\DianshangController.class.php 第 110 行.

[ 2017-08-25T15:15:18+08:00 ] 192.168.31.144 /gzsc/index.php/Home/Store/store?store_id=6
INFO: [ app_init ] --START--
INFO: Run Behavior\BuildLiteBehavior [ RunTime:0.000000s ]
INFO: [ app_init ] --END-- [ RunTime:0.000000s ]
INFO: [ app_begin ] --START--
INFO: Run Behavior\ReadHtmlCacheBehavior [ RunTime:0.001000s ]
INFO: [ app_begin ] --END-- [ RunTime:0.001000s ]
NOTIC: [8192] mysql_connect(): The mysql extension is deprecated and will be removed in the future: use mysqli or PDO instead C:\aaa\WWW\gzsc\ThinkPHP\Library\Think\Db\Driver\Mysql.class.php 第 52 行.
SQL: SHOW COLUMNS FROM `good` [ RunTime:0.013000s ]
SQL: SHOW COLUMNS FROM `file` [ RunTime:0.014000s ]
SQL: SHOW COLUMNS FROM `orderdetail` [ RunTime:0.009000s ]
SQL: SELECT * FROM `good` WHERE `user_id` = 6  [ RunTime:0.001000s ]
SQL: SELECT `file_pic` FROM `file` WHERE `good_id` = 14 LIMIT 1   [ RunTime:0.000000s ]
SQL: SELECT * FROM `orderdetail` WHERE `good_id` = 14  [ RunTime:0.000000s ]
SQL: SELECT `file_pic` FROM `file` WHERE `good_id` = 15 LIMIT 1   [ RunTime:0.001000s ]
SQL: SELECT * FROM `orderdetail` WHERE `good_id` = 15  [ RunTime:0.000000s ]
NOTIC: [2] Invalid argument supplied for foreach() C:\aaa\WWW\gzsc\Application\Home\Controller\StoreController.class.php 第 40 行.
SQL: SELECT `file_pic` FROM `file` WHERE `good_id` = 18 LIMIT 1   [ RunTime:0.001000s ]
SQL: SELECT * FROM `orderdetail` WHERE `good_id` = 18  [ RunTime:0.000000s ]
NOTIC: [2] Invalid argument supplied for foreach() C:\aaa\WWW\gzsc\Application\Home\Controller\StoreController.class.php 第 40 行.
SQL: SELECT `file_pic` FROM `file` WHERE `good_id` = 23 LIMIT 1   [ RunTime:0.000000s ]
SQL: SELECT * FROM `orderdetail` WHERE `good_id` = 23  [ RunTime:0.001000s ]
NOTIC: [2] Invalid argument supplied for foreach() C:\aaa\WWW\gzsc\Application\Home\Controller\StoreController.class.php 第 40 行.
NOTIC: [8] Undefined index: p C:\aaa\WWW\gzsc\Application\Home\Controller\StoreController.class.php 第 68 行.
NOTIC: [8] Undefined variable: p C:\aaa\WWW\gzsc\Application\Home\Controller\StoreController.class.php 第 77 行.

[ 2017-08-25T15:15:23+08:00 ] 192.168.31.144 /gzsc/index.php/Home/Dianshang/indexaa?p=1&lat=0.0&lng=0.0
INFO: [ app_init ] --START--
INFO: Run Behavior\BuildLiteBehavior [ RunTime:0.000000s ]
INFO: [ app_init ] --END-- [ RunTime:0.001000s ]
INFO: [ app_begin ] --START--
INFO: Run Behavior\ReadHtmlCacheBehavior [ RunTime:0.001000s ]
INFO: [ app_begin ] --END-- [ RunTime:0.001000s ]
NOTIC: [8192] mysql_connect(): The mysql extension is deprecated and will be removed in the future: use mysqli or PDO instead C:\aaa\WWW\gzsc\ThinkPHP\Library\Think\Db\Driver\Mysql.class.php 第 52 行.
SQL: SHOW COLUMNS FROM `user` [ RunTime:0.010000s ]
SQL: SHOW COLUMNS FROM `pics` [ RunTime:0.007000s ]
SQL: SELECT `id`,`user_store_x`,`user_store_y`,`user_store_name`,`user_store_evaluate`,`user_store_pic`,`user_store_pic1`,`user_store_pic2`,`user_store_pic3`,`user_store_pic4`,`user_store_phone` FROM `user` WHERE `user_grade` = 2  [ RunTime:0.001000s ]
SQL: SELECT `pic`,`pic_http`,`pic_descr` FROM `pics` WHERE `store_id` = 6 AND `pic_address` = 1 AND `pic_state` = 1  [ RunTime:0.000000s ]
SQL: SELECT `pic`,`pic_http`,`pic_descr` FROM `pics` WHERE `store_id` = 16 AND `pic_address` = 1 AND `pic_state` = 1  [ RunTime:0.000000s ]
SQL: SELECT `pic`,`pic_http`,`pic_descr` FROM `pics` WHERE `store_id` = 17 AND `pic_address` = 1 AND `pic_state` = 1  [ RunTime:0.000000s ]
SQL: SELECT `pic`,`pic_http`,`pic_descr` FROM `pics` WHERE `store_id` = 18 AND `pic_address` = 1 AND `pic_state` = 1  [ RunTime:0.000000s ]
SQL: SELECT `pic`,`pic_http`,`pic_descr` FROM `pics` WHERE `store_id` = 20 AND `pic_address` = 1 AND `pic_state` = 1  [ RunTime:0.000000s ]
SQL: SELECT `pic`,`pic_http`,`pic_descr` FROM `pics` WHERE `store_id` = 23 AND `pic_address` = 1 AND `pic_state` = 1  [ RunTime:0.000000s ]
SQL: SELECT `pic`,`pic_http`,`pic_descr` FROM `pics` WHERE `store_id` = 21 AND `pic_address` = 1 AND `pic_state` = 1  [ RunTime:0.001000s ]
NOTIC: [2] Invalid argument supplied for foreach() C:\aaa\WWW\gzsc\Application\Home\Controller\DianshangController.class.php 第 98 行.
NOTIC: [2] Invalid argument supplied for foreach() C:\aaa\WWW\gzsc\Application\Home\Controller\DianshangController.class.php 第 98 行.
NOTIC: [2] Invalid argument supplied for foreach() C:\aaa\WWW\gzsc\Application\Home\Controller\DianshangController.class.php 第 98 行.
NOTIC: [2] Invalid argument supplied for foreach() C:\aaa\WWW\gzsc\Application\Home\Controller\DianshangController.class.php 第 98 行.
NOTIC: [2] Invalid argument supplied for foreach() C:\aaa\WWW\gzsc\Application\Home\Controller\DianshangController.class.php 第 98 行.
NOTIC: [2] Invalid argument supplied for foreach() C:\aaa\WWW\gzsc\Application\Home\Controller\DianshangController.class.php 第 98 行.
SQL: SELECT `pic`,`pic_http`,`pic_descr` FROM `pics` WHERE `store_id` = 6 AND `pic_address` = 2 AND `pic_state` = 1  [ RunTime:0.001000s ]
SQL: SELECT `pic`,`pic_http`,`pic_descr` FROM `pics` WHERE `store_id` = 16 AND `pic_address` = 2 AND `pic_state` = 1  [ RunTime:0.001000s ]
SQL: SELECT `pic`,`pic_http`,`pic_descr` FROM `pics` WHERE `store_id` = 17 AND `pic_address` = 2 AND `pic_state` = 1  [ RunTime:0.001000s ]
SQL: SELECT `pic`,`pic_http`,`pic_descr` FROM `pics` WHERE `store_id` = 18 AND `pic_address` = 2 AND `pic_state` = 1  [ RunTime:0.001000s ]
SQL: SELECT `pic`,`pic_http`,`pic_descr` FROM `pics` WHERE `store_id` = 20 AND `pic_address` = 2 AND `pic_state` = 1  [ RunTime:0.001000s ]
SQL: SELECT `pic`,`pic_http`,`pic_descr` FROM `pics` WHERE `store_id` = 23 AND `pic_address` = 2 AND `pic_state` = 1  [ RunTime:0.001000s ]
SQL: SELECT `pic`,`pic_http`,`pic_descr` FROM `pics` WHERE `store_id` = 21 AND `pic_address` = 2 AND `pic_state` = 1  [ RunTime:0.000000s ]
NOTIC: [2] Invalid argument supplied for foreach() C:\aaa\WWW\gzsc\Application\Home\Controller\DianshangController.class.php 第 110 行.
NOTIC: [2] Invalid argument supplied for foreach() C:\aaa\WWW\gzsc\Application\Home\Controller\DianshangController.class.php 第 110 行.
NOTIC: [2] Invalid argument supplied for foreach() C:\aaa\WWW\gzsc\Application\Home\Controller\DianshangController.class.php 第 110 行.
NOTIC: [2] Invalid argument supplied for foreach() C:\aaa\WWW\gzsc\Application\Home\Controller\DianshangController.class.php 第 110 行.
NOTIC: [2] Invalid argument supplied for foreach() C:\aaa\WWW\gzsc\Application\Home\Controller\DianshangController.class.php 第 110 行.
NOTIC: [2] Invalid argument supplied for foreach() C:\aaa\WWW\gzsc\Application\Home\Controller\DianshangController.class.php 第 110 行.

[ 2017-08-25T15:16:57+08:00 ] 192.168.31.125 /gzsc/index.php/Home/Goods/detail?id=14
INFO: [ app_init ] --START--
INFO: Run Behavior\BuildLiteBehavior [ RunTime:0.000000s ]
INFO: [ app_init ] --END-- [ RunTime:0.000000s ]
INFO: [ app_begin ] --START--
INFO: Run Behavior\ReadHtmlCacheBehavior [ RunTime:0.001000s ]
INFO: [ app_begin ] --END-- [ RunTime:0.001000s ]
NOTIC: [8192] mysql_connect(): The mysql extension is deprecated and will be removed in the future: use mysqli or PDO instead C:\aaa\WWW\gzsc\ThinkPHP\Library\Think\Db\Driver\Mysql.class.php 第 52 行.
SQL: SHOW COLUMNS FROM `good` [ RunTime:0.007000s ]
SQL: SHOW COLUMNS FROM `order` [ RunTime:0.009000s ]
SQL: SHOW COLUMNS FROM `user` [ RunTime:0.003000s ]
SQL: SHOW COLUMNS FROM `rele` [ RunTime:0.004000s ]
SQL: SHOW COLUMNS FROM `file` [ RunTime:0.002000s ]
SQL: SHOW COLUMNS FROM `good_attr` [ RunTime:0.004000s ]
SQL: SHOW COLUMNS FROM `evaluate` [ RunTime:0.003000s ]
SQL: SELECT `id`,`user_id`,`good_name` FROM `good` WHERE `id` = 14 LIMIT 1   [ RunTime:0.000000s ]
SQL: SELECT `good_attr_id`,`file_id` FROM `rele` WHERE `good_id` = 14  [ RunTime:0.001000s ]
SQL: SELECT * FROM `good_attr` WHERE `good_id` = 14  [ RunTime:0.001000s ]
SQL: SELECT `user_store_name`,`user_store_pic`,`user_store_phone`,`user_store_evaluate`,`user_store_address` FROM `user` WHERE `id` = 6 LIMIT 1   [ RunTime:0.000000s ]
SQL: SELECT * FROM `evaluate` WHERE `good_id` = 14 ORDER BY add_time desc LIMIT 1   [ RunTime:0.001000s ]
SQL: SELECT COUNT(*) AS tp_count FROM `evaluate` WHERE `good_id` = 14 LIMIT 1   [ RunTime:0.000000s ]
SQL: SELECT `user_pic`,`user_name` FROM `user` WHERE `id` = 9 LIMIT 1   [ RunTime:0.000000s ]
NOTIC: [8] Undefined variable: hwere7 C:\aaa\WWW\gzsc\Application\Home\Controller\GoodsController.class.php 第 143 行.
SQL: SELECT `good_attr_color`,`good_attr_size` FROM `good_attr` LIMIT 1   [ RunTime:0.001000s ]
SQL: SELECT `file_pic` FROM `file` WHERE ( good_id=14 )  [ RunTime:0.000000s ]
SQL: SELECT * FROM `good_attr` WHERE `good_attr_color` = 'red'  [ RunTime:0.000000s ]
SQL: SELECT * FROM `good_attr` WHERE `good_attr_color` = 'red'  [ RunTime:0.001000s ]
SQL: SELECT * FROM `good_attr` WHERE `good_attr_color` = 'blue'  [ RunTime:0.000000s ]
SQL: SELECT * FROM `good_attr` WHERE `good_attr_color` = 'red'  [ RunTime:0.000000s ]

[ 2017-08-25T15:17:09+08:00 ] 192.168.31.125 /gzsc/index.php/Home/Goods/detail?id=14
INFO: [ app_init ] --START--
INFO: Run Behavior\BuildLiteBehavior [ RunTime:0.000000s ]
INFO: [ app_init ] --END-- [ RunTime:0.000000s ]
INFO: [ app_begin ] --START--
INFO: Run Behavior\ReadHtmlCacheBehavior [ RunTime:0.001000s ]
INFO: [ app_begin ] --END-- [ RunTime:0.001000s ]
NOTIC: [8192] mysql_connect(): The mysql extension is deprecated and will be removed in the future: use mysqli or PDO instead C:\aaa\WWW\gzsc\ThinkPHP\Library\Think\Db\Driver\Mysql.class.php 第 52 行.
SQL: SHOW COLUMNS FROM `good` [ RunTime:0.005000s ]
SQL: SHOW COLUMNS FROM `order` [ RunTime:0.006000s ]
SQL: SHOW COLUMNS FROM `user` [ RunTime:0.005000s ]
SQL: SHOW COLUMNS FROM `rele` [ RunTime:0.005000s ]
SQL: SHOW COLUMNS FROM `file` [ RunTime:0.006000s ]
SQL: SHOW COLUMNS FROM `good_attr` [ RunTime:0.006000s ]
SQL: SHOW COLUMNS FROM `evaluate` [ RunTime:0.005000s ]
SQL: SELECT `id`,`user_id`,`good_name` FROM `good` WHERE `id` = 14 LIMIT 1   [ RunTime:0.001000s ]
SQL: SELECT `good_attr_id`,`file_id` FROM `rele` WHERE `good_id` = 14  [ RunTime:0.002000s ]
SQL: SELECT * FROM `good_attr` WHERE `good_id` = 14  [ RunTime:0.001000s ]
SQL: SELECT `user_store_name`,`user_store_pic`,`user_store_phone`,`user_store_evaluate`,`user_store_address` FROM `user` WHERE `id` = 6 LIMIT 1   [ RunTime:0.000000s ]
SQL: SELECT * FROM `evaluate` WHERE `good_id` = 14 ORDER BY add_time desc LIMIT 1   [ RunTime:0.001000s ]
SQL: SELECT COUNT(*) AS tp_count FROM `evaluate` WHERE `good_id` = 14 LIMIT 1   [ RunTime:0.000000s ]
SQL: SELECT `user_pic`,`user_name` FROM `user` WHERE `id` = 9 LIMIT 1   [ RunTime:0.000000s ]
NOTIC: [8] Undefined variable: hwere7 C:\aaa\WWW\gzsc\Application\Home\Controller\GoodsController.class.php 第 143 行.
SQL: SELECT `good_attr_color`,`good_attr_size` FROM `good_attr` LIMIT 1   [ RunTime:0.001000s ]
SQL: SELECT `file_pic` FROM `file` WHERE ( good_id=14 )  [ RunTime:0.000000s ]
SQL: SELECT * FROM `good_attr` WHERE `good_attr_color` = 'red'  [ RunTime:0.001000s ]
SQL: SELECT * FROM `good_attr` WHERE `good_attr_color` = 'red'  [ RunTime:0.001000s ]
SQL: SELECT * FROM `good_attr` WHERE `good_attr_color` = 'blue'  [ RunTime:0.000000s ]
SQL: SELECT * FROM `good_attr` WHERE `good_attr_color` = 'red'  [ RunTime:0.001000s ]

[ 2017-08-25T15:21:04+08:00 ] 192.168.31.125 /gzsc/index.php/Home/Goods/detail?id=14
INFO: [ app_init ] --START--
INFO: Run Behavior\BuildLiteBehavior [ RunTime:0.000000s ]
INFO: [ app_init ] --END-- [ RunTime:0.000000s ]
INFO: [ app_begin ] --START--
INFO: Run Behavior\ReadHtmlCacheBehavior [ RunTime:0.001000s ]
INFO: [ app_begin ] --END-- [ RunTime:0.001000s ]
NOTIC: [8192] mysql_connect(): The mysql extension is deprecated and will be removed in the future: use mysqli or PDO instead C:\aaa\WWW\gzsc\ThinkPHP\Library\Think\Db\Driver\Mysql.class.php 第 52 行.
SQL: SHOW COLUMNS FROM `good` [ RunTime:0.004000s ]
SQL: SHOW COLUMNS FROM `order` [ RunTime:0.003000s ]
SQL: SHOW COLUMNS FROM `user` [ RunTime:0.004000s ]
SQL: SHOW COLUMNS FROM `rele` [ RunTime:0.004000s ]
SQL: SHOW COLUMNS FROM `file` [ RunTime:0.003000s ]
SQL: SHOW COLUMNS FROM `good_attr` [ RunTime:0.003000s ]
SQL: SHOW COLUMNS FROM `evaluate` [ RunTime:0.005000s ]
SQL: SELECT `id`,`user_id`,`good_name` FROM `good` WHERE `id` = 14 LIMIT 1   [ RunTime:0.000000s ]
SQL: SELECT `good_attr_id`,`file_id` FROM `rele` WHERE `good_id` = 14  [ RunTime:0.001000s ]
SQL: SELECT * FROM `good_attr` WHERE `good_id` = 14  [ RunTime:0.000000s ]
SQL: SELECT `user_store_name`,`user_store_pic`,`user_store_phone`,`user_store_evaluate`,`user_store_address` FROM `user` WHERE `id` = 6 LIMIT 1   [ RunTime:0.001000s ]
SQL: SELECT * FROM `evaluate` WHERE `good_id` = 14 ORDER BY add_time desc LIMIT 1   [ RunTime:0.000000s ]
SQL: SELECT COUNT(*) AS tp_count FROM `evaluate` WHERE `good_id` = 14 LIMIT 1   [ RunTime:0.000000s ]
SQL: SELECT `user_pic`,`user_name` FROM `user` WHERE `id` = 9 LIMIT 1   [ RunTime:0.000000s ]
NOTIC: [8] Undefined variable: hwere7 C:\aaa\WWW\gzsc\Application\Home\Controller\GoodsController.class.php 第 143 行.
SQL: SELECT `good_attr_color`,`good_attr_size` FROM `good_attr` LIMIT 1   [ RunTime:0.001000s ]
SQL: SELECT `file_pic` FROM `file` WHERE ( good_id=14 )  [ RunTime:0.000000s ]
SQL: SELECT * FROM `good_attr` WHERE `good_attr_color` = 'red'  [ RunTime:0.000000s ]
SQL: SELECT * FROM `good_attr` WHERE `good_attr_color` = 'red'  [ RunTime:0.000000s ]
SQL: SELECT * FROM `good_attr` WHERE `good_attr_color` = 'blue'  [ RunTime:0.001000s ]
SQL: SELECT * FROM `good_attr` WHERE `good_attr_color` = 'red'  [ RunTime:0.000000s ]
SQL: SELECT * FROM `good_attr` WHERE `good_attr_color` = ''  [ RunTime:0.000000s ]

[ 2017-08-25T15:23:36+08:00 ] 192.168.31.125 /gzsc/index.php/Home/Goods/detail?id=14
INFO: [ app_init ] --START--
INFO: Run Behavior\BuildLiteBehavior [ RunTime:0.000000s ]
INFO: [ app_init ] --END-- [ RunTime:0.001000s ]
INFO: [ app_begin ] --START--
INFO: Run Behavior\ReadHtmlCacheBehavior [ RunTime:0.000000s ]
INFO: [ app_begin ] --END-- [ RunTime:0.001000s ]
NOTIC: [8192] mysql_connect(): The mysql extension is deprecated and will be removed in the future: use mysqli or PDO instead C:\aaa\WWW\gzsc\ThinkPHP\Library\Think\Db\Driver\Mysql.class.php 第 52 行.
SQL: SHOW COLUMNS FROM `good` [ RunTime:0.003000s ]
SQL: SHOW COLUMNS FROM `order` [ RunTime:0.004000s ]
SQL: SHOW COLUMNS FROM `user` [ RunTime:0.005000s ]
SQL: SHOW COLUMNS FROM `rele` [ RunTime:0.004000s ]
SQL: SHOW COLUMNS FROM `file` [ RunTime:0.004000s ]
SQL: SHOW COLUMNS FROM `good_attr` [ RunTime:0.004000s ]
SQL: SHOW COLUMNS FROM `evaluate` [ RunTime:0.005000s ]
SQL: SELECT `id`,`user_id`,`good_name` FROM `good` WHERE `id` = 14 LIMIT 1   [ RunTime:0.000000s ]
SQL: SELECT `good_attr_id`,`file_id` FROM `rele` WHERE `good_id` = 14  [ RunTime:0.000000s ]
SQL: SELECT * FROM `good_attr` WHERE `good_id` = 14  [ RunTime:0.000000s ]
SQL: SELECT `user_store_name`,`user_store_pic`,`user_store_phone`,`user_store_evaluate`,`user_store_address` FROM `user` WHERE `id` = 6 LIMIT 1   [ RunTime:0.000000s ]
SQL: SELECT * FROM `evaluate` WHERE `good_id` = 14 ORDER BY add_time desc LIMIT 1   [ RunTime:0.000000s ]
SQL: SELECT COUNT(*) AS tp_count FROM `evaluate` WHERE `good_id` = 14 LIMIT 1   [ RunTime:0.000000s ]
SQL: SELECT `user_pic`,`user_name` FROM `user` WHERE `id` = 9 LIMIT 1   [ RunTime:0.001000s ]
NOTIC: [8] Undefined variable: hwere7 C:\aaa\WWW\gzsc\Application\Home\Controller\GoodsController.class.php 第 143 行.
SQL: SELECT `good_attr_color`,`good_attr_size` FROM `good_attr` LIMIT 1   [ RunTime:0.000000s ]
SQL: SELECT `file_pic` FROM `file` WHERE ( good_id=14 )  [ RunTime:0.000000s ]
SQL: SELECT * FROM `good_attr` WHERE `good_attr_color` = 'red'  [ RunTime:0.001000s ]
SQL: SELECT * FROM `good_attr` WHERE `good_attr_color` = 'red'  [ RunTime:0.000000s ]
SQL: SELECT * FROM `good_attr` WHERE `good_attr_color` = 'blue'  [ RunTime:0.000000s ]
SQL: SELECT * FROM `good_attr` WHERE `good_attr_color` = 'red'  [ RunTime:0.001000s ]
SQL: SELECT * FROM `good_attr` WHERE `good_attr_color` = ''  [ RunTime:0.000000s ]

[ 2017-08-25T15:24:20+08:00 ] 192.168.31.125 /gzsc/index.php/Home/Goods/detail?id=14
INFO: [ app_init ] --START--
INFO: Run Behavior\BuildLiteBehavior [ RunTime:0.000000s ]
INFO: [ app_init ] --END-- [ RunTime:0.000000s ]
INFO: [ app_begin ] --START--
INFO: Run Behavior\ReadHtmlCacheBehavior [ RunTime:0.001000s ]
INFO: [ app_begin ] --END-- [ RunTime:0.001000s ]
NOTIC: [8192] mysql_connect(): The mysql extension is deprecated and will be removed in the future: use mysqli or PDO instead C:\aaa\WWW\gzsc\ThinkPHP\Library\Think\Db\Driver\Mysql.class.php 第 52 行.
SQL: SHOW COLUMNS FROM `good` [ RunTime:0.004000s ]
SQL: SHOW COLUMNS FROM `order` [ RunTime:0.003000s ]
SQL: SHOW COLUMNS FROM `user` [ RunTime:0.004000s ]
SQL: SHOW COLUMNS FROM `rele` [ RunTime:0.003000s ]
SQL: SHOW COLUMNS FROM `file` [ RunTime:0.004000s ]
SQL: SHOW COLUMNS FROM `good_attr` [ RunTime:0.004000s ]
SQL: SHOW COLUMNS FROM `evaluate` [ RunTime:0.003000s ]
SQL: SELECT `id`,`user_id`,`good_name` FROM `good` WHERE `id` = 14 LIMIT 1   [ RunTime:0.000000s ]
SQL: SELECT `good_attr_id`,`file_id` FROM `rele` WHERE `good_id` = 14  [ RunTime:0.000000s ]
SQL: SELECT * FROM `good_attr` WHERE `good_id` = 14  [ RunTime:0.000000s ]
SQL: SELECT `user_store_name`,`user_store_pic`,`user_store_phone`,`user_store_evaluate`,`user_store_address` FROM `user` WHERE `id` = 6 LIMIT 1   [ RunTime:0.000000s ]
SQL: SELECT * FROM `evaluate` WHERE `good_id` = 14 ORDER BY add_time desc LIMIT 1   [ RunTime:0.000000s ]
SQL: SELECT COUNT(*) AS tp_count FROM `evaluate` WHERE `good_id` = 14 LIMIT 1   [ RunTime:0.000000s ]
SQL: SELECT `user_pic`,`user_name` FROM `user` WHERE `id` = 9 LIMIT 1   [ RunTime:0.000000s ]
NOTIC: [8] Undefined variable: hwere7 C:\aaa\WWW\gzsc\Application\Home\Controller\GoodsController.class.php 第 143 行.
SQL: SELECT `good_attr_color`,`good_attr_size` FROM `good_attr` LIMIT 1   [ RunTime:0.000000s ]
SQL: SELECT `file_pic` FROM `file` WHERE ( good_id=14 )  [ RunTime:0.000000s ]
SQL: SELECT * FROM `good_attr` WHERE `good_attr_color` = 'red'  [ RunTime:0.000000s ]
SQL: SELECT * FROM `good_attr` WHERE `good_attr_color` = 'red'  [ RunTime:0.000000s ]
SQL: SELECT * FROM `good_attr` WHERE `good_attr_color` = 'blue'  [ RunTime:0.000000s ]
SQL: SELECT * FROM `good_attr` WHERE `good_attr_color` = 'red'  [ RunTime:0.001000s ]
SQL: SELECT * FROM `good_attr` WHERE `good_attr_color` = ''  [ RunTime:0.000000s ]
SQL: SELECT * FROM `good_attr` WHERE `good_attr_color` = 'HS'  [ RunTime:0.000000s ]

[ 2017-08-25T15:25:24+08:00 ] 192.168.31.125 /gzsc/index.php/Home/Goods/detail?id=14
INFO: [ app_init ] --START--
INFO: Run Behavior\BuildLiteBehavior [ RunTime:0.000000s ]
INFO: [ app_init ] --END-- [ RunTime:0.000000s ]
INFO: [ app_begin ] --START--
INFO: Run Behavior\ReadHtmlCacheBehavior [ RunTime:0.000000s ]
INFO: [ app_begin ] --END-- [ RunTime:0.000000s ]
NOTIC: [8192] mysql_connect(): The mysql extension is deprecated and will be removed in the future: use mysqli or PDO instead C:\aaa\WWW\gzsc\ThinkPHP\Library\Think\Db\Driver\Mysql.class.php 第 52 行.
SQL: SHOW COLUMNS FROM `good` [ RunTime:0.004000s ]
SQL: SHOW COLUMNS FROM `order` [ RunTime:0.005000s ]
SQL: SHOW COLUMNS FROM `user` [ RunTime:0.005000s ]
SQL: SHOW COLUMNS FROM `rele` [ RunTime:0.004000s ]
SQL: SHOW COLUMNS FROM `file` [ RunTime:0.005000s ]
SQL: SHOW COLUMNS FROM `good_attr` [ RunTime:0.005000s ]
SQL: SHOW COLUMNS FROM `evaluate` [ RunTime:0.003000s ]
SQL: SELECT `id`,`user_id`,`good_name` FROM `good` WHERE `id` = 14 LIMIT 1   [ RunTime:0.001000s ]
SQL: SELECT `good_attr_id`,`file_id` FROM `rele` WHERE `good_id` = 14  [ RunTime:0.000000s ]
SQL: SELECT * FROM `good_attr` WHERE `good_id` = 14  [ RunTime:0.001000s ]
SQL: SELECT `user_store_name`,`user_store_pic`,`user_store_phone`,`user_store_evaluate`,`user_store_address` FROM `user` WHERE `id` = 6 LIMIT 1   [ RunTime:0.000000s ]
SQL: SELECT * FROM `evaluate` WHERE `good_id` = 14 ORDER BY add_time desc LIMIT 1   [ RunTime:0.000000s ]
SQL: SELECT COUNT(*) AS tp_count FROM `evaluate` WHERE `good_id` = 14 LIMIT 1   [ RunTime:0.000000s ]
SQL: SELECT `user_pic`,`user_name` FROM `user` WHERE `id` = 9 LIMIT 1   [ RunTime:0.000000s ]
NOTIC: [8] Undefined variable: hwere7 C:\aaa\WWW\gzsc\Application\Home\Controller\GoodsController.class.php 第 143 行.
SQL: SELECT `good_attr_color`,`good_attr_size` FROM `good_attr` LIMIT 1   [ RunTime:0.000000s ]
SQL: SELECT `file_pic` FROM `file` WHERE ( good_id=14 )  [ RunTime:0.001000s ]
SQL: SELECT * FROM `good_attr` WHERE `good_attr_color` = 'red'  [ RunTime:0.000000s ]
SQL: SELECT * FROM `good_attr` WHERE `good_attr_color` = 'red'  [ RunTime:0.001000s ]
SQL: SELECT * FROM `good_attr` WHERE `good_attr_color` = 'blue'  [ RunTime:0.000000s ]
SQL: SELECT * FROM `good_attr` WHERE `good_attr_color` = 'red'  [ RunTime:0.000000s ]
SQL: SELECT * FROM `good_attr` WHERE `good_attr_color` = ''  [ RunTime:0.001000s ]
SQL: SELECT * FROM `good_attr` WHERE `good_attr_color` = 'HS'  [ RunTime:0.001000s ]
SQL: SELECT * FROM `good_attr` WHERE `good_attr_color` = ''  [ RunTime:0.001000s ]

[ 2017-08-25T15:27:34+08:00 ] 192.168.31.125 /gzsc/index.php/Home/Goods/detail?id=23
INFO: [ app_init ] --START--
INFO: Run Behavior\BuildLiteBehavior [ RunTime:0.000000s ]
INFO: [ app_init ] --END-- [ RunTime:0.000000s ]
INFO: [ app_begin ] --START--
INFO: Run Behavior\ReadHtmlCacheBehavior [ RunTime:0.001000s ]
INFO: [ app_begin ] --END-- [ RunTime:0.001000s ]
NOTIC: [8192] mysql_connect(): The mysql extension is deprecated and will be removed in the future: use mysqli or PDO instead C:\aaa\WWW\gzsc\ThinkPHP\Library\Think\Db\Driver\Mysql.class.php 第 52 行.
SQL: SHOW COLUMNS FROM `good` [ RunTime:0.007000s ]
SQL: SHOW COLUMNS FROM `order` [ RunTime:0.007000s ]
SQL: SHOW COLUMNS FROM `user` [ RunTime:0.006000s ]
SQL: SHOW COLUMNS FROM `rele` [ RunTime:0.005000s ]
SQL: SHOW COLUMNS FROM `file` [ RunTime:0.008000s ]
SQL: SHOW COLUMNS FROM `good_attr` [ RunTime:0.003000s ]
SQL: SHOW COLUMNS FROM `evaluate` [ RunTime:0.004000s ]
SQL: SELECT `id`,`user_id`,`good_name` FROM `good` WHERE `id` = 23 LIMIT 1   [ RunTime:0.001000s ]
SQL: SELECT `good_attr_id`,`file_id` FROM `rele` WHERE `good_id` = 23  [ RunTime:0.000000s ]
SQL: SELECT * FROM `good_attr` WHERE `good_id` = 23  [ RunTime:0.001000s ]
SQL: SELECT `user_store_name`,`user_store_pic`,`user_store_phone`,`user_store_evaluate`,`user_store_address` FROM `user` WHERE `id` = 6 LIMIT 1   [ RunTime:0.000000s ]
SQL: SELECT * FROM `evaluate` WHERE `good_id` = 23 ORDER BY add_time desc LIMIT 1   [ RunTime:0.000000s ]
SQL: SELECT COUNT(*) AS tp_count FROM `evaluate` WHERE `good_id` = 23 LIMIT 1   [ RunTime:0.000000s ]
SQL: SELECT `user_pic`,`user_name` FROM `user` WHERE `id` = null LIMIT 1   [ RunTime:0.001000s ]
NOTIC: [8] Undefined index: good_attr_id C:\aaa\WWW\gzsc\Application\Home\Controller\GoodsController.class.php 第 142 行.
NOTIC: [8] Undefined variable: hwere7 C:\aaa\WWW\gzsc\Application\Home\Controller\GoodsController.class.php 第 143 行.
SQL: SELECT `good_attr_color`,`good_attr_size` FROM `good_attr` LIMIT 1   [ RunTime:0.000000s ]
SQL: SELECT `file_pic` FROM `file` WHERE ( good_id=23 )  [ RunTime:0.000000s ]
SQL: SELECT * FROM `good_attr` WHERE `good_attr_color` = 'red'  [ RunTime:0.000000s ]

[ 2017-08-25T15:29:30+08:00 ] 192.168.31.125 /gzsc/index.php/Home/Goods/detail?id=14
INFO: [ app_init ] --START--
INFO: Run Behavior\BuildLiteBehavior [ RunTime:0.000000s ]
INFO: [ app_init ] --END-- [ RunTime:0.000000s ]
INFO: [ app_begin ] --START--
INFO: Run Behavior\ReadHtmlCacheBehavior [ RunTime:0.001000s ]
INFO: [ app_begin ] --END-- [ RunTime:0.001000s ]
NOTIC: [8192] mysql_connect(): The mysql extension is deprecated and will be removed in the future: use mysqli or PDO instead C:\aaa\WWW\gzsc\ThinkPHP\Library\Think\Db\Driver\Mysql.class.php 第 52 行.
SQL: SHOW COLUMNS FROM `good` [ RunTime:0.007000s ]
SQL: SHOW COLUMNS FROM `order` [ RunTime:0.012000s ]
SQL: SHOW COLUMNS FROM `user` [ RunTime:0.014000s ]
SQL: SHOW COLUMNS FROM `rele` [ RunTime:0.003000s ]
SQL: SHOW COLUMNS FROM `file` [ RunTime:0.005000s ]
SQL: SHOW COLUMNS FROM `good_attr` [ RunTime:0.004000s ]
SQL: SHOW COLUMNS FROM `evaluate` [ RunTime:0.003000s ]
SQL: SELECT `id`,`user_id`,`good_name` FROM `good` WHERE `id` = 14 LIMIT 1   [ RunTime:0.000000s ]
SQL: SELECT `good_attr_id`,`file_id` FROM `rele` WHERE `good_id` = 14  [ RunTime:0.001000s ]
SQL: SELECT * FROM `good_attr` WHERE `good_id` = 14  [ RunTime:0.000000s ]
SQL: SELECT `user_store_name`,`user_store_pic`,`user_store_phone`,`user_store_evaluate`,`user_store_address` FROM `user` WHERE `id` = 6 LIMIT 1   [ RunTime:0.001000s ]
SQL: SELECT * FROM `evaluate` WHERE `good_id` = 14 ORDER BY add_time desc LIMIT 1   [ RunTime:0.000000s ]
SQL: SELECT COUNT(*) AS tp_count FROM `evaluate` WHERE `good_id` = 14 LIMIT 1   [ RunTime:0.000000s ]
SQL: SELECT `user_pic`,`user_name` FROM `user` WHERE `id` = 9 LIMIT 1   [ RunTime:0.000000s ]
NOTIC: [8] Undefined variable: hwere7 C:\aaa\WWW\gzsc\Application\Home\Controller\GoodsController.class.php 第 143 行.
SQL: SELECT `good_attr_color`,`good_attr_size` FROM `good_attr` LIMIT 1   [ RunTime:0.000000s ]
SQL: SELECT `file_pic` FROM `file` WHERE ( good_id=14 )  [ RunTime:0.000000s ]
SQL: SELECT * FROM `good_attr` WHERE `good_attr_color` = 'red'  [ RunTime:0.001000s ]
SQL: SELECT * FROM `good_attr` WHERE `good_attr_color` = 'red'  [ RunTime:0.000000s ]
SQL: SELECT * FROM `good_attr` WHERE `good_attr_color` = 'blue'  [ RunTime:0.001000s ]
SQL: SELECT * FROM `good_attr` WHERE `good_attr_color` = 'red'  [ RunTime:0.000000s ]
SQL: SELECT * FROM `good_attr` WHERE `good_attr_color` = ''  [ RunTime:0.000000s ]
SQL: SELECT * FROM `good_attr` WHERE `good_attr_color` = 'HS'  [ RunTime:0.001000s ]
SQL: SELECT * FROM `good_attr` WHERE `good_attr_color` = ''  [ RunTime:0.000000s ]

