[ 2017-08-28T08:48:05+08:00 ] 192.168.31.216 /gzsc/index.php/Home/Dianshang/indexaa?p=1&lat=0.0&lng=0.0
INFO: [ app_init ] --START--
INFO: Run Behavior\BuildLiteBehavior [ RunTime:0.000000s ]
INFO: [ app_init ] --END-- [ RunTime:0.004000s ]
INFO: [ app_begin ] --START--
INFO: Run Behavior\ReadHtmlCacheBehavior [ RunTime:0.001000s ]
INFO: [ app_begin ] --END-- [ RunTime:0.001000s ]
NOTIC: [8192] mysql_connect(): The mysql extension is deprecated and will be removed in the future: use mysqli or PDO instead C:\aaa\WWW\gzsc\ThinkPHP\Library\Think\Db\Driver\Mysql.class.php 第 52 行.
SQL: SHOW COLUMNS FROM `user` [ RunTime:0.008000s ]
SQL: SHOW COLUMNS FROM `pics` [ RunTime:0.010000s ]
SQL: SELECT `id`,`user_store_x`,`user_store_y`,`user_store_name`,`user_store_evaluate`,`user_store_pic`,`user_store_pic1`,`user_store_pic2`,`user_store_pic3`,`user_store_pic4`,`user_store_phone` FROM `user` WHERE `user_grade` = 2  [ RunTime:0.001000s ]
SQL: SELECT `pic`,`pic_http`,`pic_descr` FROM `pics` WHERE `store_id` = 6 AND `pic_address` = 1 AND `pic_state` = 1  [ RunTime:0.001000s ]
SQL: SELECT `pic`,`pic_http`,`pic_descr` FROM `pics` WHERE `store_id` = 16 AND `pic_address` = 1 AND `pic_state` = 1  [ RunTime:0.001000s ]
SQL: SELECT `pic`,`pic_http`,`pic_descr` FROM `pics` WHERE `store_id` = 17 AND `pic_address` = 1 AND `pic_state` = 1  [ RunTime:0.001000s ]
SQL: SELECT `pic`,`pic_http`,`pic_descr` FROM `pics` WHERE `store_id` = 18 AND `pic_address` = 1 AND `pic_state` = 1  [ RunTime:0.000000s ]
SQL: SELECT `pic`,`pic_http`,`pic_descr` FROM `pics` WHERE `store_id` = 20 AND `pic_address` = 1 AND `pic_state` = 1  [ RunTime:0.001000s ]
SQL: SELECT `pic`,`pic_http`,`pic_descr` FROM `pics` WHERE `store_id` = 23 AND `pic_address` = 1 AND `pic_state` = 1  [ RunTime:0.000000s ]
SQL: SELECT `pic`,`pic_http`,`pic_descr` FROM `pics` WHERE `store_id` = 21 AND `pic_address` = 1 AND `pic_state` = 1  [ RunTime:0.000000s ]
NOTIC: [2] Invalid argument supplied for foreach() C:\aaa\WWW\gzsc\Application\Home\Controller\DianshangController.class.php 第 98 行.
NOTIC: [2] Invalid argument supplied for foreach() C:\aaa\WWW\gzsc\Application\Home\Controller\DianshangController.class.php 第 98 行.
NOTIC: [2] Invalid argument supplied for foreach() C:\aaa\WWW\gzsc\Application\Home\Controller\DianshangController.class.php 第 98 行.
NOTIC: [2] Invalid argument supplied for foreach() C:\aaa\WWW\gzsc\Application\Home\Controller\DianshangController.class.php 第 98 行.
NOTIC: [2] Invalid argument supplied for foreach() C:\aaa\WWW\gzsc\Application\Home\Controller\DianshangController.class.php 第 98 行.
NOTIC: [2] Invalid argument supplied for foreach() C:\aaa\WWW\gzsc\Application\Home\Controller\DianshangController.class.php 第 98 行.
SQL: SELECT `pic`,`pic_http`,`pic_descr` FROM `pics` WHERE `store_id` = 6 AND `pic_address` = 2 AND `pic_state` = 1  [ RunTime:0.001000s ]
SQL: SELECT `pic`,`pic_http`,`pic_descr` FROM `pics` WHERE `store_id` = 16 AND `pic_address` = 2 AND `pic_state` = 1  [ RunTime:0.000000s ]
SQL: SELECT `pic`,`pic_http`,`pic_descr` FROM `pics` WHERE `store_id` = 17 AND `pic_address` = 2 AND `pic_state` = 1  [ RunTime:0.000000s ]
SQL: SELECT `pic`,`pic_http`,`pic_descr` FROM `pics` WHERE `store_id` = 18 AND `pic_address` = 2 AND `pic_state` = 1  [ RunTime:0.000000s ]
SQL: SELECT `pic`,`pic_http`,`pic_descr` FROM `pics` WHERE `store_id` = 20 AND `pic_address` = 2 AND `pic_state` = 1  [ RunTime:0.000000s ]
SQL: SELECT `pic`,`pic_http`,`pic_descr` FROM `pics` WHERE `store_id` = 23 AND `pic_address` = 2 AND `pic_state` = 1  [ RunTime:0.000000s ]
SQL: SELECT `pic`,`pic_http`,`pic_descr` FROM `pics` WHERE `store_id` = 21 AND `pic_address` = 2 AND `pic_state` = 1  [ RunTime:0.000000s ]
NOTIC: [2] Invalid argument supplied for foreach() C:\aaa\WWW\gzsc\Application\Home\Controller\DianshangController.class.php 第 110 行.
NOTIC: [2] Invalid argument supplied for foreach() C:\aaa\WWW\gzsc\Application\Home\Controller\DianshangController.class.php 第 110 行.
NOTIC: [2] Invalid argument supplied for foreach() C:\aaa\WWW\gzsc\Application\Home\Controller\DianshangController.class.php 第 110 行.
NOTIC: [2] Invalid argument supplied for foreach() C:\aaa\WWW\gzsc\Application\Home\Controller\DianshangController.class.php 第 110 行.
NOTIC: [2] Invalid argument supplied for foreach() C:\aaa\WWW\gzsc\Application\Home\Controller\DianshangController.class.php 第 110 行.
NOTIC: [2] Invalid argument supplied for foreach() C:\aaa\WWW\gzsc\Application\Home\Controller\DianshangController.class.php 第 110 行.

[ 2017-08-28T08:48:09+08:00 ] 192.168.31.216 /gzsc/index.php/Home/Store/store1?store_id=6
INFO: [ app_init ] --START--
INFO: Run Behavior\BuildLiteBehavior [ RunTime:0.000000s ]
INFO: [ app_init ] --END-- [ RunTime:0.000000s ]
INFO: [ app_begin ] --START--
INFO: Run Behavior\ReadHtmlCacheBehavior [ RunTime:0.001000s ]
INFO: [ app_begin ] --END-- [ RunTime:0.001000s ]
NOTIC: [8192] mysql_connect(): The mysql extension is deprecated and will be removed in the future: use mysqli or PDO instead C:\aaa\WWW\gzsc\ThinkPHP\Library\Think\Db\Driver\Mysql.class.php 第 52 行.
SQL: SHOW COLUMNS FROM `user` [ RunTime:0.003000s ]
SQL: SELECT `user_store_name`,`user_store_headerpic`,`user_store_address`,`user_store_phone`,`user_store_evaluate` FROM `user` WHERE `id` = 6 LIMIT 1   [ RunTime:0.000000s ]

[ 2017-08-28T08:48:10+08:00 ] 192.168.31.216 /gzsc/index.php/Home/Store/store?store_id=6
INFO: [ app_init ] --START--
INFO: Run Behavior\BuildLiteBehavior [ RunTime:0.000000s ]
INFO: [ app_init ] --END-- [ RunTime:0.000000s ]
INFO: [ app_begin ] --START--
INFO: Run Behavior\ReadHtmlCacheBehavior [ RunTime:0.001000s ]
INFO: [ app_begin ] --END-- [ RunTime:0.001000s ]
NOTIC: [8192] mysql_connect(): The mysql extension is deprecated and will be removed in the future: use mysqli or PDO instead C:\aaa\WWW\gzsc\ThinkPHP\Library\Think\Db\Driver\Mysql.class.php 第 52 行.
SQL: SHOW COLUMNS FROM `good` [ RunTime:0.007000s ]
SQL: SHOW COLUMNS FROM `file` [ RunTime:0.005000s ]
SQL: SHOW COLUMNS FROM `orderdetail` [ RunTime:0.007000s ]
SQL: SELECT * FROM `good` WHERE `user_id` = 6  [ RunTime:0.001000s ]
SQL: SELECT `file_pic` FROM `file` WHERE `good_id` = 14 LIMIT 1   [ RunTime:0.001000s ]
SQL: SELECT * FROM `orderdetail` WHERE `good_id` = 14  [ RunTime:0.000000s ]
SQL: SELECT `file_pic` FROM `file` WHERE `good_id` = 15 LIMIT 1   [ RunTime:0.000000s ]
SQL: SELECT * FROM `orderdetail` WHERE `good_id` = 15  [ RunTime:0.000000s ]
NOTIC: [2] Invalid argument supplied for foreach() C:\aaa\WWW\gzsc\Application\Home\Controller\StoreController.class.php 第 40 行.
SQL: SELECT `file_pic` FROM `file` WHERE `good_id` = 18 LIMIT 1   [ RunTime:0.000000s ]
SQL: SELECT * FROM `orderdetail` WHERE `good_id` = 18  [ RunTime:0.001000s ]
NOTIC: [2] Invalid argument supplied for foreach() C:\aaa\WWW\gzsc\Application\Home\Controller\StoreController.class.php 第 40 行.
SQL: SELECT `file_pic` FROM `file` WHERE `good_id` = 23 LIMIT 1   [ RunTime:0.000000s ]
SQL: SELECT * FROM `orderdetail` WHERE `good_id` = 23  [ RunTime:0.000000s ]
NOTIC: [2] Invalid argument supplied for foreach() C:\aaa\WWW\gzsc\Application\Home\Controller\StoreController.class.php 第 40 行.
NOTIC: [8] Undefined index: p C:\aaa\WWW\gzsc\Application\Home\Controller\StoreController.class.php 第 68 行.
NOTIC: [8] Undefined variable: p C:\aaa\WWW\gzsc\Application\Home\Controller\StoreController.class.php 第 77 行.

[ 2017-08-28T08:48:14+08:00 ] 192.168.31.216 /gzsc/index.php/Home/Store/newgoods?store_id=6
INFO: [ app_init ] --START--
INFO: Run Behavior\BuildLiteBehavior [ RunTime:0.000000s ]
INFO: [ app_init ] --END-- [ RunTime:0.001000s ]
INFO: [ app_begin ] --START--
INFO: Run Behavior\ReadHtmlCacheBehavior [ RunTime:0.001000s ]
INFO: [ app_begin ] --END-- [ RunTime:0.001000s ]
NOTIC: [8192] mysql_connect(): The mysql extension is deprecated and will be removed in the future: use mysqli or PDO instead C:\aaa\WWW\gzsc\ThinkPHP\Library\Think\Db\Driver\Mysql.class.php 第 52 行.
SQL: SHOW COLUMNS FROM `user` [ RunTime:0.006000s ]
SQL: SHOW COLUMNS FROM `good` [ RunTime:0.004000s ]
SQL: SHOW COLUMNS FROM `good_attr` [ RunTime:0.009000s ]
SQL: SHOW COLUMNS FROM `file` [ RunTime:0.004000s ]
SQL: SHOW COLUMNS FROM `rele` [ RunTime:0.007000s ]
SQL: SELECT * FROM `good` WHERE `user_id` = 6  [ RunTime:0.000000s ]
SQL: SELECT * FROM `good_attr` WHERE `good_id` = 14 AND `good_attr_state` = 2  [ RunTime:0.000000s ]
SQL: SELECT `file_pic` FROM `file` WHERE `good_attr_id` = 42 LIMIT 1   [ RunTime:0.000000s ]
SQL: SELECT `file_pic` FROM `file` WHERE `good_attr_id` = 39 LIMIT 1   [ RunTime:0.000000s ]
SQL: SELECT `file_pic` FROM `file` WHERE `good_attr_id` = 55 LIMIT 1   [ RunTime:0.000000s ]
SQL: SELECT * FROM `good_attr` WHERE `good_id` = 15 AND `good_attr_state` = 2  [ RunTime:0.000000s ]
NOTIC: [2] Invalid argument supplied for foreach() C:\aaa\WWW\gzsc\Application\Home\Controller\StoreController.class.php 第 410 行.
SQL: SELECT * FROM `good_attr` WHERE `good_id` = 18 AND `good_attr_state` = 2  [ RunTime:0.001000s ]
NOTIC: [2] Invalid argument supplied for foreach() C:\aaa\WWW\gzsc\Application\Home\Controller\StoreController.class.php 第 410 行.
SQL: SELECT * FROM `good_attr` WHERE `good_id` = 23 AND `good_attr_state` = 2  [ RunTime:0.000000s ]
NOTIC: [2] Invalid argument supplied for foreach() C:\aaa\WWW\gzsc\Application\Home\Controller\StoreController.class.php 第 410 行.
NOTIC: [2] Invalid argument supplied for foreach() C:\aaa\WWW\gzsc\Application\Home\Controller\StoreController.class.php 第 420 行.
NOTIC: [2] Invalid argument supplied for foreach() C:\aaa\WWW\gzsc\Application\Home\Controller\StoreController.class.php 第 420 行.
NOTIC: [2] Invalid argument supplied for foreach() C:\aaa\WWW\gzsc\Application\Home\Controller\StoreController.class.php 第 420 行.
NOTIC: [8] Undefined index: p C:\aaa\WWW\gzsc\Application\Home\Controller\StoreController.class.php 第 426 行.
NOTIC: [8] Undefined variable: p C:\aaa\WWW\gzsc\Application\Home\Controller\StoreController.class.php 第 435 行.

[ 2017-08-28T08:48:21+08:00 ] 192.168.31.216 /gzsc/index.php/Home/Store/store?store_id=6
INFO: [ app_init ] --START--
INFO: Run Behavior\BuildLiteBehavior [ RunTime:0.000000s ]
INFO: [ app_init ] --END-- [ RunTime:0.000000s ]
INFO: [ app_begin ] --START--
INFO: Run Behavior\ReadHtmlCacheBehavior [ RunTime:0.001000s ]
INFO: [ app_begin ] --END-- [ RunTime:0.001000s ]
NOTIC: [8192] mysql_connect(): The mysql extension is deprecated and will be removed in the future: use mysqli or PDO instead C:\aaa\WWW\gzsc\ThinkPHP\Library\Think\Db\Driver\Mysql.class.php 第 52 行.
SQL: SHOW COLUMNS FROM `good` [ RunTime:0.009000s ]
SQL: SHOW COLUMNS FROM `file` [ RunTime:0.009000s ]
SQL: SHOW COLUMNS FROM `orderdetail` [ RunTime:0.010000s ]
SQL: SELECT * FROM `good` WHERE `user_id` = 6  [ RunTime:0.000000s ]
SQL: SELECT `file_pic` FROM `file` WHERE `good_id` = 14 LIMIT 1   [ RunTime:0.001000s ]
SQL: SELECT * FROM `orderdetail` WHERE `good_id` = 14  [ RunTime:0.000000s ]
SQL: SELECT `file_pic` FROM `file` WHERE `good_id` = 15 LIMIT 1   [ RunTime:0.001000s ]
SQL: SELECT * FROM `orderdetail` WHERE `good_id` = 15  [ RunTime:0.000000s ]
NOTIC: [2] Invalid argument supplied for foreach() C:\aaa\WWW\gzsc\Application\Home\Controller\StoreController.class.php 第 40 行.
SQL: SELECT `file_pic` FROM `file` WHERE `good_id` = 18 LIMIT 1   [ RunTime:0.001000s ]
SQL: SELECT * FROM `orderdetail` WHERE `good_id` = 18  [ RunTime:0.000000s ]
NOTIC: [2] Invalid argument supplied for foreach() C:\aaa\WWW\gzsc\Application\Home\Controller\StoreController.class.php 第 40 行.
SQL: SELECT `file_pic` FROM `file` WHERE `good_id` = 23 LIMIT 1   [ RunTime:0.001000s ]
SQL: SELECT * FROM `orderdetail` WHERE `good_id` = 23  [ RunTime:0.000000s ]
NOTIC: [2] Invalid argument supplied for foreach() C:\aaa\WWW\gzsc\Application\Home\Controller\StoreController.class.php 第 40 行.
NOTIC: [8] Undefined index: p C:\aaa\WWW\gzsc\Application\Home\Controller\StoreController.class.php 第 68 行.
NOTIC: [8] Undefined variable: p C:\aaa\WWW\gzsc\Application\Home\Controller\StoreController.class.php 第 77 行.

[ 2017-08-28T08:48:25+08:00 ] 192.168.31.216 /gzsc/index.php/Home/Store/store?store_id=6
INFO: [ app_init ] --START--
INFO: Run Behavior\BuildLiteBehavior [ RunTime:0.000000s ]
INFO: [ app_init ] --END-- [ RunTime:0.001000s ]
INFO: [ app_begin ] --START--
INFO: Run Behavior\ReadHtmlCacheBehavior [ RunTime:0.000000s ]
INFO: [ app_begin ] --END-- [ RunTime:0.002000s ]
NOTIC: [8192] mysql_connect(): The mysql extension is deprecated and will be removed in the future: use mysqli or PDO instead C:\aaa\WWW\gzsc\ThinkPHP\Library\Think\Db\Driver\Mysql.class.php 第 52 行.
SQL: SHOW COLUMNS FROM `good` [ RunTime:0.009000s ]
SQL: SHOW COLUMNS FROM `file` [ RunTime:0.009000s ]
SQL: SHOW COLUMNS FROM `orderdetail` [ RunTime:0.006000s ]
SQL: SELECT * FROM `good` WHERE `user_id` = 6  [ RunTime:0.001000s ]
SQL: SELECT `file_pic` FROM `file` WHERE `good_id` = 14 LIMIT 1   [ RunTime:0.000000s ]
SQL: SELECT * FROM `orderdetail` WHERE `good_id` = 14  [ RunTime:0.001000s ]
SQL: SELECT `file_pic` FROM `file` WHERE `good_id` = 15 LIMIT 1   [ RunTime:0.000000s ]
SQL: SELECT * FROM `orderdetail` WHERE `good_id` = 15  [ RunTime:0.000000s ]
NOTIC: [2] Invalid argument supplied for foreach() C:\aaa\WWW\gzsc\Application\Home\Controller\StoreController.class.php 第 40 行.
SQL: SELECT `file_pic` FROM `file` WHERE `good_id` = 18 LIMIT 1   [ RunTime:0.000000s ]
SQL: SELECT * FROM `orderdetail` WHERE `good_id` = 18  [ RunTime:0.000000s ]
NOTIC: [2] Invalid argument supplied for foreach() C:\aaa\WWW\gzsc\Application\Home\Controller\StoreController.class.php 第 40 行.
SQL: SELECT `file_pic` FROM `file` WHERE `good_id` = 23 LIMIT 1   [ RunTime:0.000000s ]
SQL: SELECT * FROM `orderdetail` WHERE `good_id` = 23  [ RunTime:0.000000s ]
NOTIC: [2] Invalid argument supplied for foreach() C:\aaa\WWW\gzsc\Application\Home\Controller\StoreController.class.php 第 40 行.
NOTIC: [8] Undefined index: p C:\aaa\WWW\gzsc\Application\Home\Controller\StoreController.class.php 第 68 行.
NOTIC: [8] Undefined variable: p C:\aaa\WWW\gzsc\Application\Home\Controller\StoreController.class.php 第 77 行.

[ 2017-08-28T08:48:29+08:00 ] 192.168.31.216 /gzsc/index.php/Home/Store/newgoods?store_id=6
INFO: [ app_init ] --START--
INFO: Run Behavior\BuildLiteBehavior [ RunTime:0.000000s ]
INFO: [ app_init ] --END-- [ RunTime:0.000000s ]
INFO: [ app_begin ] --START--
INFO: Run Behavior\ReadHtmlCacheBehavior [ RunTime:0.000000s ]
INFO: [ app_begin ] --END-- [ RunTime:0.000000s ]
NOTIC: [8192] mysql_connect(): The mysql extension is deprecated and will be removed in the future: use mysqli or PDO instead C:\aaa\WWW\gzsc\ThinkPHP\Library\Think\Db\Driver\Mysql.class.php 第 52 行.
SQL: SHOW COLUMNS FROM `user` [ RunTime:0.006000s ]
SQL: SHOW COLUMNS FROM `good` [ RunTime:0.005000s ]
SQL: SHOW COLUMNS FROM `good_attr` [ RunTime:0.006000s ]
SQL: SHOW COLUMNS FROM `file` [ RunTime:0.003000s ]
SQL: SHOW COLUMNS FROM `rele` [ RunTime:0.002000s ]
SQL: SELECT * FROM `good` WHERE `user_id` = 6  [ RunTime:0.000000s ]
SQL: SELECT * FROM `good_attr` WHERE `good_id` = 14 AND `good_attr_state` = 2  [ RunTime:0.000000s ]
SQL: SELECT `file_pic` FROM `file` WHERE `good_attr_id` = 42 LIMIT 1   [ RunTime:0.000000s ]
SQL: SELECT `file_pic` FROM `file` WHERE `good_attr_id` = 39 LIMIT 1   [ RunTime:0.000000s ]
SQL: SELECT `file_pic` FROM `file` WHERE `good_attr_id` = 55 LIMIT 1   [ RunTime:0.001000s ]
SQL: SELECT * FROM `good_attr` WHERE `good_id` = 15 AND `good_attr_state` = 2  [ RunTime:0.000000s ]
NOTIC: [2] Invalid argument supplied for foreach() C:\aaa\WWW\gzsc\Application\Home\Controller\StoreController.class.php 第 410 行.
SQL: SELECT * FROM `good_attr` WHERE `good_id` = 18 AND `good_attr_state` = 2  [ RunTime:0.000000s ]
NOTIC: [2] Invalid argument supplied for foreach() C:\aaa\WWW\gzsc\Application\Home\Controller\StoreController.class.php 第 410 行.
SQL: SELECT * FROM `good_attr` WHERE `good_id` = 23 AND `good_attr_state` = 2  [ RunTime:0.000000s ]
NOTIC: [2] Invalid argument supplied for foreach() C:\aaa\WWW\gzsc\Application\Home\Controller\StoreController.class.php 第 410 行.
NOTIC: [2] Invalid argument supplied for foreach() C:\aaa\WWW\gzsc\Application\Home\Controller\StoreController.class.php 第 420 行.
NOTIC: [2] Invalid argument supplied for foreach() C:\aaa\WWW\gzsc\Application\Home\Controller\StoreController.class.php 第 420 行.
NOTIC: [2] Invalid argument supplied for foreach() C:\aaa\WWW\gzsc\Application\Home\Controller\StoreController.class.php 第 420 行.
NOTIC: [8] Undefined index: p C:\aaa\WWW\gzsc\Application\Home\Controller\StoreController.class.php 第 426 行.
NOTIC: [8] Undefined variable: p C:\aaa\WWW\gzsc\Application\Home\Controller\StoreController.class.php 第 435 行.

[ 2017-08-28T08:48:34+08:00 ] 192.168.31.216 /gzsc/index.php/Home/Store/newgoods?store_id=6&p=1
INFO: [ app_init ] --START--
INFO: Run Behavior\BuildLiteBehavior [ RunTime:0.000000s ]
INFO: [ app_init ] --END-- [ RunTime:0.001000s ]
INFO: [ app_begin ] --START--
INFO: Run Behavior\ReadHtmlCacheBehavior [ RunTime:0.001000s ]
INFO: [ app_begin ] --END-- [ RunTime:0.001000s ]
NOTIC: [8192] mysql_connect(): The mysql extension is deprecated and will be removed in the future: use mysqli or PDO instead C:\aaa\WWW\gzsc\ThinkPHP\Library\Think\Db\Driver\Mysql.class.php 第 52 行.
SQL: SHOW COLUMNS FROM `user` [ RunTime:0.011000s ]
SQL: SHOW COLUMNS FROM `good` [ RunTime:0.005000s ]
SQL: SHOW COLUMNS FROM `good_attr` [ RunTime:0.004000s ]
SQL: SHOW COLUMNS FROM `file` [ RunTime:0.005000s ]
SQL: SHOW COLUMNS FROM `rele` [ RunTime:0.004000s ]
SQL: SELECT * FROM `good` WHERE `user_id` = 6  [ RunTime:0.001000s ]
SQL: SELECT * FROM `good_attr` WHERE `good_id` = 14 AND `good_attr_state` = 2  [ RunTime:0.000000s ]
SQL: SELECT `file_pic` FROM `file` WHERE `good_attr_id` = 42 LIMIT 1   [ RunTime:0.001000s ]
SQL: SELECT `file_pic` FROM `file` WHERE `good_attr_id` = 39 LIMIT 1   [ RunTime:0.000000s ]
SQL: SELECT `file_pic` FROM `file` WHERE `good_attr_id` = 55 LIMIT 1   [ RunTime:0.000000s ]
SQL: SELECT * FROM `good_attr` WHERE `good_id` = 15 AND `good_attr_state` = 2  [ RunTime:0.000000s ]
NOTIC: [2] Invalid argument supplied for foreach() C:\aaa\WWW\gzsc\Application\Home\Controller\StoreController.class.php 第 410 行.
SQL: SELECT * FROM `good_attr` WHERE `good_id` = 18 AND `good_attr_state` = 2  [ RunTime:0.000000s ]
NOTIC: [2] Invalid argument supplied for foreach() C:\aaa\WWW\gzsc\Application\Home\Controller\StoreController.class.php 第 410 行.
SQL: SELECT * FROM `good_attr` WHERE `good_id` = 23 AND `good_attr_state` = 2  [ RunTime:0.000000s ]
NOTIC: [2] Invalid argument supplied for foreach() C:\aaa\WWW\gzsc\Application\Home\Controller\StoreController.class.php 第 410 行.
NOTIC: [2] Invalid argument supplied for foreach() C:\aaa\WWW\gzsc\Application\Home\Controller\StoreController.class.php 第 420 行.
NOTIC: [2] Invalid argument supplied for foreach() C:\aaa\WWW\gzsc\Application\Home\Controller\StoreController.class.php 第 420 行.
NOTIC: [2] Invalid argument supplied for foreach() C:\aaa\WWW\gzsc\Application\Home\Controller\StoreController.class.php 第 420 行.

[ 2017-08-28T08:48:40+08:00 ] 192.168.31.216 /gzsc/index.php/Home/Store/store?store_id=6
INFO: [ app_init ] --START--
INFO: Run Behavior\BuildLiteBehavior [ RunTime:0.000000s ]
INFO: [ app_init ] --END-- [ RunTime:0.000000s ]
INFO: [ app_begin ] --START--
INFO: Run Behavior\ReadHtmlCacheBehavior [ RunTime:0.001000s ]
INFO: [ app_begin ] --END-- [ RunTime:0.001000s ]
NOTIC: [8192] mysql_connect(): The mysql extension is deprecated and will be removed in the future: use mysqli or PDO instead C:\aaa\WWW\gzsc\ThinkPHP\Library\Think\Db\Driver\Mysql.class.php 第 52 行.
SQL: SHOW COLUMNS FROM `good` [ RunTime:0.004000s ]
SQL: SHOW COLUMNS FROM `file` [ RunTime:0.004000s ]
SQL: SHOW COLUMNS FROM `orderdetail` [ RunTime:0.004000s ]
SQL: SELECT * FROM `good` WHERE `user_id` = 6  [ RunTime:0.000000s ]
SQL: SELECT `file_pic` FROM `file` WHERE `good_id` = 14 LIMIT 1   [ RunTime:0.001000s ]
SQL: SELECT * FROM `orderdetail` WHERE `good_id` = 14  [ RunTime:0.000000s ]
SQL: SELECT `file_pic` FROM `file` WHERE `good_id` = 15 LIMIT 1   [ RunTime:0.000000s ]
SQL: SELECT * FROM `orderdetail` WHERE `good_id` = 15  [ RunTime:0.000000s ]
NOTIC: [2] Invalid argument supplied for foreach() C:\aaa\WWW\gzsc\Application\Home\Controller\StoreController.class.php 第 40 行.
SQL: SELECT `file_pic` FROM `file` WHERE `good_id` = 18 LIMIT 1   [ RunTime:0.001000s ]
SQL: SELECT * FROM `orderdetail` WHERE `good_id` = 18  [ RunTime:0.000000s ]
NOTIC: [2] Invalid argument supplied for foreach() C:\aaa\WWW\gzsc\Application\Home\Controller\StoreController.class.php 第 40 行.
SQL: SELECT `file_pic` FROM `file` WHERE `good_id` = 23 LIMIT 1   [ RunTime:0.000000s ]
SQL: SELECT * FROM `orderdetail` WHERE `good_id` = 23  [ RunTime:0.001000s ]
NOTIC: [2] Invalid argument supplied for foreach() C:\aaa\WWW\gzsc\Application\Home\Controller\StoreController.class.php 第 40 行.
NOTIC: [8] Undefined index: p C:\aaa\WWW\gzsc\Application\Home\Controller\StoreController.class.php 第 68 行.
NOTIC: [8] Undefined variable: p C:\aaa\WWW\gzsc\Application\Home\Controller\StoreController.class.php 第 77 行.

[ 2017-08-28T08:49:00+08:00 ] 192.168.31.216 /gzsc/index.php/Home/Store/newgoods?store_id=6
INFO: [ app_init ] --START--
INFO: Run Behavior\BuildLiteBehavior [ RunTime:0.000000s ]
INFO: [ app_init ] --END-- [ RunTime:0.000000s ]
INFO: [ app_begin ] --START--
INFO: Run Behavior\ReadHtmlCacheBehavior [ RunTime:0.000000s ]
INFO: [ app_begin ] --END-- [ RunTime:0.000000s ]
NOTIC: [8192] mysql_connect(): The mysql extension is deprecated and will be removed in the future: use mysqli or PDO instead C:\aaa\WWW\gzsc\ThinkPHP\Library\Think\Db\Driver\Mysql.class.php 第 52 行.
SQL: SHOW COLUMNS FROM `user` [ RunTime:0.005000s ]
SQL: SHOW COLUMNS FROM `good` [ RunTime:0.005000s ]
SQL: SHOW COLUMNS FROM `good_attr` [ RunTime:0.003000s ]
SQL: SHOW COLUMNS FROM `file` [ RunTime:0.005000s ]
SQL: SHOW COLUMNS FROM `rele` [ RunTime:0.004000s ]
SQL: SELECT * FROM `good` WHERE `user_id` = 6  [ RunTime:0.001000s ]
SQL: SELECT * FROM `good_attr` WHERE `good_id` = 14 AND `good_attr_state` = 2  [ RunTime:0.000000s ]
SQL: SELECT `file_pic` FROM `file` WHERE `good_attr_id` = 42 LIMIT 1   [ RunTime:0.001000s ]
SQL: SELECT `file_pic` FROM `file` WHERE `good_attr_id` = 39 LIMIT 1   [ RunTime:0.000000s ]
SQL: SELECT `file_pic` FROM `file` WHERE `good_attr_id` = 55 LIMIT 1   [ RunTime:0.001000s ]
SQL: SELECT * FROM `good_attr` WHERE `good_id` = 15 AND `good_attr_state` = 2  [ RunTime:0.000000s ]
NOTIC: [2] Invalid argument supplied for foreach() C:\aaa\WWW\gzsc\Application\Home\Controller\StoreController.class.php 第 410 行.
SQL: SELECT * FROM `good_attr` WHERE `good_id` = 18 AND `good_attr_state` = 2  [ RunTime:0.001000s ]
NOTIC: [2] Invalid argument supplied for foreach() C:\aaa\WWW\gzsc\Application\Home\Controller\StoreController.class.php 第 410 行.
SQL: SELECT * FROM `good_attr` WHERE `good_id` = 23 AND `good_attr_state` = 2  [ RunTime:0.000000s ]
NOTIC: [2] Invalid argument supplied for foreach() C:\aaa\WWW\gzsc\Application\Home\Controller\StoreController.class.php 第 410 行.
NOTIC: [2] Invalid argument supplied for foreach() C:\aaa\WWW\gzsc\Application\Home\Controller\StoreController.class.php 第 420 行.
NOTIC: [2] Invalid argument supplied for foreach() C:\aaa\WWW\gzsc\Application\Home\Controller\StoreController.class.php 第 420 行.
NOTIC: [2] Invalid argument supplied for foreach() C:\aaa\WWW\gzsc\Application\Home\Controller\StoreController.class.php 第 420 行.
NOTIC: [8] Undefined index: p C:\aaa\WWW\gzsc\Application\Home\Controller\StoreController.class.php 第 426 行.
NOTIC: [8] Undefined variable: p C:\aaa\WWW\gzsc\Application\Home\Controller\StoreController.class.php 第 435 行.

[ 2017-08-28T08:49:18+08:00 ] 192.168.31.216 /gzsc/index.php/Home/Store/newgoods?store_id=6&p=1
INFO: [ app_init ] --START--
INFO: Run Behavior\BuildLiteBehavior [ RunTime:0.000000s ]
INFO: [ app_init ] --END-- [ RunTime:0.000000s ]
INFO: [ app_begin ] --START--
INFO: Run Behavior\ReadHtmlCacheBehavior [ RunTime:0.001000s ]
INFO: [ app_begin ] --END-- [ RunTime:0.001000s ]
NOTIC: [8192] mysql_connect(): The mysql extension is deprecated and will be removed in the future: use mysqli or PDO instead C:\aaa\WWW\gzsc\ThinkPHP\Library\Think\Db\Driver\Mysql.class.php 第 52 行.
SQL: SHOW COLUMNS FROM `user` [ RunTime:0.008000s ]
SQL: SHOW COLUMNS FROM `good` [ RunTime:0.007000s ]
SQL: SHOW COLUMNS FROM `good_attr` [ RunTime:0.007000s ]
SQL: SHOW COLUMNS FROM `file` [ RunTime:0.006000s ]
SQL: SHOW COLUMNS FROM `rele` [ RunTime:0.003000s ]
SQL: SELECT * FROM `good` WHERE `user_id` = 6  [ RunTime:0.000000s ]
SQL: SELECT * FROM `good_attr` WHERE `good_id` = 14 AND `good_attr_state` = 2  [ RunTime:0.001000s ]
SQL: SELECT `file_pic` FROM `file` WHERE `good_attr_id` = 42 LIMIT 1   [ RunTime:0.000000s ]
SQL: SELECT `file_pic` FROM `file` WHERE `good_attr_id` = 39 LIMIT 1   [ RunTime:0.000000s ]
SQL: SELECT `file_pic` FROM `file` WHERE `good_attr_id` = 55 LIMIT 1   [ RunTime:0.000000s ]
SQL: SELECT * FROM `good_attr` WHERE `good_id` = 15 AND `good_attr_state` = 2  [ RunTime:0.000000s ]
NOTIC: [2] Invalid argument supplied for foreach() C:\aaa\WWW\gzsc\Application\Home\Controller\StoreController.class.php 第 410 行.
SQL: SELECT * FROM `good_attr` WHERE `good_id` = 18 AND `good_attr_state` = 2  [ RunTime:0.001000s ]
NOTIC: [2] Invalid argument supplied for foreach() C:\aaa\WWW\gzsc\Application\Home\Controller\StoreController.class.php 第 410 行.
SQL: SELECT * FROM `good_attr` WHERE `good_id` = 23 AND `good_attr_state` = 2  [ RunTime:0.000000s ]
NOTIC: [2] Invalid argument supplied for foreach() C:\aaa\WWW\gzsc\Application\Home\Controller\StoreController.class.php 第 410 行.
NOTIC: [2] Invalid argument supplied for foreach() C:\aaa\WWW\gzsc\Application\Home\Controller\StoreController.class.php 第 420 行.
NOTIC: [2] Invalid argument supplied for foreach() C:\aaa\WWW\gzsc\Application\Home\Controller\StoreController.class.php 第 420 行.
NOTIC: [2] Invalid argument supplied for foreach() C:\aaa\WWW\gzsc\Application\Home\Controller\StoreController.class.php 第 420 行.

[ 2017-08-28T08:49:30+08:00 ] 192.168.31.216 /gzsc/index.php/Home/Store/store?store_id=6
INFO: [ app_init ] --START--
INFO: Run Behavior\BuildLiteBehavior [ RunTime:0.000000s ]
INFO: [ app_init ] --END-- [ RunTime:0.000000s ]
INFO: [ app_begin ] --START--
INFO: Run Behavior\ReadHtmlCacheBehavior [ RunTime:0.001000s ]
INFO: [ app_begin ] --END-- [ RunTime:0.001000s ]
NOTIC: [8192] mysql_connect(): The mysql extension is deprecated and will be removed in the future: use mysqli or PDO instead C:\aaa\WWW\gzsc\ThinkPHP\Library\Think\Db\Driver\Mysql.class.php 第 52 行.
SQL: SHOW COLUMNS FROM `good` [ RunTime:0.018000s ]
SQL: SHOW COLUMNS FROM `file` [ RunTime:0.008000s ]
SQL: SHOW COLUMNS FROM `orderdetail` [ RunTime:0.003000s ]
SQL: SELECT * FROM `good` WHERE `user_id` = 6  [ RunTime:0.000000s ]
SQL: SELECT `file_pic` FROM `file` WHERE `good_id` = 14 LIMIT 1   [ RunTime:0.001000s ]
SQL: SELECT * FROM `orderdetail` WHERE `good_id` = 14  [ RunTime:0.000000s ]
SQL: SELECT `file_pic` FROM `file` WHERE `good_id` = 15 LIMIT 1   [ RunTime:0.000000s ]
SQL: SELECT * FROM `orderdetail` WHERE `good_id` = 15  [ RunTime:0.000000s ]
NOTIC: [2] Invalid argument supplied for foreach() C:\aaa\WWW\gzsc\Application\Home\Controller\StoreController.class.php 第 40 行.
SQL: SELECT `file_pic` FROM `file` WHERE `good_id` = 18 LIMIT 1   [ RunTime:0.001000s ]
SQL: SELECT * FROM `orderdetail` WHERE `good_id` = 18  [ RunTime:0.000000s ]
NOTIC: [2] Invalid argument supplied for foreach() C:\aaa\WWW\gzsc\Application\Home\Controller\StoreController.class.php 第 40 行.
SQL: SELECT `file_pic` FROM `file` WHERE `good_id` = 23 LIMIT 1   [ RunTime:0.001000s ]
SQL: SELECT * FROM `orderdetail` WHERE `good_id` = 23  [ RunTime:0.000000s ]
NOTIC: [2] Invalid argument supplied for foreach() C:\aaa\WWW\gzsc\Application\Home\Controller\StoreController.class.php 第 40 行.
NOTIC: [8] Undefined index: p C:\aaa\WWW\gzsc\Application\Home\Controller\StoreController.class.php 第 68 行.
NOTIC: [8] Undefined variable: p C:\aaa\WWW\gzsc\Application\Home\Controller\StoreController.class.php 第 77 行.

[ 2017-08-28T08:49:47+08:00 ] 192.168.31.216 /gzsc/index.php/Home/Dianshang/index
INFO: [ app_init ] --START--
INFO: Run Behavior\BuildLiteBehavior [ RunTime:0.000000s ]
INFO: [ app_init ] --END-- [ RunTime:0.000000s ]
INFO: [ app_begin ] --START--
INFO: Run Behavior\ReadHtmlCacheBehavior [ RunTime:0.001000s ]
INFO: [ app_begin ] --END-- [ RunTime:0.001000s ]
ERR: 非法操作:index

[ 2017-08-28T08:49:48+08:00 ] 192.168.31.216 /gzsc/index.php/Home/Dianshang/indexaa
INFO: [ app_init ] --START--
INFO: Run Behavior\BuildLiteBehavior [ RunTime:0.000000s ]
INFO: [ app_init ] --END-- [ RunTime:0.000000s ]
INFO: [ app_begin ] --START--
INFO: Run Behavior\ReadHtmlCacheBehavior [ RunTime:0.001000s ]
INFO: [ app_begin ] --END-- [ RunTime:0.001000s ]
NOTIC: [8192] mysql_connect(): The mysql extension is deprecated and will be removed in the future: use mysqli or PDO instead C:\aaa\WWW\gzsc\ThinkPHP\Library\Think\Db\Driver\Mysql.class.php 第 52 行.
SQL: SHOW COLUMNS FROM `user` [ RunTime:0.011000s ]
SQL: SHOW COLUMNS FROM `pics` [ RunTime:0.011000s ]
NOTIC: [8] Undefined index: lng C:\aaa\WWW\gzsc\Application\Home\Controller\DianshangController.class.php 第 47 行.
NOTIC: [8] Undefined index: lat C:\aaa\WWW\gzsc\Application\Home\Controller\DianshangController.class.php 第 47 行.
SQL: SELECT `id`,`user_store_x`,`user_store_y`,`user_store_name`,`user_store_evaluate`,`user_store_pic`,`user_store_pic1`,`user_store_pic2`,`user_store_pic3`,`user_store_pic4`,`user_store_phone` FROM `user` WHERE `user_grade` = 2  [ RunTime:0.001000s ]
SQL: SELECT `pic`,`pic_http`,`pic_descr` FROM `pics` WHERE `store_id` = 6 AND `pic_address` = 1 AND `pic_state` = 1  [ RunTime:0.000000s ]
SQL: SELECT `pic`,`pic_http`,`pic_descr` FROM `pics` WHERE `store_id` = 16 AND `pic_address` = 1 AND `pic_state` = 1  [ RunTime:0.001000s ]
SQL: SELECT `pic`,`pic_http`,`pic_descr` FROM `pics` WHERE `store_id` = 17 AND `pic_address` = 1 AND `pic_state` = 1  [ RunTime:0.001000s ]
SQL: SELECT `pic`,`pic_http`,`pic_descr` FROM `pics` WHERE `store_id` = 18 AND `pic_address` = 1 AND `pic_state` = 1  [ RunTime:0.001000s ]
SQL: SELECT `pic`,`pic_http`,`pic_descr` FROM `pics` WHERE `store_id` = 20 AND `pic_address` = 1 AND `pic_state` = 1  [ RunTime:0.000000s ]
SQL: SELECT `pic`,`pic_http`,`pic_descr` FROM `pics` WHERE `store_id` = 23 AND `pic_address` = 1 AND `pic_state` = 1  [ RunTime:0.000000s ]
SQL: SELECT `pic`,`pic_http`,`pic_descr` FROM `pics` WHERE `store_id` = 21 AND `pic_address` = 1 AND `pic_state` = 1  [ RunTime:0.000000s ]
NOTIC: [2] Invalid argument supplied for foreach() C:\aaa\WWW\gzsc\Application\Home\Controller\DianshangController.class.php 第 98 行.
NOTIC: [2] Invalid argument supplied for foreach() C:\aaa\WWW\gzsc\Application\Home\Controller\DianshangController.class.php 第 98 行.
NOTIC: [2] Invalid argument supplied for foreach() C:\aaa\WWW\gzsc\Application\Home\Controller\DianshangController.class.php 第 98 行.
NOTIC: [2] Invalid argument supplied for foreach() C:\aaa\WWW\gzsc\Application\Home\Controller\DianshangController.class.php 第 98 行.
NOTIC: [2] Invalid argument supplied for foreach() C:\aaa\WWW\gzsc\Application\Home\Controller\DianshangController.class.php 第 98 行.
NOTIC: [2] Invalid argument supplied for foreach() C:\aaa\WWW\gzsc\Application\Home\Controller\DianshangController.class.php 第 98 行.
SQL: SELECT `pic`,`pic_http`,`pic_descr` FROM `pics` WHERE `store_id` = 6 AND `pic_address` = 2 AND `pic_state` = 1  [ RunTime:0.001000s ]
SQL: SELECT `pic`,`pic_http`,`pic_descr` FROM `pics` WHERE `store_id` = 16 AND `pic_address` = 2 AND `pic_state` = 1  [ RunTime:0.000000s ]
SQL: SELECT `pic`,`pic_http`,`pic_descr` FROM `pics` WHERE `store_id` = 17 AND `pic_address` = 2 AND `pic_state` = 1  [ RunTime:0.001000s ]
SQL: SELECT `pic`,`pic_http`,`pic_descr` FROM `pics` WHERE `store_id` = 18 AND `pic_address` = 2 AND `pic_state` = 1  [ RunTime:0.000000s ]
SQL: SELECT `pic`,`pic_http`,`pic_descr` FROM `pics` WHERE `store_id` = 20 AND `pic_address` = 2 AND `pic_state` = 1  [ RunTime:0.000000s ]
SQL: SELECT `pic`,`pic_http`,`pic_descr` FROM `pics` WHERE `store_id` = 23 AND `pic_address` = 2 AND `pic_state` = 1  [ RunTime:0.001000s ]
SQL: SELECT `pic`,`pic_http`,`pic_descr` FROM `pics` WHERE `store_id` = 21 AND `pic_address` = 2 AND `pic_state` = 1  [ RunTime:0.000000s ]
NOTIC: [2] Invalid argument supplied for foreach() C:\aaa\WWW\gzsc\Application\Home\Controller\DianshangController.class.php 第 110 行.
NOTIC: [2] Invalid argument supplied for foreach() C:\aaa\WWW\gzsc\Application\Home\Controller\DianshangController.class.php 第 110 行.
NOTIC: [2] Invalid argument supplied for foreach() C:\aaa\WWW\gzsc\Application\Home\Controller\DianshangController.class.php 第 110 行.
NOTIC: [2] Invalid argument supplied for foreach() C:\aaa\WWW\gzsc\Application\Home\Controller\DianshangController.class.php 第 110 行.
NOTIC: [2] Invalid argument supplied for foreach() C:\aaa\WWW\gzsc\Application\Home\Controller\DianshangController.class.php 第 110 行.
NOTIC: [2] Invalid argument supplied for foreach() C:\aaa\WWW\gzsc\Application\Home\Controller\DianshangController.class.php 第 110 行.
NOTIC: [8] Undefined index: p C:\aaa\WWW\gzsc\Application\Home\Controller\DianshangController.class.php 第 124 行.
NOTIC: [8] Undefined variable: p C:\aaa\WWW\gzsc\Application\Home\Controller\DianshangController.class.php 第 133 行.

[ 2017-08-28T08:50:12+08:00 ] 192.168.31.216 /gzsc/index.php/Home/Dianshang/index
INFO: [ app_init ] --START--
INFO: Run Behavior\BuildLiteBehavior [ RunTime:0.000000s ]
INFO: [ app_init ] --END-- [ RunTime:0.001000s ]
INFO: [ app_begin ] --START--
INFO: Run Behavior\ReadHtmlCacheBehavior [ RunTime:0.000000s ]
INFO: [ app_begin ] --END-- [ RunTime:0.000000s ]
ERR: 非法操作:index

[ 2017-08-28T08:50:13+08:00 ] 192.168.31.216 /gzsc/index.php/Home/Dianshang/indexaa
INFO: [ app_init ] --START--
INFO: Run Behavior\BuildLiteBehavior [ RunTime:0.000000s ]
INFO: [ app_init ] --END-- [ RunTime:0.000000s ]
INFO: [ app_begin ] --START--
INFO: Run Behavior\ReadHtmlCacheBehavior [ RunTime:0.001000s ]
INFO: [ app_begin ] --END-- [ RunTime:0.001000s ]
NOTIC: [8192] mysql_connect(): The mysql extension is deprecated and will be removed in the future: use mysqli or PDO instead C:\aaa\WWW\gzsc\ThinkPHP\Library\Think\Db\Driver\Mysql.class.php 第 52 行.
SQL: SHOW COLUMNS FROM `user` [ RunTime:0.008000s ]
SQL: SHOW COLUMNS FROM `pics` [ RunTime:0.006000s ]
NOTIC: [8] Undefined index: lng C:\aaa\WWW\gzsc\Application\Home\Controller\DianshangController.class.php 第 47 行.
NOTIC: [8] Undefined index: lat C:\aaa\WWW\gzsc\Application\Home\Controller\DianshangController.class.php 第 47 行.
SQL: SELECT `id`,`user_store_x`,`user_store_y`,`user_store_name`,`user_store_evaluate`,`user_store_pic`,`user_store_pic1`,`user_store_pic2`,`user_store_pic3`,`user_store_pic4`,`user_store_phone` FROM `user` WHERE `user_grade` = 2  [ RunTime:0.000000s ]
SQL: SELECT `pic`,`pic_http`,`pic_descr` FROM `pics` WHERE `store_id` = 6 AND `pic_address` = 1 AND `pic_state` = 1  [ RunTime:0.000000s ]
SQL: SELECT `pic`,`pic_http`,`pic_descr` FROM `pics` WHERE `store_id` = 16 AND `pic_address` = 1 AND `pic_state` = 1  [ RunTime:0.000000s ]
SQL: SELECT `pic`,`pic_http`,`pic_descr` FROM `pics` WHERE `store_id` = 17 AND `pic_address` = 1 AND `pic_state` = 1  [ RunTime:0.001000s ]
SQL: SELECT `pic`,`pic_http`,`pic_descr` FROM `pics` WHERE `store_id` = 18 AND `pic_address` = 1 AND `pic_state` = 1  [ RunTime:0.000000s ]
SQL: SELECT `pic`,`pic_http`,`pic_descr` FROM `pics` WHERE `store_id` = 20 AND `pic_address` = 1 AND `pic_state` = 1  [ RunTime:0.000000s ]
SQL: SELECT `pic`,`pic_http`,`pic_descr` FROM `pics` WHERE `store_id` = 23 AND `pic_address` = 1 AND `pic_state` = 1  [ RunTime:0.001000s ]
SQL: SELECT `pic`,`pic_http`,`pic_descr` FROM `pics` WHERE `store_id` = 21 AND `pic_address` = 1 AND `pic_state` = 1  [ RunTime:0.000000s ]
NOTIC: [2] Invalid argument supplied for foreach() C:\aaa\WWW\gzsc\Application\Home\Controller\DianshangController.class.php 第 98 行.
NOTIC: [2] Invalid argument supplied for foreach() C:\aaa\WWW\gzsc\Application\Home\Controller\DianshangController.class.php 第 98 行.
NOTIC: [2] Invalid argument supplied for foreach() C:\aaa\WWW\gzsc\Application\Home\Controller\DianshangController.class.php 第 98 行.
NOTIC: [2] Invalid argument supplied for foreach() C:\aaa\WWW\gzsc\Application\Home\Controller\DianshangController.class.php 第 98 行.
NOTIC: [2] Invalid argument supplied for foreach() C:\aaa\WWW\gzsc\Application\Home\Controller\DianshangController.class.php 第 98 行.
NOTIC: [2] Invalid argument supplied for foreach() C:\aaa\WWW\gzsc\Application\Home\Controller\DianshangController.class.php 第 98 行.
SQL: SELECT `pic`,`pic_http`,`pic_descr` FROM `pics` WHERE `store_id` = 6 AND `pic_address` = 2 AND `pic_state` = 1  [ RunTime:0.000000s ]
SQL: SELECT `pic`,`pic_http`,`pic_descr` FROM `pics` WHERE `store_id` = 16 AND `pic_address` = 2 AND `pic_state` = 1  [ RunTime:0.000000s ]
SQL: SELECT `pic`,`pic_http`,`pic_descr` FROM `pics` WHERE `store_id` = 17 AND `pic_address` = 2 AND `pic_state` = 1  [ RunTime:0.000000s ]
SQL: SELECT `pic`,`pic_http`,`pic_descr` FROM `pics` WHERE `store_id` = 18 AND `pic_address` = 2 AND `pic_state` = 1  [ RunTime:0.000000s ]
SQL: SELECT `pic`,`pic_http`,`pic_descr` FROM `pics` WHERE `store_id` = 20 AND `pic_address` = 2 AND `pic_state` = 1  [ RunTime:0.001000s ]
SQL: SELECT `pic`,`pic_http`,`pic_descr` FROM `pics` WHERE `store_id` = 23 AND `pic_address` = 2 AND `pic_state` = 1  [ RunTime:0.001000s ]
SQL: SELECT `pic`,`pic_http`,`pic_descr` FROM `pics` WHERE `store_id` = 21 AND `pic_address` = 2 AND `pic_state` = 1  [ RunTime:0.000000s ]
NOTIC: [2] Invalid argument supplied for foreach() C:\aaa\WWW\gzsc\Application\Home\Controller\DianshangController.class.php 第 110 行.
NOTIC: [2] Invalid argument supplied for foreach() C:\aaa\WWW\gzsc\Application\Home\Controller\DianshangController.class.php 第 110 行.
NOTIC: [2] Invalid argument supplied for foreach() C:\aaa\WWW\gzsc\Application\Home\Controller\DianshangController.class.php 第 110 行.
NOTIC: [2] Invalid argument supplied for foreach() C:\aaa\WWW\gzsc\Application\Home\Controller\DianshangController.class.php 第 110 行.
NOTIC: [2] Invalid argument supplied for foreach() C:\aaa\WWW\gzsc\Application\Home\Controller\DianshangController.class.php 第 110 行.
NOTIC: [2] Invalid argument supplied for foreach() C:\aaa\WWW\gzsc\Application\Home\Controller\DianshangController.class.php 第 110 行.
NOTIC: [8] Undefined index: p C:\aaa\WWW\gzsc\Application\Home\Controller\DianshangController.class.php 第 124 行.
NOTIC: [8] Undefined variable: p C:\aaa\WWW\gzsc\Application\Home\Controller\DianshangController.class.php 第 133 行.

[ 2017-08-28T08:50:19+08:00 ] 192.168.31.216 /gzsc/index.php/Home/Dianshang/index
INFO: [ app_init ] --START--
INFO: Run Behavior\BuildLiteBehavior [ RunTime:0.000000s ]
INFO: [ app_init ] --END-- [ RunTime:0.001000s ]
INFO: [ app_begin ] --START--
INFO: Run Behavior\ReadHtmlCacheBehavior [ RunTime:0.001000s ]
INFO: [ app_begin ] --END-- [ RunTime:0.001000s ]
ERR: 非法操作:index

[ 2017-08-28T08:50:32+08:00 ] 192.168.31.216 /gzsc/index.php/Home/Dianshang/index.php
INFO: [ app_init ] --START--
INFO: Run Behavior\BuildLiteBehavior [ RunTime:0.000000s ]
INFO: [ app_init ] --END-- [ RunTime:0.000000s ]
INFO: [ app_begin ] --START--
INFO: Run Behavior\ReadHtmlCacheBehavior [ RunTime:0.001000s ]
INFO: [ app_begin ] --END-- [ RunTime:0.001000s ]
ERR: 非法操作:index.php

[ 2017-08-28T09:15:29+08:00 ] 192.168.31.216 /gzsc/index.php/Home/Login/dologin?username=lyl&pwd=123456
INFO: [ app_init ] --START--
INFO: Run Behavior\BuildLiteBehavior [ RunTime:0.000000s ]
INFO: [ app_init ] --END-- [ RunTime:0.000000s ]
INFO: [ app_begin ] --START--
INFO: Run Behavior\ReadHtmlCacheBehavior [ RunTime:0.000000s ]
INFO: [ app_begin ] --END-- [ RunTime:0.002000s ]
NOTIC: [8192] mysql_connect(): The mysql extension is deprecated and will be removed in the future: use mysqli or PDO instead C:\aaa\WWW\gzsc\ThinkPHP\Library\Think\Db\Driver\Mysql.class.php 第 52 行.
SQL: SHOW COLUMNS FROM `user` [ RunTime:0.006000s ]
SQL: SELECT * FROM `user` WHERE ( user_name='lyl' OR user_phone='lyl' OR user_store_name='lyl' ) LIMIT 1   [ RunTime:0.001000s ]
SQL: SELECT * FROM `user` WHERE ( user_name='lyl' OR user_phone='lyl' ) LIMIT 1   [ RunTime:0.001000s ]

[ 2017-08-28T09:15:46+08:00 ] 192.168.31.216 /gzsc/index.php/Home/Dianshang/indexaa?p=1&lat=0.0&lng=0.0
INFO: [ app_init ] --START--
INFO: Run Behavior\BuildLiteBehavior [ RunTime:0.000000s ]
INFO: [ app_init ] --END-- [ RunTime:0.000000s ]
INFO: [ app_begin ] --START--
INFO: Run Behavior\ReadHtmlCacheBehavior [ RunTime:0.000000s ]
INFO: [ app_begin ] --END-- [ RunTime:0.000000s ]
NOTIC: [8192] mysql_connect(): The mysql extension is deprecated and will be removed in the future: use mysqli or PDO instead C:\aaa\WWW\gzsc\ThinkPHP\Library\Think\Db\Driver\Mysql.class.php 第 52 行.
SQL: SHOW COLUMNS FROM `user` [ RunTime:0.008000s ]
SQL: SHOW COLUMNS FROM `pics` [ RunTime:0.005000s ]
SQL: SELECT `id`,`user_store_x`,`user_store_y`,`user_store_name`,`user_store_evaluate`,`user_store_pic`,`user_store_pic1`,`user_store_pic2`,`user_store_pic3`,`user_store_pic4`,`user_store_phone` FROM `user` WHERE `user_grade` = 2  [ RunTime:0.001000s ]
SQL: SELECT `pic`,`pic_http`,`pic_descr` FROM `pics` WHERE `store_id` = 6 AND `pic_address` = 1 AND `pic_state` = 1  [ RunTime:0.000000s ]
SQL: SELECT `pic`,`pic_http`,`pic_descr` FROM `pics` WHERE `store_id` = 16 AND `pic_address` = 1 AND `pic_state` = 1  [ RunTime:0.000000s ]
SQL: SELECT `pic`,`pic_http`,`pic_descr` FROM `pics` WHERE `store_id` = 17 AND `pic_address` = 1 AND `pic_state` = 1  [ RunTime:0.000000s ]
SQL: SELECT `pic`,`pic_http`,`pic_descr` FROM `pics` WHERE `store_id` = 18 AND `pic_address` = 1 AND `pic_state` = 1  [ RunTime:0.000000s ]
SQL: SELECT `pic`,`pic_http`,`pic_descr` FROM `pics` WHERE `store_id` = 20 AND `pic_address` = 1 AND `pic_state` = 1  [ RunTime:0.001000s ]
SQL: SELECT `pic`,`pic_http`,`pic_descr` FROM `pics` WHERE `store_id` = 23 AND `pic_address` = 1 AND `pic_state` = 1  [ RunTime:0.000000s ]
SQL: SELECT `pic`,`pic_http`,`pic_descr` FROM `pics` WHERE `store_id` = 21 AND `pic_address` = 1 AND `pic_state` = 1  [ RunTime:0.001000s ]
NOTIC: [2] Invalid argument supplied for foreach() C:\aaa\WWW\gzsc\Application\Home\Controller\DianshangController.class.php 第 98 行.
NOTIC: [2] Invalid argument supplied for foreach() C:\aaa\WWW\gzsc\Application\Home\Controller\DianshangController.class.php 第 98 行.
NOTIC: [2] Invalid argument supplied for foreach() C:\aaa\WWW\gzsc\Application\Home\Controller\DianshangController.class.php 第 98 行.
NOTIC: [2] Invalid argument supplied for foreach() C:\aaa\WWW\gzsc\Application\Home\Controller\DianshangController.class.php 第 98 行.
NOTIC: [2] Invalid argument supplied for foreach() C:\aaa\WWW\gzsc\Application\Home\Controller\DianshangController.class.php 第 98 行.
NOTIC: [2] Invalid argument supplied for foreach() C:\aaa\WWW\gzsc\Application\Home\Controller\DianshangController.class.php 第 98 行.
SQL: SELECT `pic`,`pic_http`,`pic_descr` FROM `pics` WHERE `store_id` = 6 AND `pic_address` = 2 AND `pic_state` = 1  [ RunTime:0.001000s ]
SQL: SELECT `pic`,`pic_http`,`pic_descr` FROM `pics` WHERE `store_id` = 16 AND `pic_address` = 2 AND `pic_state` = 1  [ RunTime:0.000000s ]
SQL: SELECT `pic`,`pic_http`,`pic_descr` FROM `pics` WHERE `store_id` = 17 AND `pic_address` = 2 AND `pic_state` = 1  [ RunTime:0.001000s ]
SQL: SELECT `pic`,`pic_http`,`pic_descr` FROM `pics` WHERE `store_id` = 18 AND `pic_address` = 2 AND `pic_state` = 1  [ RunTime:0.000000s ]
SQL: SELECT `pic`,`pic_http`,`pic_descr` FROM `pics` WHERE `store_id` = 20 AND `pic_address` = 2 AND `pic_state` = 1  [ RunTime:0.000000s ]
SQL: SELECT `pic`,`pic_http`,`pic_descr` FROM `pics` WHERE `store_id` = 23 AND `pic_address` = 2 AND `pic_state` = 1  [ RunTime:0.000000s ]
SQL: SELECT `pic`,`pic_http`,`pic_descr` FROM `pics` WHERE `store_id` = 21 AND `pic_address` = 2 AND `pic_state` = 1  [ RunTime:0.000000s ]
NOTIC: [2] Invalid argument supplied for foreach() C:\aaa\WWW\gzsc\Application\Home\Controller\DianshangController.class.php 第 110 行.
NOTIC: [2] Invalid argument supplied for foreach() C:\aaa\WWW\gzsc\Application\Home\Controller\DianshangController.class.php 第 110 行.
NOTIC: [2] Invalid argument supplied for foreach() C:\aaa\WWW\gzsc\Application\Home\Controller\DianshangController.class.php 第 110 行.
NOTIC: [2] Invalid argument supplied for foreach() C:\aaa\WWW\gzsc\Application\Home\Controller\DianshangController.class.php 第 110 行.
NOTIC: [2] Invalid argument supplied for foreach() C:\aaa\WWW\gzsc\Application\Home\Controller\DianshangController.class.php 第 110 行.
NOTIC: [2] Invalid argument supplied for foreach() C:\aaa\WWW\gzsc\Application\Home\Controller\DianshangController.class.php 第 110 行.

[ 2017-08-28T09:15:53+08:00 ] 192.168.31.216 /gzsc/index.php/Home/Login/dologin?username=lyl&pwd=123456
INFO: [ app_init ] --START--
INFO: Run Behavior\BuildLiteBehavior [ RunTime:0.000000s ]
INFO: [ app_init ] --END-- [ RunTime:0.001000s ]
INFO: [ app_begin ] --START--
INFO: Run Behavior\ReadHtmlCacheBehavior [ RunTime:0.001000s ]
INFO: [ app_begin ] --END-- [ RunTime:0.001000s ]
NOTIC: [8192] mysql_connect(): The mysql extension is deprecated and will be removed in the future: use mysqli or PDO instead C:\aaa\WWW\gzsc\ThinkPHP\Library\Think\Db\Driver\Mysql.class.php 第 52 行.
SQL: SHOW COLUMNS FROM `user` [ RunTime:0.003000s ]
SQL: SELECT * FROM `user` WHERE ( user_name='lyl' OR user_phone='lyl' OR user_store_name='lyl' ) LIMIT 1   [ RunTime:0.000000s ]
SQL: SELECT * FROM `user` WHERE ( user_name='lyl' OR user_phone='lyl' ) LIMIT 1   [ RunTime:0.001000s ]

[ 2017-08-28T09:15:54+08:00 ] 192.168.31.216 /gzsc/index.php/Home/Dianshang/indexaa?p=1&lat=0.0&lng=0.0
INFO: [ app_init ] --START--
INFO: Run Behavior\BuildLiteBehavior [ RunTime:0.000000s ]
INFO: [ app_init ] --END-- [ RunTime:0.001000s ]
INFO: [ app_begin ] --START--
INFO: Run Behavior\ReadHtmlCacheBehavior [ RunTime:0.001000s ]
INFO: [ app_begin ] --END-- [ RunTime:0.001000s ]
NOTIC: [8192] mysql_connect(): The mysql extension is deprecated and will be removed in the future: use mysqli or PDO instead C:\aaa\WWW\gzsc\ThinkPHP\Library\Think\Db\Driver\Mysql.class.php 第 52 行.
SQL: SHOW COLUMNS FROM `user` [ RunTime:0.004000s ]
SQL: SHOW COLUMNS FROM `pics` [ RunTime:0.004000s ]
SQL: SELECT `id`,`user_store_x`,`user_store_y`,`user_store_name`,`user_store_evaluate`,`user_store_pic`,`user_store_pic1`,`user_store_pic2`,`user_store_pic3`,`user_store_pic4`,`user_store_phone` FROM `user` WHERE `user_grade` = 2  [ RunTime:0.001000s ]
SQL: SELECT `pic`,`pic_http`,`pic_descr` FROM `pics` WHERE `store_id` = 6 AND `pic_address` = 1 AND `pic_state` = 1  [ RunTime:0.001000s ]
SQL: SELECT `pic`,`pic_http`,`pic_descr` FROM `pics` WHERE `store_id` = 16 AND `pic_address` = 1 AND `pic_state` = 1  [ RunTime:0.000000s ]
SQL: SELECT `pic`,`pic_http`,`pic_descr` FROM `pics` WHERE `store_id` = 17 AND `pic_address` = 1 AND `pic_state` = 1  [ RunTime:0.001000s ]
SQL: SELECT `pic`,`pic_http`,`pic_descr` FROM `pics` WHERE `store_id` = 18 AND `pic_address` = 1 AND `pic_state` = 1  [ RunTime:0.000000s ]
SQL: SELECT `pic`,`pic_http`,`pic_descr` FROM `pics` WHERE `store_id` = 20 AND `pic_address` = 1 AND `pic_state` = 1  [ RunTime:0.000000s ]
SQL: SELECT `pic`,`pic_http`,`pic_descr` FROM `pics` WHERE `store_id` = 23 AND `pic_address` = 1 AND `pic_state` = 1  [ RunTime:0.000000s ]
SQL: SELECT `pic`,`pic_http`,`pic_descr` FROM `pics` WHERE `store_id` = 21 AND `pic_address` = 1 AND `pic_state` = 1  [ RunTime:0.000000s ]
NOTIC: [2] Invalid argument supplied for foreach() C:\aaa\WWW\gzsc\Application\Home\Controller\DianshangController.class.php 第 98 行.
NOTIC: [2] Invalid argument supplied for foreach() C:\aaa\WWW\gzsc\Application\Home\Controller\DianshangController.class.php 第 98 行.
NOTIC: [2] Invalid argument supplied for foreach() C:\aaa\WWW\gzsc\Application\Home\Controller\DianshangController.class.php 第 98 行.
NOTIC: [2] Invalid argument supplied for foreach() C:\aaa\WWW\gzsc\Application\Home\Controller\DianshangController.class.php 第 98 行.
NOTIC: [2] Invalid argument supplied for foreach() C:\aaa\WWW\gzsc\Application\Home\Controller\DianshangController.class.php 第 98 行.
NOTIC: [2] Invalid argument supplied for foreach() C:\aaa\WWW\gzsc\Application\Home\Controller\DianshangController.class.php 第 98 行.
SQL: SELECT `pic`,`pic_http`,`pic_descr` FROM `pics` WHERE `store_id` = 6 AND `pic_address` = 2 AND `pic_state` = 1  [ RunTime:0.001000s ]
SQL: SELECT `pic`,`pic_http`,`pic_descr` FROM `pics` WHERE `store_id` = 16 AND `pic_address` = 2 AND `pic_state` = 1  [ RunTime:0.000000s ]
SQL: SELECT `pic`,`pic_http`,`pic_descr` FROM `pics` WHERE `store_id` = 17 AND `pic_address` = 2 AND `pic_state` = 1  [ RunTime:0.001000s ]
SQL: SELECT `pic`,`pic_http`,`pic_descr` FROM `pics` WHERE `store_id` = 18 AND `pic_address` = 2 AND `pic_state` = 1  [ RunTime:0.000000s ]
SQL: SELECT `pic`,`pic_http`,`pic_descr` FROM `pics` WHERE `store_id` = 20 AND `pic_address` = 2 AND `pic_state` = 1  [ RunTime:0.000000s ]
SQL: SELECT `pic`,`pic_http`,`pic_descr` FROM `pics` WHERE `store_id` = 23 AND `pic_address` = 2 AND `pic_state` = 1  [ RunTime:0.000000s ]
SQL: SELECT `pic`,`pic_http`,`pic_descr` FROM `pics` WHERE `store_id` = 21 AND `pic_address` = 2 AND `pic_state` = 1  [ RunTime:0.000000s ]
NOTIC: [2] Invalid argument supplied for foreach() C:\aaa\WWW\gzsc\Application\Home\Controller\DianshangController.class.php 第 110 行.
NOTIC: [2] Invalid argument supplied for foreach() C:\aaa\WWW\gzsc\Application\Home\Controller\DianshangController.class.php 第 110 行.
NOTIC: [2] Invalid argument supplied for foreach() C:\aaa\WWW\gzsc\Application\Home\Controller\DianshangController.class.php 第 110 行.
NOTIC: [2] Invalid argument supplied for foreach() C:\aaa\WWW\gzsc\Application\Home\Controller\DianshangController.class.php 第 110 行.
NOTIC: [2] Invalid argument supplied for foreach() C:\aaa\WWW\gzsc\Application\Home\Controller\DianshangController.class.php 第 110 行.
NOTIC: [2] Invalid argument supplied for foreach() C:\aaa\WWW\gzsc\Application\Home\Controller\DianshangController.class.php 第 110 行.

[ 2017-08-28T09:15:55+08:00 ] 192.168.31.216 /gzsc/index.php/Home/Goods/shoppingcar?user_id=1
INFO: [ app_init ] --START--
INFO: Run Behavior\BuildLiteBehavior [ RunTime:0.000000s ]
INFO: [ app_init ] --END-- [ RunTime:0.000000s ]
INFO: [ app_begin ] --START--
INFO: Run Behavior\ReadHtmlCacheBehavior [ RunTime:0.000000s ]
INFO: [ app_begin ] --END-- [ RunTime:0.000000s ]
NOTIC: [8192] mysql_connect(): The mysql extension is deprecated and will be removed in the future: use mysqli or PDO instead C:\aaa\WWW\gzsc\ThinkPHP\Library\Think\Db\Driver\Mysql.class.php 第 52 行.
SQL: SHOW COLUMNS FROM `shoppingcar` [ RunTime:0.011000s ]
SQL: SHOW COLUMNS FROM `user` [ RunTime:0.008000s ]
SQL: SHOW COLUMNS FROM `good_attr` [ RunTime:0.004000s ]
SQL: SHOW COLUMNS FROM `good` [ RunTime:0.004000s ]
SQL: SHOW COLUMNS FROM `file` [ RunTime:0.003000s ]
SQL: SELECT * FROM `shoppingcar` WHERE `user_id` = 1  [ RunTime:0.000000s ]
SQL: SELECT `id`,`user_store_name` FROM `user` WHERE `id` = 6 LIMIT 1   [ RunTime:0.001000s ]
SQL: SELECT `file_pic` FROM `file` WHERE `good_attr_id` = 39 LIMIT 1   [ RunTime:0.000000s ]
SQL: SELECT `id`,`good_name` FROM `good` WHERE `id` = 14 LIMIT 1   [ RunTime:0.000000s ]
SQL: SELECT `id`,`good_attr_color`,`good_attr_size`,`good_attr_price`,`good_attr_price1`,`good_attr_des` FROM `good_attr` WHERE `id` = 39 LIMIT 1   [ RunTime:0.001000s ]
SQL: SELECT `file_pic` FROM `file` WHERE `good_attr_id` = 39 LIMIT 1   [ RunTime:0.000000s ]
SQL: SELECT `id`,`good_name` FROM `good` WHERE `id` = 13 LIMIT 1   [ RunTime:0.000000s ]
SQL: SELECT `id`,`good_attr_color`,`good_attr_size`,`good_attr_price`,`good_attr_price1`,`good_attr_des` FROM `good_attr` WHERE `id` = 39 LIMIT 1   [ RunTime:0.000000s ]
SQL: SELECT `file_pic` FROM `file` WHERE `good_attr_id` = 39 LIMIT 1   [ RunTime:0.000000s ]
SQL: SELECT `id`,`good_name` FROM `good` WHERE `id` = 12 LIMIT 1   [ RunTime:0.000000s ]
SQL: SELECT `id`,`good_attr_color`,`good_attr_size`,`good_attr_price`,`good_attr_price1`,`good_attr_des` FROM `good_attr` WHERE `id` = 39 LIMIT 1   [ RunTime:0.000000s ]
SQL: SELECT `file_pic` FROM `file` WHERE `good_attr_id` = 39 LIMIT 1   [ RunTime:0.000000s ]
SQL: SELECT `id`,`good_name` FROM `good` WHERE `id` = 11 LIMIT 1   [ RunTime:0.000000s ]
SQL: SELECT `id`,`good_attr_color`,`good_attr_size`,`good_attr_price`,`good_attr_price1`,`good_attr_des` FROM `good_attr` WHERE `id` = 39 LIMIT 1   [ RunTime:0.001000s ]
SQL: SELECT `file_pic` FROM `file` WHERE `good_attr_id` = 39 LIMIT 1   [ RunTime:0.000000s ]
SQL: SELECT `id`,`good_name` FROM `good` WHERE `id` = 8 LIMIT 1   [ RunTime:0.001000s ]
SQL: SELECT `id`,`good_attr_color`,`good_attr_size`,`good_attr_price`,`good_attr_price1`,`good_attr_des` FROM `good_attr` WHERE `id` = 39 LIMIT 1   [ RunTime:0.000000s ]

[ 2017-08-28T09:50:56+08:00 ] 192.168.31.216 /gzsc/index.php/Home/Dianshang/index
INFO: [ app_init ] --START--
INFO: Run Behavior\BuildLiteBehavior [ RunTime:0.000000s ]
INFO: [ app_init ] --END-- [ RunTime:0.000000s ]
INFO: [ app_begin ] --START--
INFO: Run Behavior\ReadHtmlCacheBehavior [ RunTime:0.001000s ]
INFO: [ app_begin ] --END-- [ RunTime:0.001000s ]
ERR: 非法操作:index

[ 2017-08-28T10:05:40+08:00 ] 192.168.31.216 /gzsc/index.php/Home/Login/dologin?username=lyl&pwd=123456
INFO: [ app_init ] --START--
INFO: Run Behavior\BuildLiteBehavior [ RunTime:0.000000s ]
INFO: [ app_init ] --END-- [ RunTime:0.000000s ]
INFO: [ app_begin ] --START--
INFO: Run Behavior\ReadHtmlCacheBehavior [ RunTime:0.001000s ]
INFO: [ app_begin ] --END-- [ RunTime:0.001000s ]
NOTIC: [8192] mysql_connect(): The mysql extension is deprecated and will be removed in the future: use mysqli or PDO instead C:\aaa\WWW\gzsc\ThinkPHP\Library\Think\Db\Driver\Mysql.class.php 第 52 行.
SQL: SHOW COLUMNS FROM `user` [ RunTime:0.005000s ]
SQL: SELECT * FROM `user` WHERE ( user_name='lyl' OR user_phone='lyl' OR user_store_name='lyl' ) LIMIT 1   [ RunTime:0.001000s ]
SQL: SELECT * FROM `user` WHERE ( user_name='lyl' OR user_phone='lyl' ) LIMIT 1   [ RunTime:0.001000s ]

[ 2017-08-28T10:06:29+08:00 ] 192.168.31.216 /gzsc/index.php/Home/Login/dologin?username=lyl&pwd=123456
INFO: [ app_init ] --START--
INFO: Run Behavior\BuildLiteBehavior [ RunTime:0.000000s ]
INFO: [ app_init ] --END-- [ RunTime:0.001000s ]
INFO: [ app_begin ] --START--
INFO: Run Behavior\ReadHtmlCacheBehavior [ RunTime:0.001000s ]
INFO: [ app_begin ] --END-- [ RunTime:0.001000s ]
NOTIC: [8192] mysql_connect(): The mysql extension is deprecated and will be removed in the future: use mysqli or PDO instead C:\aaa\WWW\gzsc\ThinkPHP\Library\Think\Db\Driver\Mysql.class.php 第 52 行.
SQL: SHOW COLUMNS FROM `user` [ RunTime:0.004000s ]
SQL: SELECT * FROM `user` WHERE ( user_name='lyl' OR user_phone='lyl' OR user_store_name='lyl' ) LIMIT 1   [ RunTime:0.000000s ]
SQL: SELECT * FROM `user` WHERE ( user_name='lyl' OR user_phone='lyl' ) LIMIT 1   [ RunTime:0.000000s ]

[ 2017-08-28T10:06:56+08:00 ] 192.168.31.216 /gzsc/index.php/Home/Login/dologin?username=lyl&pwd=123456
INFO: [ app_init ] --START--
INFO: Run Behavior\BuildLiteBehavior [ RunTime:0.000000s ]
INFO: [ app_init ] --END-- [ RunTime:0.000000s ]
INFO: [ app_begin ] --START--
INFO: Run Behavior\ReadHtmlCacheBehavior [ RunTime:0.000000s ]
INFO: [ app_begin ] --END-- [ RunTime:0.000000s ]
NOTIC: [8192] mysql_connect(): The mysql extension is deprecated and will be removed in the future: use mysqli or PDO instead C:\aaa\WWW\gzsc\ThinkPHP\Library\Think\Db\Driver\Mysql.class.php 第 52 行.
SQL: SHOW COLUMNS FROM `user` [ RunTime:0.004000s ]
SQL: SELECT * FROM `user` WHERE ( user_name='lyl' OR user_phone='lyl' OR user_store_name='lyl' ) LIMIT 1   [ RunTime:0.001000s ]
SQL: SELECT * FROM `user` WHERE ( user_name='lyl' OR user_phone='lyl' ) LIMIT 1   [ RunTime:0.000000s ]

