[ 2017-08-07T08:11:33+08:00 ] 127.0.0.1 /gzsc/
INFO: [ app_init ] --START--
INFO: Run Behavior\BuildLiteBehavior [ RunTime:0.000000s ]
INFO: [ app_init ] --END-- [ RunTime:0.005000s ]
INFO: [ app_begin ] --START--
INFO: Run Behavior\ReadHtmlCacheBehavior [ RunTime:0.003000s ]
INFO: [ app_begin ] --END-- [ RunTime:0.003000s ]
INFO: [ view_parse ] --START--
INFO: [ template_filter ] --START--
INFO: Run Behavior\ContentReplaceBehavior [ RunTime:0.000000s ]
INFO: [ template_filter ] --END-- [ RunTime:0.000000s ]
INFO: Run Behavior\ParseTemplateBehavior [ RunTime:0.010000s ]
INFO: [ view_parse ] --END-- [ RunTime:0.010000s ]
INFO: [ view_filter ] --START--
INFO: Run Behavior\WriteHtmlCacheBehavior [ RunTime:0.001000s ]
INFO: [ view_filter ] --END-- [ RunTime:0.001000s ]
INFO: [ app_end ] --START--
INFO: Run Behavior\ShowPageTraceBehavior [ RunTime:0.001000s ]
INFO: [ app_end ] --END-- [ RunTime:0.001000s ]

[ 2017-08-07T08:50:19+08:00 ] 192.168.31.216 /gzsc/index.php/Home/Goods/myorder2?user_id=1
INFO: [ app_init ] --START--
INFO: Run Behavior\BuildLiteBehavior [ RunTime:0.000000s ]
INFO: [ app_init ] --END-- [ RunTime:0.001000s ]
INFO: [ app_begin ] --START--
INFO: Run Behavior\ReadHtmlCacheBehavior [ RunTime:0.001000s ]
INFO: [ app_begin ] --END-- [ RunTime:0.002000s ]
NOTIC: [8192] mysql_connect(): The mysql extension is deprecated and will be removed in the future: use mysqli or PDO instead C:\aaa\WWW\gzsc\ThinkPHP\Library\Think\Db\Driver\Mysql.class.php 第 52 行.
SQL: SHOW COLUMNS FROM `order` [ RunTime:0.009000s ]
SQL: SHOW COLUMNS FROM `orderdetail` [ RunTime:0.007000s ]
SQL: SHOW COLUMNS FROM `file` [ RunTime:0.009000s ]
SQL: SHOW COLUMNS FROM `good` [ RunTime:0.007000s ]
SQL: SHOW COLUMNS FROM `good_attr` [ RunTime:0.006000s ]
SQL: SELECT * FROM `order` WHERE `user_id` = 1 AND `order_grade` = 2 ORDER BY order_addtime desc  [ RunTime:0.001000s ]
NOTIC: [2] Invalid argument supplied for foreach() C:\aaa\WWW\gzsc\Application\Home\Controller\GoodsController.class.php 第 574 行.
NOTIC: [8] Undefined variable: shop C:\aaa\WWW\gzsc\Application\Home\Controller\GoodsController.class.php 第 604 行.

[ 2017-08-07T08:50:22+08:00 ] 192.168.31.216 /gzsc/index.php/Home/Goods/myorder1?user_id=1
INFO: [ app_init ] --START--
INFO: Run Behavior\BuildLiteBehavior [ RunTime:0.000000s ]
INFO: [ app_init ] --END-- [ RunTime:0.001000s ]
INFO: [ app_begin ] --START--
INFO: Run Behavior\ReadHtmlCacheBehavior [ RunTime:0.001000s ]
INFO: [ app_begin ] --END-- [ RunTime:0.001000s ]
NOTIC: [8192] mysql_connect(): The mysql extension is deprecated and will be removed in the future: use mysqli or PDO instead C:\aaa\WWW\gzsc\ThinkPHP\Library\Think\Db\Driver\Mysql.class.php 第 52 行.
SQL: SHOW COLUMNS FROM `order` [ RunTime:0.006000s ]
SQL: SHOW COLUMNS FROM `orderdetail` [ RunTime:0.008000s ]
SQL: SHOW COLUMNS FROM `file` [ RunTime:0.006000s ]
SQL: SHOW COLUMNS FROM `good` [ RunTime:0.009000s ]
SQL: SHOW COLUMNS FROM `good_attr` [ RunTime:0.006000s ]
SQL: SELECT * FROM `order` WHERE `user_id` = 1 AND `order_grade` = 1 ORDER BY order_addtime desc  [ RunTime:0.001000s ]
SQL: SELECT * FROM `orderdetail` WHERE `order_id` = 118  [ RunTime:0.001000s ]
SQL: SELECT * FROM `good` WHERE `id` = 14 LIMIT 1   [ RunTime:0.001000s ]
SQL: SELECT * FROM `good_attr` WHERE `id` = 39 LIMIT 1   [ RunTime:0.001000s ]
SQL: SELECT * FROM `file` WHERE `good_attr_id` = 39 LIMIT 1   [ RunTime:0.001000s ]
SQL: SELECT * FROM `orderdetail` WHERE `order_id` = 126  [ RunTime:0.001000s ]
SQL: SELECT * FROM `good` WHERE `id` = 14 LIMIT 1   [ RunTime:0.000000s ]
SQL: SELECT * FROM `good_attr` WHERE `id` = 39 LIMIT 1   [ RunTime:0.001000s ]
SQL: SELECT * FROM `file` WHERE `good_attr_id` = 39 LIMIT 1   [ RunTime:0.000000s ]
SQL: SELECT * FROM `orderdetail` WHERE `order_id` = 125  [ RunTime:0.001000s ]
SQL: SELECT * FROM `good` WHERE `id` = 14 LIMIT 1   [ RunTime:0.000000s ]
SQL: SELECT * FROM `good_attr` WHERE `id` = 39 LIMIT 1   [ RunTime:0.001000s ]
SQL: SELECT * FROM `file` WHERE `good_attr_id` = 39 LIMIT 1   [ RunTime:0.000000s ]
SQL: SELECT * FROM `orderdetail` WHERE `order_id` = 124  [ RunTime:0.001000s ]
SQL: SELECT * FROM `good` WHERE `id` = 14 LIMIT 1   [ RunTime:0.000000s ]
SQL: SELECT * FROM `good_attr` WHERE `id` = 39 LIMIT 1   [ RunTime:0.000000s ]
SQL: SELECT * FROM `file` WHERE `good_attr_id` = 39 LIMIT 1   [ RunTime:0.000000s ]
SQL: SELECT * FROM `orderdetail` WHERE `order_id` = 123  [ RunTime:0.000000s ]
SQL: SELECT * FROM `good` WHERE `id` = 14 LIMIT 1   [ RunTime:0.001000s ]
SQL: SELECT * FROM `good_attr` WHERE `id` = 39 LIMIT 1   [ RunTime:0.000000s ]
SQL: SELECT * FROM `file` WHERE `good_attr_id` = 39 LIMIT 1   [ RunTime:0.001000s ]
SQL: SELECT * FROM `orderdetail` WHERE `order_id` = 122  [ RunTime:0.000000s ]
SQL: SELECT * FROM `good` WHERE `id` = 14 LIMIT 1   [ RunTime:0.001000s ]
SQL: SELECT * FROM `good_attr` WHERE `id` = 39 LIMIT 1   [ RunTime:0.000000s ]
SQL: SELECT * FROM `file` WHERE `good_attr_id` = 39 LIMIT 1   [ RunTime:0.000000s ]
SQL: SELECT * FROM `orderdetail` WHERE `order_id` = 121  [ RunTime:0.000000s ]
SQL: SELECT * FROM `good` WHERE `id` = 14 LIMIT 1   [ RunTime:0.000000s ]
SQL: SELECT * FROM `good_attr` WHERE `id` = 39 LIMIT 1   [ RunTime:0.000000s ]
SQL: SELECT * FROM `file` WHERE `good_attr_id` = 39 LIMIT 1   [ RunTime:0.001000s ]
SQL: SELECT * FROM `orderdetail` WHERE `order_id` = 120  [ RunTime:0.000000s ]
SQL: SELECT * FROM `good` WHERE `id` = 14 LIMIT 1   [ RunTime:0.000000s ]
SQL: SELECT * FROM `good_attr` WHERE `id` = 39 LIMIT 1   [ RunTime:0.000000s ]
SQL: SELECT * FROM `file` WHERE `good_attr_id` = 39 LIMIT 1   [ RunTime:0.000000s ]
SQL: SELECT * FROM `orderdetail` WHERE `order_id` = 119  [ RunTime:0.000000s ]
SQL: SELECT * FROM `good` WHERE `id` = 14 LIMIT 1   [ RunTime:0.000000s ]
SQL: SELECT * FROM `good_attr` WHERE `id` = 39 LIMIT 1   [ RunTime:0.001000s ]
SQL: SELECT * FROM `file` WHERE `good_attr_id` = 39 LIMIT 1   [ RunTime:0.000000s ]
SQL: SELECT * FROM `orderdetail` WHERE `order_id` = 127  [ RunTime:0.001000s ]
SQL: SELECT * FROM `good` WHERE `id` = 14 LIMIT 1   [ RunTime:0.000000s ]
SQL: SELECT * FROM `good_attr` WHERE `id` = 39 LIMIT 1   [ RunTime:0.001000s ]
SQL: SELECT * FROM `file` WHERE `good_attr_id` = 39 LIMIT 1   [ RunTime:0.000000s ]
NOTIC: [8] Undefined index: p C:\aaa\WWW\gzsc\Application\Home\Controller\GoodsController.class.php 第 540 行.
NOTIC: [8] Undefined variable: p C:\aaa\WWW\gzsc\Application\Home\Controller\GoodsController.class.php 第 549 行.

[ 2017-08-07T08:51:13+08:00 ] 192.168.31.216 /gzsc/index.php/Home/Goods/myorder1?user_id=1
INFO: [ app_init ] --START--
INFO: Run Behavior\BuildLiteBehavior [ RunTime:0.000000s ]
INFO: [ app_init ] --END-- [ RunTime:0.000000s ]
INFO: [ app_begin ] --START--
INFO: Run Behavior\ReadHtmlCacheBehavior [ RunTime:0.000000s ]
INFO: [ app_begin ] --END-- [ RunTime:0.000000s ]
NOTIC: [8192] mysql_connect(): The mysql extension is deprecated and will be removed in the future: use mysqli or PDO instead C:\aaa\WWW\gzsc\ThinkPHP\Library\Think\Db\Driver\Mysql.class.php 第 52 行.
SQL: SHOW COLUMNS FROM `order` [ RunTime:0.013000s ]
SQL: SHOW COLUMNS FROM `orderdetail` [ RunTime:0.009000s ]
SQL: SHOW COLUMNS FROM `file` [ RunTime:0.009000s ]
SQL: SHOW COLUMNS FROM `good` [ RunTime:0.008000s ]
SQL: SHOW COLUMNS FROM `good_attr` [ RunTime:0.005000s ]
SQL: SELECT * FROM `order` WHERE `user_id` = 1 AND `order_grade` = 1 ORDER BY order_addtime desc  [ RunTime:0.001000s ]
SQL: SELECT * FROM `orderdetail` WHERE `order_id` = 118  [ RunTime:0.000000s ]
SQL: SELECT * FROM `good` WHERE `id` = 14 LIMIT 1   [ RunTime:0.000000s ]
SQL: SELECT * FROM `good_attr` WHERE `id` = 39 LIMIT 1   [ RunTime:0.000000s ]
SQL: SELECT * FROM `file` WHERE `good_attr_id` = 39 LIMIT 1   [ RunTime:0.000000s ]
SQL: SELECT * FROM `orderdetail` WHERE `order_id` = 126  [ RunTime:0.000000s ]
SQL: SELECT * FROM `good` WHERE `id` = 14 LIMIT 1   [ RunTime:0.000000s ]
SQL: SELECT * FROM `good_attr` WHERE `id` = 39 LIMIT 1   [ RunTime:0.001000s ]
SQL: SELECT * FROM `file` WHERE `good_attr_id` = 39 LIMIT 1   [ RunTime:0.000000s ]
SQL: SELECT * FROM `orderdetail` WHERE `order_id` = 125  [ RunTime:0.000000s ]
SQL: SELECT * FROM `good` WHERE `id` = 14 LIMIT 1   [ RunTime:0.000000s ]
SQL: SELECT * FROM `good_attr` WHERE `id` = 39 LIMIT 1   [ RunTime:0.000000s ]
SQL: SELECT * FROM `file` WHERE `good_attr_id` = 39 LIMIT 1   [ RunTime:0.001000s ]
SQL: SELECT * FROM `orderdetail` WHERE `order_id` = 124  [ RunTime:0.000000s ]
SQL: SELECT * FROM `good` WHERE `id` = 14 LIMIT 1   [ RunTime:0.001000s ]
SQL: SELECT * FROM `good_attr` WHERE `id` = 39 LIMIT 1   [ RunTime:0.000000s ]
SQL: SELECT * FROM `file` WHERE `good_attr_id` = 39 LIMIT 1   [ RunTime:0.001000s ]
SQL: SELECT * FROM `orderdetail` WHERE `order_id` = 123  [ RunTime:0.000000s ]
SQL: SELECT * FROM `good` WHERE `id` = 14 LIMIT 1   [ RunTime:0.000000s ]
SQL: SELECT * FROM `good_attr` WHERE `id` = 39 LIMIT 1   [ RunTime:0.000000s ]
SQL: SELECT * FROM `file` WHERE `good_attr_id` = 39 LIMIT 1   [ RunTime:0.000000s ]
SQL: SELECT * FROM `orderdetail` WHERE `order_id` = 122  [ RunTime:0.001000s ]
SQL: SELECT * FROM `good` WHERE `id` = 14 LIMIT 1   [ RunTime:0.000000s ]
SQL: SELECT * FROM `good_attr` WHERE `id` = 39 LIMIT 1   [ RunTime:0.001000s ]
SQL: SELECT * FROM `file` WHERE `good_attr_id` = 39 LIMIT 1   [ RunTime:0.000000s ]
SQL: SELECT * FROM `orderdetail` WHERE `order_id` = 121  [ RunTime:0.000000s ]
SQL: SELECT * FROM `good` WHERE `id` = 14 LIMIT 1   [ RunTime:0.000000s ]
SQL: SELECT * FROM `good_attr` WHERE `id` = 39 LIMIT 1   [ RunTime:0.000000s ]
SQL: SELECT * FROM `file` WHERE `good_attr_id` = 39 LIMIT 1   [ RunTime:0.000000s ]
SQL: SELECT * FROM `orderdetail` WHERE `order_id` = 120  [ RunTime:0.001000s ]
SQL: SELECT * FROM `good` WHERE `id` = 14 LIMIT 1   [ RunTime:0.000000s ]
SQL: SELECT * FROM `good_attr` WHERE `id` = 39 LIMIT 1   [ RunTime:0.001000s ]
SQL: SELECT * FROM `file` WHERE `good_attr_id` = 39 LIMIT 1   [ RunTime:0.000000s ]
SQL: SELECT * FROM `orderdetail` WHERE `order_id` = 119  [ RunTime:0.001000s ]
SQL: SELECT * FROM `good` WHERE `id` = 14 LIMIT 1   [ RunTime:0.000000s ]
SQL: SELECT * FROM `good_attr` WHERE `id` = 39 LIMIT 1   [ RunTime:0.001000s ]
SQL: SELECT * FROM `file` WHERE `good_attr_id` = 39 LIMIT 1   [ RunTime:0.000000s ]
SQL: SELECT * FROM `orderdetail` WHERE `order_id` = 127  [ RunTime:0.000000s ]
SQL: SELECT * FROM `good` WHERE `id` = 14 LIMIT 1   [ RunTime:0.000000s ]
SQL: SELECT * FROM `good_attr` WHERE `id` = 39 LIMIT 1   [ RunTime:0.001000s ]
SQL: SELECT * FROM `file` WHERE `good_attr_id` = 39 LIMIT 1   [ RunTime:0.000000s ]
NOTIC: [8] Undefined index: p C:\aaa\WWW\gzsc\Application\Home\Controller\GoodsController.class.php 第 540 行.
NOTIC: [8] Undefined variable: p C:\aaa\WWW\gzsc\Application\Home\Controller\GoodsController.class.php 第 549 行.

[ 2017-08-07T08:51:24+08:00 ] 192.168.31.216 /gzsc/index.php/Home/Goods/myorder3?user_id=1
INFO: [ app_init ] --START--
INFO: Run Behavior\BuildLiteBehavior [ RunTime:0.000000s ]
INFO: [ app_init ] --END-- [ RunTime:0.000000s ]
INFO: [ app_begin ] --START--
INFO: Run Behavior\ReadHtmlCacheBehavior [ RunTime:0.001000s ]
INFO: [ app_begin ] --END-- [ RunTime:0.001000s ]
NOTIC: [8192] mysql_connect(): The mysql extension is deprecated and will be removed in the future: use mysqli or PDO instead C:\aaa\WWW\gzsc\ThinkPHP\Library\Think\Db\Driver\Mysql.class.php 第 52 行.
SQL: SHOW COLUMNS FROM `order` [ RunTime:0.004000s ]
SQL: SHOW COLUMNS FROM `orderdetail` [ RunTime:0.004000s ]
SQL: SHOW COLUMNS FROM `file` [ RunTime:0.003000s ]
SQL: SHOW COLUMNS FROM `good` [ RunTime:0.004000s ]
SQL: SHOW COLUMNS FROM `good_attr` [ RunTime:0.004000s ]
SQL: SELECT * FROM `order` WHERE `user_id` = 1 AND `order_grade` = 3 ORDER BY order_addtime desc  [ RunTime:0.000000s ]
NOTIC: [2] Invalid argument supplied for foreach() C:\aaa\WWW\gzsc\Application\Home\Controller\GoodsController.class.php 第 640 行.
NOTIC: [8] Undefined variable: shop C:\aaa\WWW\gzsc\Application\Home\Controller\GoodsController.class.php 第 670 行.

[ 2017-08-07T08:54:27+08:00 ] 192.168.31.216 /gzsc/index.php/Home/Goods/myorder1?user_id=1
INFO: [ app_init ] --START--
INFO: Run Behavior\BuildLiteBehavior [ RunTime:0.000000s ]
INFO: [ app_init ] --END-- [ RunTime:0.000000s ]
INFO: [ app_begin ] --START--
INFO: Run Behavior\ReadHtmlCacheBehavior [ RunTime:0.001000s ]
INFO: [ app_begin ] --END-- [ RunTime:0.001000s ]
NOTIC: [8192] mysql_connect(): The mysql extension is deprecated and will be removed in the future: use mysqli or PDO instead C:\aaa\WWW\gzsc\ThinkPHP\Library\Think\Db\Driver\Mysql.class.php 第 52 行.
SQL: SHOW COLUMNS FROM `order` [ RunTime:0.009000s ]
SQL: SHOW COLUMNS FROM `orderdetail` [ RunTime:0.007000s ]
SQL: SHOW COLUMNS FROM `file` [ RunTime:0.008000s ]
SQL: SHOW COLUMNS FROM `good` [ RunTime:0.008000s ]
SQL: SHOW COLUMNS FROM `good_attr` [ RunTime:0.006000s ]
SQL: SELECT * FROM `order` WHERE `user_id` = 1 AND `order_grade` = 1 ORDER BY order_addtime desc  [ RunTime:0.001000s ]
SQL: SELECT * FROM `orderdetail` WHERE `order_id` = 118  [ RunTime:0.000000s ]
SQL: SELECT * FROM `good` WHERE `id` = 14 LIMIT 1   [ RunTime:0.000000s ]
SQL: SELECT * FROM `good_attr` WHERE `id` = 39 LIMIT 1   [ RunTime:0.001000s ]
SQL: SELECT * FROM `file` WHERE `good_attr_id` = 39 LIMIT 1   [ RunTime:0.000000s ]
SQL: SELECT * FROM `orderdetail` WHERE `order_id` = 126  [ RunTime:0.000000s ]
SQL: SELECT * FROM `good` WHERE `id` = 14 LIMIT 1   [ RunTime:0.000000s ]
SQL: SELECT * FROM `good_attr` WHERE `id` = 39 LIMIT 1   [ RunTime:0.000000s ]
SQL: SELECT * FROM `file` WHERE `good_attr_id` = 39 LIMIT 1   [ RunTime:0.000000s ]
SQL: SELECT * FROM `orderdetail` WHERE `order_id` = 125  [ RunTime:0.000000s ]
SQL: SELECT * FROM `good` WHERE `id` = 14 LIMIT 1   [ RunTime:0.001000s ]
SQL: SELECT * FROM `good_attr` WHERE `id` = 39 LIMIT 1   [ RunTime:0.000000s ]
SQL: SELECT * FROM `file` WHERE `good_attr_id` = 39 LIMIT 1   [ RunTime:0.001000s ]
SQL: SELECT * FROM `orderdetail` WHERE `order_id` = 124  [ RunTime:0.000000s ]
SQL: SELECT * FROM `good` WHERE `id` = 14 LIMIT 1   [ RunTime:0.001000s ]
SQL: SELECT * FROM `good_attr` WHERE `id` = 39 LIMIT 1   [ RunTime:0.000000s ]
SQL: SELECT * FROM `file` WHERE `good_attr_id` = 39 LIMIT 1   [ RunTime:0.001000s ]
SQL: SELECT * FROM `orderdetail` WHERE `order_id` = 123  [ RunTime:0.000000s ]
SQL: SELECT * FROM `good` WHERE `id` = 14 LIMIT 1   [ RunTime:0.001000s ]
SQL: SELECT * FROM `good_attr` WHERE `id` = 39 LIMIT 1   [ RunTime:0.000000s ]
SQL: SELECT * FROM `file` WHERE `good_attr_id` = 39 LIMIT 1   [ RunTime:0.001000s ]
SQL: SELECT * FROM `orderdetail` WHERE `order_id` = 122  [ RunTime:0.000000s ]
SQL: SELECT * FROM `good` WHERE `id` = 14 LIMIT 1   [ RunTime:0.001000s ]
SQL: SELECT * FROM `good_attr` WHERE `id` = 39 LIMIT 1   [ RunTime:0.000000s ]
SQL: SELECT * FROM `file` WHERE `good_attr_id` = 39 LIMIT 1   [ RunTime:0.001000s ]
SQL: SELECT * FROM `orderdetail` WHERE `order_id` = 121  [ RunTime:0.000000s ]
SQL: SELECT * FROM `good` WHERE `id` = 14 LIMIT 1   [ RunTime:0.000000s ]
SQL: SELECT * FROM `good_attr` WHERE `id` = 39 LIMIT 1   [ RunTime:0.000000s ]
SQL: SELECT * FROM `file` WHERE `good_attr_id` = 39 LIMIT 1   [ RunTime:0.000000s ]
SQL: SELECT * FROM `orderdetail` WHERE `order_id` = 120  [ RunTime:0.001000s ]
SQL: SELECT * FROM `good` WHERE `id` = 14 LIMIT 1   [ RunTime:0.000000s ]
SQL: SELECT * FROM `good_attr` WHERE `id` = 39 LIMIT 1   [ RunTime:0.000000s ]
SQL: SELECT * FROM `file` WHERE `good_attr_id` = 39 LIMIT 1   [ RunTime:0.001000s ]
SQL: SELECT * FROM `orderdetail` WHERE `order_id` = 119  [ RunTime:0.000000s ]
SQL: SELECT * FROM `good` WHERE `id` = 14 LIMIT 1   [ RunTime:0.001000s ]
SQL: SELECT * FROM `good_attr` WHERE `id` = 39 LIMIT 1   [ RunTime:0.000000s ]
SQL: SELECT * FROM `file` WHERE `good_attr_id` = 39 LIMIT 1   [ RunTime:0.001000s ]
SQL: SELECT * FROM `orderdetail` WHERE `order_id` = 127  [ RunTime:0.000000s ]
SQL: SELECT * FROM `good` WHERE `id` = 14 LIMIT 1   [ RunTime:0.000000s ]
SQL: SELECT * FROM `good_attr` WHERE `id` = 39 LIMIT 1   [ RunTime:0.001000s ]
SQL: SELECT * FROM `file` WHERE `good_attr_id` = 39 LIMIT 1   [ RunTime:0.000000s ]
NOTIC: [8] Undefined index: p C:\aaa\WWW\gzsc\Application\Home\Controller\GoodsController.class.php 第 540 行.
NOTIC: [8] Undefined variable: p C:\aaa\WWW\gzsc\Application\Home\Controller\GoodsController.class.php 第 549 行.

[ 2017-08-07T08:54:30+08:00 ] 192.168.31.216 /gzsc/index.php/Home/Goods/myorder2?user_id=1
INFO: [ app_init ] --START--
INFO: Run Behavior\BuildLiteBehavior [ RunTime:0.000000s ]
INFO: [ app_init ] --END-- [ RunTime:0.000000s ]
INFO: [ app_begin ] --START--
INFO: Run Behavior\ReadHtmlCacheBehavior [ RunTime:0.001000s ]
INFO: [ app_begin ] --END-- [ RunTime:0.001000s ]
NOTIC: [8192] mysql_connect(): The mysql extension is deprecated and will be removed in the future: use mysqli or PDO instead C:\aaa\WWW\gzsc\ThinkPHP\Library\Think\Db\Driver\Mysql.class.php 第 52 行.
SQL: SHOW COLUMNS FROM `order` [ RunTime:0.009000s ]
SQL: SHOW COLUMNS FROM `orderdetail` [ RunTime:0.015000s ]
SQL: SHOW COLUMNS FROM `file` [ RunTime:0.011000s ]
SQL: SHOW COLUMNS FROM `good` [ RunTime:0.004000s ]
SQL: SHOW COLUMNS FROM `good_attr` [ RunTime:0.003000s ]
SQL: SELECT * FROM `order` WHERE `user_id` = 1 AND `order_grade` = 2 ORDER BY order_addtime desc  [ RunTime:0.000000s ]
NOTIC: [2] Invalid argument supplied for foreach() C:\aaa\WWW\gzsc\Application\Home\Controller\GoodsController.class.php 第 574 行.
NOTIC: [8] Undefined variable: shop C:\aaa\WWW\gzsc\Application\Home\Controller\GoodsController.class.php 第 604 行.

[ 2017-08-07T08:57:27+08:00 ] 192.168.31.125 /gzsc/index.php/Home/Logistics/Logistics
INFO: [ app_init ] --START--
INFO: Run Behavior\BuildLiteBehavior [ RunTime:0.000000s ]
INFO: [ app_init ] --END-- [ RunTime:0.001000s ]
INFO: [ app_begin ] --START--
INFO: Run Behavior\ReadHtmlCacheBehavior [ RunTime:0.000000s ]
INFO: [ app_begin ] --END-- [ RunTime:0.000000s ]

[ 2017-08-07T09:08:45+08:00 ] 192.168.31.125 /gzsc/index.php/Home/Logistics/Logistics
INFO: [ app_init ] --START--
INFO: Run Behavior\BuildLiteBehavior [ RunTime:0.000000s ]
INFO: [ app_init ] --END-- [ RunTime:0.001000s ]
INFO: [ app_begin ] --START--
INFO: Run Behavior\ReadHtmlCacheBehavior [ RunTime:0.000000s ]
INFO: [ app_begin ] --END-- [ RunTime:0.001000s ]
NOTIC: [8192] mysql_connect(): The mysql extension is deprecated and will be removed in the future: use mysqli or PDO instead C:\aaa\WWW\gzsc\ThinkPHP\Library\Think\Db\Driver\Mysql.class.php 第 52 行.
SQL: SHOW COLUMNS FROM `express_company` [ RunTime:0.005000s ]

[ 2017-08-07T09:24:28+08:00 ] 192.168.31.125 /gzsc/index.php/Home/Logistics/Logistics
INFO: [ app_init ] --START--
INFO: Run Behavior\BuildLiteBehavior [ RunTime:0.000000s ]
INFO: [ app_init ] --END-- [ RunTime:0.001000s ]
INFO: [ app_begin ] --START--
INFO: Run Behavior\ReadHtmlCacheBehavior [ RunTime:0.001000s ]
INFO: [ app_begin ] --END-- [ RunTime:0.001000s ]
NOTIC: [8192] mysql_connect(): The mysql extension is deprecated and will be removed in the future: use mysqli or PDO instead C:\aaa\WWW\gzsc\ThinkPHP\Library\Think\Db\Driver\Mysql.class.php 第 52 行.
SQL: SHOW COLUMNS FROM `express_company` [ RunTime:0.004000s ]

[ 2017-08-07T09:26:47+08:00 ] 192.168.31.125 /gzsc/index.php/Home/Logistics/Logistics
INFO: [ app_init ] --START--
INFO: Run Behavior\BuildLiteBehavior [ RunTime:0.000000s ]
INFO: [ app_init ] --END-- [ RunTime:0.001000s ]
INFO: [ app_begin ] --START--
INFO: Run Behavior\ReadHtmlCacheBehavior [ RunTime:0.001000s ]
INFO: [ app_begin ] --END-- [ RunTime:0.001000s ]
NOTIC: [8192] mysql_connect(): The mysql extension is deprecated and will be removed in the future: use mysqli or PDO instead C:\aaa\WWW\gzsc\ThinkPHP\Library\Think\Db\Driver\Mysql.class.php 第 52 行.
SQL: SHOW COLUMNS FROM `express_company` [ RunTime:0.003000s ]

[ 2017-08-07T09:27:44+08:00 ] 192.168.31.125 /gzsc/index.php/Home/Logistics/Logistics
INFO: [ app_init ] --START--
INFO: Run Behavior\BuildLiteBehavior [ RunTime:0.000000s ]
INFO: [ app_init ] --END-- [ RunTime:0.001000s ]
INFO: [ app_begin ] --START--
INFO: Run Behavior\ReadHtmlCacheBehavior [ RunTime:0.001000s ]
INFO: [ app_begin ] --END-- [ RunTime:0.001000s ]
NOTIC: [8192] mysql_connect(): The mysql extension is deprecated and will be removed in the future: use mysqli or PDO instead C:\aaa\WWW\gzsc\ThinkPHP\Library\Think\Db\Driver\Mysql.class.php 第 52 行.
SQL: SHOW COLUMNS FROM `express_company` [ RunTime:0.004000s ]

[ 2017-08-07T09:37:53+08:00 ] 192.168.31.125 /gzsc/index.php/Home/Logistics/Logistics
INFO: [ app_init ] --START--
INFO: Run Behavior\BuildLiteBehavior [ RunTime:0.000000s ]
INFO: [ app_init ] --END-- [ RunTime:0.000000s ]
INFO: [ app_begin ] --START--
INFO: Run Behavior\ReadHtmlCacheBehavior [ RunTime:0.001000s ]
INFO: [ app_begin ] --END-- [ RunTime:0.001000s ]
NOTIC: [8192] mysql_connect(): The mysql extension is deprecated and will be removed in the future: use mysqli or PDO instead C:\aaa\WWW\gzsc\ThinkPHP\Library\Think\Db\Driver\Mysql.class.php 第 52 行.
SQL: SHOW COLUMNS FROM `express_company` [ RunTime:0.006000s ]

[ 2017-08-07T11:07:15+08:00 ] 192.168.31.216 /gzsc/index.php/Home/Goods/myorder1?type=shentong&postid=402523215812
INFO: [ app_init ] --START--
INFO: Run Behavior\BuildLiteBehavior [ RunTime:0.000000s ]
INFO: [ app_init ] --END-- [ RunTime:0.001000s ]
INFO: [ app_begin ] --START--
INFO: Run Behavior\ReadHtmlCacheBehavior [ RunTime:0.001000s ]
INFO: [ app_begin ] --END-- [ RunTime:0.001000s ]
NOTIC: [8192] mysql_connect(): The mysql extension is deprecated and will be removed in the future: use mysqli or PDO instead C:\aaa\WWW\gzsc\ThinkPHP\Library\Think\Db\Driver\Mysql.class.php 第 52 行.
SQL: SHOW COLUMNS FROM `order` [ RunTime:0.011000s ]
SQL: SHOW COLUMNS FROM `orderdetail` [ RunTime:0.011000s ]
SQL: SHOW COLUMNS FROM `file` [ RunTime:0.006000s ]
SQL: SHOW COLUMNS FROM `good` [ RunTime:0.004000s ]
SQL: SHOW COLUMNS FROM `good_attr` [ RunTime:0.005000s ]
SQL: SELECT * FROM `order` WHERE `user_id` = 0 AND `order_grade` = 1 ORDER BY order_addtime desc  [ RunTime:0.000000s ]
NOTIC: [2] Invalid argument supplied for foreach() C:\aaa\WWW\gzsc\Application\Home\Controller\GoodsController.class.php 第 509 行.
NOTIC: [8] Undefined variable: shop C:\aaa\WWW\gzsc\Application\Home\Controller\GoodsController.class.php 第 538 行.

[ 2017-08-07T11:07:37+08:00 ] 192.168.31.216 /gzsc/index.php/Home/Goods/myorder1?type=shentong&postid=402523215812
INFO: [ app_init ] --START--
INFO: Run Behavior\BuildLiteBehavior [ RunTime:0.000000s ]
INFO: [ app_init ] --END-- [ RunTime:0.000000s ]
INFO: [ app_begin ] --START--
INFO: Run Behavior\ReadHtmlCacheBehavior [ RunTime:0.000000s ]
INFO: [ app_begin ] --END-- [ RunTime:0.000000s ]
NOTIC: [8192] mysql_connect(): The mysql extension is deprecated and will be removed in the future: use mysqli or PDO instead C:\aaa\WWW\gzsc\ThinkPHP\Library\Think\Db\Driver\Mysql.class.php 第 52 行.
SQL: SHOW COLUMNS FROM `order` [ RunTime:0.016000s ]
SQL: SHOW COLUMNS FROM `orderdetail` [ RunTime:0.013000s ]
SQL: SHOW COLUMNS FROM `file` [ RunTime:0.004000s ]
SQL: SHOW COLUMNS FROM `good` [ RunTime:0.004000s ]
SQL: SHOW COLUMNS FROM `good_attr` [ RunTime:0.004000s ]
SQL: SELECT * FROM `order` WHERE `user_id` = 0 AND `order_grade` = 1 ORDER BY order_addtime desc  [ RunTime:0.001000s ]
NOTIC: [2] Invalid argument supplied for foreach() C:\aaa\WWW\gzsc\Application\Home\Controller\GoodsController.class.php 第 509 行.
NOTIC: [8] Undefined variable: shop C:\aaa\WWW\gzsc\Application\Home\Controller\GoodsController.class.php 第 538 行.

[ 2017-08-07T11:31:23+08:00 ] 192.168.31.216 /gzsc/index.php/Home/Dianshang/indexaa
INFO: [ app_init ] --START--
INFO: Run Behavior\BuildLiteBehavior [ RunTime:0.000000s ]
INFO: [ app_init ] --END-- [ RunTime:0.000000s ]
INFO: [ app_begin ] --START--
INFO: Run Behavior\ReadHtmlCacheBehavior [ RunTime:0.001000s ]
INFO: [ app_begin ] --END-- [ RunTime:0.001000s ]
NOTIC: [8192] mysql_connect(): The mysql extension is deprecated and will be removed in the future: use mysqli or PDO instead C:\aaa\WWW\gzsc\ThinkPHP\Library\Think\Db\Driver\Mysql.class.php 第 52 行.
SQL: SHOW COLUMNS FROM `user` [ RunTime:0.011000s ]
SQL: SELECT `id`,`user_store_name`,`user_store_evaluate`,`user_store_pic`,`user_store_pic1`,`user_store_pic2`,`user_store_pic3`,`user_store_pic4`,`user_store_phone` FROM `user` WHERE `user_grade` = 2  [ RunTime:0.001000s ]
NOTIC: [8] Undefined index: p C:\aaa\WWW\gzsc\Application\Home\Controller\DianshangController.class.php 第 65 行.
NOTIC: [8] Undefined variable: p C:\aaa\WWW\gzsc\Application\Home\Controller\DianshangController.class.php 第 74 行.

[ 2017-08-07T11:31:23+08:00 ] 192.168.31.216 /gzsc/index.php/Home/Dianshang/index
INFO: [ app_init ] --START--
INFO: Run Behavior\BuildLiteBehavior [ RunTime:0.000000s ]
INFO: [ app_init ] --END-- [ RunTime:0.001000s ]
INFO: [ app_begin ] --START--
INFO: Run Behavior\ReadHtmlCacheBehavior [ RunTime:0.001000s ]
INFO: [ app_begin ] --END-- [ RunTime:0.001000s ]
NOTIC: [8192] mysql_connect(): The mysql extension is deprecated and will be removed in the future: use mysqli or PDO instead C:\aaa\WWW\gzsc\ThinkPHP\Library\Think\Db\Driver\Mysql.class.php 第 52 行.
SQL: SHOW COLUMNS FROM `pics` [ RunTime:0.016000s ]
SQL: SHOW COLUMNS FROM `user` [ RunTime:0.011000s ]
SQL: SELECT `pic`,`pic_http`,`pic_descr` FROM `pics` WHERE `pic_address` = 1 AND `pic_state` = 1  [ RunTime:0.000000s ]
SQL: SELECT `pic`,`pic_http`,`pic_descr` FROM `pics` WHERE `pic_address` = 2 AND `pic_state` = 1  [ RunTime:0.000000s ]

[ 2017-08-07T14:13:39+08:00 ] 192.168.31.216 /gzsc/index.php/Home/Store/store?store_id=1
INFO: [ app_init ] --START--
INFO: Run Behavior\BuildLiteBehavior [ RunTime:0.000000s ]
INFO: [ app_init ] --END-- [ RunTime:0.001000s ]
INFO: [ app_begin ] --START--
INFO: Run Behavior\ReadHtmlCacheBehavior [ RunTime:0.001000s ]
INFO: [ app_begin ] --END-- [ RunTime:0.001000s ]
NOTIC: [8192] mysql_connect(): The mysql extension is deprecated and will be removed in the future: use mysqli or PDO instead C:\aaa\WWW\gzsc\ThinkPHP\Library\Think\Db\Driver\Mysql.class.php 第 52 行.
SQL: SHOW COLUMNS FROM `user` [ RunTime:0.019000s ]
SQL: SELECT `user_store_name`,`user_store_pic`,`user_store_evaluate`,`user_store_phone`,`user_store_address`,`user_store_pic`,`user_store_pic1`,`user_store_pic2`,`user_store_pic3`,`user_store_pic4` FROM `user` WHERE `id` = 1 LIMIT 1   [ RunTime:0.001000s ]

[ 2017-08-07T14:13:48+08:00 ] 192.168.31.216 /gzsc/index.php/Home/Store/store?store_id=9
INFO: [ app_init ] --START--
INFO: Run Behavior\BuildLiteBehavior [ RunTime:0.000000s ]
INFO: [ app_init ] --END-- [ RunTime:0.000000s ]
INFO: [ app_begin ] --START--
INFO: Run Behavior\ReadHtmlCacheBehavior [ RunTime:0.001000s ]
INFO: [ app_begin ] --END-- [ RunTime:0.001000s ]
NOTIC: [8192] mysql_connect(): The mysql extension is deprecated and will be removed in the future: use mysqli or PDO instead C:\aaa\WWW\gzsc\ThinkPHP\Library\Think\Db\Driver\Mysql.class.php 第 52 行.
SQL: SHOW COLUMNS FROM `user` [ RunTime:0.017000s ]
SQL: SELECT `user_store_name`,`user_store_pic`,`user_store_evaluate`,`user_store_phone`,`user_store_address`,`user_store_pic`,`user_store_pic1`,`user_store_pic2`,`user_store_pic3`,`user_store_pic4` FROM `user` WHERE `id` = 9 LIMIT 1   [ RunTime:0.001000s ]

[ 2017-08-07T14:13:59+08:00 ] 192.168.31.216 /gzsc/index.php/Home/Store/store?store_id=6
INFO: [ app_init ] --START--
INFO: Run Behavior\BuildLiteBehavior [ RunTime:0.000000s ]
INFO: [ app_init ] --END-- [ RunTime:0.001000s ]
INFO: [ app_begin ] --START--
INFO: Run Behavior\ReadHtmlCacheBehavior [ RunTime:0.001000s ]
INFO: [ app_begin ] --END-- [ RunTime:0.001000s ]
NOTIC: [8192] mysql_connect(): The mysql extension is deprecated and will be removed in the future: use mysqli or PDO instead C:\aaa\WWW\gzsc\ThinkPHP\Library\Think\Db\Driver\Mysql.class.php 第 52 行.
SQL: SHOW COLUMNS FROM `user` [ RunTime:0.031000s ]
SQL: SELECT `user_store_name`,`user_store_pic`,`user_store_evaluate`,`user_store_phone`,`user_store_address`,`user_store_pic`,`user_store_pic1`,`user_store_pic2`,`user_store_pic3`,`user_store_pic4` FROM `user` WHERE `id` = 6 LIMIT 1   [ RunTime:0.001000s ]

[ 2017-08-07T14:51:52+08:00 ] 192.168.31.216 /gzsc/index.php/Home/Dianshang/indexaa
INFO: [ app_init ] --START--
INFO: Run Behavior\BuildLiteBehavior [ RunTime:0.000000s ]
INFO: [ app_init ] --END-- [ RunTime:0.001000s ]
INFO: [ app_begin ] --START--
INFO: Run Behavior\ReadHtmlCacheBehavior [ RunTime:0.001000s ]
INFO: [ app_begin ] --END-- [ RunTime:0.001000s ]
NOTIC: [8192] mysql_connect(): The mysql extension is deprecated and will be removed in the future: use mysqli or PDO instead C:\aaa\WWW\gzsc\ThinkPHP\Library\Think\Db\Driver\Mysql.class.php 第 52 行.
SQL: SHOW COLUMNS FROM `user` [ RunTime:0.009000s ]
SQL: SELECT `id`,`user_store_name`,`user_store_evaluate`,`user_store_pic`,`user_store_pic1`,`user_store_pic2`,`user_store_pic3`,`user_store_pic4`,`user_store_phone` FROM `user` WHERE `user_grade` = 2  [ RunTime:0.001000s ]
NOTIC: [8] Undefined index: p C:\aaa\WWW\gzsc\Application\Home\Controller\DianshangController.class.php 第 65 行.
NOTIC: [8] Undefined variable: p C:\aaa\WWW\gzsc\Application\Home\Controller\DianshangController.class.php 第 74 行.

[ 2017-08-07T14:51:52+08:00 ] 192.168.31.216 /gzsc/index.php/Home/Dianshang/index
INFO: [ app_init ] --START--
INFO: Run Behavior\BuildLiteBehavior [ RunTime:0.000000s ]
INFO: [ app_init ] --END-- [ RunTime:0.001000s ]
INFO: [ app_begin ] --START--
INFO: Run Behavior\ReadHtmlCacheBehavior [ RunTime:0.001000s ]
INFO: [ app_begin ] --END-- [ RunTime:0.001000s ]
NOTIC: [8192] mysql_connect(): The mysql extension is deprecated and will be removed in the future: use mysqli or PDO instead C:\aaa\WWW\gzsc\ThinkPHP\Library\Think\Db\Driver\Mysql.class.php 第 52 行.
SQL: SHOW COLUMNS FROM `pics` [ RunTime:0.012000s ]
SQL: SHOW COLUMNS FROM `user` [ RunTime:0.017000s ]
SQL: SELECT `pic`,`pic_http`,`pic_descr` FROM `pics` WHERE `pic_address` = 1 AND `pic_state` = 1  [ RunTime:0.002000s ]
SQL: SELECT `pic`,`pic_http`,`pic_descr` FROM `pics` WHERE `pic_address` = 2 AND `pic_state` = 1  [ RunTime:0.001000s ]

[ 2017-08-07T14:52:45+08:00 ] 192.168.31.216 /gzsc/index.php/Home/Dianshang/indexaa?p=2
INFO: [ app_init ] --START--
INFO: Run Behavior\BuildLiteBehavior [ RunTime:0.000000s ]
INFO: [ app_init ] --END-- [ RunTime:0.001000s ]
INFO: [ app_begin ] --START--
INFO: Run Behavior\ReadHtmlCacheBehavior [ RunTime:0.000000s ]
INFO: [ app_begin ] --END-- [ RunTime:0.000000s ]
NOTIC: [8192] mysql_connect(): The mysql extension is deprecated and will be removed in the future: use mysqli or PDO instead C:\aaa\WWW\gzsc\ThinkPHP\Library\Think\Db\Driver\Mysql.class.php 第 52 行.
SQL: SHOW COLUMNS FROM `user` [ RunTime:0.005000s ]
SQL: SELECT `id`,`user_store_name`,`user_store_evaluate`,`user_store_pic`,`user_store_pic1`,`user_store_pic2`,`user_store_pic3`,`user_store_pic4`,`user_store_phone` FROM `user` WHERE `user_grade` = 2  [ RunTime:0.001000s ]

[ 2017-08-07T14:52:52+08:00 ] 192.168.31.216 /gzsc/index.php/Home/Dianshang/indexaa?p=3
INFO: [ app_init ] --START--
INFO: Run Behavior\BuildLiteBehavior [ RunTime:0.001000s ]
INFO: [ app_init ] --END-- [ RunTime:0.001000s ]
INFO: [ app_begin ] --START--
INFO: Run Behavior\ReadHtmlCacheBehavior [ RunTime:0.001000s ]
INFO: [ app_begin ] --END-- [ RunTime:0.001000s ]
NOTIC: [8192] mysql_connect(): The mysql extension is deprecated and will be removed in the future: use mysqli or PDO instead C:\aaa\WWW\gzsc\ThinkPHP\Library\Think\Db\Driver\Mysql.class.php 第 52 行.
SQL: SHOW COLUMNS FROM `user` [ RunTime:0.007000s ]
SQL: SELECT `id`,`user_store_name`,`user_store_evaluate`,`user_store_pic`,`user_store_pic1`,`user_store_pic2`,`user_store_pic3`,`user_store_pic4`,`user_store_phone` FROM `user` WHERE `user_grade` = 2  [ RunTime:0.000000s ]

[ 2017-08-07T14:54:14+08:00 ] 192.168.31.216 /gzsc/index.php/Home/Dianshang/indexaa
INFO: [ app_init ] --START--
INFO: Run Behavior\BuildLiteBehavior [ RunTime:0.000000s ]
INFO: [ app_init ] --END-- [ RunTime:0.001000s ]
INFO: [ app_begin ] --START--
INFO: Run Behavior\ReadHtmlCacheBehavior [ RunTime:0.001000s ]
INFO: [ app_begin ] --END-- [ RunTime:0.001000s ]
NOTIC: [8192] mysql_connect(): The mysql extension is deprecated and will be removed in the future: use mysqli or PDO instead C:\aaa\WWW\gzsc\ThinkPHP\Library\Think\Db\Driver\Mysql.class.php 第 52 行.
SQL: SHOW COLUMNS FROM `user` [ RunTime:0.016000s ]
SQL: SELECT `id`,`user_store_name`,`user_store_evaluate`,`user_store_pic`,`user_store_pic1`,`user_store_pic2`,`user_store_pic3`,`user_store_pic4`,`user_store_phone` FROM `user` WHERE `user_grade` = 2  [ RunTime:0.001000s ]
NOTIC: [8] Undefined index: p C:\aaa\WWW\gzsc\Application\Home\Controller\DianshangController.class.php 第 65 行.
NOTIC: [8] Undefined variable: p C:\aaa\WWW\gzsc\Application\Home\Controller\DianshangController.class.php 第 74 行.

[ 2017-08-07T14:54:14+08:00 ] 192.168.31.216 /gzsc/index.php/Home/Dianshang/index
INFO: [ app_init ] --START--
INFO: Run Behavior\BuildLiteBehavior [ RunTime:0.000000s ]
INFO: [ app_init ] --END-- [ RunTime:0.001000s ]
INFO: [ app_begin ] --START--
INFO: Run Behavior\ReadHtmlCacheBehavior [ RunTime:0.001000s ]
INFO: [ app_begin ] --END-- [ RunTime:0.001000s ]
NOTIC: [8192] mysql_connect(): The mysql extension is deprecated and will be removed in the future: use mysqli or PDO instead C:\aaa\WWW\gzsc\ThinkPHP\Library\Think\Db\Driver\Mysql.class.php 第 52 行.
SQL: SHOW COLUMNS FROM `pics` [ RunTime:0.012000s ]
SQL: SHOW COLUMNS FROM `user` [ RunTime:0.010000s ]
SQL: SELECT `pic`,`pic_http`,`pic_descr` FROM `pics` WHERE `pic_address` = 1 AND `pic_state` = 1  [ RunTime:0.001000s ]
SQL: SELECT `pic`,`pic_http`,`pic_descr` FROM `pics` WHERE `pic_address` = 2 AND `pic_state` = 1  [ RunTime:0.001000s ]

[ 2017-08-07T14:55:27+08:00 ] 192.168.31.216 /gzsc/index.php/Home/Dianshang/index
INFO: [ app_init ] --START--
INFO: Run Behavior\BuildLiteBehavior [ RunTime:0.000000s ]
INFO: [ app_init ] --END-- [ RunTime:0.001000s ]
INFO: [ app_begin ] --START--
INFO: Run Behavior\ReadHtmlCacheBehavior [ RunTime:0.001000s ]
INFO: [ app_begin ] --END-- [ RunTime:0.001000s ]
NOTIC: [8192] mysql_connect(): The mysql extension is deprecated and will be removed in the future: use mysqli or PDO instead C:\aaa\WWW\gzsc\ThinkPHP\Library\Think\Db\Driver\Mysql.class.php 第 52 行.
SQL: SHOW COLUMNS FROM `pics` [ RunTime:0.006000s ]
SQL: SHOW COLUMNS FROM `user` [ RunTime:0.007000s ]
SQL: SELECT `pic`,`pic_http`,`pic_descr` FROM `pics` WHERE `pic_address` = 1 AND `pic_state` = 1  [ RunTime:0.000000s ]
SQL: SELECT `pic`,`pic_http`,`pic_descr` FROM `pics` WHERE `pic_address` = 2 AND `pic_state` = 1  [ RunTime:0.001000s ]

[ 2017-08-07T14:55:27+08:00 ] 192.168.31.216 /gzsc/index.php/Home/Dianshang/indexaa
INFO: [ app_init ] --START--
INFO: Run Behavior\BuildLiteBehavior [ RunTime:0.000000s ]
INFO: [ app_init ] --END-- [ RunTime:0.001000s ]
INFO: [ app_begin ] --START--
INFO: Run Behavior\ReadHtmlCacheBehavior [ RunTime:0.001000s ]
INFO: [ app_begin ] --END-- [ RunTime:0.001000s ]
NOTIC: [8192] mysql_connect(): The mysql extension is deprecated and will be removed in the future: use mysqli or PDO instead C:\aaa\WWW\gzsc\ThinkPHP\Library\Think\Db\Driver\Mysql.class.php 第 52 行.
SQL: SHOW COLUMNS FROM `user` [ RunTime:0.010000s ]
SQL: SELECT `id`,`user_store_name`,`user_store_evaluate`,`user_store_pic`,`user_store_pic1`,`user_store_pic2`,`user_store_pic3`,`user_store_pic4`,`user_store_phone` FROM `user` WHERE `user_grade` = 2  [ RunTime:0.000000s ]
NOTIC: [8] Undefined index: p C:\aaa\WWW\gzsc\Application\Home\Controller\DianshangController.class.php 第 65 行.
NOTIC: [8] Undefined variable: p C:\aaa\WWW\gzsc\Application\Home\Controller\DianshangController.class.php 第 74 行.

[ 2017-08-07T14:55:52+08:00 ] 192.168.31.216 /gzsc/index.php/Home/Store/store?store_id=20
INFO: [ app_init ] --START--
INFO: Run Behavior\BuildLiteBehavior [ RunTime:0.000000s ]
INFO: [ app_init ] --END-- [ RunTime:0.001000s ]
INFO: [ app_begin ] --START--
INFO: Run Behavior\ReadHtmlCacheBehavior [ RunTime:0.001000s ]
INFO: [ app_begin ] --END-- [ RunTime:0.001000s ]
NOTIC: [8192] mysql_connect(): The mysql extension is deprecated and will be removed in the future: use mysqli or PDO instead C:\aaa\WWW\gzsc\ThinkPHP\Library\Think\Db\Driver\Mysql.class.php 第 52 行.
SQL: SHOW COLUMNS FROM `user` [ RunTime:0.013000s ]
SQL: SELECT `user_store_name`,`user_store_pic`,`user_store_evaluate`,`user_store_phone`,`user_store_address`,`user_store_pic`,`user_store_pic1`,`user_store_pic2`,`user_store_pic3`,`user_store_pic4` FROM `user` WHERE `id` = 20 LIMIT 1   [ RunTime:0.001000s ]

[ 2017-08-07T14:59:09+08:00 ] 192.168.31.216 /gzsc/index.php/Home/Dianshang/indexaa
INFO: [ app_init ] --START--
INFO: Run Behavior\BuildLiteBehavior [ RunTime:0.000000s ]
INFO: [ app_init ] --END-- [ RunTime:0.000000s ]
INFO: [ app_begin ] --START--
INFO: Run Behavior\ReadHtmlCacheBehavior [ RunTime:0.000000s ]
INFO: [ app_begin ] --END-- [ RunTime:0.000000s ]
NOTIC: [8192] mysql_connect(): The mysql extension is deprecated and will be removed in the future: use mysqli or PDO instead C:\aaa\WWW\gzsc\ThinkPHP\Library\Think\Db\Driver\Mysql.class.php 第 52 行.
SQL: SHOW COLUMNS FROM `user` [ RunTime:0.012000s ]
SQL: SELECT `id`,`user_store_name`,`user_store_evaluate`,`user_store_pic`,`user_store_pic1`,`user_store_pic2`,`user_store_pic3`,`user_store_pic4`,`user_store_phone` FROM `user` WHERE `user_grade` = 2  [ RunTime:0.000000s ]
NOTIC: [8] Undefined index: p C:\aaa\WWW\gzsc\Application\Home\Controller\DianshangController.class.php 第 65 行.
NOTIC: [8] Undefined variable: p C:\aaa\WWW\gzsc\Application\Home\Controller\DianshangController.class.php 第 74 行.

[ 2017-08-07T14:59:09+08:00 ] 192.168.31.216 /gzsc/index.php/Home/Dianshang/index
INFO: [ app_init ] --START--
INFO: Run Behavior\BuildLiteBehavior [ RunTime:0.000000s ]
INFO: [ app_init ] --END-- [ RunTime:0.000000s ]
INFO: [ app_begin ] --START--
INFO: Run Behavior\ReadHtmlCacheBehavior [ RunTime:0.000000s ]
INFO: [ app_begin ] --END-- [ RunTime:0.000000s ]
NOTIC: [8192] mysql_connect(): The mysql extension is deprecated and will be removed in the future: use mysqli or PDO instead C:\aaa\WWW\gzsc\ThinkPHP\Library\Think\Db\Driver\Mysql.class.php 第 52 行.
SQL: SHOW COLUMNS FROM `pics` [ RunTime:0.006000s ]
SQL: SHOW COLUMNS FROM `user` [ RunTime:0.006000s ]
SQL: SELECT `pic`,`pic_http`,`pic_descr` FROM `pics` WHERE `pic_address` = 1 AND `pic_state` = 1  [ RunTime:0.001000s ]
SQL: SELECT `pic`,`pic_http`,`pic_descr` FROM `pics` WHERE `pic_address` = 2 AND `pic_state` = 1  [ RunTime:0.001000s ]

[ 2017-08-07T15:10:19+08:00 ] 192.168.31.216 /gzsc/index.php/Home/Dianshang/index
INFO: [ app_init ] --START--
INFO: Run Behavior\BuildLiteBehavior [ RunTime:0.000000s ]
INFO: [ app_init ] --END-- [ RunTime:0.001000s ]
INFO: [ app_begin ] --START--
INFO: Run Behavior\ReadHtmlCacheBehavior [ RunTime:0.001000s ]
INFO: [ app_begin ] --END-- [ RunTime:0.001000s ]
NOTIC: [8192] mysql_connect(): The mysql extension is deprecated and will be removed in the future: use mysqli or PDO instead C:\aaa\WWW\gzsc\ThinkPHP\Library\Think\Db\Driver\Mysql.class.php 第 52 行.
SQL: SHOW COLUMNS FROM `pics` [ RunTime:0.016000s ]
SQL: SHOW COLUMNS FROM `user` [ RunTime:0.022000s ]
SQL: SELECT `pic`,`pic_http`,`pic_descr` FROM `pics` WHERE `pic_address` = 1 AND `pic_state` = 1  [ RunTime:0.001000s ]
SQL: SELECT `pic`,`pic_http`,`pic_descr` FROM `pics` WHERE `pic_address` = 2 AND `pic_state` = 1  [ RunTime:0.000000s ]

[ 2017-08-07T15:10:19+08:00 ] 192.168.31.216 /gzsc/index.php/Home/Dianshang/indexaa
INFO: [ app_init ] --START--
INFO: Run Behavior\BuildLiteBehavior [ RunTime:0.000000s ]
INFO: [ app_init ] --END-- [ RunTime:0.001000s ]
INFO: [ app_begin ] --START--
INFO: Run Behavior\ReadHtmlCacheBehavior [ RunTime:0.001000s ]
INFO: [ app_begin ] --END-- [ RunTime:0.001000s ]
NOTIC: [8192] mysql_connect(): The mysql extension is deprecated and will be removed in the future: use mysqli or PDO instead C:\aaa\WWW\gzsc\ThinkPHP\Library\Think\Db\Driver\Mysql.class.php 第 52 行.
SQL: SHOW COLUMNS FROM `user` [ RunTime:0.018000s ]
SQL: SELECT `id`,`user_store_name`,`user_store_evaluate`,`user_store_pic`,`user_store_pic1`,`user_store_pic2`,`user_store_pic3`,`user_store_pic4`,`user_store_phone` FROM `user` WHERE `user_grade` = 2  [ RunTime:0.000000s ]
NOTIC: [8] Undefined index: p C:\aaa\WWW\gzsc\Application\Home\Controller\DianshangController.class.php 第 65 行.
NOTIC: [8] Undefined variable: p C:\aaa\WWW\gzsc\Application\Home\Controller\DianshangController.class.php 第 74 行.

[ 2017-08-07T15:10:21+08:00 ] 192.168.31.216 /gzsc/index.php/Home/Store/store?store_id=20
INFO: [ app_init ] --START--
INFO: Run Behavior\BuildLiteBehavior [ RunTime:0.000000s ]
INFO: [ app_init ] --END-- [ RunTime:0.001000s ]
INFO: [ app_begin ] --START--
INFO: Run Behavior\ReadHtmlCacheBehavior [ RunTime:0.001000s ]
INFO: [ app_begin ] --END-- [ RunTime:0.001000s ]
NOTIC: [8192] mysql_connect(): The mysql extension is deprecated and will be removed in the future: use mysqli or PDO instead C:\aaa\WWW\gzsc\ThinkPHP\Library\Think\Db\Driver\Mysql.class.php 第 52 行.
SQL: SHOW COLUMNS FROM `user` [ RunTime:0.006000s ]
SQL: SELECT `user_store_name`,`user_store_pic`,`user_store_evaluate`,`user_store_phone`,`user_store_address`,`user_store_pic`,`user_store_pic1`,`user_store_pic2`,`user_store_pic3`,`user_store_pic4` FROM `user` WHERE `id` = 20 LIMIT 1   [ RunTime:0.001000s ]

[ 2017-08-07T15:11:39+08:00 ] 192.168.31.216 /gzsc/index.php/Home/Dianshang/indexaa
INFO: [ app_init ] --START--
INFO: Run Behavior\BuildLiteBehavior [ RunTime:0.000000s ]
INFO: [ app_init ] --END-- [ RunTime:0.000000s ]
INFO: [ app_begin ] --START--
INFO: Run Behavior\ReadHtmlCacheBehavior [ RunTime:0.001000s ]
INFO: [ app_begin ] --END-- [ RunTime:0.001000s ]
NOTIC: [8192] mysql_connect(): The mysql extension is deprecated and will be removed in the future: use mysqli or PDO instead C:\aaa\WWW\gzsc\ThinkPHP\Library\Think\Db\Driver\Mysql.class.php 第 52 行.
SQL: SHOW COLUMNS FROM `user` [ RunTime:0.015000s ]
SQL: SELECT `id`,`user_store_name`,`user_store_evaluate`,`user_store_pic`,`user_store_pic1`,`user_store_pic2`,`user_store_pic3`,`user_store_pic4`,`user_store_phone` FROM `user` WHERE `user_grade` = 2  [ RunTime:0.000000s ]
NOTIC: [8] Undefined index: p C:\aaa\WWW\gzsc\Application\Home\Controller\DianshangController.class.php 第 65 行.
NOTIC: [8] Undefined variable: p C:\aaa\WWW\gzsc\Application\Home\Controller\DianshangController.class.php 第 74 行.

[ 2017-08-07T15:11:39+08:00 ] 192.168.31.216 /gzsc/index.php/Home/Dianshang/index
INFO: [ app_init ] --START--
INFO: Run Behavior\BuildLiteBehavior [ RunTime:0.000000s ]
INFO: [ app_init ] --END-- [ RunTime:0.001000s ]
INFO: [ app_begin ] --START--
INFO: Run Behavior\ReadHtmlCacheBehavior [ RunTime:0.000000s ]
INFO: [ app_begin ] --END-- [ RunTime:0.000000s ]
NOTIC: [8192] mysql_connect(): The mysql extension is deprecated and will be removed in the future: use mysqli or PDO instead C:\aaa\WWW\gzsc\ThinkPHP\Library\Think\Db\Driver\Mysql.class.php 第 52 行.
SQL: SHOW COLUMNS FROM `pics` [ RunTime:0.016000s ]
SQL: SHOW COLUMNS FROM `user` [ RunTime:0.008000s ]
SQL: SELECT `pic`,`pic_http`,`pic_descr` FROM `pics` WHERE `pic_address` = 1 AND `pic_state` = 1  [ RunTime:0.000000s ]
SQL: SELECT `pic`,`pic_http`,`pic_descr` FROM `pics` WHERE `pic_address` = 2 AND `pic_state` = 1  [ RunTime:0.001000s ]

[ 2017-08-07T15:11:42+08:00 ] 192.168.31.216 /gzsc/index.php/Home/Store/store?store_id=20
INFO: [ app_init ] --START--
INFO: Run Behavior\BuildLiteBehavior [ RunTime:0.000000s ]
INFO: [ app_init ] --END-- [ RunTime:0.001000s ]
INFO: [ app_begin ] --START--
INFO: Run Behavior\ReadHtmlCacheBehavior [ RunTime:0.001000s ]
INFO: [ app_begin ] --END-- [ RunTime:0.001000s ]
NOTIC: [8192] mysql_connect(): The mysql extension is deprecated and will be removed in the future: use mysqli or PDO instead C:\aaa\WWW\gzsc\ThinkPHP\Library\Think\Db\Driver\Mysql.class.php 第 52 行.
SQL: SHOW COLUMNS FROM `user` [ RunTime:0.006000s ]
SQL: SELECT `user_store_name`,`user_store_pic`,`user_store_evaluate`,`user_store_phone`,`user_store_address`,`user_store_pic`,`user_store_pic1`,`user_store_pic2`,`user_store_pic3`,`user_store_pic4` FROM `user` WHERE `id` = 20 LIMIT 1   [ RunTime:0.001000s ]

[ 2017-08-07T15:14:19+08:00 ] 192.168.31.216 /gzsc/index.php/Home/Dianshang/index
INFO: [ app_init ] --START--
INFO: Run Behavior\BuildLiteBehavior [ RunTime:0.000000s ]
INFO: [ app_init ] --END-- [ RunTime:0.000000s ]
INFO: [ app_begin ] --START--
INFO: Run Behavior\ReadHtmlCacheBehavior [ RunTime:0.000000s ]
INFO: [ app_begin ] --END-- [ RunTime:0.001000s ]
NOTIC: [8192] mysql_connect(): The mysql extension is deprecated and will be removed in the future: use mysqli or PDO instead C:\aaa\WWW\gzsc\ThinkPHP\Library\Think\Db\Driver\Mysql.class.php 第 52 行.
SQL: SHOW COLUMNS FROM `pics` [ RunTime:0.008000s ]
SQL: SHOW COLUMNS FROM `user` [ RunTime:0.006000s ]
SQL: SELECT `pic`,`pic_http`,`pic_descr` FROM `pics` WHERE `pic_address` = 1 AND `pic_state` = 1  [ RunTime:0.000000s ]
SQL: SELECT `pic`,`pic_http`,`pic_descr` FROM `pics` WHERE `pic_address` = 2 AND `pic_state` = 1  [ RunTime:0.002000s ]

[ 2017-08-07T15:14:19+08:00 ] 192.168.31.216 /gzsc/index.php/Home/Dianshang/indexaa
INFO: [ app_init ] --START--
INFO: Run Behavior\BuildLiteBehavior [ RunTime:0.000000s ]
INFO: [ app_init ] --END-- [ RunTime:0.001000s ]
INFO: [ app_begin ] --START--
INFO: Run Behavior\ReadHtmlCacheBehavior [ RunTime:0.001000s ]
INFO: [ app_begin ] --END-- [ RunTime:0.001000s ]
NOTIC: [8192] mysql_connect(): The mysql extension is deprecated and will be removed in the future: use mysqli or PDO instead C:\aaa\WWW\gzsc\ThinkPHP\Library\Think\Db\Driver\Mysql.class.php 第 52 行.
SQL: SHOW COLUMNS FROM `user` [ RunTime:0.043000s ]
SQL: SELECT `id`,`user_store_name`,`user_store_evaluate`,`user_store_pic`,`user_store_pic1`,`user_store_pic2`,`user_store_pic3`,`user_store_pic4`,`user_store_phone` FROM `user` WHERE `user_grade` = 2  [ RunTime:0.001000s ]
NOTIC: [8] Undefined index: p C:\aaa\WWW\gzsc\Application\Home\Controller\DianshangController.class.php 第 65 行.
NOTIC: [8] Undefined variable: p C:\aaa\WWW\gzsc\Application\Home\Controller\DianshangController.class.php 第 74 行.

[ 2017-08-07T15:14:22+08:00 ] 192.168.31.216 /gzsc/index.php/Home/Store/store?store_id=20
INFO: [ app_init ] --START--
INFO: Run Behavior\BuildLiteBehavior [ RunTime:0.000000s ]
INFO: [ app_init ] --END-- [ RunTime:0.001000s ]
INFO: [ app_begin ] --START--
INFO: Run Behavior\ReadHtmlCacheBehavior [ RunTime:0.001000s ]
INFO: [ app_begin ] --END-- [ RunTime:0.001000s ]
NOTIC: [8192] mysql_connect(): The mysql extension is deprecated and will be removed in the future: use mysqli or PDO instead C:\aaa\WWW\gzsc\ThinkPHP\Library\Think\Db\Driver\Mysql.class.php 第 52 行.
SQL: SHOW COLUMNS FROM `user` [ RunTime:0.003000s ]
SQL: SELECT `user_store_name`,`user_store_pic`,`user_store_evaluate`,`user_store_phone`,`user_store_address`,`user_store_pic`,`user_store_pic1`,`user_store_pic2`,`user_store_pic3`,`user_store_pic4` FROM `user` WHERE `id` = 20 LIMIT 1   [ RunTime:0.000000s ]

[ 2017-08-07T15:15:29+08:00 ] 192.168.31.216 /gzsc/index.php/Home/Dianshang/indexaa
INFO: [ app_init ] --START--
INFO: Run Behavior\BuildLiteBehavior [ RunTime:0.000000s ]
INFO: [ app_init ] --END-- [ RunTime:0.000000s ]
INFO: [ app_begin ] --START--
INFO: Run Behavior\ReadHtmlCacheBehavior [ RunTime:0.001000s ]
INFO: [ app_begin ] --END-- [ RunTime:0.001000s ]
NOTIC: [8192] mysql_connect(): The mysql extension is deprecated and will be removed in the future: use mysqli or PDO instead C:\aaa\WWW\gzsc\ThinkPHP\Library\Think\Db\Driver\Mysql.class.php 第 52 行.
SQL: SHOW COLUMNS FROM `user` [ RunTime:0.023000s ]
SQL: SELECT `id`,`user_store_name`,`user_store_evaluate`,`user_store_pic`,`user_store_pic1`,`user_store_pic2`,`user_store_pic3`,`user_store_pic4`,`user_store_phone` FROM `user` WHERE `user_grade` = 2  [ RunTime:0.001000s ]
NOTIC: [8] Undefined index: p C:\aaa\WWW\gzsc\Application\Home\Controller\DianshangController.class.php 第 65 行.
NOTIC: [8] Undefined variable: p C:\aaa\WWW\gzsc\Application\Home\Controller\DianshangController.class.php 第 74 行.

[ 2017-08-07T15:15:29+08:00 ] 192.168.31.216 /gzsc/index.php/Home/Dianshang/index
INFO: [ app_init ] --START--
INFO: Run Behavior\BuildLiteBehavior [ RunTime:0.000000s ]
INFO: [ app_init ] --END-- [ RunTime:0.000000s ]
INFO: [ app_begin ] --START--
INFO: Run Behavior\ReadHtmlCacheBehavior [ RunTime:0.001000s ]
INFO: [ app_begin ] --END-- [ RunTime:0.001000s ]
NOTIC: [8192] mysql_connect(): The mysql extension is deprecated and will be removed in the future: use mysqli or PDO instead C:\aaa\WWW\gzsc\ThinkPHP\Library\Think\Db\Driver\Mysql.class.php 第 52 行.
SQL: SHOW COLUMNS FROM `pics` [ RunTime:0.024000s ]
SQL: SHOW COLUMNS FROM `user` [ RunTime:0.008000s ]
SQL: SELECT `pic`,`pic_http`,`pic_descr` FROM `pics` WHERE `pic_address` = 1 AND `pic_state` = 1  [ RunTime:0.001000s ]
SQL: SELECT `pic`,`pic_http`,`pic_descr` FROM `pics` WHERE `pic_address` = 2 AND `pic_state` = 1  [ RunTime:0.001000s ]

[ 2017-08-07T15:15:31+08:00 ] 192.168.31.216 /gzsc/index.php/Home/Store/store?store_id=20
INFO: [ app_init ] --START--
INFO: Run Behavior\BuildLiteBehavior [ RunTime:0.000000s ]
INFO: [ app_init ] --END-- [ RunTime:0.001000s ]
INFO: [ app_begin ] --START--
INFO: Run Behavior\ReadHtmlCacheBehavior [ RunTime:0.000000s ]
INFO: [ app_begin ] --END-- [ RunTime:0.000000s ]
NOTIC: [8192] mysql_connect(): The mysql extension is deprecated and will be removed in the future: use mysqli or PDO instead C:\aaa\WWW\gzsc\ThinkPHP\Library\Think\Db\Driver\Mysql.class.php 第 52 行.
SQL: SHOW COLUMNS FROM `user` [ RunTime:0.004000s ]
SQL: SELECT `user_store_name`,`user_store_pic`,`user_store_evaluate`,`user_store_phone`,`user_store_address`,`user_store_pic`,`user_store_pic1`,`user_store_pic2`,`user_store_pic3`,`user_store_pic4` FROM `user` WHERE `id` = 20 LIMIT 1   [ RunTime:0.001000s ]

[ 2017-08-07T15:16:10+08:00 ] 192.168.31.216 /gzsc/index.php/Home/Dianshang/indexaa
INFO: [ app_init ] --START--
INFO: Run Behavior\BuildLiteBehavior [ RunTime:0.000000s ]
INFO: [ app_init ] --END-- [ RunTime:0.000000s ]
INFO: [ app_begin ] --START--
INFO: Run Behavior\ReadHtmlCacheBehavior [ RunTime:0.000000s ]
INFO: [ app_begin ] --END-- [ RunTime:0.000000s ]
NOTIC: [8192] mysql_connect(): The mysql extension is deprecated and will be removed in the future: use mysqli or PDO instead C:\aaa\WWW\gzsc\ThinkPHP\Library\Think\Db\Driver\Mysql.class.php 第 52 行.
SQL: SHOW COLUMNS FROM `user` [ RunTime:0.011000s ]
SQL: SELECT `id`,`user_store_name`,`user_store_evaluate`,`user_store_pic`,`user_store_pic1`,`user_store_pic2`,`user_store_pic3`,`user_store_pic4`,`user_store_phone` FROM `user` WHERE `user_grade` = 2  [ RunTime:0.001000s ]
NOTIC: [8] Undefined index: p C:\aaa\WWW\gzsc\Application\Home\Controller\DianshangController.class.php 第 65 行.
NOTIC: [8] Undefined variable: p C:\aaa\WWW\gzsc\Application\Home\Controller\DianshangController.class.php 第 74 行.

[ 2017-08-07T15:16:10+08:00 ] 192.168.31.216 /gzsc/index.php/Home/Dianshang/index
INFO: [ app_init ] --START--
INFO: Run Behavior\BuildLiteBehavior [ RunTime:0.000000s ]
INFO: [ app_init ] --END-- [ RunTime:0.000000s ]
INFO: [ app_begin ] --START--
INFO: Run Behavior\ReadHtmlCacheBehavior [ RunTime:0.000000s ]
INFO: [ app_begin ] --END-- [ RunTime:0.000000s ]
NOTIC: [8192] mysql_connect(): The mysql extension is deprecated and will be removed in the future: use mysqli or PDO instead C:\aaa\WWW\gzsc\ThinkPHP\Library\Think\Db\Driver\Mysql.class.php 第 52 行.
SQL: SHOW COLUMNS FROM `pics` [ RunTime:0.009000s ]
SQL: SHOW COLUMNS FROM `user` [ RunTime:0.012000s ]
SQL: SELECT `pic`,`pic_http`,`pic_descr` FROM `pics` WHERE `pic_address` = 1 AND `pic_state` = 1  [ RunTime:0.002000s ]
SQL: SELECT `pic`,`pic_http`,`pic_descr` FROM `pics` WHERE `pic_address` = 2 AND `pic_state` = 1  [ RunTime:0.003000s ]

[ 2017-08-07T15:16:12+08:00 ] 192.168.31.216 /gzsc/index.php/Home/Store/store?store_id=20
INFO: [ app_init ] --START--
INFO: Run Behavior\BuildLiteBehavior [ RunTime:0.000000s ]
INFO: [ app_init ] --END-- [ RunTime:0.001000s ]
INFO: [ app_begin ] --START--
INFO: Run Behavior\ReadHtmlCacheBehavior [ RunTime:0.000000s ]
INFO: [ app_begin ] --END-- [ RunTime:0.000000s ]
NOTIC: [8192] mysql_connect(): The mysql extension is deprecated and will be removed in the future: use mysqli or PDO instead C:\aaa\WWW\gzsc\ThinkPHP\Library\Think\Db\Driver\Mysql.class.php 第 52 行.
SQL: SHOW COLUMNS FROM `user` [ RunTime:0.015000s ]
SQL: SELECT `user_store_name`,`user_store_pic`,`user_store_evaluate`,`user_store_phone`,`user_store_address`,`user_store_pic`,`user_store_pic1`,`user_store_pic2`,`user_store_pic3`,`user_store_pic4` FROM `user` WHERE `id` = 20 LIMIT 1   [ RunTime:0.001000s ]

[ 2017-08-07T15:16:47+08:00 ] 192.168.31.216 /gzsc/index.php/Home/Dianshang/indexaa
INFO: [ app_init ] --START--
INFO: Run Behavior\BuildLiteBehavior [ RunTime:0.000000s ]
INFO: [ app_init ] --END-- [ RunTime:0.001000s ]
INFO: [ app_begin ] --START--
INFO: Run Behavior\ReadHtmlCacheBehavior [ RunTime:0.001000s ]
INFO: [ app_begin ] --END-- [ RunTime:0.001000s ]
NOTIC: [8192] mysql_connect(): The mysql extension is deprecated and will be removed in the future: use mysqli or PDO instead C:\aaa\WWW\gzsc\ThinkPHP\Library\Think\Db\Driver\Mysql.class.php 第 52 行.
SQL: SHOW COLUMNS FROM `user` [ RunTime:0.014000s ]
SQL: SELECT `id`,`user_store_name`,`user_store_evaluate`,`user_store_pic`,`user_store_pic1`,`user_store_pic2`,`user_store_pic3`,`user_store_pic4`,`user_store_phone` FROM `user` WHERE `user_grade` = 2  [ RunTime:0.003000s ]
NOTIC: [8] Undefined index: p C:\aaa\WWW\gzsc\Application\Home\Controller\DianshangController.class.php 第 65 行.
NOTIC: [8] Undefined variable: p C:\aaa\WWW\gzsc\Application\Home\Controller\DianshangController.class.php 第 74 行.

[ 2017-08-07T15:16:47+08:00 ] 192.168.31.216 /gzsc/index.php/Home/Dianshang/index
INFO: [ app_init ] --START--
INFO: Run Behavior\BuildLiteBehavior [ RunTime:0.000000s ]
INFO: [ app_init ] --END-- [ RunTime:0.000000s ]
INFO: [ app_begin ] --START--
INFO: Run Behavior\ReadHtmlCacheBehavior [ RunTime:0.000000s ]
INFO: [ app_begin ] --END-- [ RunTime:0.000000s ]
NOTIC: [8192] mysql_connect(): The mysql extension is deprecated and will be removed in the future: use mysqli or PDO instead C:\aaa\WWW\gzsc\ThinkPHP\Library\Think\Db\Driver\Mysql.class.php 第 52 行.
SQL: SHOW COLUMNS FROM `pics` [ RunTime:0.008000s ]
SQL: SHOW COLUMNS FROM `user` [ RunTime:0.005000s ]
SQL: SELECT `pic`,`pic_http`,`pic_descr` FROM `pics` WHERE `pic_address` = 1 AND `pic_state` = 1  [ RunTime:0.000000s ]
SQL: SELECT `pic`,`pic_http`,`pic_descr` FROM `pics` WHERE `pic_address` = 2 AND `pic_state` = 1  [ RunTime:0.000000s ]

[ 2017-08-07T15:16:50+08:00 ] 192.168.31.216 /gzsc/index.php/Home/Store/store?store_id=20
INFO: [ app_init ] --START--
INFO: Run Behavior\BuildLiteBehavior [ RunTime:0.000000s ]
INFO: [ app_init ] --END-- [ RunTime:0.001000s ]
INFO: [ app_begin ] --START--
INFO: Run Behavior\ReadHtmlCacheBehavior [ RunTime:0.001000s ]
INFO: [ app_begin ] --END-- [ RunTime:0.001000s ]
NOTIC: [8192] mysql_connect(): The mysql extension is deprecated and will be removed in the future: use mysqli or PDO instead C:\aaa\WWW\gzsc\ThinkPHP\Library\Think\Db\Driver\Mysql.class.php 第 52 行.
SQL: SHOW COLUMNS FROM `user` [ RunTime:0.011000s ]
SQL: SELECT `user_store_name`,`user_store_pic`,`user_store_evaluate`,`user_store_phone`,`user_store_address`,`user_store_pic`,`user_store_pic1`,`user_store_pic2`,`user_store_pic3`,`user_store_pic4` FROM `user` WHERE `id` = 20 LIMIT 1   [ RunTime:0.000000s ]

[ 2017-08-07T22:38:16+08:00 ] 192.168.31.216 /gzsc/index.php/Home/Dianshang/indexaa
INFO: [ app_init ] --START--
INFO: Run Behavior\BuildLiteBehavior [ RunTime:0.000000s ]
INFO: [ app_init ] --END-- [ RunTime:0.001000s ]
INFO: [ app_begin ] --START--
INFO: Run Behavior\ReadHtmlCacheBehavior [ RunTime:0.001000s ]
INFO: [ app_begin ] --END-- [ RunTime:0.001000s ]
NOTIC: [8192] mysql_connect(): The mysql extension is deprecated and will be removed in the future: use mysqli or PDO instead C:\aaa\WWW\gzsc\ThinkPHP\Library\Think\Db\Driver\Mysql.class.php 第 52 行.
SQL: SHOW COLUMNS FROM `user` [ RunTime:0.008000s ]
SQL: SELECT `id`,`user_store_name`,`user_store_evaluate`,`user_store_pic`,`user_store_pic1`,`user_store_pic2`,`user_store_pic3`,`user_store_pic4`,`user_store_phone` FROM `user` WHERE `user_grade` = 2  [ RunTime:0.001000s ]
NOTIC: [8] Undefined index: p C:\aaa\WWW\gzsc\Application\Home\Controller\DianshangController.class.php 第 65 行.
NOTIC: [8] Undefined variable: p C:\aaa\WWW\gzsc\Application\Home\Controller\DianshangController.class.php 第 74 行.

[ 2017-08-07T22:38:16+08:00 ] 192.168.31.216 /gzsc/index.php/Home/Dianshang/index
INFO: [ app_init ] --START--
INFO: Run Behavior\BuildLiteBehavior [ RunTime:0.000000s ]
INFO: [ app_init ] --END-- [ RunTime:0.000000s ]
INFO: [ app_begin ] --START--
INFO: Run Behavior\ReadHtmlCacheBehavior [ RunTime:0.001000s ]
INFO: [ app_begin ] --END-- [ RunTime:0.001000s ]
NOTIC: [8192] mysql_connect(): The mysql extension is deprecated and will be removed in the future: use mysqli or PDO instead C:\aaa\WWW\gzsc\ThinkPHP\Library\Think\Db\Driver\Mysql.class.php 第 52 行.
SQL: SHOW COLUMNS FROM `pics` [ RunTime:0.006000s ]
SQL: SHOW COLUMNS FROM `user` [ RunTime:0.005000s ]
SQL: SELECT `pic`,`pic_http`,`pic_descr` FROM `pics` WHERE `pic_address` = 1 AND `pic_state` = 1  [ RunTime:0.001000s ]
SQL: SELECT `pic`,`pic_http`,`pic_descr` FROM `pics` WHERE `pic_address` = 2 AND `pic_state` = 1  [ RunTime:0.000000s ]

[ 2017-08-07T22:38:18+08:00 ] 192.168.31.216 /gzsc/index.php/Home/Store/store?store_id=20
INFO: [ app_init ] --START--
INFO: Run Behavior\BuildLiteBehavior [ RunTime:0.000000s ]
INFO: [ app_init ] --END-- [ RunTime:0.001000s ]
INFO: [ app_begin ] --START--
INFO: Run Behavior\ReadHtmlCacheBehavior [ RunTime:0.000000s ]
INFO: [ app_begin ] --END-- [ RunTime:0.001000s ]
NOTIC: [8192] mysql_connect(): The mysql extension is deprecated and will be removed in the future: use mysqli or PDO instead C:\aaa\WWW\gzsc\ThinkPHP\Library\Think\Db\Driver\Mysql.class.php 第 52 行.
SQL: SHOW COLUMNS FROM `user` [ RunTime:0.006000s ]
SQL: SELECT `user_store_name`,`user_store_pic`,`user_store_evaluate`,`user_store_phone`,`user_store_address`,`user_store_pic`,`user_store_pic1`,`user_store_pic2`,`user_store_pic3`,`user_store_pic4` FROM `user` WHERE `id` = 20 LIMIT 1   [ RunTime:0.000000s ]

