[ 2017-09-11T11:47:43+08:00 ] 127.0.0.1 /gzsc/index.php/Home/Serve/selectserve
INFO: [ app_init ] --START--
INFO: Run Behavior\BuildLiteBehavior [ RunTime:0.000000s ]
INFO: [ app_init ] --END-- [ RunTime:0.001000s ]
INFO: [ app_begin ] --START--
INFO: Run Behavior\ReadHtmlCacheBehavior [ RunTime:0.000000s ]
INFO: [ app_begin ] --END-- [ RunTime:0.000000s ]
NOTIC: [8192] mysql_connect(): The mysql extension is deprecated and will be removed in the future: use mysqli or PDO instead C:\aaa\WWW\gzsc\ThinkPHP\Library\Think\Db\Driver\Mysql.class.php Á¨¨ 52 Ë°å.
SQL: SHOW COLUMNS FROM `cate` [ RunTime:0.009000s ]
SQL: SELECT `id` FROM `cate` WHERE `cate_name` = 'ÊúçÂä°' LIMIT 1   [ RunTime:0.004000s ]
SQL: SELECT `id`,`cate_name`,`cate_pic` FROM `cate` WHERE `cate_pid` = 1  [ RunTime:0.000000s ]

[ 2017-09-11T11:47:43+08:00 ] 127.0.0.1 /gzsc/index.php/Home/Dianshang/indexaa?p=1&lat=22.962857&lng=113.399056
INFO: [ app_init ] --START--
INFO: Run Behavior\BuildLiteBehavior [ RunTime:0.000000s ]
INFO: [ app_init ] --END-- [ RunTime:0.001000s ]
INFO: [ app_begin ] --START--
INFO: Run Behavior\ReadHtmlCacheBehavior [ RunTime:0.002000s ]
INFO: [ app_begin ] --END-- [ RunTime:0.002000s ]
NOTIC: [8192] mysql_connect(): The mysql extension is deprecated and will be removed in the future: use mysqli or PDO instead C:\aaa\WWW\gzsc\ThinkPHP\Library\Think\Db\Driver\Mysql.class.php Á¨¨ 52 Ë°å.
SQL: SHOW COLUMNS FROM `user` [ RunTime:0.008000s ]
SQL: SHOW COLUMNS FROM `pics` [ RunTime:0.006000s ]
SQL: SELECT `id`,`user_store_x`,`user_store_y`,`user_store_name`,`user_store_evaluate`,`user_store_pic`,`user_store_pic1`,`user_store_pic2`,`user_store_pic3`,`user_store_pic4`,`user_store_phone` FROM `user` WHERE `user_grade` = 2  [ RunTime:0.001000s ]
NOTIC: [2] array_multisort(): Argument #1 is expected to be an array or a sort flag C:\aaa\WWW\gzsc\Application\Home\Controller\DianshangController.class.php Á¨¨ 81 Ë°å.
NOTIC: [8] Undefined variable: headerpics C:\aaa\WWW\gzsc\Application\Home\Controller\DianshangController.class.php Á¨¨ 97 Ë°å.
NOTIC: [2] Invalid argument supplied for foreach() C:\aaa\WWW\gzsc\Application\Home\Controller\DianshangController.class.php Á¨¨ 97 Ë°å.
NOTIC: [8] Undefined variable: middlepics C:\aaa\WWW\gzsc\Application\Home\Controller\DianshangController.class.php Á¨¨ 109 Ë°å.
NOTIC: [2] Invalid argument supplied for foreach() C:\aaa\WWW\gzsc\Application\Home\Controller\DianshangController.class.php Á¨¨ 109 Ë°å.
NOTIC: [8] Undefined variable: headerpicss C:\aaa\WWW\gzsc\Application\Home\Controller\DianshangController.class.php Á¨¨ 118 Ë°å.
NOTIC: [8] Undefined variable: middlepicss C:\aaa\WWW\gzsc\Application\Home\Controller\DianshangController.class.php Á¨¨ 119 Ë°å.

[ 2017-09-11T11:47:51+08:00 ] 127.0.0.1 /gzsc/index.php/Home/Dianshang/indexaa?p=1&lat=22.962857&lng=113.399056
INFO: [ app_init ] --START--
INFO: Run Behavior\BuildLiteBehavior [ RunTime:0.000000s ]
INFO: [ app_init ] --END-- [ RunTime:0.000000s ]
INFO: [ app_begin ] --START--
INFO: Run Behavior\ReadHtmlCacheBehavior [ RunTime:0.001000s ]
INFO: [ app_begin ] --END-- [ RunTime:0.001000s ]
NOTIC: [8192] mysql_connect(): The mysql extension is deprecated and will be removed in the future: use mysqli or PDO instead C:\aaa\WWW\gzsc\ThinkPHP\Library\Think\Db\Driver\Mysql.class.php Á¨¨ 52 Ë°å.
SQL: SHOW COLUMNS FROM `user` [ RunTime:0.007000s ]
SQL: SHOW COLUMNS FROM `pics` [ RunTime:0.014000s ]
SQL: SELECT `id`,`user_store_x`,`user_store_y`,`user_store_name`,`user_store_evaluate`,`user_store_pic`,`user_store_pic1`,`user_store_pic2`,`user_store_pic3`,`user_store_pic4`,`user_store_phone` FROM `user` WHERE `user_grade` = 2  [ RunTime:0.001000s ]
NOTIC: [2] array_multisort(): Argument #1 is expected to be an array or a sort flag C:\aaa\WWW\gzsc\Application\Home\Controller\DianshangController.class.php Á¨¨ 81 Ë°å.
NOTIC: [8] Undefined variable: headerpics C:\aaa\WWW\gzsc\Application\Home\Controller\DianshangController.class.php Á¨¨ 97 Ë°å.
NOTIC: [2] Invalid argument supplied for foreach() C:\aaa\WWW\gzsc\Application\Home\Controller\DianshangController.class.php Á¨¨ 97 Ë°å.
NOTIC: [8] Undefined variable: middlepics C:\aaa\WWW\gzsc\Application\Home\Controller\DianshangController.class.php Á¨¨ 109 Ë°å.
NOTIC: [2] Invalid argument supplied for foreach() C:\aaa\WWW\gzsc\Application\Home\Controller\DianshangController.class.php Á¨¨ 109 Ë°å.
NOTIC: [8] Undefined variable: headerpicss C:\aaa\WWW\gzsc\Application\Home\Controller\DianshangController.class.php Á¨¨ 118 Ë°å.
NOTIC: [8] Undefined variable: middlepicss C:\aaa\WWW\gzsc\Application\Home\Controller\DianshangController.class.php Á¨¨ 119 Ë°å.

[ 2017-09-11T11:47:56+08:00 ] 127.0.0.1 /gzsc/index.php/Home/Dianshang/indexaa?p=1&lat=22.962857&lng=113.399056
INFO: [ app_init ] --START--
INFO: Run Behavior\BuildLiteBehavior [ RunTime:0.000000s ]
INFO: [ app_init ] --END-- [ RunTime:0.000000s ]
INFO: [ app_begin ] --START--
INFO: Run Behavior\ReadHtmlCacheBehavior [ RunTime:0.000000s ]
INFO: [ app_begin ] --END-- [ RunTime:0.001000s ]
NOTIC: [8192] mysql_connect(): The mysql extension is deprecated and will be removed in the future: use mysqli or PDO instead C:\aaa\WWW\gzsc\ThinkPHP\Library\Think\Db\Driver\Mysql.class.php Á¨¨ 52 Ë°å.
SQL: SHOW COLUMNS FROM `user` [ RunTime:0.011000s ]
SQL: SHOW COLUMNS FROM `pics` [ RunTime:0.006000s ]
SQL: SELECT `id`,`user_store_x`,`user_store_y`,`user_store_name`,`user_store_evaluate`,`user_store_pic`,`user_store_pic1`,`user_store_pic2`,`user_store_pic3`,`user_store_pic4`,`user_store_phone` FROM `user` WHERE `user_grade` = 2  [ RunTime:0.001000s ]
NOTIC: [2] array_multisort(): Argument #1 is expected to be an array or a sort flag C:\aaa\WWW\gzsc\Application\Home\Controller\DianshangController.class.php Á¨¨ 81 Ë°å.
NOTIC: [8] Undefined variable: headerpics C:\aaa\WWW\gzsc\Application\Home\Controller\DianshangController.class.php Á¨¨ 97 Ë°å.
NOTIC: [2] Invalid argument supplied for foreach() C:\aaa\WWW\gzsc\Application\Home\Controller\DianshangController.class.php Á¨¨ 97 Ë°å.
NOTIC: [8] Undefined variable: middlepics C:\aaa\WWW\gzsc\Application\Home\Controller\DianshangController.class.php Á¨¨ 109 Ë°å.
NOTIC: [2] Invalid argument supplied for foreach() C:\aaa\WWW\gzsc\Application\Home\Controller\DianshangController.class.php Á¨¨ 109 Ë°å.
NOTIC: [8] Undefined variable: headerpicss C:\aaa\WWW\gzsc\Application\Home\Controller\DianshangController.class.php Á¨¨ 118 Ë°å.
NOTIC: [8] Undefined variable: middlepicss C:\aaa\WWW\gzsc\Application\Home\Controller\DianshangController.class.php Á¨¨ 119 Ë°å.

[ 2017-09-11T11:48:00+08:00 ] 127.0.0.1 /gzsc/index.php/Home/Dianshang/indexaa?p=1&lat=22.962857&lng=113.399056
INFO: [ app_init ] --START--
INFO: Run Behavior\BuildLiteBehavior [ RunTime:0.000000s ]
INFO: [ app_init ] --END-- [ RunTime:0.000000s ]
INFO: [ app_begin ] --START--
INFO: Run Behavior\ReadHtmlCacheBehavior [ RunTime:0.001000s ]
INFO: [ app_begin ] --END-- [ RunTime:0.001000s ]
NOTIC: [8192] mysql_connect(): The mysql extension is deprecated and will be removed in the future: use mysqli or PDO instead C:\aaa\WWW\gzsc\ThinkPHP\Library\Think\Db\Driver\Mysql.class.php Á¨¨ 52 Ë°å.
SQL: SHOW COLUMNS FROM `user` [ RunTime:0.004000s ]
SQL: SHOW COLUMNS FROM `pics` [ RunTime:0.005000s ]
SQL: SELECT `id`,`user_store_x`,`user_store_y`,`user_store_name`,`user_store_evaluate`,`user_store_pic`,`user_store_pic1`,`user_store_pic2`,`user_store_pic3`,`user_store_pic4`,`user_store_phone` FROM `user` WHERE `user_grade` = 2  [ RunTime:0.000000s ]
NOTIC: [2] array_multisort(): Argument #1 is expected to be an array or a sort flag C:\aaa\WWW\gzsc\Application\Home\Controller\DianshangController.class.php Á¨¨ 81 Ë°å.
NOTIC: [8] Undefined variable: headerpics C:\aaa\WWW\gzsc\Application\Home\Controller\DianshangController.class.php Á¨¨ 97 Ë°å.
NOTIC: [2] Invalid argument supplied for foreach() C:\aaa\WWW\gzsc\Application\Home\Controller\DianshangController.class.php Á¨¨ 97 Ë°å.
NOTIC: [8] Undefined variable: middlepics C:\aaa\WWW\gzsc\Application\Home\Controller\DianshangController.class.php Á¨¨ 109 Ë°å.
NOTIC: [2] Invalid argument supplied for foreach() C:\aaa\WWW\gzsc\Application\Home\Controller\DianshangController.class.php Á¨¨ 109 Ë°å.
NOTIC: [8] Undefined variable: headerpicss C:\aaa\WWW\gzsc\Application\Home\Controller\DianshangController.class.php Á¨¨ 118 Ë°å.
NOTIC: [8] Undefined variable: middlepicss C:\aaa\WWW\gzsc\Application\Home\Controller\DianshangController.class.php Á¨¨ 119 Ë°å.

[ 2017-09-11T11:48:01+08:00 ] 127.0.0.1 /gzsc/index.php/Home/Dianshang/cate
INFO: [ app_init ] --START--
INFO: Run Behavior\BuildLiteBehavior [ RunTime:0.000000s ]
INFO: [ app_init ] --END-- [ RunTime:0.000000s ]
INFO: [ app_begin ] --START--
INFO: Run Behavior\ReadHtmlCacheBehavior [ RunTime:0.001000s ]
INFO: [ app_begin ] --END-- [ RunTime:0.001000s ]
NOTIC: [8192] mysql_connect(): The mysql extension is deprecated and will be removed in the future: use mysqli or PDO instead C:\aaa\WWW\gzsc\ThinkPHP\Library\Think\Db\Driver\Mysql.class.php Á¨¨ 52 Ë°å.
SQL: SHOW COLUMNS FROM `cate` [ RunTime:0.012000s ]
SQL: SHOW COLUMNS FROM `good` [ RunTime:0.011000s ]
SQL: SELECT `id` FROM `cate` WHERE `cate_name` = 'ÁîµÂïÜ' LIMIT 1   [ RunTime:0.001000s ]
SQL: SELECT `id`,`cate_name` FROM `cate` WHERE `cate_pid` = 10  [ RunTime:0.000000s ]
SQL: SELECT `id`,`cate_name`,`cate_pic` FROM `cate` WHERE `cate_pid` = 11  [ RunTime:0.000000s ]
SQL: SELECT `id`,`cate_name`,`cate_pic` FROM `cate` WHERE `cate_pid` = 18  [ RunTime:0.001000s ]
SQL: SELECT `id`,`cate_name`,`cate_pic` FROM `cate` WHERE `cate_pid` = 23  [ RunTime:0.001000s ]
SQL: SELECT `id`,`cate_name`,`cate_pic` FROM `cate` WHERE `cate_pid` = 28  [ RunTime:0.000000s ]
SQL: SELECT `id`,`cate_name`,`cate_pic` FROM `cate` WHERE `cate_pid` = 35  [ RunTime:0.000000s ]
SQL: SELECT `id`,`cate_name`,`cate_pic` FROM `cate` WHERE `cate_pid` = 40  [ RunTime:0.001000s ]
SQL: SELECT `id`,`cate_name`,`cate_pic` FROM `cate` WHERE `cate_pid` = 49  [ RunTime:0.001000s ]
SQL: SELECT `id`,`cate_name`,`cate_pic` FROM `cate` WHERE `cate_pid` = 53  [ RunTime:0.000000s ]
SQL: SELECT `id`,`cate_name`,`cate_pic` FROM `cate` WHERE `cate_pid` = 60  [ RunTime:0.000000s ]

[ 2017-09-11T11:48:01+08:00 ] 127.0.0.1 /gzsc/index.php/Home/Dianshang/cate
INFO: [ app_init ] --START--
INFO: Run Behavior\BuildLiteBehavior [ RunTime:0.000000s ]
INFO: [ app_init ] --END-- [ RunTime:0.001000s ]
INFO: [ app_begin ] --START--
INFO: Run Behavior\ReadHtmlCacheBehavior [ RunTime:0.001000s ]
INFO: [ app_begin ] --END-- [ RunTime:0.001000s ]
NOTIC: [8192] mysql_connect(): The mysql extension is deprecated and will be removed in the future: use mysqli or PDO instead C:\aaa\WWW\gzsc\ThinkPHP\Library\Think\Db\Driver\Mysql.class.php Á¨¨ 52 Ë°å.
SQL: SHOW COLUMNS FROM `cate` [ RunTime:0.004000s ]
SQL: SHOW COLUMNS FROM `good` [ RunTime:0.003000s ]
SQL: SELECT `id` FROM `cate` WHERE `cate_name` = 'ÁîµÂïÜ' LIMIT 1   [ RunTime:0.002000s ]
SQL: SELECT `id`,`cate_name` FROM `cate` WHERE `cate_pid` = 10  [ RunTime:0.001000s ]
SQL: SELECT `id`,`cate_name`,`cate_pic` FROM `cate` WHERE `cate_pid` = 11  [ RunTime:0.001000s ]
SQL: SELECT `id`,`cate_name`,`cate_pic` FROM `cate` WHERE `cate_pid` = 18  [ RunTime:0.000000s ]
SQL: SELECT `id`,`cate_name`,`cate_pic` FROM `cate` WHERE `cate_pid` = 23  [ RunTime:0.000000s ]
SQL: SELECT `id`,`cate_name`,`cate_pic` FROM `cate` WHERE `cate_pid` = 28  [ RunTime:0.000000s ]
SQL: SELECT `id`,`cate_name`,`cate_pic` FROM `cate` WHERE `cate_pid` = 35  [ RunTime:0.000000s ]
SQL: SELECT `id`,`cate_name`,`cate_pic` FROM `cate` WHERE `cate_pid` = 40  [ RunTime:0.000000s ]
SQL: SELECT `id`,`cate_name`,`cate_pic` FROM `cate` WHERE `cate_pid` = 49  [ RunTime:0.001000s ]
SQL: SELECT `id`,`cate_name`,`cate_pic` FROM `cate` WHERE `cate_pid` = 53  [ RunTime:0.000000s ]
SQL: SELECT `id`,`cate_name`,`cate_pic` FROM `cate` WHERE `cate_pid` = 60  [ RunTime:0.001000s ]

[ 2017-09-11T11:48:01+08:00 ] 127.0.0.1 /gzsc/index.php/Home/Dianshang/cate
INFO: [ app_init ] --START--
INFO: Run Behavior\BuildLiteBehavior [ RunTime:0.000000s ]
INFO: [ app_init ] --END-- [ RunTime:0.000000s ]
INFO: [ app_begin ] --START--
INFO: Run Behavior\ReadHtmlCacheBehavior [ RunTime:0.001000s ]
INFO: [ app_begin ] --END-- [ RunTime:0.001000s ]
NOTIC: [8192] mysql_connect(): The mysql extension is deprecated and will be removed in the future: use mysqli or PDO instead C:\aaa\WWW\gzsc\ThinkPHP\Library\Think\Db\Driver\Mysql.class.php Á¨¨ 52 Ë°å.
SQL: SHOW COLUMNS FROM `cate` [ RunTime:0.006000s ]
SQL: SHOW COLUMNS FROM `good` [ RunTime:0.003000s ]
SQL: SELECT `id` FROM `cate` WHERE `cate_name` = 'ÁîµÂïÜ' LIMIT 1   [ RunTime:0.001000s ]
SQL: SELECT `id`,`cate_name` FROM `cate` WHERE `cate_pid` = 10  [ RunTime:0.000000s ]
SQL: SELECT `id`,`cate_name`,`cate_pic` FROM `cate` WHERE `cate_pid` = 11  [ RunTime:0.000000s ]
SQL: SELECT `id`,`cate_name`,`cate_pic` FROM `cate` WHERE `cate_pid` = 18  [ RunTime:0.001000s ]
SQL: SELECT `id`,`cate_name`,`cate_pic` FROM `cate` WHERE `cate_pid` = 23  [ RunTime:0.000000s ]
SQL: SELECT `id`,`cate_name`,`cate_pic` FROM `cate` WHERE `cate_pid` = 28  [ RunTime:0.001000s ]
SQL: SELECT `id`,`cate_name`,`cate_pic` FROM `cate` WHERE `cate_pid` = 35  [ RunTime:0.000000s ]
SQL: SELECT `id`,`cate_name`,`cate_pic` FROM `cate` WHERE `cate_pid` = 40  [ RunTime:0.001000s ]
SQL: SELECT `id`,`cate_name`,`cate_pic` FROM `cate` WHERE `cate_pid` = 49  [ RunTime:0.000000s ]
SQL: SELECT `id`,`cate_name`,`cate_pic` FROM `cate` WHERE `cate_pid` = 53  [ RunTime:0.001000s ]
SQL: SELECT `id`,`cate_name`,`cate_pic` FROM `cate` WHERE `cate_pid` = 60  [ RunTime:0.000000s ]

[ 2017-09-11T11:48:01+08:00 ] 127.0.0.1 /gzsc/index.php/Home/Dianshang/cate
INFO: [ app_init ] --START--
INFO: Run Behavior\BuildLiteBehavior [ RunTime:0.000000s ]
INFO: [ app_init ] --END-- [ RunTime:0.001000s ]
INFO: [ app_begin ] --START--
INFO: Run Behavior\ReadHtmlCacheBehavior [ RunTime:0.001000s ]
INFO: [ app_begin ] --END-- [ RunTime:0.001000s ]
NOTIC: [8192] mysql_connect(): The mysql extension is deprecated and will be removed in the future: use mysqli or PDO instead C:\aaa\WWW\gzsc\ThinkPHP\Library\Think\Db\Driver\Mysql.class.php Á¨¨ 52 Ë°å.
SQL: SHOW COLUMNS FROM `cate` [ RunTime:0.006000s ]
SQL: SHOW COLUMNS FROM `good` [ RunTime:0.005000s ]
SQL: SELECT `id` FROM `cate` WHERE `cate_name` = 'ÁîµÂïÜ' LIMIT 1   [ RunTime:0.000000s ]
SQL: SELECT `id`,`cate_name` FROM `cate` WHERE `cate_pid` = 10  [ RunTime:0.000000s ]
SQL: SELECT `id`,`cate_name`,`cate_pic` FROM `cate` WHERE `cate_pid` = 11  [ RunTime:0.000000s ]
SQL: SELECT `id`,`cate_name`,`cate_pic` FROM `cate` WHERE `cate_pid` = 18  [ RunTime:0.000000s ]
SQL: SELECT `id`,`cate_name`,`cate_pic` FROM `cate` WHERE `cate_pid` = 23  [ RunTime:0.000000s ]
SQL: SELECT `id`,`cate_name`,`cate_pic` FROM `cate` WHERE `cate_pid` = 28  [ RunTime:0.000000s ]
SQL: SELECT `id`,`cate_name`,`cate_pic` FROM `cate` WHERE `cate_pid` = 35  [ RunTime:0.001000s ]
SQL: SELECT `id`,`cate_name`,`cate_pic` FROM `cate` WHERE `cate_pid` = 40  [ RunTime:0.001000s ]
SQL: SELECT `id`,`cate_name`,`cate_pic` FROM `cate` WHERE `cate_pid` = 49  [ RunTime:0.001000s ]
SQL: SELECT `id`,`cate_name`,`cate_pic` FROM `cate` WHERE `cate_pid` = 53  [ RunTime:0.000000s ]
SQL: SELECT `id`,`cate_name`,`cate_pic` FROM `cate` WHERE `cate_pid` = 60  [ RunTime:0.000000s ]

[ 2017-09-11T11:48:02+08:00 ] 127.0.0.1 /gzsc/index.php/Home/Dianshang/cate
INFO: [ app_init ] --START--
INFO: Run Behavior\BuildLiteBehavior [ RunTime:0.000000s ]
INFO: [ app_init ] --END-- [ RunTime:0.001000s ]
INFO: [ app_begin ] --START--
INFO: Run Behavior\ReadHtmlCacheBehavior [ RunTime:0.001000s ]
INFO: [ app_begin ] --END-- [ RunTime:0.001000s ]
NOTIC: [8192] mysql_connect(): The mysql extension is deprecated and will be removed in the future: use mysqli or PDO instead C:\aaa\WWW\gzsc\ThinkPHP\Library\Think\Db\Driver\Mysql.class.php Á¨¨ 52 Ë°å.
SQL: SHOW COLUMNS FROM `cate` [ RunTime:0.011000s ]
SQL: SHOW COLUMNS FROM `good` [ RunTime:0.008000s ]
SQL: SELECT `id` FROM `cate` WHERE `cate_name` = 'ÁîµÂïÜ' LIMIT 1   [ RunTime:0.001000s ]
SQL: SELECT `id`,`cate_name` FROM `cate` WHERE `cate_pid` = 10  [ RunTime:0.000000s ]
SQL: SELECT `id`,`cate_name`,`cate_pic` FROM `cate` WHERE `cate_pid` = 11  [ RunTime:0.000000s ]
SQL: SELECT `id`,`cate_name`,`cate_pic` FROM `cate` WHERE `cate_pid` = 18  [ RunTime:0.001000s ]
SQL: SELECT `id`,`cate_name`,`cate_pic` FROM `cate` WHERE `cate_pid` = 23  [ RunTime:0.000000s ]
SQL: SELECT `id`,`cate_name`,`cate_pic` FROM `cate` WHERE `cate_pid` = 28  [ RunTime:0.001000s ]
SQL: SELECT `id`,`cate_name`,`cate_pic` FROM `cate` WHERE `cate_pid` = 35  [ RunTime:0.000000s ]
SQL: SELECT `id`,`cate_name`,`cate_pic` FROM `cate` WHERE `cate_pid` = 40  [ RunTime:0.001000s ]
SQL: SELECT `id`,`cate_name`,`cate_pic` FROM `cate` WHERE `cate_pid` = 49  [ RunTime:0.000000s ]
SQL: SELECT `id`,`cate_name`,`cate_pic` FROM `cate` WHERE `cate_pid` = 53  [ RunTime:0.001000s ]
SQL: SELECT `id`,`cate_name`,`cate_pic` FROM `cate` WHERE `cate_pid` = 60  [ RunTime:0.000000s ]

[ 2017-09-11T11:48:03+08:00 ] 127.0.0.1 /gzsc/index.php/Home/Dianshang/indexaa?p=1&lat=0.0&lng=0.0
INFO: [ app_init ] --START--
INFO: Run Behavior\BuildLiteBehavior [ RunTime:0.000000s ]
INFO: [ app_init ] --END-- [ RunTime:0.001000s ]
INFO: [ app_begin ] --START--
INFO: Run Behavior\ReadHtmlCacheBehavior [ RunTime:0.001000s ]
INFO: [ app_begin ] --END-- [ RunTime:0.001000s ]
NOTIC: [8192] mysql_connect(): The mysql extension is deprecated and will be removed in the future: use mysqli or PDO instead C:\aaa\WWW\gzsc\ThinkPHP\Library\Think\Db\Driver\Mysql.class.php Á¨¨ 52 Ë°å.
SQL: SHOW COLUMNS FROM `user` [ RunTime:0.004000s ]
SQL: SHOW COLUMNS FROM `pics` [ RunTime:0.004000s ]
SQL: SELECT `id`,`user_store_x`,`user_store_y`,`user_store_name`,`user_store_evaluate`,`user_store_pic`,`user_store_pic1`,`user_store_pic2`,`user_store_pic3`,`user_store_pic4`,`user_store_phone` FROM `user` WHERE `user_grade` = 2  [ RunTime:0.001000s ]
SQL: SELECT `pic`,`pic_http`,`pic_descr` FROM `pics` WHERE `store_id` = 6 AND `pic_address` = 1 AND `pic_state` = 1  [ RunTime:0.001000s ]
SQL: SELECT `pic`,`pic_http`,`pic_descr` FROM `pics` WHERE `store_id` = 16 AND `pic_address` = 1 AND `pic_state` = 1  [ RunTime:0.001000s ]
SQL: SELECT `pic`,`pic_http`,`pic_descr` FROM `pics` WHERE `store_id` = 17 AND `pic_address` = 1 AND `pic_state` = 1  [ RunTime:0.000000s ]
SQL: SELECT `pic`,`pic_http`,`pic_descr` FROM `pics` WHERE `store_id` = 18 AND `pic_address` = 1 AND `pic_state` = 1  [ RunTime:0.000000s ]
SQL: SELECT `pic`,`pic_http`,`pic_descr` FROM `pics` WHERE `store_id` = 20 AND `pic_address` = 1 AND `pic_state` = 1  [ RunTime:0.000000s ]
SQL: SELECT `pic`,`pic_http`,`pic_descr` FROM `pics` WHERE `store_id` = 23 AND `pic_address` = 1 AND `pic_state` = 1  [ RunTime:0.000000s ]
SQL: SELECT `pic`,`pic_http`,`pic_descr` FROM `pics` WHERE `store_id` = 21 AND `pic_address` = 1 AND `pic_state` = 1  [ RunTime:0.000000s ]
NOTIC: [2] Invalid argument supplied for foreach() C:\aaa\WWW\gzsc\Application\Home\Controller\DianshangController.class.php Á¨¨ 98 Ë°å.
NOTIC: [2] Invalid argument supplied for foreach() C:\aaa\WWW\gzsc\Application\Home\Controller\DianshangController.class.php Á¨¨ 98 Ë°å.
NOTIC: [2] Invalid argument supplied for foreach() C:\aaa\WWW\gzsc\Application\Home\Controller\DianshangController.class.php Á¨¨ 98 Ë°å.
NOTIC: [2] Invalid argument supplied for foreach() C:\aaa\WWW\gzsc\Application\Home\Controller\DianshangController.class.php Á¨¨ 98 Ë°å.
NOTIC: [2] Invalid argument supplied for foreach() C:\aaa\WWW\gzsc\Application\Home\Controller\DianshangController.class.php Á¨¨ 98 Ë°å.
NOTIC: [2] Invalid argument supplied for foreach() C:\aaa\WWW\gzsc\Application\Home\Controller\DianshangController.class.php Á¨¨ 98 Ë°å.
SQL: SELECT `pic`,`pic_http`,`pic_descr` FROM `pics` WHERE `store_id` = 6 AND `pic_address` = 2 AND `pic_state` = 1  [ RunTime:0.000000s ]
SQL: SELECT `pic`,`pic_http`,`pic_descr` FROM `pics` WHERE `store_id` = 16 AND `pic_address` = 2 AND `pic_state` = 1  [ RunTime:0.001000s ]
SQL: SELECT `pic`,`pic_http`,`pic_descr` FROM `pics` WHERE `store_id` = 17 AND `pic_address` = 2 AND `pic_state` = 1  [ RunTime:0.000000s ]
SQL: SELECT `pic`,`pic_http`,`pic_descr` FROM `pics` WHERE `store_id` = 18 AND `pic_address` = 2 AND `pic_state` = 1  [ RunTime:0.000000s ]
SQL: SELECT `pic`,`pic_http`,`pic_descr` FROM `pics` WHERE `store_id` = 20 AND `pic_address` = 2 AND `pic_state` = 1  [ RunTime:0.000000s ]
SQL: SELECT `pic`,`pic_http`,`pic_descr` FROM `pics` WHERE `store_id` = 23 AND `pic_address` = 2 AND `pic_state` = 1  [ RunTime:0.001000s ]
SQL: SELECT `pic`,`pic_http`,`pic_descr` FROM `pics` WHERE `store_id` = 21 AND `pic_address` = 2 AND `pic_state` = 1  [ RunTime:0.000000s ]
NOTIC: [2] Invalid argument supplied for foreach() C:\aaa\WWW\gzsc\Application\Home\Controller\DianshangController.class.php Á¨¨ 110 Ë°å.
NOTIC: [2] Invalid argument supplied for foreach() C:\aaa\WWW\gzsc\Application\Home\Controller\DianshangController.class.php Á¨¨ 110 Ë°å.
NOTIC: [2] Invalid argument supplied for foreach() C:\aaa\WWW\gzsc\Application\Home\Controller\DianshangController.class.php Á¨¨ 110 Ë°å.
NOTIC: [2] Invalid argument supplied for foreach() C:\aaa\WWW\gzsc\Application\Home\Controller\DianshangController.class.php Á¨¨ 110 Ë°å.
NOTIC: [2] Invalid argument supplied for foreach() C:\aaa\WWW\gzsc\Application\Home\Controller\DianshangController.class.php Á¨¨ 110 Ë°å.
NOTIC: [2] Invalid argument supplied for foreach() C:\aaa\WWW\gzsc\Application\Home\Controller\DianshangController.class.php Á¨¨ 110 Ë°å.

[ 2017-09-11T11:48:03+08:00 ] 127.0.0.1 /gzsc/index.php/Home/Dianshang/indexaa?p=1&lat=0.0&lng=0.0
INFO: [ app_init ] --START--
INFO: Run Behavior\BuildLiteBehavior [ RunTime:0.000000s ]
INFO: [ app_init ] --END-- [ RunTime:0.000000s ]
INFO: [ app_begin ] --START--
INFO: Run Behavior\ReadHtmlCacheBehavior [ RunTime:0.001000s ]
INFO: [ app_begin ] --END-- [ RunTime:0.001000s ]
NOTIC: [8192] mysql_connect(): The mysql extension is deprecated and will be removed in the future: use mysqli or PDO instead C:\aaa\WWW\gzsc\ThinkPHP\Library\Think\Db\Driver\Mysql.class.php Á¨¨ 52 Ë°å.
SQL: SHOW COLUMNS FROM `user` [ RunTime:0.004000s ]
SQL: SHOW COLUMNS FROM `pics` [ RunTime:0.003000s ]
SQL: SELECT `id`,`user_store_x`,`user_store_y`,`user_store_name`,`user_store_evaluate`,`user_store_pic`,`user_store_pic1`,`user_store_pic2`,`user_store_pic3`,`user_store_pic4`,`user_store_phone` FROM `user` WHERE `user_grade` = 2  [ RunTime:0.001000s ]
SQL: SELECT `pic`,`pic_http`,`pic_descr` FROM `pics` WHERE `store_id` = 6 AND `pic_address` = 1 AND `pic_state` = 1  [ RunTime:0.000000s ]
SQL: SELECT `pic`,`pic_http`,`pic_descr` FROM `pics` WHERE `store_id` = 16 AND `pic_address` = 1 AND `pic_state` = 1  [ RunTime:0.001000s ]
SQL: SELECT `pic`,`pic_http`,`pic_descr` FROM `pics` WHERE `store_id` = 17 AND `pic_address` = 1 AND `pic_state` = 1  [ RunTime:0.000000s ]
SQL: SELECT `pic`,`pic_http`,`pic_descr` FROM `pics` WHERE `store_id` = 18 AND `pic_address` = 1 AND `pic_state` = 1  [ RunTime:0.001000s ]
SQL: SELECT `pic`,`pic_http`,`pic_descr` FROM `pics` WHERE `store_id` = 20 AND `pic_address` = 1 AND `pic_state` = 1  [ RunTime:0.000000s ]
SQL: SELECT `pic`,`pic_http`,`pic_descr` FROM `pics` WHERE `store_id` = 23 AND `pic_address` = 1 AND `pic_state` = 1  [ RunTime:0.001000s ]
SQL: SELECT `pic`,`pic_http`,`pic_descr` FROM `pics` WHERE `store_id` = 21 AND `pic_address` = 1 AND `pic_state` = 1  [ RunTime:0.000000s ]
NOTIC: [2] Invalid argument supplied for foreach() C:\aaa\WWW\gzsc\Application\Home\Controller\DianshangController.class.php Á¨¨ 98 Ë°å.
NOTIC: [2] Invalid argument supplied for foreach() C:\aaa\WWW\gzsc\Application\Home\Controller\DianshangController.class.php Á¨¨ 98 Ë°å.
NOTIC: [2] Invalid argument supplied for foreach() C:\aaa\WWW\gzsc\Application\Home\Controller\DianshangController.class.php Á¨¨ 98 Ë°å.
NOTIC: [2] Invalid argument supplied for foreach() C:\aaa\WWW\gzsc\Application\Home\Controller\DianshangController.class.php Á¨¨ 98 Ë°å.
NOTIC: [2] Invalid argument supplied for foreach() C:\aaa\WWW\gzsc\Application\Home\Controller\DianshangController.class.php Á¨¨ 98 Ë°å.
NOTIC: [2] Invalid argument supplied for foreach() C:\aaa\WWW\gzsc\Application\Home\Controller\DianshangController.class.php Á¨¨ 98 Ë°å.
SQL: SELECT `pic`,`pic_http`,`pic_descr` FROM `pics` WHERE `store_id` = 6 AND `pic_address` = 2 AND `pic_state` = 1  [ RunTime:0.001000s ]
SQL: SELECT `pic`,`pic_http`,`pic_descr` FROM `pics` WHERE `store_id` = 16 AND `pic_address` = 2 AND `pic_state` = 1  [ RunTime:0.000000s ]
SQL: SELECT `pic`,`pic_http`,`pic_descr` FROM `pics` WHERE `store_id` = 17 AND `pic_address` = 2 AND `pic_state` = 1  [ RunTime:0.001000s ]
SQL: SELECT `pic`,`pic_http`,`pic_descr` FROM `pics` WHERE `store_id` = 18 AND `pic_address` = 2 AND `pic_state` = 1  [ RunTime:0.000000s ]
SQL: SELECT `pic`,`pic_http`,`pic_descr` FROM `pics` WHERE `store_id` = 20 AND `pic_address` = 2 AND `pic_state` = 1  [ RunTime:0.001000s ]
SQL: SELECT `pic`,`pic_http`,`pic_descr` FROM `pics` WHERE `store_id` = 23 AND `pic_address` = 2 AND `pic_state` = 1  [ RunTime:0.000000s ]
SQL: SELECT `pic`,`pic_http`,`pic_descr` FROM `pics` WHERE `store_id` = 21 AND `pic_address` = 2 AND `pic_state` = 1  [ RunTime:0.000000s ]
NOTIC: [2] Invalid argument supplied for foreach() C:\aaa\WWW\gzsc\Application\Home\Controller\DianshangController.class.php Á¨¨ 110 Ë°å.
NOTIC: [2] Invalid argument supplied for foreach() C:\aaa\WWW\gzsc\Application\Home\Controller\DianshangController.class.php Á¨¨ 110 Ë°å.
NOTIC: [2] Invalid argument supplied for foreach() C:\aaa\WWW\gzsc\Application\Home\Controller\DianshangController.class.php Á¨¨ 110 Ë°å.
NOTIC: [2] Invalid argument supplied for foreach() C:\aaa\WWW\gzsc\Application\Home\Controller\DianshangController.class.php Á¨¨ 110 Ë°å.
NOTIC: [2] Invalid argument supplied for foreach() C:\aaa\WWW\gzsc\Application\Home\Controller\DianshangController.class.php Á¨¨ 110 Ë°å.
NOTIC: [2] Invalid argument supplied for foreach() C:\aaa\WWW\gzsc\Application\Home\Controller\DianshangController.class.php Á¨¨ 110 Ë°å.

[ 2017-09-11T14:39:51+08:00 ] 127.0.0.1 /gzsc/
INFO: [ app_init ] --START--
INFO: Run Behavior\BuildLiteBehavior [ RunTime:0.000000s ]
INFO: [ app_init ] --END-- [ RunTime:0.000000s ]
INFO: [ app_begin ] --START--
INFO: Run Behavior\ReadHtmlCacheBehavior [ RunTime:0.000000s ]
INFO: [ app_begin ] --END-- [ RunTime:0.001000s ]
INFO: [ view_parse ] --START--
INFO: [ template_filter ] --START--
INFO: Run Behavior\ContentReplaceBehavior [ RunTime:0.000000s ]
INFO: [ template_filter ] --END-- [ RunTime:0.000000s ]
INFO: Run Behavior\ParseTemplateBehavior [ RunTime:0.009000s ]
INFO: [ view_parse ] --END-- [ RunTime:0.009000s ]
INFO: [ view_filter ] --START--
INFO: Run Behavior\WriteHtmlCacheBehavior [ RunTime:0.001000s ]
INFO: [ view_filter ] --END-- [ RunTime:0.001000s ]
INFO: [ app_end ] --START--
INFO: Run Behavior\ShowPageTraceBehavior [ RunTime:0.002000s ]
INFO: [ app_end ] --END-- [ RunTime:0.002000s ]

[ 2017-09-11T15:19:16+08:00 ] 127.0.0.1 /gzsc/index.php/Home/Serve/selectserve
INFO: [ app_init ] --START--
INFO: Run Behavior\BuildLiteBehavior [ RunTime:0.000000s ]
INFO: [ app_init ] --END-- [ RunTime:0.001000s ]
INFO: [ app_begin ] --START--
INFO: Run Behavior\ReadHtmlCacheBehavior [ RunTime:0.000000s ]
INFO: [ app_begin ] --END-- [ RunTime:0.000000s ]
NOTIC: [8192] mysql_connect(): The mysql extension is deprecated and will be removed in the future: use mysqli or PDO instead C:\aaa\WWW\gzsc\ThinkPHP\Library\Think\Db\Driver\Mysql.class.php Á¨¨ 52 Ë°å.
SQL: SHOW COLUMNS FROM `cate` [ RunTime:0.004000s ]
SQL: SELECT `id` FROM `cate` WHERE `cate_name` = 'ÊúçÂä°' LIMIT 1   [ RunTime:0.000000s ]
SQL: SELECT `id`,`cate_name`,`cate_pic` FROM `cate` WHERE `cate_pid` = 1  [ RunTime:0.000000s ]

[ 2017-09-11T17:03:59+08:00 ] 127.0.0.1 /gzsc/index.php/Home/Serve/company?json={%20%22user_id%22:%20%226%22,%20%22cate_id%22:%20%2265%22,%20%22company_name%22:%20%22Alibab%22,%20%22company_des%22:%20%22%E5%BE%85%E9%81%87%E5%A5%BD%22,%20%22address%22:%22%E6%B2%B3%E5%8D%97%22,%20%22content%22:%22%E7%94%9F%E4%BA%A7%E6%89%8B%E6%9C%BA%22,%20%22legal_person%22:%20%22%E7%BA%A2%E5%B0%98%22,%20%22tel%22:%20%22156388514569%22,%20%22url%22:%20[%20{%20%22url%22:%20%222017-07-31/3f54a3aed1d7c2ed9a3b41da3c3d5735.jpg%22%20},%20{%20%22url%22:%20%222017-07-31/4ed0bfd806ba867d22f05c218d6e08d9.jpg%22%20}%20]%20}
INFO: [ app_init ] --START--
INFO: Run Behavior\BuildLiteBehavior [ RunTime:0.000000s ]
INFO: [ app_init ] --END-- [ RunTime:0.000000s ]
INFO: [ app_begin ] --START--
INFO: Run Behavior\ReadHtmlCacheBehavior [ RunTime:0.001000s ]
INFO: [ app_begin ] --END-- [ RunTime:0.001000s ]
NOTIC: [8192] mysql_connect(): The mysql extension is deprecated and will be removed in the future: use mysqli or PDO instead C:\aaa\WWW\gzsc\ThinkPHP\Library\Think\Db\Driver\Mysql.class.php Á¨¨ 52 Ë°å.
SQL: SHOW COLUMNS FROM `company` [ RunTime:0.004000s ]
SQL: SHOW COLUMNS FROM `companyfile` [ RunTime:0.005000s ]
NOTIC: [8] Undefined index: clicknum C:\aaa\WWW\gzsc\Application\Home\Controller\ServeController.class.php Á¨¨ 558 Ë°å.

[ 2017-09-11T17:04:17+08:00 ] 127.0.0.1 /gzsc/index.php/Home/Serve/company?json={%20%22user_id%22:%20%226%22,%20%22cate_id%22:%20%2265%22,%20%22company_name%22:%20%22Alibab%22,%20%22company_des%22:%20%22%E5%BE%85%E9%81%87%E5%A5%BD%22,%20%22address%22:%22%E6%B2%B3%E5%8D%97%22,%20%22content%22:%22%E7%94%9F%E4%BA%A7%E6%89%8B%E6%9C%BA%22,%20%22legal_person%22:%20%22%E7%BA%A2%E5%B0%98%22,%20%22tel%22:%20%22156388514569%22,%20%22url%22:%20[%20{%20%22url%22:%20%222017-07-31/3f54a3aed1d7c2ed9a3b41da3c3d5735.jpg%22%20},%20{%20%22url%22:%20%222017-07-31/4ed0bfd806ba867d22f05c218d6e08d9.jpg%22%20}%20]%20}
INFO: [ app_init ] --START--
INFO: Run Behavior\BuildLiteBehavior [ RunTime:0.000000s ]
INFO: [ app_init ] --END-- [ RunTime:0.000000s ]
INFO: [ app_begin ] --START--
INFO: Run Behavior\ReadHtmlCacheBehavior [ RunTime:0.001000s ]
INFO: [ app_begin ] --END-- [ RunTime:0.001000s ]
NOTIC: [8192] mysql_connect(): The mysql extension is deprecated and will be removed in the future: use mysqli or PDO instead C:\aaa\WWW\gzsc\ThinkPHP\Library\Think\Db\Driver\Mysql.class.php Á¨¨ 52 Ë°å.
SQL: SHOW COLUMNS FROM `company` [ RunTime:0.004000s ]
SQL: SHOW COLUMNS FROM `companyfile` [ RunTime:0.003000s ]
NOTIC: [8] Undefined index: clicknum C:\aaa\WWW\gzsc\Application\Home\Controller\ServeController.class.php Á¨¨ 558 Ë°å.

[ 2017-09-11T17:10:53+08:00 ] 127.0.0.1 /gzsc/index.php/Home/Serve/company?json={%20%22user_id%22:%20%226%22,%20%22cate_id%22:%20%2265%22,%20%22company_name%22:%20%22Alibab%22,%20%22company_des%22:%20%22%E5%BE%85%E9%81%87%E5%A5%BD%22,%20%22address%22:%22%E6%B2%B3%E5%8D%97%22,%20%22content%22:%22%E7%94%9F%E4%BA%A7%E6%89%8B%E6%9C%BA%22,%20%22legal_person%22:%20%22%E7%BA%A2%E5%B0%98%22,%20%22tel%22:%20%22156388514569%22,%20%22url%22:%20[%20{%20%22url%22:%20%222017-07-31/3f54a3aed1d7c2ed9a3b41da3c3d5735.jpg%22%20},%20{%20%22url%22:%20%222017-07-31/4ed0bfd806ba867d22f05c218d6e08d9.jpg%22%20}%20]%20}
INFO: [ app_init ] --START--
INFO: Run Behavior\BuildLiteBehavior [ RunTime:0.000000s ]
INFO: [ app_init ] --END-- [ RunTime:0.000000s ]
INFO: [ app_begin ] --START--
INFO: Run Behavior\ReadHtmlCacheBehavior [ RunTime:0.000000s ]
INFO: [ app_begin ] --END-- [ RunTime:0.001000s ]
NOTIC: [8192] mysql_connect(): The mysql extension is deprecated and will be removed in the future: use mysqli or PDO instead C:\aaa\WWW\gzsc\ThinkPHP\Library\Think\Db\Driver\Mysql.class.php Á¨¨ 52 Ë°å.
SQL: SHOW COLUMNS FROM `company` [ RunTime:0.008000s ]
SQL: SHOW COLUMNS FROM `companyfile` [ RunTime:0.004000s ]
NOTIC: [8] Undefined index: clicknum C:\aaa\WWW\gzsc\Application\Home\Controller\ServeController.class.php Á¨¨ 558 Ë°å.
ERR: ÈùûÊ≥ïÊï∞ÊçÆÂØπË±°ÔºÅ:[content=>Áîü‰∫ßÊâãÊú∫]

[ 2017-09-11T17:11:54+08:00 ] 127.0.0.1 /gzsc/index.php/Home/Serve/company?json={%20%22user_id%22:%20%226%22,%20%22cate_id%22:%20%2265%22,%20%22company_name%22:%20%22Alibab%22,%20%22company_des%22:%20%22%E5%BE%85%E9%81%87%E5%A5%BD%22,%20%22address%22:%22%E6%B2%B3%E5%8D%97%22,%20%22content%22:%22%E7%94%9F%E4%BA%A7%E6%89%8B%E6%9C%BA%22,%20%22legal_person%22:%20%22%E7%BA%A2%E5%B0%98%22,%20%22tel%22:%20%22156388514569%22,%20%22url%22:%20[%20{%20%22url%22:%20%222017-07-31/3f54a3aed1d7c2ed9a3b41da3c3d5735.jpg%22%20},%20{%20%22url%22:%20%222017-07-31/4ed0bfd806ba867d22f05c218d6e08d9.jpg%22%20}%20]%20}
INFO: [ app_init ] --START--
INFO: Run Behavior\BuildLiteBehavior [ RunTime:0.000000s ]
INFO: [ app_init ] --END-- [ RunTime:0.000000s ]
INFO: [ app_begin ] --START--
INFO: Run Behavior\ReadHtmlCacheBehavior [ RunTime:0.001000s ]
INFO: [ app_begin ] --END-- [ RunTime:0.001000s ]
NOTIC: [8192] mysql_connect(): The mysql extension is deprecated and will be removed in the future: use mysqli or PDO instead C:\aaa\WWW\gzsc\ThinkPHP\Library\Think\Db\Driver\Mysql.class.php Á¨¨ 52 Ë°å.
SQL: SHOW COLUMNS FROM `company` [ RunTime:0.007000s ]
SQL: SHOW COLUMNS FROM `companyfile` [ RunTime:0.007000s ]
NOTIC: [8] Undefined index: clicknum C:\aaa\WWW\gzsc\Application\Home\Controller\ServeController.class.php Á¨¨ 558 Ë°å.
ERR: ÈùûÊ≥ïÊï∞ÊçÆÂØπË±°ÔºÅ:[content=>Áîü‰∫ßÊâãÊú∫]

[ 2017-09-11T17:12:55+08:00 ] 127.0.0.1 /gzsc/index.php/Home/Serve/company?json={%20%22user_id%22:%20%226%22,%20%22cate_id%22:%20%2265%22,%20%22company_name%22:%20%22Alibab%22,%20%22company_des%22:%20%22%E5%BE%85%E9%81%87%E5%A5%BD%22,%20%22address%22:%22%E6%B2%B3%E5%8D%97%22,%20%22content%22:%22%E7%94%9F%E4%BA%A7%E6%89%8B%E6%9C%BA%22,%20%22legal_person%22:%20%22%E7%BA%A2%E5%B0%98%22,%20%22tel%22:%20%22156388514569%22,%20%22url%22:%20[%20{%20%22url%22:%20%222017-07-31/3f54a3aed1d7c2ed9a3b41da3c3d5735.jpg%22%20},%20{%20%22url%22:%20%222017-07-31/4ed0bfd806ba867d22f05c218d6e08d9.jpg%22%20}%20]%20}
INFO: [ app_init ] --START--
INFO: Run Behavior\BuildLiteBehavior [ RunTime:0.000000s ]
INFO: [ app_init ] --END-- [ RunTime:0.001000s ]
INFO: [ app_begin ] --START--
INFO: Run Behavior\ReadHtmlCacheBehavior [ RunTime:0.000000s ]
INFO: [ app_begin ] --END-- [ RunTime:0.000000s ]
NOTIC: [8192] mysql_connect(): The mysql extension is deprecated and will be removed in the future: use mysqli or PDO instead C:\aaa\WWW\gzsc\ThinkPHP\Library\Think\Db\Driver\Mysql.class.php Á¨¨ 52 Ë°å.
SQL: SHOW COLUMNS FROM `company` [ RunTime:0.004000s ]
SQL: SHOW COLUMNS FROM `companyfile` [ RunTime:0.003000s ]
NOTIC: [8] Undefined index: contents C:\aaa\WWW\gzsc\Application\Home\Controller\ServeController.class.php Á¨¨ 555 Ë°å.
NOTIC: [8] Undefined index: clicknum C:\aaa\WWW\gzsc\Application\Home\Controller\ServeController.class.php Á¨¨ 558 Ë°å.
SQL: INSERT INTO `company` (`user_id`,`cate_id`,`company_name`,`company_des`,`address`,`contents`,`legal_person`,`tel`,`clicknum`,`add_time`,`valid_time`) VALUES (6,65,'Alibab','ÂæÖÈÅáÂ•\Ω','Ê≤≥Âçó',null,'Á∫¢Â∞ò','156388514569',null,'2017-09-11 17:12:55','2017-09-18 17:12:55') [ RunTime:0.001000s ]
SQL: INSERT INTO `companyfile` (`company_id`,`file`,`add_time`) VALUES (1,'2017-07-31/3f54a3aed1d7c2ed9a3b41da3c3d5735.jpg','2017-09-11 17:12:55') [ RunTime:0.001000s ]
SQL: INSERT INTO `companyfile` (`company_id`,`file`,`add_time`) VALUES (1,'2017-07-31/4ed0bfd806ba867d22f05c218d6e08d9.jpg','2017-09-11 17:12:55') [ RunTime:0.000000s ]

[ 2017-09-11T17:34:26+08:00 ] 127.0.0.1 /gzsc/index.php/Home/Serve/company?json={%20%22user_id%22:%20%226%22,%20%22cate_id%22:%20%2265%22,%20%22company_name%22:%20%22Alibab%22,%20%22company_des%22:%20%22%E5%BE%85%E9%81%87%E5%A5%BD%22,%20%22address%22:%22%E6%B2%B3%E5%8D%97%22,%20%22contents%22:%22%E7%94%9F%E4%BA%A7%E6%89%8B%E6%9C%BA%22,%20%22legal_person%22:%20%22%E7%BA%A2%E5%B0%98%22,%20%22tel%22:%20%22156388514569%22,%20%22url%22:%20[%20{%20%22url%22:%20%222017-07-31/3f54a3aed1d7c2ed9a3b41da3c3d5735.jpg%22%20},%20{%20%22url%22:%20%222017-07-31/4ed0bfd806ba867d22f05c218d6e08d9.jpg%22%20}%20]%20}
INFO: [ app_init ] --START--
INFO: Run Behavior\BuildLiteBehavior [ RunTime:0.000000s ]
INFO: [ app_init ] --END-- [ RunTime:0.000000s ]
INFO: [ app_begin ] --START--
INFO: Run Behavior\ReadHtmlCacheBehavior [ RunTime:0.001000s ]
INFO: [ app_begin ] --END-- [ RunTime:0.001000s ]
NOTIC: [8192] mysql_connect(): The mysql extension is deprecated and will be removed in the future: use mysqli or PDO instead C:\aaa\WWW\gzsc\ThinkPHP\Library\Think\Db\Driver\Mysql.class.php Á¨¨ 52 Ë°å.
SQL: SHOW COLUMNS FROM `company` [ RunTime:0.003000s ]
SQL: SHOW COLUMNS FROM `companyfile` [ RunTime:0.003000s ]
NOTIC: [8] Undefined index: clicknum C:\aaa\WWW\gzsc\Application\Home\Controller\ServeController.class.php Á¨¨ 558 Ë°å.
SQL: INSERT INTO `company` (`user_id`,`cate_id`,`company_name`,`company_des`,`address`,`contents`,`legal_person`,`tel`,`clicknum`,`add_time`,`valid_time`) VALUES (6,65,'Alibab','ÂæÖÈÅáÂ•\Ω','Ê≤≥Âçó','Áîü‰∫ßÊâãÊú∫','Á∫¢Â∞ò','156388514569',null,'2017-09-11 17:34:26','2017-09-18 17:34:26') [ RunTime:0.001000s ]
SQL: INSERT INTO `companyfile` (`company_id`,`file`,`add_time`) VALUES (3,'2017-07-31/3f54a3aed1d7c2ed9a3b41da3c3d5735.jpg','2017-09-11 17:34:26') [ RunTime:0.000000s ]
SQL: INSERT INTO `companyfile` (`company_id`,`file`,`add_time`) VALUES (3,'2017-07-31/4ed0bfd806ba867d22f05c218d6e08d9.jpg','2017-09-11 17:34:26') [ RunTime:0.001000s ]

[ 2017-09-11T17:41:30+08:00 ] 127.0.0.1 /gzsc/index.php/Home/Serve/company?json={%20%22user_id%22:%20%226%22,%20%22cate_id%22:%20%2265%22,%20%22company_name%22:%20%22Alibab%22,%20%22company_des%22:%20%22%E5%BE%85%E9%81%87%E5%A5%BD%22,%20%22address%22:%22%E6%B2%B3%E5%8D%97%22,%20%22contents%22:%22%E7%94%9F%E4%BA%A7%E6%89%8B%E6%9C%BA%22,%20%22legal_person%22:%20%22%E7%BA%A2%E5%B0%98%22,%20%22tel%22:%20%22156388514569%22,%20%22url%22:%20[%20{%20%22url%22:%20%222017-07-31/3f54a3aed1d7c2ed9a3b41da3c3d5735.jpg%22%20},%20{%20%22url%22:%20%222017-07-31/4ed0bfd806ba867d22f05c218d6e08d9.jpg%22%20}%20]%20}
INFO: [ app_init ] --START--
INFO: Run Behavior\BuildLiteBehavior [ RunTime:0.000000s ]
INFO: [ app_init ] --END-- [ RunTime:0.001000s ]
INFO: [ app_begin ] --START--
INFO: Run Behavior\ReadHtmlCacheBehavior [ RunTime:0.004000s ]
INFO: [ app_begin ] --END-- [ RunTime:0.004000s ]
NOTIC: [8192] mysql_connect(): The mysql extension is deprecated and will be removed in the future: use mysqli or PDO instead C:\aaa\WWW\gzsc\ThinkPHP\Library\Think\Db\Driver\Mysql.class.php Á¨¨ 52 Ë°å.
SQL: SHOW COLUMNS FROM `company` [ RunTime:0.005000s ]
SQL: SHOW COLUMNS FROM `companyfile` [ RunTime:0.005000s ]
NOTIC: [8] Undefined index: clicknum C:\aaa\WWW\gzsc\Application\Home\Controller\ServeController.class.php Á¨¨ 558 Ë°å.
SQL: INSERT INTO `company` (`user_id`,`cate_id`,`company_name`,`company_des`,`address`,`contents`,`legal_person`,`tel`,`clicknum`,`add_time`,`valid_time`) VALUES (6,65,'Alibab','ÂæÖÈÅáÂ•\Ω','Ê≤≥Âçó','Áîü‰∫ßÊâãÊú∫','Á∫¢Â∞ò','156388514569',null,'2017-09-11 17:41:30','2017-09-18 17:41:30') [ RunTime:0.000000s ]
SQL: INSERT INTO `companyfile` (`company_id`,`file`,`add_time`) VALUES (4,'2017-07-31/3f54a3aed1d7c2ed9a3b41da3c3d5735.jpg','2017-09-11 17:41:30') [ RunTime:0.001000s ]
SQL: INSERT INTO `companyfile` (`company_id`,`file`,`add_time`) VALUES (4,'2017-07-31/4ed0bfd806ba867d22f05c218d6e08d9.jpg','2017-09-11 17:41:30') [ RunTime:0.001000s ]

[ 2017-09-11T17:41:33+08:00 ] 127.0.0.1 /gzsc/index.php/Home/Serve/company?json={%20%22user_id%22:%20%226%22,%20%22cate_id%22:%20%2265%22,%20%22company_name%22:%20%22Alibab%22,%20%22company_des%22:%20%22%E5%BE%85%E9%81%87%E5%A5%BD%22,%20%22address%22:%22%E6%B2%B3%E5%8D%97%22,%20%22contents%22:%22%E7%94%9F%E4%BA%A7%E6%89%8B%E6%9C%BA%22,%20%22legal_person%22:%20%22%E7%BA%A2%E5%B0%98%22,%20%22tel%22:%20%22156388514569%22,%20%22url%22:%20[%20{%20%22url%22:%20%222017-07-31/3f54a3aed1d7c2ed9a3b41da3c3d5735.jpg%22%20},%20{%20%22url%22:%20%222017-07-31/4ed0bfd806ba867d22f05c218d6e08d9.jpg%22%20}%20]%20}
INFO: [ app_init ] --START--
INFO: Run Behavior\BuildLiteBehavior [ RunTime:0.000000s ]
INFO: [ app_init ] --END-- [ RunTime:0.000000s ]
INFO: [ app_begin ] --START--
INFO: Run Behavior\ReadHtmlCacheBehavior [ RunTime:0.001000s ]
INFO: [ app_begin ] --END-- [ RunTime:0.001000s ]
NOTIC: [8192] mysql_connect(): The mysql extension is deprecated and will be removed in the future: use mysqli or PDO instead C:\aaa\WWW\gzsc\ThinkPHP\Library\Think\Db\Driver\Mysql.class.php Á¨¨ 52 Ë°å.
SQL: SHOW COLUMNS FROM `company` [ RunTime:0.003000s ]
SQL: SHOW COLUMNS FROM `companyfile` [ RunTime:0.004000s ]
NOTIC: [8] Undefined index: clicknum C:\aaa\WWW\gzsc\Application\Home\Controller\ServeController.class.php Á¨¨ 558 Ë°å.
SQL: INSERT INTO `company` (`user_id`,`cate_id`,`company_name`,`company_des`,`address`,`contents`,`legal_person`,`tel`,`clicknum`,`add_time`,`valid_time`) VALUES (6,65,'Alibab','ÂæÖÈÅáÂ•\Ω','Ê≤≥Âçó','Áîü‰∫ßÊâãÊú∫','Á∫¢Â∞ò','156388514569',null,'2017-09-11 17:41:33','2017-09-18 17:41:33') [ RunTime:0.000000s ]
SQL: INSERT INTO `companyfile` (`company_id`,`file`,`add_time`) VALUES (5,'2017-07-31/3f54a3aed1d7c2ed9a3b41da3c3d5735.jpg','2017-09-11 17:41:33') [ RunTime:0.001000s ]
SQL: INSERT INTO `companyfile` (`company_id`,`file`,`add_time`) VALUES (5,'2017-07-31/4ed0bfd806ba867d22f05c218d6e08d9.jpg','2017-09-11 17:41:33') [ RunTime:0.000000s ]

[ 2017-09-11T17:52:28+08:00 ] 192.168.31.125 /gzsc/index.php/Home/Serveclass/inforcompanyinfo?condition=&p=&len=
INFO: [ app_init ] --START--
INFO: Run Behavior\BuildLiteBehavior [ RunTime:0.000000s ]
INFO: [ app_init ] --END-- [ RunTime:0.000000s ]
INFO: [ app_begin ] --START--
INFO: Run Behavior\ReadHtmlCacheBehavior [ RunTime:0.000000s ]
INFO: [ app_begin ] --END-- [ RunTime:0.000000s ]
NOTIC: [8192] mysql_connect(): The mysql extension is deprecated and will be removed in the future: use mysqli or PDO instead C:\aaa\WWW\gzsc\ThinkPHP\Library\Think\Db\Driver\Mysql.class.php Á¨¨ 52 Ë°å.
SQL: SHOW COLUMNS FROM `user` [ RunTime:0.013000s ]
SQL: SHOW COLUMNS FROM `company` [ RunTime:0.009000s ]
SQL: SHOW COLUMNS FROM `companyfile` [ RunTime:0.007000s ]
SQL: SELECT * FROM `company` WHERE `states` = 2  [ RunTime:0.000000s ]
NOTIC: [2] Invalid argument supplied for foreach() C:\aaa\WWW\gzsc\Application\Home\Controller\ServeclassController.class.php Á¨¨ 1211 Ë°å.
NOTIC: [2] Invalid argument supplied for foreach() C:\aaa\WWW\gzsc\Application\Home\Controller\ServeclassController.class.php Á¨¨ 1219 Ë°å.
NOTIC: [8] Undefined variable: p C:\aaa\WWW\gzsc\Application\Home\Controller\ServeclassController.class.php Á¨¨ 1234 Ë°å.
NOTIC: [2] array_slice() expects parameter 1 to be array, null given C:\aaa\WWW\gzsc\Application\Home\Controller\ServeclassController.class.php Á¨¨ 1235 Ë°å.

[ 2017-09-11T17:52:44+08:00 ] 192.168.31.125 /gzsc/index.php/Home/Serveclass/inforcompanyinfo?condition=&p=&len=
INFO: [ app_init ] --START--
INFO: Run Behavior\BuildLiteBehavior [ RunTime:0.000000s ]
INFO: [ app_init ] --END-- [ RunTime:0.001000s ]
INFO: [ app_begin ] --START--
INFO: Run Behavior\ReadHtmlCacheBehavior [ RunTime:0.000000s ]
INFO: [ app_begin ] --END-- [ RunTime:0.001000s ]
NOTIC: [8192] mysql_connect(): The mysql extension is deprecated and will be removed in the future: use mysqli or PDO instead C:\aaa\WWW\gzsc\ThinkPHP\Library\Think\Db\Driver\Mysql.class.php Á¨¨ 52 Ë°å.
SQL: SHOW COLUMNS FROM `user` [ RunTime:0.008000s ]
SQL: SHOW COLUMNS FROM `company` [ RunTime:0.004000s ]
SQL: SHOW COLUMNS FROM `companyfile` [ RunTime:0.003000s ]
SQL: SELECT * FROM `company` WHERE `states` = 2  [ RunTime:0.001000s ]
SQL: SELECT `user_grade` FROM `user` WHERE `id` = 6 LIMIT 1   [ RunTime:0.000000s ]
SQL: SELECT `user_grade` FROM `user` WHERE `id` = 6 LIMIT 1   [ RunTime:0.000000s ]
SQL: SELECT `user_grade` FROM `user` WHERE `id` = 6 LIMIT 1   [ RunTime:0.000000s ]
SQL: SELECT `file` FROM `companyfile` WHERE ( company_id=1 )  [ RunTime:0.000000s ]
SQL: SELECT `file` FROM `companyfile` WHERE ( company_id=3 )  [ RunTime:0.000000s ]
SQL: SELECT `file` FROM `companyfile` WHERE ( company_id=5 )  [ RunTime:0.000000s ]
NOTIC: [8] Undefined variable: p C:\aaa\WWW\gzsc\Application\Home\Controller\ServeclassController.class.php Á¨¨ 1234 Ë°å.

[ 2017-09-11T17:53:26+08:00 ] 192.168.31.125 /gzsc/index.php/Home/Serveclass/inforcompanyinfo?condition=%E7%99%BE%E5%BA%A6&p=&len=
INFO: [ app_init ] --START--
INFO: Run Behavior\BuildLiteBehavior [ RunTime:0.000000s ]
INFO: [ app_init ] --END-- [ RunTime:0.001000s ]
INFO: [ app_begin ] --START--
INFO: Run Behavior\ReadHtmlCacheBehavior [ RunTime:0.000000s ]
INFO: [ app_begin ] --END-- [ RunTime:0.000000s ]
NOTIC: [8192] mysql_connect(): The mysql extension is deprecated and will be removed in the future: use mysqli or PDO instead C:\aaa\WWW\gzsc\ThinkPHP\Library\Think\Db\Driver\Mysql.class.php Á¨¨ 52 Ë°å.
SQL: SHOW COLUMNS FROM `user` [ RunTime:0.004000s ]
SQL: SHOW COLUMNS FROM `company` [ RunTime:0.005000s ]
SQL: SHOW COLUMNS FROM `companyfile` [ RunTime:0.003000s ]
SQL: SELECT * FROM `company` WHERE `states` = 2 AND `company_name` LIKE '%ÁôæÂ∫¶%'  [ RunTime:0.001000s ]
SQL: SELECT `user_grade` FROM `user` WHERE `id` = 6 LIMIT 1   [ RunTime:0.000000s ]
SQL: SELECT `file` FROM `companyfile` WHERE ( company_id=3 )  [ RunTime:0.001000s ]
NOTIC: [8] Undefined variable: p C:\aaa\WWW\gzsc\Application\Home\Controller\ServeclassController.class.php Á¨¨ 1234 Ë°å.

[ 2017-09-11T17:53:41+08:00 ] 192.168.31.125 /gzsc/index.php/Home/Serveclass/inforcompanyinfo?condition=&p=2&len=2
INFO: [ app_init ] --START--
INFO: Run Behavior\BuildLiteBehavior [ RunTime:0.000000s ]
INFO: [ app_init ] --END-- [ RunTime:0.000000s ]
INFO: [ app_begin ] --START--
INFO: Run Behavior\ReadHtmlCacheBehavior [ RunTime:0.001000s ]
INFO: [ app_begin ] --END-- [ RunTime:0.001000s ]
NOTIC: [8192] mysql_connect(): The mysql extension is deprecated and will be removed in the future: use mysqli or PDO instead C:\aaa\WWW\gzsc\ThinkPHP\Library\Think\Db\Driver\Mysql.class.php Á¨¨ 52 Ë°å.
SQL: SHOW COLUMNS FROM `user` [ RunTime:0.003000s ]
SQL: SHOW COLUMNS FROM `company` [ RunTime:0.003000s ]
SQL: SHOW COLUMNS FROM `companyfile` [ RunTime:0.003000s ]
SQL: SELECT * FROM `company` WHERE `states` = 2  [ RunTime:0.000000s ]
SQL: SELECT `user_grade` FROM `user` WHERE `id` = 6 LIMIT 1   [ RunTime:0.000000s ]
SQL: SELECT `user_grade` FROM `user` WHERE `id` = 6 LIMIT 1   [ RunTime:0.001000s ]
SQL: SELECT `user_grade` FROM `user` WHERE `id` = 6 LIMIT 1   [ RunTime:0.000000s ]
SQL: SELECT `file` FROM `companyfile` WHERE ( company_id=1 )  [ RunTime:0.001000s ]
SQL: SELECT `file` FROM `companyfile` WHERE ( company_id=3 )  [ RunTime:0.000000s ]
SQL: SELECT `file` FROM `companyfile` WHERE ( company_id=5 )  [ RunTime:0.001000s ]

[ 2017-09-11T17:53:52+08:00 ] 192.168.31.125 /gzsc/index.php/Home/Serveclass/inforcompanyinfo?condition=&p=1&len=2
INFO: [ app_init ] --START--
INFO: Run Behavior\BuildLiteBehavior [ RunTime:0.000000s ]
INFO: [ app_init ] --END-- [ RunTime:0.001000s ]
INFO: [ app_begin ] --START--
INFO: Run Behavior\ReadHtmlCacheBehavior [ RunTime:0.000000s ]
INFO: [ app_begin ] --END-- [ RunTime:0.000000s ]
NOTIC: [8192] mysql_connect(): The mysql extension is deprecated and will be removed in the future: use mysqli or PDO instead C:\aaa\WWW\gzsc\ThinkPHP\Library\Think\Db\Driver\Mysql.class.php Á¨¨ 52 Ë°å.
SQL: SHOW COLUMNS FROM `user` [ RunTime:0.008000s ]
SQL: SHOW COLUMNS FROM `company` [ RunTime:0.006000s ]
SQL: SHOW COLUMNS FROM `companyfile` [ RunTime:0.007000s ]
SQL: SELECT * FROM `company` WHERE `states` = 2  [ RunTime:0.001000s ]
SQL: SELECT `user_grade` FROM `user` WHERE `id` = 6 LIMIT 1   [ RunTime:0.001000s ]
SQL: SELECT `user_grade` FROM `user` WHERE `id` = 6 LIMIT 1   [ RunTime:0.000000s ]
SQL: SELECT `user_grade` FROM `user` WHERE `id` = 6 LIMIT 1   [ RunTime:0.000000s ]
SQL: SELECT `file` FROM `companyfile` WHERE ( company_id=1 )  [ RunTime:0.000000s ]
SQL: SELECT `file` FROM `companyfile` WHERE ( company_id=3 )  [ RunTime:0.001000s ]
SQL: SELECT `file` FROM `companyfile` WHERE ( company_id=5 )  [ RunTime:0.001000s ]

[ 2017-09-11T17:54:00+08:00 ] 192.168.31.125 /gzsc/index.php/Home/Serveclass/inforcompanyinfo?condition=&p=1&len=
INFO: [ app_init ] --START--
INFO: Run Behavior\BuildLiteBehavior [ RunTime:0.000000s ]
INFO: [ app_init ] --END-- [ RunTime:0.000000s ]
INFO: [ app_begin ] --START--
INFO: Run Behavior\ReadHtmlCacheBehavior [ RunTime:0.000000s ]
INFO: [ app_begin ] --END-- [ RunTime:0.000000s ]
NOTIC: [8192] mysql_connect(): The mysql extension is deprecated and will be removed in the future: use mysqli or PDO instead C:\aaa\WWW\gzsc\ThinkPHP\Library\Think\Db\Driver\Mysql.class.php Á¨¨ 52 Ë°å.
SQL: SHOW COLUMNS FROM `user` [ RunTime:0.010000s ]
SQL: SHOW COLUMNS FROM `company` [ RunTime:0.006000s ]
SQL: SHOW COLUMNS FROM `companyfile` [ RunTime:0.011000s ]
SQL: SELECT * FROM `company` WHERE `states` = 2  [ RunTime:0.000000s ]
SQL: SELECT `user_grade` FROM `user` WHERE `id` = 6 LIMIT 1   [ RunTime:0.000000s ]
SQL: SELECT `user_grade` FROM `user` WHERE `id` = 6 LIMIT 1   [ RunTime:0.001000s ]
SQL: SELECT `user_grade` FROM `user` WHERE `id` = 6 LIMIT 1   [ RunTime:0.001000s ]
SQL: SELECT `file` FROM `companyfile` WHERE ( company_id=1 )  [ RunTime:0.000000s ]
SQL: SELECT `file` FROM `companyfile` WHERE ( company_id=3 )  [ RunTime:0.000000s ]
SQL: SELECT `file` FROM `companyfile` WHERE ( company_id=5 )  [ RunTime:0.001000s ]

[ 2017-09-11T18:01:04+08:00 ] 192.168.31.125 /gzsc/index.php/Home/Serveclass/inforcompanyinfo?condition=&p=1&len=
INFO: [ app_init ] --START--
INFO: Run Behavior\BuildLiteBehavior [ RunTime:0.000000s ]
INFO: [ app_init ] --END-- [ RunTime:0.000000s ]
INFO: [ app_begin ] --START--
INFO: Run Behavior\ReadHtmlCacheBehavior [ RunTime:0.001000s ]
INFO: [ app_begin ] --END-- [ RunTime:0.001000s ]
NOTIC: [8192] mysql_connect(): The mysql extension is deprecated and will be removed in the future: use mysqli or PDO instead C:\aaa\WWW\gzsc\ThinkPHP\Library\Think\Db\Driver\Mysql.class.php Á¨¨ 52 Ë°å.
SQL: SHOW COLUMNS FROM `user` [ RunTime:0.004000s ]
SQL: SHOW COLUMNS FROM `company` [ RunTime:0.005000s ]
SQL: SHOW COLUMNS FROM `companyfile` [ RunTime:0.004000s ]
SQL: SELECT * FROM `company` WHERE `states` = 2  [ RunTime:0.001000s ]
SQL: SELECT `user_grade` FROM `user` WHERE `id` = 6 LIMIT 1   [ RunTime:0.001000s ]
SQL: SELECT `user_grade` FROM `user` WHERE `id` = 6 LIMIT 1   [ RunTime:0.000000s ]
SQL: SELECT `user_grade` FROM `user` WHERE `id` = 6 LIMIT 1   [ RunTime:0.000000s ]
SQL: SELECT `user_grade` FROM `user` WHERE `id` = 6 LIMIT 1   [ RunTime:0.000000s ]
SQL: SELECT `user_grade` FROM `user` WHERE `id` = 6 LIMIT 1   [ RunTime:0.000000s ]
SQL: SELECT `file` FROM `companyfile` WHERE ( company_id=1 )  [ RunTime:0.000000s ]
SQL: SELECT `file` FROM `companyfile` WHERE ( company_id=2 )  [ RunTime:0.001000s ]
SQL: SELECT `file` FROM `companyfile` WHERE ( company_id=3 )  [ RunTime:0.000000s ]
SQL: SELECT `file` FROM `companyfile` WHERE ( company_id=4 )  [ RunTime:0.000000s ]
SQL: SELECT `file` FROM `companyfile` WHERE ( company_id=5 )  [ RunTime:0.000000s ]

[ 2017-09-11T18:10:34+08:00 ] 192.168.31.125 /gzsc/index.php/Home/Serveclass/inforcompanyinfo?condition=&p=1&len=
INFO: [ app_init ] --START--
INFO: Run Behavior\BuildLiteBehavior [ RunTime:0.000000s ]
INFO: [ app_init ] --END-- [ RunTime:0.001000s ]
INFO: [ app_begin ] --START--
INFO: Run Behavior\ReadHtmlCacheBehavior [ RunTime:0.001000s ]
INFO: [ app_begin ] --END-- [ RunTime:0.001000s ]
NOTIC: [8192] mysql_connect(): The mysql extension is deprecated and will be removed in the future: use mysqli or PDO instead C:\aaa\WWW\gzsc\ThinkPHP\Library\Think\Db\Driver\Mysql.class.php Á¨¨ 52 Ë°å.
SQL: SHOW COLUMNS FROM `user` [ RunTime:0.004000s ]
SQL: SHOW COLUMNS FROM `company` [ RunTime:0.005000s ]
SQL: SHOW COLUMNS FROM `companyfile` [ RunTime:0.003000s ]
SQL: SELECT * FROM `company` WHERE `states` = 2  [ RunTime:0.000000s ]
SQL: SELECT `user_grade` FROM `user` WHERE `id` = 6 LIMIT 1   [ RunTime:0.001000s ]
SQL: SELECT `user_grade` FROM `user` WHERE `id` = 6 LIMIT 1   [ RunTime:0.000000s ]
SQL: SELECT `user_grade` FROM `user` WHERE `id` = 6 LIMIT 1   [ RunTime:0.001000s ]
SQL: SELECT `user_grade` FROM `user` WHERE `id` = 6 LIMIT 1   [ RunTime:0.000000s ]
SQL: SELECT `user_grade` FROM `user` WHERE `id` = 6 LIMIT 1   [ RunTime:0.001000s ]
SQL: SELECT `file` FROM `companyfile` WHERE ( company_id=1 )  [ RunTime:0.000000s ]
SQL: SELECT `file` FROM `companyfile` WHERE ( company_id=2 )  [ RunTime:0.001000s ]
SQL: SELECT `file` FROM `companyfile` WHERE ( company_id=3 )  [ RunTime:0.000000s ]
SQL: SELECT `file` FROM `companyfile` WHERE ( company_id=4 )  [ RunTime:0.001000s ]
SQL: SELECT `file` FROM `companyfile` WHERE ( company_id=5 )  [ RunTime:0.000000s ]

[ 2017-09-11T18:14:46+08:00 ] 192.168.31.125 /gzsc/index.php/Home/Serveclass/inforserviceghot?condition=&p=&len=
INFO: [ app_init ] --START--
INFO: Run Behavior\BuildLiteBehavior [ RunTime:0.000000s ]
INFO: [ app_init ] --END-- [ RunTime:0.002000s ]
INFO: [ app_begin ] --START--
INFO: Run Behavior\ReadHtmlCacheBehavior [ RunTime:0.002000s ]
INFO: [ app_begin ] --END-- [ RunTime:0.002000s ]
NOTIC: [8192] mysql_connect(): The mysql extension is deprecated and will be removed in the future: use mysqli or PDO instead C:\aaa\WWW\gzsc\ThinkPHP\Library\Think\Db\Driver\Mysql.class.php Á¨¨ 52 Ë°å.
SQL: SHOW COLUMNS FROM `user` [ RunTime:0.006000s ]
SQL: SHOW COLUMNS FROM `information` [ RunTime:0.007000s ]
SQL: SHOW COLUMNS FROM `informationfile` [ RunTime:0.006000s ]
SQL: SELECT * FROM `information` WHERE `states` = 2 ORDER BY clicknum desc  [ RunTime:0.000000s ]
SQL: SELECT `user_grade` FROM `user` WHERE `id` = 6 LIMIT 1   [ RunTime:0.000000s ]
SQL: SELECT `user_grade` FROM `user` WHERE `id` = 16 LIMIT 1   [ RunTime:0.001000s ]
SQL: SELECT `user_grade` FROM `user` WHERE `id` = 6 LIMIT 1   [ RunTime:0.000000s ]
SQL: SELECT `user_grade` FROM `user` WHERE `id` = 9 LIMIT 1   [ RunTime:0.001000s ]
SQL: SELECT * FROM `informationfile` WHERE ( information_id=6 )  [ RunTime:0.000000s ]
SQL: SELECT * FROM `informationfile` WHERE ( information_id=1 )  [ RunTime:0.000000s ]
SQL: SELECT * FROM `informationfile` WHERE ( information_id=5 )  [ RunTime:0.001000s ]
SQL: SELECT * FROM `informationfile` WHERE ( information_id=2 )  [ RunTime:0.000000s ]
NOTIC: [8] Undefined variable: p C:\aaa\WWW\gzsc\Application\Home\Controller\ServeclassController.class.php Á¨¨ 1135 Ë°å.

[ 2017-09-11T18:15:25+08:00 ] 192.168.31.125 /gzsc/index.php/Home/Serveclass/inforcompanyghot?condition=&p=&len=
INFO: [ app_init ] --START--
INFO: Run Behavior\BuildLiteBehavior [ RunTime:0.000000s ]
INFO: [ app_init ] --END-- [ RunTime:0.001000s ]
INFO: [ app_begin ] --START--
INFO: Run Behavior\ReadHtmlCacheBehavior [ RunTime:0.000000s ]
INFO: [ app_begin ] --END-- [ RunTime:0.000000s ]
NOTIC: [8192] mysql_connect(): The mysql extension is deprecated and will be removed in the future: use mysqli or PDO instead C:\aaa\WWW\gzsc\ThinkPHP\Library\Think\Db\Driver\Mysql.class.php Á¨¨ 52 Ë°å.
SQL: SHOW COLUMNS FROM `user` [ RunTime:0.003000s ]
SQL: SHOW COLUMNS FROM `company` [ RunTime:0.003000s ]
SQL: SHOW COLUMNS FROM `companyfile` [ RunTime:0.003000s ]
SQL: SELECT * FROM `company` WHERE `states` = 2 ORDER BY clicknum desc  [ RunTime:0.001000s ]
SQL: SELECT `user_grade` FROM `user` WHERE `id` = 6 LIMIT 1   [ RunTime:0.000000s ]
SQL: SELECT `user_grade` FROM `user` WHERE `id` = 6 LIMIT 1   [ RunTime:0.001000s ]
SQL: SELECT `user_grade` FROM `user` WHERE `id` = 6 LIMIT 1   [ RunTime:0.000000s ]
SQL: SELECT `user_grade` FROM `user` WHERE `id` = 6 LIMIT 1   [ RunTime:0.001000s ]
SQL: SELECT `user_grade` FROM `user` WHERE `id` = 6 LIMIT 1   [ RunTime:0.000000s ]
SQL: SELECT * FROM `companyfile` WHERE ( company_id=1 )  [ RunTime:0.001000s ]
SQL: SELECT * FROM `companyfile` WHERE ( company_id=2 )  [ RunTime:0.000000s ]
SQL: SELECT * FROM `companyfile` WHERE ( company_id=3 )  [ RunTime:0.001000s ]
SQL: SELECT * FROM `companyfile` WHERE ( company_id=4 )  [ RunTime:0.000000s ]
SQL: SELECT * FROM `companyfile` WHERE ( company_id=5 )  [ RunTime:0.001000s ]
NOTIC: [8] Undefined variable: p C:\aaa\WWW\gzsc\Application\Home\Controller\ServeclassController.class.php Á¨¨ 1278 Ë°å.

[ 2017-09-11T18:15:57+08:00 ] 192.168.31.125 /gzsc/index.php/Home/Serveclass/inforcompanyghot?condition=&p=&len=
INFO: [ app_init ] --START--
INFO: Run Behavior\BuildLiteBehavior [ RunTime:0.000000s ]
INFO: [ app_init ] --END-- [ RunTime:0.001000s ]
INFO: [ app_begin ] --START--
INFO: Run Behavior\ReadHtmlCacheBehavior [ RunTime:0.001000s ]
INFO: [ app_begin ] --END-- [ RunTime:0.001000s ]
NOTIC: [8192] mysql_connect(): The mysql extension is deprecated and will be removed in the future: use mysqli or PDO instead C:\aaa\WWW\gzsc\ThinkPHP\Library\Think\Db\Driver\Mysql.class.php Á¨¨ 52 Ë°å.
SQL: SHOW COLUMNS FROM `user` [ RunTime:0.005000s ]
SQL: SHOW COLUMNS FROM `company` [ RunTime:0.004000s ]
SQL: SHOW COLUMNS FROM `companyfile` [ RunTime:0.004000s ]
SQL: SELECT * FROM `company` WHERE `states` = 2 ORDER BY clicknum desc  [ RunTime:0.000000s ]
SQL: SELECT `user_grade` FROM `user` WHERE `id` = 6 LIMIT 1   [ RunTime:0.000000s ]
SQL: SELECT `user_grade` FROM `user` WHERE `id` = 6 LIMIT 1   [ RunTime:0.000000s ]
SQL: SELECT `user_grade` FROM `user` WHERE `id` = 6 LIMIT 1   [ RunTime:0.000000s ]
SQL: SELECT `user_grade` FROM `user` WHERE `id` = 6 LIMIT 1   [ RunTime:0.001000s ]
SQL: SELECT `user_grade` FROM `user` WHERE `id` = 6 LIMIT 1   [ RunTime:0.000000s ]
SQL: SELECT * FROM `companyfile` WHERE ( company_id=1 )  [ RunTime:0.001000s ]
SQL: SELECT * FROM `companyfile` WHERE ( company_id=5 )  [ RunTime:0.000000s ]
SQL: SELECT * FROM `companyfile` WHERE ( company_id=2 )  [ RunTime:0.001000s ]
SQL: SELECT * FROM `companyfile` WHERE ( company_id=4 )  [ RunTime:0.000000s ]
SQL: SELECT * FROM `companyfile` WHERE ( company_id=3 )  [ RunTime:0.000000s ]
NOTIC: [8] Undefined variable: p C:\aaa\WWW\gzsc\Application\Home\Controller\ServeclassController.class.php Á¨¨ 1278 Ë°å.

[ 2017-09-11T18:17:15+08:00 ] 192.168.31.125 /gzsc/index.php/Home/Serveclass/inforcompanyghot?condition=&p=1&len=1
INFO: [ app_init ] --START--
INFO: Run Behavior\BuildLiteBehavior [ RunTime:0.000000s ]
INFO: [ app_init ] --END-- [ RunTime:0.000000s ]
INFO: [ app_begin ] --START--
INFO: Run Behavior\ReadHtmlCacheBehavior [ RunTime:0.001000s ]
INFO: [ app_begin ] --END-- [ RunTime:0.001000s ]
NOTIC: [8192] mysql_connect(): The mysql extension is deprecated and will be removed in the future: use mysqli or PDO instead C:\aaa\WWW\gzsc\ThinkPHP\Library\Think\Db\Driver\Mysql.class.php Á¨¨ 52 Ë°å.
SQL: SHOW COLUMNS FROM `user` [ RunTime:0.003000s ]
SQL: SHOW COLUMNS FROM `company` [ RunTime:0.003000s ]
SQL: SHOW COLUMNS FROM `companyfile` [ RunTime:0.004000s ]
SQL: SELECT * FROM `company` WHERE `states` = 2 ORDER BY clicknum desc  [ RunTime:0.001000s ]
SQL: SELECT `user_grade` FROM `user` WHERE `id` = 6 LIMIT 1   [ RunTime:0.000000s ]
SQL: SELECT `user_grade` FROM `user` WHERE `id` = 6 LIMIT 1   [ RunTime:0.001000s ]
SQL: SELECT `user_grade` FROM `user` WHERE `id` = 6 LIMIT 1   [ RunTime:0.000000s ]
SQL: SELECT `user_grade` FROM `user` WHERE `id` = 6 LIMIT 1   [ RunTime:0.000000s ]
SQL: SELECT `user_grade` FROM `user` WHERE `id` = 6 LIMIT 1   [ RunTime:0.000000s ]
SQL: SELECT * FROM `companyfile` WHERE ( company_id=1 )  [ RunTime:0.000000s ]
SQL: SELECT * FROM `companyfile` WHERE ( company_id=5 )  [ RunTime:0.000000s ]
SQL: SELECT * FROM `companyfile` WHERE ( company_id=2 )  [ RunTime:0.000000s ]
SQL: SELECT * FROM `companyfile` WHERE ( company_id=4 )  [ RunTime:0.000000s ]
SQL: SELECT * FROM `companyfile` WHERE ( company_id=3 )  [ RunTime:0.000000s ]

[ 2017-09-11T18:21:48+08:00 ] 192.168.31.125 /gzsc/index.php/Home/Serveclass/inforcompanystore?condition=&p=1&len=1
INFO: [ app_init ] --START--
INFO: Run Behavior\BuildLiteBehavior [ RunTime:0.000000s ]
INFO: [ app_init ] --END-- [ RunTime:0.001000s ]
INFO: [ app_begin ] --START--
INFO: Run Behavior\ReadHtmlCacheBehavior [ RunTime:0.001000s ]
INFO: [ app_begin ] --END-- [ RunTime:0.001000s ]
NOTIC: [8192] mysql_connect(): The mysql extension is deprecated and will be removed in the future: use mysqli or PDO instead C:\aaa\WWW\gzsc\ThinkPHP\Library\Think\Db\Driver\Mysql.class.php Á¨¨ 52 Ë°å.
SQL: SHOW COLUMNS FROM `user` [ RunTime:0.009000s ]
SQL: SHOW COLUMNS FROM `company` [ RunTime:0.008000s ]
SQL: SELECT `user_id` FROM `company` WHERE ( states=2 )  [ RunTime:0.001000s ]
SQL: SELECT `user_grade`,`id`,`user_store_headerpic`,`user_store_name`,`user_store_evaluate`,`user_store_pic`,`user_store_pic1`,`user_store_pic2`,`user_store_pic3`,`user_store_pic4`,`user_store_phone` FROM `user` WHERE `user_grade` = 2 AND `id` = 6 LIMIT 1   [ RunTime:0.000000s ]

