[ 2017-08-11T08:05:38+08:00 ] 192.168.31.125 /gzsc/
INFO: [ app_init ] --START--
INFO: Run Behavior\BuildLiteBehavior [ RunTime:0.000000s ]
INFO: [ app_init ] --END-- [ RunTime:0.005000s ]
INFO: [ app_begin ] --START--
INFO: Run Behavior\ReadHtmlCacheBehavior [ RunTime:0.002000s ]
INFO: [ app_begin ] --END-- [ RunTime:0.002000s ]
INFO: [ view_parse ] --START--
INFO: [ template_filter ] --START--
INFO: Run Behavior\ContentReplaceBehavior [ RunTime:0.000000s ]
INFO: [ template_filter ] --END-- [ RunTime:0.000000s ]
INFO: Run Behavior\ParseTemplateBehavior [ RunTime:0.011000s ]
INFO: [ view_parse ] --END-- [ RunTime:0.011000s ]
INFO: [ view_filter ] --START--
INFO: Run Behavior\WriteHtmlCacheBehavior [ RunTime:0.002000s ]
INFO: [ view_filter ] --END-- [ RunTime:0.002000s ]
INFO: [ app_end ] --START--
INFO: Run Behavior\ShowPageTraceBehavior [ RunTime:0.002000s ]
INFO: [ app_end ] --END-- [ RunTime:0.002000s ]

[ 2017-08-11T08:05:44+08:00 ] 192.168.31.125 /gzsc/index.php/
INFO: [ app_init ] --START--
INFO: Run Behavior\BuildLiteBehavior [ RunTime:0.000000s ]
INFO: [ app_init ] --END-- [ RunTime:0.000000s ]
INFO: [ app_begin ] --START--
INFO: Run Behavior\ReadHtmlCacheBehavior [ RunTime:0.001000s ]
INFO: [ app_begin ] --END-- [ RunTime:0.001000s ]
INFO: [ view_parse ] --START--
INFO: [ template_filter ] --START--
INFO: Run Behavior\ContentReplaceBehavior [ RunTime:0.000000s ]
INFO: [ template_filter ] --END-- [ RunTime:0.000000s ]
INFO: Run Behavior\ParseTemplateBehavior [ RunTime:0.005000s ]
INFO: [ view_parse ] --END-- [ RunTime:0.005000s ]
INFO: [ view_filter ] --START--
INFO: Run Behavior\WriteHtmlCacheBehavior [ RunTime:0.000000s ]
INFO: [ view_filter ] --END-- [ RunTime:0.000000s ]
INFO: [ app_end ] --START--
INFO: Run Behavior\ShowPageTraceBehavior [ RunTime:0.001000s ]
INFO: [ app_end ] --END-- [ RunTime:0.001000s ]

[ 2017-08-11T08:18:35+08:00 ] 192.168.31.216 /gzsc/index.php/Home/Dianshang/indexaa
INFO: [ app_init ] --START--
INFO: Run Behavior\BuildLiteBehavior [ RunTime:0.000000s ]
INFO: [ app_init ] --END-- [ RunTime:0.001000s ]
INFO: [ app_begin ] --START--
INFO: Run Behavior\ReadHtmlCacheBehavior [ RunTime:0.001000s ]
INFO: [ app_begin ] --END-- [ RunTime:0.002000s ]
NOTIC: [8192] mysql_connect(): The mysql extension is deprecated and will be removed in the future: use mysqli or PDO instead C:\aaa\WWW\gzsc\ThinkPHP\Library\Think\Db\Driver\Mysql.class.php Á¨¨ 52 Ë°å.
SQL: SHOW COLUMNS FROM `user` [ RunTime:0.015000s ]
SQL: SELECT `id`,`user_store_name`,`user_store_evaluate`,`user_store_pic`,`user_store_pic1`,`user_store_pic2`,`user_store_pic3`,`user_store_pic4`,`user_store_phone` FROM `user` WHERE `user_grade` = 2  [ RunTime:0.002000s ]
NOTIC: [8] Undefined index: p C:\aaa\WWW\gzsc\Application\Home\Controller\DianshangController.class.php Á¨¨ 65 Ë°å.
NOTIC: [8] Undefined variable: p C:\aaa\WWW\gzsc\Application\Home\Controller\DianshangController.class.php Á¨¨ 74 Ë°å.

[ 2017-08-11T08:18:37+08:00 ] 192.168.31.216 /gzsc/index.php/Home/Dianshang/index
INFO: [ app_init ] --START--
INFO: Run Behavior\BuildLiteBehavior [ RunTime:0.000000s ]
INFO: [ app_init ] --END-- [ RunTime:0.000000s ]
INFO: [ app_begin ] --START--
INFO: Run Behavior\ReadHtmlCacheBehavior [ RunTime:0.000000s ]
INFO: [ app_begin ] --END-- [ RunTime:0.000000s ]
NOTIC: [8192] mysql_connect(): The mysql extension is deprecated and will be removed in the future: use mysqli or PDO instead C:\aaa\WWW\gzsc\ThinkPHP\Library\Think\Db\Driver\Mysql.class.php Á¨¨ 52 Ë°å.
SQL: SHOW COLUMNS FROM `pics` [ RunTime:0.025000s ]
SQL: SHOW COLUMNS FROM `user` [ RunTime:0.012000s ]
SQL: SELECT `pic`,`pic_http`,`pic_descr` FROM `pics` WHERE `pic_address` = 1 AND `pic_state` = 1  [ RunTime:0.001000s ]
SQL: SELECT `pic`,`pic_http`,`pic_descr` FROM `pics` WHERE `pic_address` = 2 AND `pic_state` = 1  [ RunTime:0.001000s ]

[ 2017-08-11T08:18:43+08:00 ] 192.168.31.216 /gzsc/index.php/Home/Dianshang/indexaa
INFO: [ app_init ] --START--
INFO: Run Behavior\BuildLiteBehavior [ RunTime:0.000000s ]
INFO: [ app_init ] --END-- [ RunTime:0.001000s ]
INFO: [ app_begin ] --START--
INFO: Run Behavior\ReadHtmlCacheBehavior [ RunTime:0.000000s ]
INFO: [ app_begin ] --END-- [ RunTime:0.001000s ]
NOTIC: [8192] mysql_connect(): The mysql extension is deprecated and will be removed in the future: use mysqli or PDO instead C:\aaa\WWW\gzsc\ThinkPHP\Library\Think\Db\Driver\Mysql.class.php Á¨¨ 52 Ë°å.
SQL: SHOW COLUMNS FROM `user` [ RunTime:0.018000s ]
SQL: SELECT `id`,`user_store_name`,`user_store_evaluate`,`user_store_pic`,`user_store_pic1`,`user_store_pic2`,`user_store_pic3`,`user_store_pic4`,`user_store_phone` FROM `user` WHERE `user_grade` = 2  [ RunTime:0.001000s ]
NOTIC: [8] Undefined index: p C:\aaa\WWW\gzsc\Application\Home\Controller\DianshangController.class.php Á¨¨ 65 Ë°å.
NOTIC: [8] Undefined variable: p C:\aaa\WWW\gzsc\Application\Home\Controller\DianshangController.class.php Á¨¨ 74 Ë°å.

[ 2017-08-11T08:18:44+08:00 ] 192.168.31.216 /gzsc/index.php/Home/Dianshang/index
INFO: [ app_init ] --START--
INFO: Run Behavior\BuildLiteBehavior [ RunTime:0.000000s ]
INFO: [ app_init ] --END-- [ RunTime:0.001000s ]
INFO: [ app_begin ] --START--
INFO: Run Behavior\ReadHtmlCacheBehavior [ RunTime:0.001000s ]
INFO: [ app_begin ] --END-- [ RunTime:0.001000s ]
NOTIC: [8192] mysql_connect(): The mysql extension is deprecated and will be removed in the future: use mysqli or PDO instead C:\aaa\WWW\gzsc\ThinkPHP\Library\Think\Db\Driver\Mysql.class.php Á¨¨ 52 Ë°å.
SQL: SHOW COLUMNS FROM `pics` [ RunTime:0.013000s ]
SQL: SHOW COLUMNS FROM `user` [ RunTime:0.018000s ]
SQL: SELECT `pic`,`pic_http`,`pic_descr` FROM `pics` WHERE `pic_address` = 1 AND `pic_state` = 1  [ RunTime:0.001000s ]
SQL: SELECT `pic`,`pic_http`,`pic_descr` FROM `pics` WHERE `pic_address` = 2 AND `pic_state` = 1  [ RunTime:0.001000s ]

[ 2017-08-11T08:18:45+08:00 ] 192.168.31.216 /gzsc/index.php/Home/Serve/selectserve
INFO: [ app_init ] --START--
INFO: Run Behavior\BuildLiteBehavior [ RunTime:0.000000s ]
INFO: [ app_init ] --END-- [ RunTime:0.001000s ]
INFO: [ app_begin ] --START--
INFO: Run Behavior\ReadHtmlCacheBehavior [ RunTime:0.001000s ]
INFO: [ app_begin ] --END-- [ RunTime:0.001000s ]
NOTIC: [8192] mysql_connect(): The mysql extension is deprecated and will be removed in the future: use mysqli or PDO instead C:\aaa\WWW\gzsc\ThinkPHP\Library\Think\Db\Driver\Mysql.class.php Á¨¨ 52 Ë°å.
SQL: SHOW COLUMNS FROM `cate` [ RunTime:0.018000s ]
SQL: SELECT `id` FROM `cate` WHERE `cate_name` = 'ÊúçÂä°' LIMIT 1   [ RunTime:0.001000s ]
SQL: SELECT `id`,`cate_name`,`cate_pic` FROM `cate` WHERE `cate_pid` = 1  [ RunTime:0.001000s ]

[ 2017-08-11T08:18:53+08:00 ] 192.168.31.216 /gzsc/index.php/Home/Login/dologin?username=lyl&pwd=123456
INFO: [ app_init ] --START--
INFO: Run Behavior\BuildLiteBehavior [ RunTime:0.000000s ]
INFO: [ app_init ] --END-- [ RunTime:0.000000s ]
INFO: [ app_begin ] --START--
INFO: Run Behavior\ReadHtmlCacheBehavior [ RunTime:0.000000s ]
INFO: [ app_begin ] --END-- [ RunTime:0.000000s ]
NOTIC: [8192] mysql_connect(): The mysql extension is deprecated and will be removed in the future: use mysqli or PDO instead C:\aaa\WWW\gzsc\ThinkPHP\Library\Think\Db\Driver\Mysql.class.php Á¨¨ 52 Ë°å.
SQL: SHOW COLUMNS FROM `user` [ RunTime:0.004000s ]
SQL: SELECT * FROM `user` WHERE ( user_name='lyl' OR user_phone='lyl' OR user_store_name='lyl' ) LIMIT 1   [ RunTime:0.001000s ]
SQL: SELECT * FROM `user` WHERE ( user_name='lyl' OR user_phone='lyl' ) LIMIT 1   [ RunTime:0.000000s ]

[ 2017-08-11T08:18:54+08:00 ] 192.168.31.216 /gzsc/index.php/Home/Serve/selectserve
INFO: [ app_init ] --START--
INFO: Run Behavior\BuildLiteBehavior [ RunTime:0.000000s ]
INFO: [ app_init ] --END-- [ RunTime:0.001000s ]
INFO: [ app_begin ] --START--
INFO: Run Behavior\ReadHtmlCacheBehavior [ RunTime:0.001000s ]
INFO: [ app_begin ] --END-- [ RunTime:0.001000s ]
NOTIC: [8192] mysql_connect(): The mysql extension is deprecated and will be removed in the future: use mysqli or PDO instead C:\aaa\WWW\gzsc\ThinkPHP\Library\Think\Db\Driver\Mysql.class.php Á¨¨ 52 Ë°å.
SQL: SHOW COLUMNS FROM `cate` [ RunTime:0.021000s ]
SQL: SELECT `id` FROM `cate` WHERE `cate_name` = 'ÊúçÂä°' LIMIT 1   [ RunTime:0.001000s ]
SQL: SELECT `id`,`cate_name`,`cate_pic` FROM `cate` WHERE `cate_pid` = 1  [ RunTime:0.001000s ]

[ 2017-08-11T08:18:56+08:00 ] 192.168.31.216 /gzsc/index.php/Home/Dianshang/index
INFO: [ app_init ] --START--
INFO: Run Behavior\BuildLiteBehavior [ RunTime:0.000000s ]
INFO: [ app_init ] --END-- [ RunTime:0.001000s ]
INFO: [ app_begin ] --START--
INFO: Run Behavior\ReadHtmlCacheBehavior [ RunTime:0.001000s ]
INFO: [ app_begin ] --END-- [ RunTime:0.001000s ]
NOTIC: [8192] mysql_connect(): The mysql extension is deprecated and will be removed in the future: use mysqli or PDO instead C:\aaa\WWW\gzsc\ThinkPHP\Library\Think\Db\Driver\Mysql.class.php Á¨¨ 52 Ë°å.
SQL: SHOW COLUMNS FROM `pics` [ RunTime:0.005000s ]
SQL: SHOW COLUMNS FROM `user` [ RunTime:0.006000s ]
SQL: SELECT `pic`,`pic_http`,`pic_descr` FROM `pics` WHERE `pic_address` = 1 AND `pic_state` = 1  [ RunTime:0.001000s ]
SQL: SELECT `pic`,`pic_http`,`pic_descr` FROM `pics` WHERE `pic_address` = 2 AND `pic_state` = 1  [ RunTime:0.000000s ]

[ 2017-08-11T08:18:57+08:00 ] 192.168.31.216 /gzsc/index.php/Home/Dianshang/indexaa
INFO: [ app_init ] --START--
INFO: Run Behavior\BuildLiteBehavior [ RunTime:0.000000s ]
INFO: [ app_init ] --END-- [ RunTime:0.001000s ]
INFO: [ app_begin ] --START--
INFO: Run Behavior\ReadHtmlCacheBehavior [ RunTime:0.000000s ]
INFO: [ app_begin ] --END-- [ RunTime:0.000000s ]
NOTIC: [8192] mysql_connect(): The mysql extension is deprecated and will be removed in the future: use mysqli or PDO instead C:\aaa\WWW\gzsc\ThinkPHP\Library\Think\Db\Driver\Mysql.class.php Á¨¨ 52 Ë°å.
SQL: SHOW COLUMNS FROM `user` [ RunTime:0.008000s ]
SQL: SELECT `id`,`user_store_name`,`user_store_evaluate`,`user_store_pic`,`user_store_pic1`,`user_store_pic2`,`user_store_pic3`,`user_store_pic4`,`user_store_phone` FROM `user` WHERE `user_grade` = 2  [ RunTime:0.000000s ]
NOTIC: [8] Undefined index: p C:\aaa\WWW\gzsc\Application\Home\Controller\DianshangController.class.php Á¨¨ 65 Ë°å.
NOTIC: [8] Undefined variable: p C:\aaa\WWW\gzsc\Application\Home\Controller\DianshangController.class.php Á¨¨ 74 Ë°å.

[ 2017-08-11T08:19:38+08:00 ] 192.168.31.216 /gzsc/index.php/Home/Serve/houseforrent?json=%7B%22area%22%3A%22%E6%B1%9F%E8%8B%8F%E7%9C%81%E5%B8%B8%E5%B7%9E%E5%B8%82%E5%A4%A9%E5%AE%81%E5%8C%BA%22%2C%22cash%22%3A%22asdsa%22%2C%22cate_id%22%3A%222%22%2C%22des%22%3A%22asdsa%22%2C%22house_type%22%3A%22asdas%22%2C%22name%22%3A%22sadas%22%2C%22pay_method%22%3A%22asdsa%22%2C%22state%22%3A%221%22%2C%22tel%22%3A%2213409362482%22%2C%22url%22%3A%5B%7B%22url%22%3A%222017-08-11%2F1502410777877956.jpg%22%7D%5D%2C%22user_id%22%3A%221%22%7D
INFO: [ app_init ] --START--
INFO: Run Behavior\BuildLiteBehavior [ RunTime:0.000000s ]
INFO: [ app_init ] --END-- [ RunTime:0.000000s ]
INFO: [ app_begin ] --START--
INFO: Run Behavior\ReadHtmlCacheBehavior [ RunTime:0.000000s ]
INFO: [ app_begin ] --END-- [ RunTime:0.001000s ]
NOTIC: [8192] mysql_connect(): The mysql extension is deprecated and will be removed in the future: use mysqli or PDO instead C:\aaa\WWW\gzsc\ThinkPHP\Library\Think\Db\Driver\Mysql.class.php Á¨¨ 52 Ë°å.
SQL: SHOW COLUMNS FROM `house_for_rent` [ RunTime:0.018000s ]
SQL: SHOW COLUMNS FROM `house_for_rentfile` [ RunTime:0.012000s ]
SQL: INSERT INTO `house_for_rent` (`user_id`,`cate_id`,`area`,`house_type`,`cash`,`pay_method`,`des`,`name`,`tel`,`state`,`add_time`,`valid_time`) VALUES (1,2,'Ê±üËãèÁúÅÂ∏∏Â∑ûÂ∏ÇÂ§©ÂÆÅÂå\∫','asdas',0,'asdsa','asdsa','sadas','13409362482',1,'2017-08-11 08:19:38','2017-08-18 08:19:38') [ RunTime:0.002000s ]
SQL: INSERT INTO `house_for_rentfile` (`house_for_rend_id`,`file`,`add_time`) VALUES (22,'2017-08-11/1502410777877956.jpg','2017-08-11 08:19:38') [ RunTime:0.001000s ]

[ 2017-08-11T08:20:28+08:00 ] 192.168.31.216 /gzsc/index.php/Home/Store/store?store_id=20
INFO: [ app_init ] --START--
INFO: Run Behavior\BuildLiteBehavior [ RunTime:0.000000s ]
INFO: [ app_init ] --END-- [ RunTime:0.001000s ]
INFO: [ app_begin ] --START--
INFO: Run Behavior\ReadHtmlCacheBehavior [ RunTime:0.002000s ]
INFO: [ app_begin ] --END-- [ RunTime:0.002000s ]
NOTIC: [8192] mysql_connect(): The mysql extension is deprecated and will be removed in the future: use mysqli or PDO instead C:\aaa\WWW\gzsc\ThinkPHP\Library\Think\Db\Driver\Mysql.class.php Á¨¨ 52 Ë°å.
SQL: SHOW COLUMNS FROM `user` [ RunTime:0.016000s ]
SQL: SELECT `user_store_name`,`user_store_pic`,`user_store_evaluate`,`user_store_phone`,`user_store_address`,`user_store_pic`,`user_store_pic1`,`user_store_pic2`,`user_store_pic3`,`user_store_pic4` FROM `user` WHERE `id` = 20 LIMIT 1   [ RunTime:0.001000s ]

[ 2017-08-11T08:22:09+08:00 ] 192.168.31.216 /gzsc/index.php/Home/Dianshang/index
INFO: [ app_init ] --START--
INFO: Run Behavior\BuildLiteBehavior [ RunTime:0.000000s ]
INFO: [ app_init ] --END-- [ RunTime:0.001000s ]
INFO: [ app_begin ] --START--
INFO: Run Behavior\ReadHtmlCacheBehavior [ RunTime:0.002000s ]
INFO: [ app_begin ] --END-- [ RunTime:0.002000s ]
NOTIC: [8192] mysql_connect(): The mysql extension is deprecated and will be removed in the future: use mysqli or PDO instead C:\aaa\WWW\gzsc\ThinkPHP\Library\Think\Db\Driver\Mysql.class.php Á¨¨ 52 Ë°å.
SQL: SHOW COLUMNS FROM `pics` [ RunTime:0.008000s ]
SQL: SHOW COLUMNS FROM `user` [ RunTime:0.007000s ]
SQL: SELECT `pic`,`pic_http`,`pic_descr` FROM `pics` WHERE `pic_address` = 1 AND `pic_state` = 1  [ RunTime:0.001000s ]
SQL: SELECT `pic`,`pic_http`,`pic_descr` FROM `pics` WHERE `pic_address` = 2 AND `pic_state` = 1  [ RunTime:0.000000s ]

[ 2017-08-11T08:22:10+08:00 ] 192.168.31.216 /gzsc/index.php/Home/Dianshang/indexaa
INFO: [ app_init ] --START--
INFO: Run Behavior\BuildLiteBehavior [ RunTime:0.000000s ]
INFO: [ app_init ] --END-- [ RunTime:0.001000s ]
INFO: [ app_begin ] --START--
INFO: Run Behavior\ReadHtmlCacheBehavior [ RunTime:0.001000s ]
INFO: [ app_begin ] --END-- [ RunTime:0.001000s ]
NOTIC: [8192] mysql_connect(): The mysql extension is deprecated and will be removed in the future: use mysqli or PDO instead C:\aaa\WWW\gzsc\ThinkPHP\Library\Think\Db\Driver\Mysql.class.php Á¨¨ 52 Ë°å.
SQL: SHOW COLUMNS FROM `user` [ RunTime:0.010000s ]
SQL: SELECT `id`,`user_store_name`,`user_store_evaluate`,`user_store_pic`,`user_store_pic1`,`user_store_pic2`,`user_store_pic3`,`user_store_pic4`,`user_store_phone` FROM `user` WHERE `user_grade` = 2  [ RunTime:0.001000s ]
NOTIC: [8] Undefined index: p C:\aaa\WWW\gzsc\Application\Home\Controller\DianshangController.class.php Á¨¨ 65 Ë°å.
NOTIC: [8] Undefined variable: p C:\aaa\WWW\gzsc\Application\Home\Controller\DianshangController.class.php Á¨¨ 74 Ë°å.

[ 2017-08-11T08:22:11+08:00 ] 192.168.31.216 /gzsc/index.php/Home/Goods/shoppingcar?user_id=1
INFO: [ app_init ] --START--
INFO: Run Behavior\BuildLiteBehavior [ RunTime:0.001000s ]
INFO: [ app_init ] --END-- [ RunTime:0.001000s ]
INFO: [ app_begin ] --START--
INFO: Run Behavior\ReadHtmlCacheBehavior [ RunTime:0.001000s ]
INFO: [ app_begin ] --END-- [ RunTime:0.001000s ]
NOTIC: [8192] mysql_connect(): The mysql extension is deprecated and will be removed in the future: use mysqli or PDO instead C:\aaa\WWW\gzsc\ThinkPHP\Library\Think\Db\Driver\Mysql.class.php Á¨¨ 52 Ë°å.
SQL: SHOW COLUMNS FROM `shoppingcar` [ RunTime:0.022000s ]
SQL: SHOW COLUMNS FROM `user` [ RunTime:0.009000s ]
SQL: SHOW COLUMNS FROM `good_attr` [ RunTime:0.008000s ]
SQL: SHOW COLUMNS FROM `good` [ RunTime:0.010000s ]
SQL: SHOW COLUMNS FROM `file` [ RunTime:0.010000s ]
SQL: SELECT * FROM `shoppingcar` WHERE `user_id` = 1  [ RunTime:0.001000s ]
SQL: SELECT `id`,`user_store_name` FROM `user` WHERE `id` = 6 LIMIT 1   [ RunTime:0.000000s ]
SQL: SELECT `file_pic` FROM `file` WHERE `good_attr_id` = 39 LIMIT 1   [ RunTime:0.000000s ]
SQL: SELECT `id`,`good_name` FROM `good` WHERE `id` = 14 LIMIT 1   [ RunTime:0.000000s ]
SQL: SELECT `id`,`good_attr_color`,`good_attr_size`,`good_attr_price`,`good_attr_des` FROM `good_attr` WHERE `id` = 39 LIMIT 1   [ RunTime:0.001000s ]
SQL: SELECT `file_pic` FROM `file` WHERE `good_attr_id` = 39 LIMIT 1   [ RunTime:0.000000s ]
SQL: SELECT `id`,`good_name` FROM `good` WHERE `id` = 13 LIMIT 1   [ RunTime:0.001000s ]
SQL: SELECT `id`,`good_attr_color`,`good_attr_size`,`good_attr_price`,`good_attr_des` FROM `good_attr` WHERE `id` = 39 LIMIT 1   [ RunTime:0.000000s ]
SQL: SELECT `file_pic` FROM `file` WHERE `good_attr_id` = 39 LIMIT 1   [ RunTime:0.000000s ]
SQL: SELECT `id`,`good_name` FROM `good` WHERE `id` = 12 LIMIT 1   [ RunTime:0.000000s ]
SQL: SELECT `id`,`good_attr_color`,`good_attr_size`,`good_attr_price`,`good_attr_des` FROM `good_attr` WHERE `id` = 39 LIMIT 1   [ RunTime:0.001000s ]
SQL: SELECT `file_pic` FROM `file` WHERE `good_attr_id` = 39 LIMIT 1   [ RunTime:0.000000s ]
SQL: SELECT `id`,`good_name` FROM `good` WHERE `id` = 11 LIMIT 1   [ RunTime:0.000000s ]
SQL: SELECT `id`,`good_attr_color`,`good_attr_size`,`good_attr_price`,`good_attr_des` FROM `good_attr` WHERE `id` = 39 LIMIT 1   [ RunTime:0.000000s ]
SQL: SELECT `file_pic` FROM `file` WHERE `good_attr_id` = 39 LIMIT 1   [ RunTime:0.000000s ]
SQL: SELECT `id`,`good_name` FROM `good` WHERE `id` = 8 LIMIT 1   [ RunTime:0.001000s ]
SQL: SELECT `id`,`good_attr_color`,`good_attr_size`,`good_attr_price`,`good_attr_des` FROM `good_attr` WHERE `id` = 39 LIMIT 1   [ RunTime:0.000000s ]

[ 2017-08-11T08:22:15+08:00 ] 192.168.31.216 /gzsc/index.php/Home/Store/store?store_id=20
INFO: [ app_init ] --START--
INFO: Run Behavior\BuildLiteBehavior [ RunTime:0.000000s ]
INFO: [ app_init ] --END-- [ RunTime:0.000000s ]
INFO: [ app_begin ] --START--
INFO: Run Behavior\ReadHtmlCacheBehavior [ RunTime:0.001000s ]
INFO: [ app_begin ] --END-- [ RunTime:0.001000s ]
NOTIC: [8192] mysql_connect(): The mysql extension is deprecated and will be removed in the future: use mysqli or PDO instead C:\aaa\WWW\gzsc\ThinkPHP\Library\Think\Db\Driver\Mysql.class.php Á¨¨ 52 Ë°å.
SQL: SHOW COLUMNS FROM `user` [ RunTime:0.019000s ]
SQL: SELECT `user_store_name`,`user_store_pic`,`user_store_evaluate`,`user_store_phone`,`user_store_address`,`user_store_pic`,`user_store_pic1`,`user_store_pic2`,`user_store_pic3`,`user_store_pic4` FROM `user` WHERE `id` = 20 LIMIT 1   [ RunTime:0.001000s ]

[ 2017-08-11T08:22:31+08:00 ] 192.168.31.216 /gzsc/index.php/Home/Store/store?store_id=20
INFO: [ app_init ] --START--
INFO: Run Behavior\BuildLiteBehavior [ RunTime:0.000000s ]
INFO: [ app_init ] --END-- [ RunTime:0.000000s ]
INFO: [ app_begin ] --START--
INFO: Run Behavior\ReadHtmlCacheBehavior [ RunTime:0.001000s ]
INFO: [ app_begin ] --END-- [ RunTime:0.001000s ]
NOTIC: [8192] mysql_connect(): The mysql extension is deprecated and will be removed in the future: use mysqli or PDO instead C:\aaa\WWW\gzsc\ThinkPHP\Library\Think\Db\Driver\Mysql.class.php Á¨¨ 52 Ë°å.
SQL: SHOW COLUMNS FROM `user` [ RunTime:0.013000s ]
SQL: SELECT `user_store_name`,`user_store_pic`,`user_store_evaluate`,`user_store_phone`,`user_store_address`,`user_store_pic`,`user_store_pic1`,`user_store_pic2`,`user_store_pic3`,`user_store_pic4` FROM `user` WHERE `id` = 20 LIMIT 1   [ RunTime:0.001000s ]

[ 2017-08-11T10:11:56+08:00 ] 192.168.31.216 /gzsc/index.php/Home/Dianshang/indexaa
INFO: [ app_init ] --START--
INFO: Run Behavior\BuildLiteBehavior [ RunTime:0.000000s ]
INFO: [ app_init ] --END-- [ RunTime:0.000000s ]
INFO: [ app_begin ] --START--
INFO: Run Behavior\ReadHtmlCacheBehavior [ RunTime:0.000000s ]
INFO: [ app_begin ] --END-- [ RunTime:0.000000s ]
NOTIC: [8192] mysql_connect(): The mysql extension is deprecated and will be removed in the future: use mysqli or PDO instead C:\aaa\WWW\gzsc\ThinkPHP\Library\Think\Db\Driver\Mysql.class.php Á¨¨ 52 Ë°å.
SQL: SHOW COLUMNS FROM `user` [ RunTime:0.006000s ]
SQL: SELECT `id`,`user_store_name`,`user_store_evaluate`,`user_store_pic`,`user_store_pic1`,`user_store_pic2`,`user_store_pic3`,`user_store_pic4`,`user_store_phone` FROM `user` WHERE `user_grade` = 2  [ RunTime:0.000000s ]
NOTIC: [8] Undefined index: p C:\aaa\WWW\gzsc\Application\Home\Controller\DianshangController.class.php Á¨¨ 65 Ë°å.
NOTIC: [8] Undefined variable: p C:\aaa\WWW\gzsc\Application\Home\Controller\DianshangController.class.php Á¨¨ 74 Ë°å.

[ 2017-08-11T10:11:56+08:00 ] 192.168.31.216 /gzsc/index.php/Home/Dianshang/index
INFO: [ app_init ] --START--
INFO: Run Behavior\BuildLiteBehavior [ RunTime:0.000000s ]
INFO: [ app_init ] --END-- [ RunTime:0.000000s ]
INFO: [ app_begin ] --START--
INFO: Run Behavior\ReadHtmlCacheBehavior [ RunTime:0.001000s ]
INFO: [ app_begin ] --END-- [ RunTime:0.001000s ]
NOTIC: [8192] mysql_connect(): The mysql extension is deprecated and will be removed in the future: use mysqli or PDO instead C:\aaa\WWW\gzsc\ThinkPHP\Library\Think\Db\Driver\Mysql.class.php Á¨¨ 52 Ë°å.
SQL: SHOW COLUMNS FROM `pics` [ RunTime:0.008000s ]
SQL: SHOW COLUMNS FROM `user` [ RunTime:0.008000s ]
SQL: SELECT `pic`,`pic_http`,`pic_descr` FROM `pics` WHERE `pic_address` = 1 AND `pic_state` = 1  [ RunTime:0.000000s ]
SQL: SELECT `pic`,`pic_http`,`pic_descr` FROM `pics` WHERE `pic_address` = 2 AND `pic_state` = 1  [ RunTime:0.003000s ]

[ 2017-08-11T10:11:58+08:00 ] 192.168.31.216 /gzsc/index.php/Home/Store/store?store_id=20
INFO: [ app_init ] --START--
INFO: Run Behavior\BuildLiteBehavior [ RunTime:0.000000s ]
INFO: [ app_init ] --END-- [ RunTime:0.000000s ]
INFO: [ app_begin ] --START--
INFO: Run Behavior\ReadHtmlCacheBehavior [ RunTime:0.001000s ]
INFO: [ app_begin ] --END-- [ RunTime:0.001000s ]
NOTIC: [8192] mysql_connect(): The mysql extension is deprecated and will be removed in the future: use mysqli or PDO instead C:\aaa\WWW\gzsc\ThinkPHP\Library\Think\Db\Driver\Mysql.class.php Á¨¨ 52 Ë°å.
SQL: SHOW COLUMNS FROM `user` [ RunTime:0.010000s ]
SQL: SELECT `user_store_name`,`user_store_pic`,`user_store_evaluate`,`user_store_phone`,`user_store_address`,`user_store_pic`,`user_store_pic1`,`user_store_pic2`,`user_store_pic3`,`user_store_pic4` FROM `user` WHERE `id` = 20 LIMIT 1   [ RunTime:0.001000s ]

[ 2017-08-11T10:11:58+08:00 ] 192.168.31.216 /gzsc/index.php/Home/Serve/storedetail
INFO: [ app_init ] --START--
INFO: Run Behavior\BuildLiteBehavior [ RunTime:0.000000s ]
INFO: [ app_init ] --END-- [ RunTime:0.000000s ]
INFO: [ app_begin ] --START--
INFO: Run Behavior\ReadHtmlCacheBehavior [ RunTime:0.001000s ]
INFO: [ app_begin ] --END-- [ RunTime:0.001000s ]
ERR: ÈùûÊ≥ïÊìç‰Ωú:storedetail

[ 2017-08-11T10:12:03+08:00 ] 192.168.31.216 /gzsc/index.php/Home/Serve/storedetail
INFO: [ app_init ] --START--
INFO: Run Behavior\BuildLiteBehavior [ RunTime:0.000000s ]
INFO: [ app_init ] --END-- [ RunTime:0.001000s ]
INFO: [ app_begin ] --START--
INFO: Run Behavior\ReadHtmlCacheBehavior [ RunTime:0.001000s ]
INFO: [ app_begin ] --END-- [ RunTime:0.001000s ]
ERR: ÈùûÊ≥ïÊìç‰Ωú:storedetail

[ 2017-08-11T10:12:22+08:00 ] 192.168.31.216 /gzsc/index.php/Home/Store/store?store_id=21
INFO: [ app_init ] --START--
INFO: Run Behavior\BuildLiteBehavior [ RunTime:0.000000s ]
INFO: [ app_init ] --END-- [ RunTime:0.001000s ]
INFO: [ app_begin ] --START--
INFO: Run Behavior\ReadHtmlCacheBehavior [ RunTime:0.001000s ]
INFO: [ app_begin ] --END-- [ RunTime:0.001000s ]
NOTIC: [8192] mysql_connect(): The mysql extension is deprecated and will be removed in the future: use mysqli or PDO instead C:\aaa\WWW\gzsc\ThinkPHP\Library\Think\Db\Driver\Mysql.class.php Á¨¨ 52 Ë°å.
SQL: SHOW COLUMNS FROM `user` [ RunTime:0.009000s ]
SQL: SELECT `user_store_name`,`user_store_pic`,`user_store_evaluate`,`user_store_phone`,`user_store_address`,`user_store_pic`,`user_store_pic1`,`user_store_pic2`,`user_store_pic3`,`user_store_pic4` FROM `user` WHERE `id` = 21 LIMIT 1   [ RunTime:0.001000s ]

[ 2017-08-11T10:12:23+08:00 ] 192.168.31.216 /gzsc/index.php/Home/Serve/storedetail
INFO: [ app_init ] --START--
INFO: Run Behavior\BuildLiteBehavior [ RunTime:0.000000s ]
INFO: [ app_init ] --END-- [ RunTime:0.000000s ]
INFO: [ app_begin ] --START--
INFO: Run Behavior\ReadHtmlCacheBehavior [ RunTime:0.001000s ]
INFO: [ app_begin ] --END-- [ RunTime:0.001000s ]
ERR: ÈùûÊ≥ïÊìç‰Ωú:storedetail

[ 2017-08-11T10:13:19+08:00 ] 192.168.31.216 /gzsc/index.php/Home/Dianshang/indexaa
INFO: [ app_init ] --START--
INFO: Run Behavior\BuildLiteBehavior [ RunTime:0.000000s ]
INFO: [ app_init ] --END-- [ RunTime:0.001000s ]
INFO: [ app_begin ] --START--
INFO: Run Behavior\ReadHtmlCacheBehavior [ RunTime:0.001000s ]
INFO: [ app_begin ] --END-- [ RunTime:0.001000s ]
NOTIC: [8192] mysql_connect(): The mysql extension is deprecated and will be removed in the future: use mysqli or PDO instead C:\aaa\WWW\gzsc\ThinkPHP\Library\Think\Db\Driver\Mysql.class.php Á¨¨ 52 Ë°å.
SQL: SHOW COLUMNS FROM `user` [ RunTime:0.018000s ]
SQL: SELECT `id`,`user_store_name`,`user_store_evaluate`,`user_store_pic`,`user_store_pic1`,`user_store_pic2`,`user_store_pic3`,`user_store_pic4`,`user_store_phone` FROM `user` WHERE `user_grade` = 2  [ RunTime:0.004000s ]
NOTIC: [8] Undefined index: p C:\aaa\WWW\gzsc\Application\Home\Controller\DianshangController.class.php Á¨¨ 65 Ë°å.
NOTIC: [8] Undefined variable: p C:\aaa\WWW\gzsc\Application\Home\Controller\DianshangController.class.php Á¨¨ 74 Ë°å.

[ 2017-08-11T10:13:19+08:00 ] 192.168.31.216 /gzsc/index.php/Home/Dianshang/index
INFO: [ app_init ] --START--
INFO: Run Behavior\BuildLiteBehavior [ RunTime:0.000000s ]
INFO: [ app_init ] --END-- [ RunTime:0.001000s ]
INFO: [ app_begin ] --START--
INFO: Run Behavior\ReadHtmlCacheBehavior [ RunTime:0.002000s ]
INFO: [ app_begin ] --END-- [ RunTime:0.002000s ]
NOTIC: [8192] mysql_connect(): The mysql extension is deprecated and will be removed in the future: use mysqli or PDO instead C:\aaa\WWW\gzsc\ThinkPHP\Library\Think\Db\Driver\Mysql.class.php Á¨¨ 52 Ë°å.
SQL: SHOW COLUMNS FROM `pics` [ RunTime:0.008000s ]
SQL: SHOW COLUMNS FROM `user` [ RunTime:0.005000s ]
SQL: SELECT `pic`,`pic_http`,`pic_descr` FROM `pics` WHERE `pic_address` = 1 AND `pic_state` = 1  [ RunTime:0.001000s ]
SQL: SELECT `pic`,`pic_http`,`pic_descr` FROM `pics` WHERE `pic_address` = 2 AND `pic_state` = 1  [ RunTime:0.001000s ]

[ 2017-08-11T10:13:35+08:00 ] 192.168.31.216 /gzsc/index.php/Home/Store/store?store_id=20
INFO: [ app_init ] --START--
INFO: Run Behavior\BuildLiteBehavior [ RunTime:0.000000s ]
INFO: [ app_init ] --END-- [ RunTime:0.001000s ]
INFO: [ app_begin ] --START--
INFO: Run Behavior\ReadHtmlCacheBehavior [ RunTime:0.002000s ]
INFO: [ app_begin ] --END-- [ RunTime:0.002000s ]
NOTIC: [8192] mysql_connect(): The mysql extension is deprecated and will be removed in the future: use mysqli or PDO instead C:\aaa\WWW\gzsc\ThinkPHP\Library\Think\Db\Driver\Mysql.class.php Á¨¨ 52 Ë°å.
SQL: SHOW COLUMNS FROM `user` [ RunTime:0.011000s ]
SQL: SELECT `user_store_name`,`user_store_pic`,`user_store_evaluate`,`user_store_phone`,`user_store_address`,`user_store_pic`,`user_store_pic1`,`user_store_pic2`,`user_store_pic3`,`user_store_pic4` FROM `user` WHERE `id` = 20 LIMIT 1   [ RunTime:0.001000s ]

[ 2017-08-11T10:13:42+08:00 ] 192.168.31.216 /gzsc/index.php/Home/Serve/storedetail
INFO: [ app_init ] --START--
INFO: Run Behavior\BuildLiteBehavior [ RunTime:0.000000s ]
INFO: [ app_init ] --END-- [ RunTime:0.001000s ]
INFO: [ app_begin ] --START--
INFO: Run Behavior\ReadHtmlCacheBehavior [ RunTime:0.000000s ]
INFO: [ app_begin ] --END-- [ RunTime:0.000000s ]
ERR: ÈùûÊ≥ïÊìç‰Ωú:storedetail

[ 2017-08-11T10:14:01+08:00 ] 192.168.31.216 /gzsc/index.php/Home/Serve/storedetail
INFO: [ app_init ] --START--
INFO: Run Behavior\BuildLiteBehavior [ RunTime:0.000000s ]
INFO: [ app_init ] --END-- [ RunTime:0.001000s ]
INFO: [ app_begin ] --START--
INFO: Run Behavior\ReadHtmlCacheBehavior [ RunTime:0.001000s ]
INFO: [ app_begin ] --END-- [ RunTime:0.001000s ]
ERR: ÈùûÊ≥ïÊìç‰Ωú:storedetail

[ 2017-08-11T10:15:31+08:00 ] 192.168.31.216 /gzsc/index.php/Home/Dianshang/index
INFO: [ app_init ] --START--
INFO: Run Behavior\BuildLiteBehavior [ RunTime:0.000000s ]
INFO: [ app_init ] --END-- [ RunTime:0.001000s ]
INFO: [ app_begin ] --START--
INFO: Run Behavior\ReadHtmlCacheBehavior [ RunTime:0.000000s ]
INFO: [ app_begin ] --END-- [ RunTime:0.001000s ]
NOTIC: [8192] mysql_connect(): The mysql extension is deprecated and will be removed in the future: use mysqli or PDO instead C:\aaa\WWW\gzsc\ThinkPHP\Library\Think\Db\Driver\Mysql.class.php Á¨¨ 52 Ë°å.
SQL: SHOW COLUMNS FROM `pics` [ RunTime:0.007000s ]
SQL: SHOW COLUMNS FROM `user` [ RunTime:0.011000s ]
SQL: SELECT `pic`,`pic_http`,`pic_descr` FROM `pics` WHERE `pic_address` = 1 AND `pic_state` = 1  [ RunTime:0.001000s ]
SQL: SELECT `pic`,`pic_http`,`pic_descr` FROM `pics` WHERE `pic_address` = 2 AND `pic_state` = 1  [ RunTime:0.000000s ]

[ 2017-08-11T10:15:31+08:00 ] 192.168.31.216 /gzsc/index.php/Home/Dianshang/indexaa
INFO: [ app_init ] --START--
INFO: Run Behavior\BuildLiteBehavior [ RunTime:0.000000s ]
INFO: [ app_init ] --END-- [ RunTime:0.001000s ]
INFO: [ app_begin ] --START--
INFO: Run Behavior\ReadHtmlCacheBehavior [ RunTime:0.000000s ]
INFO: [ app_begin ] --END-- [ RunTime:0.000000s ]
NOTIC: [8192] mysql_connect(): The mysql extension is deprecated and will be removed in the future: use mysqli or PDO instead C:\aaa\WWW\gzsc\ThinkPHP\Library\Think\Db\Driver\Mysql.class.php Á¨¨ 52 Ë°å.
SQL: SHOW COLUMNS FROM `user` [ RunTime:0.009000s ]
SQL: SELECT `id`,`user_store_name`,`user_store_evaluate`,`user_store_pic`,`user_store_pic1`,`user_store_pic2`,`user_store_pic3`,`user_store_pic4`,`user_store_phone` FROM `user` WHERE `user_grade` = 2  [ RunTime:0.001000s ]
NOTIC: [8] Undefined index: p C:\aaa\WWW\gzsc\Application\Home\Controller\DianshangController.class.php Á¨¨ 65 Ë°å.
NOTIC: [8] Undefined variable: p C:\aaa\WWW\gzsc\Application\Home\Controller\DianshangController.class.php Á¨¨ 74 Ë°å.

[ 2017-08-11T10:15:35+08:00 ] 192.168.31.216 /gzsc/index.php/Home/Store/store?store_id=20
INFO: [ app_init ] --START--
INFO: Run Behavior\BuildLiteBehavior [ RunTime:0.000000s ]
INFO: [ app_init ] --END-- [ RunTime:0.001000s ]
INFO: [ app_begin ] --START--
INFO: Run Behavior\ReadHtmlCacheBehavior [ RunTime:0.001000s ]
INFO: [ app_begin ] --END-- [ RunTime:0.002000s ]
NOTIC: [8192] mysql_connect(): The mysql extension is deprecated and will be removed in the future: use mysqli or PDO instead C:\aaa\WWW\gzsc\ThinkPHP\Library\Think\Db\Driver\Mysql.class.php Á¨¨ 52 Ë°å.
SQL: SHOW COLUMNS FROM `user` [ RunTime:0.014000s ]
SQL: SELECT `user_store_name`,`user_store_pic`,`user_store_evaluate`,`user_store_phone`,`user_store_address`,`user_store_pic`,`user_store_pic1`,`user_store_pic2`,`user_store_pic3`,`user_store_pic4` FROM `user` WHERE `id` = 20 LIMIT 1   [ RunTime:0.002000s ]

[ 2017-08-11T10:15:36+08:00 ] 192.168.31.216 /gzsc/index.php/Home/Serve/storedetail?store_id=20
INFO: [ app_init ] --START--
INFO: Run Behavior\BuildLiteBehavior [ RunTime:0.000000s ]
INFO: [ app_init ] --END-- [ RunTime:0.001000s ]
INFO: [ app_begin ] --START--
INFO: Run Behavior\ReadHtmlCacheBehavior [ RunTime:0.000000s ]
INFO: [ app_begin ] --END-- [ RunTime:0.000000s ]
ERR: ÈùûÊ≥ïÊìç‰Ωú:storedetail

[ 2017-08-11T10:16:02+08:00 ] 192.168.31.216 /gzsc/index.php/Home/Serve/storedetail?store_id=20
INFO: [ app_init ] --START--
INFO: Run Behavior\BuildLiteBehavior [ RunTime:0.000000s ]
INFO: [ app_init ] --END-- [ RunTime:0.001000s ]
INFO: [ app_begin ] --START--
INFO: Run Behavior\ReadHtmlCacheBehavior [ RunTime:0.001000s ]
INFO: [ app_begin ] --END-- [ RunTime:0.001000s ]
ERR: ÈùûÊ≥ïÊìç‰Ωú:storedetail

[ 2017-08-11T10:16:12+08:00 ] 192.168.31.216 /gzsc/index.php/Home/Serve/storedetail?store_id=9
INFO: [ app_init ] --START--
INFO: Run Behavior\BuildLiteBehavior [ RunTime:0.000000s ]
INFO: [ app_init ] --END-- [ RunTime:0.001000s ]
INFO: [ app_begin ] --START--
INFO: Run Behavior\ReadHtmlCacheBehavior [ RunTime:0.001000s ]
INFO: [ app_begin ] --END-- [ RunTime:0.001000s ]
ERR: ÈùûÊ≥ïÊìç‰Ωú:storedetail

[ 2017-08-11T10:19:25+08:00 ] 192.168.31.125 /gzsc/index.php/Home/Store/storedetail?store_id=6
INFO: [ app_init ] --START--
INFO: Run Behavior\BuildLiteBehavior [ RunTime:0.000000s ]
INFO: [ app_init ] --END-- [ RunTime:0.000000s ]
INFO: [ app_begin ] --START--
INFO: Run Behavior\ReadHtmlCacheBehavior [ RunTime:0.001000s ]
INFO: [ app_begin ] --END-- [ RunTime:0.001000s ]
NOTIC: [8192] mysql_connect(): The mysql extension is deprecated and will be removed in the future: use mysqli or PDO instead C:\aaa\WWW\gzsc\ThinkPHP\Library\Think\Db\Driver\Mysql.class.php Á¨¨ 52 Ë°å.
SQL: SHOW COLUMNS FROM `user` [ RunTime:0.009000s ]
SQL: SELECT `user_store_headerpic`,`user_store_name`,`user_store_lience`,`user_store_registered`,`user_store_cash` FROM `user` WHERE `id` = 6 LIMIT 1   [ RunTime:0.000000s ]

[ 2017-08-11T10:19:35+08:00 ] 192.168.31.216 /gzsc/index.php/Home/Serve/storedetail?store_id=6
INFO: [ app_init ] --START--
INFO: Run Behavior\BuildLiteBehavior [ RunTime:0.000000s ]
INFO: [ app_init ] --END-- [ RunTime:0.002000s ]
INFO: [ app_begin ] --START--
INFO: Run Behavior\ReadHtmlCacheBehavior [ RunTime:0.003000s ]
INFO: [ app_begin ] --END-- [ RunTime:0.003000s ]
ERR: ÈùûÊ≥ïÊìç‰Ωú:storedetail

[ 2017-08-11T10:20:14+08:00 ] 192.168.31.216 /gzsc/index.php/Home/Store/storedetail?store_id=6
INFO: [ app_init ] --START--
INFO: Run Behavior\BuildLiteBehavior [ RunTime:0.000000s ]
INFO: [ app_init ] --END-- [ RunTime:0.001000s ]
INFO: [ app_begin ] --START--
INFO: Run Behavior\ReadHtmlCacheBehavior [ RunTime:0.001000s ]
INFO: [ app_begin ] --END-- [ RunTime:0.001000s ]
NOTIC: [8192] mysql_connect(): The mysql extension is deprecated and will be removed in the future: use mysqli or PDO instead C:\aaa\WWW\gzsc\ThinkPHP\Library\Think\Db\Driver\Mysql.class.php Á¨¨ 52 Ë°å.
SQL: SHOW COLUMNS FROM `user` [ RunTime:0.013000s ]
SQL: SELECT `user_store_headerpic`,`user_store_name`,`user_store_lience`,`user_store_registered`,`user_store_cash` FROM `user` WHERE `id` = 6 LIMIT 1   [ RunTime:0.001000s ]

[ 2017-08-11T10:21:58+08:00 ] 192.168.31.216 /gzsc/index.php/Home/Dianshang/index
INFO: [ app_init ] --START--
INFO: Run Behavior\BuildLiteBehavior [ RunTime:0.000000s ]
INFO: [ app_init ] --END-- [ RunTime:0.001000s ]
INFO: [ app_begin ] --START--
INFO: Run Behavior\ReadHtmlCacheBehavior [ RunTime:0.001000s ]
INFO: [ app_begin ] --END-- [ RunTime:0.001000s ]
NOTIC: [8192] mysql_connect(): The mysql extension is deprecated and will be removed in the future: use mysqli or PDO instead C:\aaa\WWW\gzsc\ThinkPHP\Library\Think\Db\Driver\Mysql.class.php Á¨¨ 52 Ë°å.
SQL: SHOW COLUMNS FROM `pics` [ RunTime:0.010000s ]
SQL: SHOW COLUMNS FROM `user` [ RunTime:0.010000s ]
SQL: SELECT `pic`,`pic_http`,`pic_descr` FROM `pics` WHERE `pic_address` = 1 AND `pic_state` = 1  [ RunTime:0.000000s ]
SQL: SELECT `pic`,`pic_http`,`pic_descr` FROM `pics` WHERE `pic_address` = 2 AND `pic_state` = 1  [ RunTime:0.000000s ]

[ 2017-08-11T10:22:00+08:00 ] 192.168.31.216 /gzsc/index.php/Home/Dianshang/indexaa?p=2
INFO: [ app_init ] --START--
INFO: Run Behavior\BuildLiteBehavior [ RunTime:0.000000s ]
INFO: [ app_init ] --END-- [ RunTime:0.001000s ]
INFO: [ app_begin ] --START--
INFO: Run Behavior\ReadHtmlCacheBehavior [ RunTime:0.000000s ]
INFO: [ app_begin ] --END-- [ RunTime:0.000000s ]
NOTIC: [8192] mysql_connect(): The mysql extension is deprecated and will be removed in the future: use mysqli or PDO instead C:\aaa\WWW\gzsc\ThinkPHP\Library\Think\Db\Driver\Mysql.class.php Á¨¨ 52 Ë°å.
SQL: SHOW COLUMNS FROM `user` [ RunTime:0.009000s ]
SQL: SELECT `id`,`user_store_name`,`user_store_evaluate`,`user_store_pic`,`user_store_pic1`,`user_store_pic2`,`user_store_pic3`,`user_store_pic4`,`user_store_phone` FROM `user` WHERE `user_grade` = 2  [ RunTime:0.001000s ]

[ 2017-08-11T10:22:01+08:00 ] 192.168.31.216 /gzsc/index.php/Home/Dianshang/indexaa
INFO: [ app_init ] --START--
INFO: Run Behavior\BuildLiteBehavior [ RunTime:0.000000s ]
INFO: [ app_init ] --END-- [ RunTime:0.000000s ]
INFO: [ app_begin ] --START--
INFO: Run Behavior\ReadHtmlCacheBehavior [ RunTime:0.003000s ]
INFO: [ app_begin ] --END-- [ RunTime:0.003000s ]
NOTIC: [8192] mysql_connect(): The mysql extension is deprecated and will be removed in the future: use mysqli or PDO instead C:\aaa\WWW\gzsc\ThinkPHP\Library\Think\Db\Driver\Mysql.class.php Á¨¨ 52 Ë°å.
SQL: SHOW COLUMNS FROM `user` [ RunTime:0.009000s ]
SQL: SELECT `id`,`user_store_name`,`user_store_evaluate`,`user_store_pic`,`user_store_pic1`,`user_store_pic2`,`user_store_pic3`,`user_store_pic4`,`user_store_phone` FROM `user` WHERE `user_grade` = 2  [ RunTime:0.001000s ]
NOTIC: [8] Undefined index: p C:\aaa\WWW\gzsc\Application\Home\Controller\DianshangController.class.php Á¨¨ 65 Ë°å.
NOTIC: [8] Undefined variable: p C:\aaa\WWW\gzsc\Application\Home\Controller\DianshangController.class.php Á¨¨ 74 Ë°å.

[ 2017-08-11T10:22:03+08:00 ] 192.168.31.216 /gzsc/index.php/Home/Store/store?store_id=25
INFO: [ app_init ] --START--
INFO: Run Behavior\BuildLiteBehavior [ RunTime:0.000000s ]
INFO: [ app_init ] --END-- [ RunTime:0.000000s ]
INFO: [ app_begin ] --START--
INFO: Run Behavior\ReadHtmlCacheBehavior [ RunTime:0.000000s ]
INFO: [ app_begin ] --END-- [ RunTime:0.000000s ]
NOTIC: [8192] mysql_connect(): The mysql extension is deprecated and will be removed in the future: use mysqli or PDO instead C:\aaa\WWW\gzsc\ThinkPHP\Library\Think\Db\Driver\Mysql.class.php Á¨¨ 52 Ë°å.
SQL: SHOW COLUMNS FROM `user` [ RunTime:0.003000s ]
SQL: SELECT `user_store_name`,`user_store_pic`,`user_store_evaluate`,`user_store_phone`,`user_store_address`,`user_store_pic`,`user_store_pic1`,`user_store_pic2`,`user_store_pic3`,`user_store_pic4` FROM `user` WHERE `id` = 25 LIMIT 1   [ RunTime:0.001000s ]

[ 2017-08-11T10:22:05+08:00 ] 192.168.31.216 /gzsc/index.php/Home/Store/storedetail?store_id=25
INFO: [ app_init ] --START--
INFO: Run Behavior\BuildLiteBehavior [ RunTime:0.000000s ]
INFO: [ app_init ] --END-- [ RunTime:0.000000s ]
INFO: [ app_begin ] --START--
INFO: Run Behavior\ReadHtmlCacheBehavior [ RunTime:0.000000s ]
INFO: [ app_begin ] --END-- [ RunTime:0.000000s ]
NOTIC: [8192] mysql_connect(): The mysql extension is deprecated and will be removed in the future: use mysqli or PDO instead C:\aaa\WWW\gzsc\ThinkPHP\Library\Think\Db\Driver\Mysql.class.php Á¨¨ 52 Ë°å.
SQL: SHOW COLUMNS FROM `user` [ RunTime:0.014000s ]
SQL: SELECT `user_store_headerpic`,`user_store_name`,`user_store_lience`,`user_store_registered`,`user_store_cash` FROM `user` WHERE `id` = 25 LIMIT 1   [ RunTime:0.001000s ]

[ 2017-08-11T10:22:13+08:00 ] 192.168.31.216 /gzsc/index.php/Home/Store/storedetail?store_id=25
INFO: [ app_init ] --START--
INFO: Run Behavior\BuildLiteBehavior [ RunTime:0.000000s ]
INFO: [ app_init ] --END-- [ RunTime:0.000000s ]
INFO: [ app_begin ] --START--
INFO: Run Behavior\ReadHtmlCacheBehavior [ RunTime:0.001000s ]
INFO: [ app_begin ] --END-- [ RunTime:0.001000s ]
NOTIC: [8192] mysql_connect(): The mysql extension is deprecated and will be removed in the future: use mysqli or PDO instead C:\aaa\WWW\gzsc\ThinkPHP\Library\Think\Db\Driver\Mysql.class.php Á¨¨ 52 Ë°å.
SQL: SHOW COLUMNS FROM `user` [ RunTime:0.009000s ]
SQL: SELECT `user_store_headerpic`,`user_store_name`,`user_store_lience`,`user_store_registered`,`user_store_cash` FROM `user` WHERE `id` = 25 LIMIT 1   [ RunTime:0.001000s ]

[ 2017-08-11T10:23:55+08:00 ] 192.168.31.216 /gzsc/index.php/Home/Dianshang/indexaa
INFO: [ app_init ] --START--
INFO: Run Behavior\BuildLiteBehavior [ RunTime:0.000000s ]
INFO: [ app_init ] --END-- [ RunTime:0.000000s ]
INFO: [ app_begin ] --START--
INFO: Run Behavior\ReadHtmlCacheBehavior [ RunTime:0.001000s ]
INFO: [ app_begin ] --END-- [ RunTime:0.001000s ]
NOTIC: [8192] mysql_connect(): The mysql extension is deprecated and will be removed in the future: use mysqli or PDO instead C:\aaa\WWW\gzsc\ThinkPHP\Library\Think\Db\Driver\Mysql.class.php Á¨¨ 52 Ë°å.
SQL: SHOW COLUMNS FROM `user` [ RunTime:0.022000s ]
SQL: SELECT `id`,`user_store_name`,`user_store_evaluate`,`user_store_pic`,`user_store_pic1`,`user_store_pic2`,`user_store_pic3`,`user_store_pic4`,`user_store_phone` FROM `user` WHERE `user_grade` = 2  [ RunTime:0.001000s ]
NOTIC: [8] Undefined index: p C:\aaa\WWW\gzsc\Application\Home\Controller\DianshangController.class.php Á¨¨ 65 Ë°å.
NOTIC: [8] Undefined variable: p C:\aaa\WWW\gzsc\Application\Home\Controller\DianshangController.class.php Á¨¨ 74 Ë°å.

[ 2017-08-11T10:23:55+08:00 ] 192.168.31.216 /gzsc/index.php/Home/Dianshang/index
INFO: [ app_init ] --START--
INFO: Run Behavior\BuildLiteBehavior [ RunTime:0.000000s ]
INFO: [ app_init ] --END-- [ RunTime:0.000000s ]
INFO: [ app_begin ] --START--
INFO: Run Behavior\ReadHtmlCacheBehavior [ RunTime:0.000000s ]
INFO: [ app_begin ] --END-- [ RunTime:0.000000s ]
NOTIC: [8192] mysql_connect(): The mysql extension is deprecated and will be removed in the future: use mysqli or PDO instead C:\aaa\WWW\gzsc\ThinkPHP\Library\Think\Db\Driver\Mysql.class.php Á¨¨ 52 Ë°å.
SQL: SHOW COLUMNS FROM `pics` [ RunTime:0.022000s ]
SQL: SHOW COLUMNS FROM `user` [ RunTime:0.005000s ]
SQL: SELECT `pic`,`pic_http`,`pic_descr` FROM `pics` WHERE `pic_address` = 1 AND `pic_state` = 1  [ RunTime:0.000000s ]
SQL: SELECT `pic`,`pic_http`,`pic_descr` FROM `pics` WHERE `pic_address` = 2 AND `pic_state` = 1  [ RunTime:0.001000s ]

[ 2017-08-11T10:23:59+08:00 ] 192.168.31.216 /gzsc/index.php/Home/Store/store?store_id=20
INFO: [ app_init ] --START--
INFO: Run Behavior\BuildLiteBehavior [ RunTime:0.000000s ]
INFO: [ app_init ] --END-- [ RunTime:0.000000s ]
INFO: [ app_begin ] --START--
INFO: Run Behavior\ReadHtmlCacheBehavior [ RunTime:0.000000s ]
INFO: [ app_begin ] --END-- [ RunTime:0.001000s ]
NOTIC: [8192] mysql_connect(): The mysql extension is deprecated and will be removed in the future: use mysqli or PDO instead C:\aaa\WWW\gzsc\ThinkPHP\Library\Think\Db\Driver\Mysql.class.php Á¨¨ 52 Ë°å.
SQL: SHOW COLUMNS FROM `user` [ RunTime:0.011000s ]
SQL: SELECT `user_store_name`,`user_store_pic`,`user_store_evaluate`,`user_store_phone`,`user_store_address`,`user_store_pic`,`user_store_pic1`,`user_store_pic2`,`user_store_pic3`,`user_store_pic4` FROM `user` WHERE `id` = 20 LIMIT 1   [ RunTime:0.001000s ]

[ 2017-08-11T10:24:01+08:00 ] 192.168.31.216 /gzsc/index.php/Home/Store/storedetail?store_id=20
INFO: [ app_init ] --START--
INFO: Run Behavior\BuildLiteBehavior [ RunTime:0.000000s ]
INFO: [ app_init ] --END-- [ RunTime:0.000000s ]
INFO: [ app_begin ] --START--
INFO: Run Behavior\ReadHtmlCacheBehavior [ RunTime:0.001000s ]
INFO: [ app_begin ] --END-- [ RunTime:0.001000s ]
NOTIC: [8192] mysql_connect(): The mysql extension is deprecated and will be removed in the future: use mysqli or PDO instead C:\aaa\WWW\gzsc\ThinkPHP\Library\Think\Db\Driver\Mysql.class.php Á¨¨ 52 Ë°å.
SQL: SHOW COLUMNS FROM `user` [ RunTime:0.003000s ]
SQL: SELECT `user_store_headerpic`,`user_store_name`,`user_store_lience`,`user_store_registered`,`user_store_cash` FROM `user` WHERE `id` = 20 LIMIT 1   [ RunTime:0.000000s ]

[ 2017-08-11T10:26:09+08:00 ] 192.168.31.216 /gzsc/index.php/Home/Dianshang/indexaa
INFO: [ app_init ] --START--
INFO: Run Behavior\BuildLiteBehavior [ RunTime:0.000000s ]
INFO: [ app_init ] --END-- [ RunTime:0.001000s ]
INFO: [ app_begin ] --START--
INFO: Run Behavior\ReadHtmlCacheBehavior [ RunTime:0.001000s ]
INFO: [ app_begin ] --END-- [ RunTime:0.001000s ]
NOTIC: [8192] mysql_connect(): The mysql extension is deprecated and will be removed in the future: use mysqli or PDO instead C:\aaa\WWW\gzsc\ThinkPHP\Library\Think\Db\Driver\Mysql.class.php Á¨¨ 52 Ë°å.
SQL: SHOW COLUMNS FROM `user` [ RunTime:0.019000s ]
SQL: SELECT `id`,`user_store_name`,`user_store_evaluate`,`user_store_pic`,`user_store_pic1`,`user_store_pic2`,`user_store_pic3`,`user_store_pic4`,`user_store_phone` FROM `user` WHERE `user_grade` = 2  [ RunTime:0.001000s ]
NOTIC: [8] Undefined index: p C:\aaa\WWW\gzsc\Application\Home\Controller\DianshangController.class.php Á¨¨ 65 Ë°å.
NOTIC: [8] Undefined variable: p C:\aaa\WWW\gzsc\Application\Home\Controller\DianshangController.class.php Á¨¨ 74 Ë°å.

[ 2017-08-11T10:26:09+08:00 ] 192.168.31.216 /gzsc/index.php/Home/Dianshang/index
INFO: [ app_init ] --START--
INFO: Run Behavior\BuildLiteBehavior [ RunTime:0.000000s ]
INFO: [ app_init ] --END-- [ RunTime:0.002000s ]
INFO: [ app_begin ] --START--
INFO: Run Behavior\ReadHtmlCacheBehavior [ RunTime:0.001000s ]
INFO: [ app_begin ] --END-- [ RunTime:0.001000s ]
NOTIC: [8192] mysql_connect(): The mysql extension is deprecated and will be removed in the future: use mysqli or PDO instead C:\aaa\WWW\gzsc\ThinkPHP\Library\Think\Db\Driver\Mysql.class.php Á¨¨ 52 Ë°å.
SQL: SHOW COLUMNS FROM `pics` [ RunTime:0.024000s ]
SQL: SHOW COLUMNS FROM `user` [ RunTime:0.009000s ]
SQL: SELECT `pic`,`pic_http`,`pic_descr` FROM `pics` WHERE `pic_address` = 1 AND `pic_state` = 1  [ RunTime:0.001000s ]
SQL: SELECT `pic`,`pic_http`,`pic_descr` FROM `pics` WHERE `pic_address` = 2 AND `pic_state` = 1  [ RunTime:0.000000s ]

[ 2017-08-11T10:26:12+08:00 ] 192.168.31.216 /gzsc/index.php/Home/Store/store?store_id=20
INFO: [ app_init ] --START--
INFO: Run Behavior\BuildLiteBehavior [ RunTime:0.000000s ]
INFO: [ app_init ] --END-- [ RunTime:0.002000s ]
INFO: [ app_begin ] --START--
INFO: Run Behavior\ReadHtmlCacheBehavior [ RunTime:0.001000s ]
INFO: [ app_begin ] --END-- [ RunTime:0.001000s ]
NOTIC: [8192] mysql_connect(): The mysql extension is deprecated and will be removed in the future: use mysqli or PDO instead C:\aaa\WWW\gzsc\ThinkPHP\Library\Think\Db\Driver\Mysql.class.php Á¨¨ 52 Ë°å.
SQL: SHOW COLUMNS FROM `user` [ RunTime:0.016000s ]
SQL: SELECT `user_store_name`,`user_store_pic`,`user_store_evaluate`,`user_store_phone`,`user_store_address`,`user_store_pic`,`user_store_pic1`,`user_store_pic2`,`user_store_pic3`,`user_store_pic4` FROM `user` WHERE `id` = 20 LIMIT 1   [ RunTime:0.001000s ]

[ 2017-08-11T10:26:14+08:00 ] 192.168.31.216 /gzsc/index.php/Home/Store/storedetail?store_id=20
INFO: [ app_init ] --START--
INFO: Run Behavior\BuildLiteBehavior [ RunTime:0.000000s ]
INFO: [ app_init ] --END-- [ RunTime:0.000000s ]
INFO: [ app_begin ] --START--
INFO: Run Behavior\ReadHtmlCacheBehavior [ RunTime:0.001000s ]
INFO: [ app_begin ] --END-- [ RunTime:0.001000s ]
NOTIC: [8192] mysql_connect(): The mysql extension is deprecated and will be removed in the future: use mysqli or PDO instead C:\aaa\WWW\gzsc\ThinkPHP\Library\Think\Db\Driver\Mysql.class.php Á¨¨ 52 Ë°å.
SQL: SHOW COLUMNS FROM `user` [ RunTime:0.016000s ]
SQL: SELECT `user_store_headerpic`,`user_store_name`,`user_store_lience`,`user_store_registered`,`user_store_cash` FROM `user` WHERE `id` = 20 LIMIT 1   [ RunTime:0.001000s ]

[ 2017-08-11T11:05:55+08:00 ] 192.168.31.216 /gzsc/index.php/Home/Dianshang/indexaa
INFO: [ app_init ] --START--
INFO: Run Behavior\BuildLiteBehavior [ RunTime:0.000000s ]
INFO: [ app_init ] --END-- [ RunTime:0.001000s ]
INFO: [ app_begin ] --START--
INFO: Run Behavior\ReadHtmlCacheBehavior [ RunTime:0.001000s ]
INFO: [ app_begin ] --END-- [ RunTime:0.001000s ]
NOTIC: [8192] mysql_connect(): The mysql extension is deprecated and will be removed in the future: use mysqli or PDO instead C:\aaa\WWW\gzsc\ThinkPHP\Library\Think\Db\Driver\Mysql.class.php Á¨¨ 52 Ë°å.
SQL: SHOW COLUMNS FROM `user` [ RunTime:0.017000s ]
SQL: SELECT `id`,`user_store_name`,`user_store_evaluate`,`user_store_pic`,`user_store_pic1`,`user_store_pic2`,`user_store_pic3`,`user_store_pic4`,`user_store_phone` FROM `user` WHERE `user_grade` = 2  [ RunTime:0.001000s ]
NOTIC: [8] Undefined index: p C:\aaa\WWW\gzsc\Application\Home\Controller\DianshangController.class.php Á¨¨ 65 Ë°å.
NOTIC: [8] Undefined variable: p C:\aaa\WWW\gzsc\Application\Home\Controller\DianshangController.class.php Á¨¨ 74 Ë°å.

[ 2017-08-11T11:05:56+08:00 ] 192.168.31.216 /gzsc/index.php/Home/Serve/selectserve
INFO: [ app_init ] --START--
INFO: Run Behavior\BuildLiteBehavior [ RunTime:0.000000s ]
INFO: [ app_init ] --END-- [ RunTime:0.000000s ]
INFO: [ app_begin ] --START--
INFO: Run Behavior\ReadHtmlCacheBehavior [ RunTime:0.000000s ]
INFO: [ app_begin ] --END-- [ RunTime:0.000000s ]
NOTIC: [8192] mysql_connect(): The mysql extension is deprecated and will be removed in the future: use mysqli or PDO instead C:\aaa\WWW\gzsc\ThinkPHP\Library\Think\Db\Driver\Mysql.class.php Á¨¨ 52 Ë°å.
SQL: SHOW COLUMNS FROM `cate` [ RunTime:0.005000s ]
SQL: SELECT `id` FROM `cate` WHERE `cate_name` = 'ÊúçÂä°' LIMIT 1   [ RunTime:0.000000s ]
SQL: SELECT `id`,`cate_name`,`cate_pic` FROM `cate` WHERE `cate_pid` = 1  [ RunTime:0.001000s ]

[ 2017-08-11T11:05:57+08:00 ] 192.168.31.216 /gzsc/index.php/Home/Dianshang/index
INFO: [ app_init ] --START--
INFO: Run Behavior\BuildLiteBehavior [ RunTime:0.000000s ]
INFO: [ app_init ] --END-- [ RunTime:0.000000s ]
INFO: [ app_begin ] --START--
INFO: Run Behavior\ReadHtmlCacheBehavior [ RunTime:0.001000s ]
INFO: [ app_begin ] --END-- [ RunTime:0.001000s ]
NOTIC: [8192] mysql_connect(): The mysql extension is deprecated and will be removed in the future: use mysqli or PDO instead C:\aaa\WWW\gzsc\ThinkPHP\Library\Think\Db\Driver\Mysql.class.php Á¨¨ 52 Ë°å.
SQL: SHOW COLUMNS FROM `pics` [ RunTime:0.005000s ]
SQL: SHOW COLUMNS FROM `user` [ RunTime:0.003000s ]
SQL: SELECT `pic`,`pic_http`,`pic_descr` FROM `pics` WHERE `pic_address` = 1 AND `pic_state` = 1  [ RunTime:0.000000s ]
SQL: SELECT `pic`,`pic_http`,`pic_descr` FROM `pics` WHERE `pic_address` = 2 AND `pic_state` = 1  [ RunTime:0.001000s ]

[ 2017-08-11T11:06:04+08:00 ] 192.168.31.216 /gzsc/index.php/Home/Dianshang/index
INFO: [ app_init ] --START--
INFO: Run Behavior\BuildLiteBehavior [ RunTime:0.000000s ]
INFO: [ app_init ] --END-- [ RunTime:0.000000s ]
INFO: [ app_begin ] --START--
INFO: Run Behavior\ReadHtmlCacheBehavior [ RunTime:0.001000s ]
INFO: [ app_begin ] --END-- [ RunTime:0.001000s ]
NOTIC: [8192] mysql_connect(): The mysql extension is deprecated and will be removed in the future: use mysqli or PDO instead C:\aaa\WWW\gzsc\ThinkPHP\Library\Think\Db\Driver\Mysql.class.php Á¨¨ 52 Ë°å.
SQL: SHOW COLUMNS FROM `pics` [ RunTime:0.005000s ]
SQL: SHOW COLUMNS FROM `user` [ RunTime:0.005000s ]
SQL: SELECT `pic`,`pic_http`,`pic_descr` FROM `pics` WHERE `pic_address` = 1 AND `pic_state` = 1  [ RunTime:0.000000s ]
SQL: SELECT `pic`,`pic_http`,`pic_descr` FROM `pics` WHERE `pic_address` = 2 AND `pic_state` = 1  [ RunTime:0.000000s ]

[ 2017-08-11T11:06:05+08:00 ] 192.168.31.216 /gzsc/index.php/Home/Dianshang/indexaa
INFO: [ app_init ] --START--
INFO: Run Behavior\BuildLiteBehavior [ RunTime:0.000000s ]
INFO: [ app_init ] --END-- [ RunTime:0.001000s ]
INFO: [ app_begin ] --START--
INFO: Run Behavior\ReadHtmlCacheBehavior [ RunTime:0.000000s ]
INFO: [ app_begin ] --END-- [ RunTime:0.001000s ]
NOTIC: [8192] mysql_connect(): The mysql extension is deprecated and will be removed in the future: use mysqli or PDO instead C:\aaa\WWW\gzsc\ThinkPHP\Library\Think\Db\Driver\Mysql.class.php Á¨¨ 52 Ë°å.
SQL: SHOW COLUMNS FROM `user` [ RunTime:0.005000s ]
SQL: SELECT `id`,`user_store_name`,`user_store_evaluate`,`user_store_pic`,`user_store_pic1`,`user_store_pic2`,`user_store_pic3`,`user_store_pic4`,`user_store_phone` FROM `user` WHERE `user_grade` = 2  [ RunTime:0.000000s ]
NOTIC: [8] Undefined index: p C:\aaa\WWW\gzsc\Application\Home\Controller\DianshangController.class.php Á¨¨ 65 Ë°å.
NOTIC: [8] Undefined variable: p C:\aaa\WWW\gzsc\Application\Home\Controller\DianshangController.class.php Á¨¨ 74 Ë°å.

[ 2017-08-11T11:06:09+08:00 ] 192.168.31.216 /gzsc/index.php/Home/Dianshang/index
INFO: [ app_init ] --START--
INFO: Run Behavior\BuildLiteBehavior [ RunTime:0.000000s ]
INFO: [ app_init ] --END-- [ RunTime:0.001000s ]
INFO: [ app_begin ] --START--
INFO: Run Behavior\ReadHtmlCacheBehavior [ RunTime:0.001000s ]
INFO: [ app_begin ] --END-- [ RunTime:0.001000s ]
NOTIC: [8192] mysql_connect(): The mysql extension is deprecated and will be removed in the future: use mysqli or PDO instead C:\aaa\WWW\gzsc\ThinkPHP\Library\Think\Db\Driver\Mysql.class.php Á¨¨ 52 Ë°å.
SQL: SHOW COLUMNS FROM `pics` [ RunTime:0.003000s ]
SQL: SHOW COLUMNS FROM `user` [ RunTime:0.004000s ]
SQL: SELECT `pic`,`pic_http`,`pic_descr` FROM `pics` WHERE `pic_address` = 1 AND `pic_state` = 1  [ RunTime:0.001000s ]
SQL: SELECT `pic`,`pic_http`,`pic_descr` FROM `pics` WHERE `pic_address` = 2 AND `pic_state` = 1  [ RunTime:0.000000s ]

[ 2017-08-11T11:06:10+08:00 ] 192.168.31.216 /gzsc/index.php/Home/Dianshang/indexaa
INFO: [ app_init ] --START--
INFO: Run Behavior\BuildLiteBehavior [ RunTime:0.000000s ]
INFO: [ app_init ] --END-- [ RunTime:0.001000s ]
INFO: [ app_begin ] --START--
INFO: Run Behavior\ReadHtmlCacheBehavior [ RunTime:0.000000s ]
INFO: [ app_begin ] --END-- [ RunTime:0.000000s ]
NOTIC: [8192] mysql_connect(): The mysql extension is deprecated and will be removed in the future: use mysqli or PDO instead C:\aaa\WWW\gzsc\ThinkPHP\Library\Think\Db\Driver\Mysql.class.php Á¨¨ 52 Ë°å.
SQL: SHOW COLUMNS FROM `user` [ RunTime:0.014000s ]
SQL: SELECT `id`,`user_store_name`,`user_store_evaluate`,`user_store_pic`,`user_store_pic1`,`user_store_pic2`,`user_store_pic3`,`user_store_pic4`,`user_store_phone` FROM `user` WHERE `user_grade` = 2  [ RunTime:0.001000s ]
NOTIC: [8] Undefined index: p C:\aaa\WWW\gzsc\Application\Home\Controller\DianshangController.class.php Á¨¨ 65 Ë°å.
NOTIC: [8] Undefined variable: p C:\aaa\WWW\gzsc\Application\Home\Controller\DianshangController.class.php Á¨¨ 74 Ë°å.

[ 2017-08-11T11:06:11+08:00 ] 192.168.31.216 /gzsc/index.php/Home/Serve/selectserve
INFO: [ app_init ] --START--
INFO: Run Behavior\BuildLiteBehavior [ RunTime:0.000000s ]
INFO: [ app_init ] --END-- [ RunTime:0.001000s ]
INFO: [ app_begin ] --START--
INFO: Run Behavior\ReadHtmlCacheBehavior [ RunTime:0.001000s ]
INFO: [ app_begin ] --END-- [ RunTime:0.001000s ]
NOTIC: [8192] mysql_connect(): The mysql extension is deprecated and will be removed in the future: use mysqli or PDO instead C:\aaa\WWW\gzsc\ThinkPHP\Library\Think\Db\Driver\Mysql.class.php Á¨¨ 52 Ë°å.
SQL: SHOW COLUMNS FROM `cate` [ RunTime:0.004000s ]
SQL: SELECT `id` FROM `cate` WHERE `cate_name` = 'ÊúçÂä°' LIMIT 1   [ RunTime:0.000000s ]
SQL: SELECT `id`,`cate_name`,`cate_pic` FROM `cate` WHERE `cate_pid` = 1  [ RunTime:0.001000s ]

[ 2017-08-11T11:06:12+08:00 ] 192.168.31.216 /gzsc/index.php/Home/Dianshang/indexaa?p=2
INFO: [ app_init ] --START--
INFO: Run Behavior\BuildLiteBehavior [ RunTime:0.000000s ]
INFO: [ app_init ] --END-- [ RunTime:0.000000s ]
INFO: [ app_begin ] --START--
INFO: Run Behavior\ReadHtmlCacheBehavior [ RunTime:0.000000s ]
INFO: [ app_begin ] --END-- [ RunTime:0.001000s ]
NOTIC: [8192] mysql_connect(): The mysql extension is deprecated and will be removed in the future: use mysqli or PDO instead C:\aaa\WWW\gzsc\ThinkPHP\Library\Think\Db\Driver\Mysql.class.php Á¨¨ 52 Ë°å.
SQL: SHOW COLUMNS FROM `user` [ RunTime:0.004000s ]
SQL: SELECT `id`,`user_store_name`,`user_store_evaluate`,`user_store_pic`,`user_store_pic1`,`user_store_pic2`,`user_store_pic3`,`user_store_pic4`,`user_store_phone` FROM `user` WHERE `user_grade` = 2  [ RunTime:0.001000s ]

[ 2017-08-11T11:06:42+08:00 ] 192.168.31.216 /gzsc/index.php/Home/Dianshang/index
INFO: [ app_init ] --START--
INFO: Run Behavior\BuildLiteBehavior [ RunTime:0.000000s ]
INFO: [ app_init ] --END-- [ RunTime:0.000000s ]
INFO: [ app_begin ] --START--
INFO: Run Behavior\ReadHtmlCacheBehavior [ RunTime:0.000000s ]
INFO: [ app_begin ] --END-- [ RunTime:0.000000s ]
NOTIC: [8192] mysql_connect(): The mysql extension is deprecated and will be removed in the future: use mysqli or PDO instead C:\aaa\WWW\gzsc\ThinkPHP\Library\Think\Db\Driver\Mysql.class.php Á¨¨ 52 Ë°å.
SQL: SHOW COLUMNS FROM `pics` [ RunTime:0.009000s ]
SQL: SHOW COLUMNS FROM `user` [ RunTime:0.008000s ]
SQL: SELECT `pic`,`pic_http`,`pic_descr` FROM `pics` WHERE `pic_address` = 1 AND `pic_state` = 1  [ RunTime:0.000000s ]
SQL: SELECT `pic`,`pic_http`,`pic_descr` FROM `pics` WHERE `pic_address` = 2 AND `pic_state` = 1  [ RunTime:0.001000s ]

[ 2017-08-11T11:06:43+08:00 ] 192.168.31.216 /gzsc/index.php/Home/Dianshang/indexaa
INFO: [ app_init ] --START--
INFO: Run Behavior\BuildLiteBehavior [ RunTime:0.000000s ]
INFO: [ app_init ] --END-- [ RunTime:0.000000s ]
INFO: [ app_begin ] --START--
INFO: Run Behavior\ReadHtmlCacheBehavior [ RunTime:0.000000s ]
INFO: [ app_begin ] --END-- [ RunTime:0.000000s ]
NOTIC: [8192] mysql_connect(): The mysql extension is deprecated and will be removed in the future: use mysqli or PDO instead C:\aaa\WWW\gzsc\ThinkPHP\Library\Think\Db\Driver\Mysql.class.php Á¨¨ 52 Ë°å.
SQL: SHOW COLUMNS FROM `user` [ RunTime:0.004000s ]
SQL: SELECT `id`,`user_store_name`,`user_store_evaluate`,`user_store_pic`,`user_store_pic1`,`user_store_pic2`,`user_store_pic3`,`user_store_pic4`,`user_store_phone` FROM `user` WHERE `user_grade` = 2  [ RunTime:0.001000s ]
NOTIC: [8] Undefined index: p C:\aaa\WWW\gzsc\Application\Home\Controller\DianshangController.class.php Á¨¨ 65 Ë°å.
NOTIC: [8] Undefined variable: p C:\aaa\WWW\gzsc\Application\Home\Controller\DianshangController.class.php Á¨¨ 74 Ë°å.

[ 2017-08-11T11:06:48+08:00 ] 192.168.31.216 /gzsc/index.php/Home/Dianshang/index
INFO: [ app_init ] --START--
INFO: Run Behavior\BuildLiteBehavior [ RunTime:0.000000s ]
INFO: [ app_init ] --END-- [ RunTime:0.000000s ]
INFO: [ app_begin ] --START--
INFO: Run Behavior\ReadHtmlCacheBehavior [ RunTime:0.001000s ]
INFO: [ app_begin ] --END-- [ RunTime:0.001000s ]
NOTIC: [8192] mysql_connect(): The mysql extension is deprecated and will be removed in the future: use mysqli or PDO instead C:\aaa\WWW\gzsc\ThinkPHP\Library\Think\Db\Driver\Mysql.class.php Á¨¨ 52 Ë°å.
SQL: SHOW COLUMNS FROM `pics` [ RunTime:0.007000s ]
SQL: SHOW COLUMNS FROM `user` [ RunTime:0.008000s ]
SQL: SELECT `pic`,`pic_http`,`pic_descr` FROM `pics` WHERE `pic_address` = 1 AND `pic_state` = 1  [ RunTime:0.001000s ]
SQL: SELECT `pic`,`pic_http`,`pic_descr` FROM `pics` WHERE `pic_address` = 2 AND `pic_state` = 1  [ RunTime:0.001000s ]

[ 2017-08-11T11:06:49+08:00 ] 192.168.31.216 /gzsc/index.php/Home/Serve/selectserve
INFO: [ app_init ] --START--
INFO: Run Behavior\BuildLiteBehavior [ RunTime:0.000000s ]
INFO: [ app_init ] --END-- [ RunTime:0.000000s ]
INFO: [ app_begin ] --START--
INFO: Run Behavior\ReadHtmlCacheBehavior [ RunTime:0.000000s ]
INFO: [ app_begin ] --END-- [ RunTime:0.000000s ]
NOTIC: [8192] mysql_connect(): The mysql extension is deprecated and will be removed in the future: use mysqli or PDO instead C:\aaa\WWW\gzsc\ThinkPHP\Library\Think\Db\Driver\Mysql.class.php Á¨¨ 52 Ë°å.
SQL: SHOW COLUMNS FROM `cate` [ RunTime:0.009000s ]
SQL: SELECT `id` FROM `cate` WHERE `cate_name` = 'ÊúçÂä°' LIMIT 1   [ RunTime:0.001000s ]
SQL: SELECT `id`,`cate_name`,`cate_pic` FROM `cate` WHERE `cate_pid` = 1  [ RunTime:0.001000s ]

[ 2017-08-11T11:06:50+08:00 ] 192.168.31.216 /gzsc/index.php/Home/Dianshang/indexaa
INFO: [ app_init ] --START--
INFO: Run Behavior\BuildLiteBehavior [ RunTime:0.000000s ]
INFO: [ app_init ] --END-- [ RunTime:0.001000s ]
INFO: [ app_begin ] --START--
INFO: Run Behavior\ReadHtmlCacheBehavior [ RunTime:0.001000s ]
INFO: [ app_begin ] --END-- [ RunTime:0.001000s ]
NOTIC: [8192] mysql_connect(): The mysql extension is deprecated and will be removed in the future: use mysqli or PDO instead C:\aaa\WWW\gzsc\ThinkPHP\Library\Think\Db\Driver\Mysql.class.php Á¨¨ 52 Ë°å.
SQL: SHOW COLUMNS FROM `user` [ RunTime:0.004000s ]
SQL: SELECT `id`,`user_store_name`,`user_store_evaluate`,`user_store_pic`,`user_store_pic1`,`user_store_pic2`,`user_store_pic3`,`user_store_pic4`,`user_store_phone` FROM `user` WHERE `user_grade` = 2  [ RunTime:0.001000s ]
NOTIC: [8] Undefined index: p C:\aaa\WWW\gzsc\Application\Home\Controller\DianshangController.class.php Á¨¨ 65 Ë°å.
NOTIC: [8] Undefined variable: p C:\aaa\WWW\gzsc\Application\Home\Controller\DianshangController.class.php Á¨¨ 74 Ë°å.

[ 2017-08-11T11:29:08+08:00 ] 192.168.31.216 /gzsc/index.php/Home/Dianshang/indexaa
INFO: [ app_init ] --START--
INFO: Run Behavior\BuildLiteBehavior [ RunTime:0.000000s ]
INFO: [ app_init ] --END-- [ RunTime:0.001000s ]
INFO: [ app_begin ] --START--
INFO: Run Behavior\ReadHtmlCacheBehavior [ RunTime:0.000000s ]
INFO: [ app_begin ] --END-- [ RunTime:0.000000s ]
NOTIC: [8192] mysql_connect(): The mysql extension is deprecated and will be removed in the future: use mysqli or PDO instead C:\aaa\WWW\gzsc\ThinkPHP\Library\Think\Db\Driver\Mysql.class.php Á¨¨ 52 Ë°å.
SQL: SHOW COLUMNS FROM `user` [ RunTime:0.012000s ]
SQL: SELECT `id`,`user_store_name`,`user_store_evaluate`,`user_store_pic`,`user_store_pic1`,`user_store_pic2`,`user_store_pic3`,`user_store_pic4`,`user_store_phone` FROM `user` WHERE `user_grade` = 2  [ RunTime:0.001000s ]
NOTIC: [8] Undefined index: p C:\aaa\WWW\gzsc\Application\Home\Controller\DianshangController.class.php Á¨¨ 65 Ë°å.
NOTIC: [8] Undefined variable: p C:\aaa\WWW\gzsc\Application\Home\Controller\DianshangController.class.php Á¨¨ 74 Ë°å.

[ 2017-08-11T11:29:08+08:00 ] 192.168.31.216 /gzsc/index.php/Home/Dianshang/index
INFO: [ app_init ] --START--
INFO: Run Behavior\BuildLiteBehavior [ RunTime:0.000000s ]
INFO: [ app_init ] --END-- [ RunTime:0.000000s ]
INFO: [ app_begin ] --START--
INFO: Run Behavior\ReadHtmlCacheBehavior [ RunTime:0.001000s ]
INFO: [ app_begin ] --END-- [ RunTime:0.001000s ]
NOTIC: [8192] mysql_connect(): The mysql extension is deprecated and will be removed in the future: use mysqli or PDO instead C:\aaa\WWW\gzsc\ThinkPHP\Library\Think\Db\Driver\Mysql.class.php Á¨¨ 52 Ë°å.
SQL: SHOW COLUMNS FROM `pics` [ RunTime:0.009000s ]
SQL: SHOW COLUMNS FROM `user` [ RunTime:0.006000s ]
SQL: SELECT `pic`,`pic_http`,`pic_descr` FROM `pics` WHERE `pic_address` = 1 AND `pic_state` = 1  [ RunTime:0.000000s ]
SQL: SELECT `pic`,`pic_http`,`pic_descr` FROM `pics` WHERE `pic_address` = 2 AND `pic_state` = 1  [ RunTime:0.000000s ]

[ 2017-08-11T14:28:23+08:00 ] 192.168.31.216 /gzsc/index.php/Home/Dianshang/index
INFO: [ app_init ] --START--
INFO: Run Behavior\BuildLiteBehavior [ RunTime:0.000000s ]
INFO: [ app_init ] --END-- [ RunTime:0.000000s ]
INFO: [ app_begin ] --START--
INFO: Run Behavior\ReadHtmlCacheBehavior [ RunTime:0.001000s ]
INFO: [ app_begin ] --END-- [ RunTime:0.001000s ]
NOTIC: [8192] mysql_connect(): The mysql extension is deprecated and will be removed in the future: use mysqli or PDO instead C:\aaa\WWW\gzsc\ThinkPHP\Library\Think\Db\Driver\Mysql.class.php Á¨¨ 52 Ë°å.
SQL: SHOW COLUMNS FROM `pics` [ RunTime:0.008000s ]
SQL: SHOW COLUMNS FROM `user` [ RunTime:0.009000s ]
SQL: SELECT `pic`,`pic_http`,`pic_descr` FROM `pics` WHERE `pic_address` = 1 AND `pic_state` = 1  [ RunTime:0.000000s ]
SQL: SELECT `pic`,`pic_http`,`pic_descr` FROM `pics` WHERE `pic_address` = 2 AND `pic_state` = 1  [ RunTime:0.000000s ]

[ 2017-08-11T14:28:23+08:00 ] 192.168.31.216 /gzsc/index.php/Home/Dianshang/indexaa
INFO: [ app_init ] --START--
INFO: Run Behavior\BuildLiteBehavior [ RunTime:0.000000s ]
INFO: [ app_init ] --END-- [ RunTime:0.001000s ]
INFO: [ app_begin ] --START--
INFO: Run Behavior\ReadHtmlCacheBehavior [ RunTime:0.001000s ]
INFO: [ app_begin ] --END-- [ RunTime:0.001000s ]
NOTIC: [8192] mysql_connect(): The mysql extension is deprecated and will be removed in the future: use mysqli or PDO instead C:\aaa\WWW\gzsc\ThinkPHP\Library\Think\Db\Driver\Mysql.class.php Á¨¨ 52 Ë°å.
SQL: SHOW COLUMNS FROM `user` [ RunTime:0.014000s ]
SQL: SELECT `id`,`user_store_name`,`user_store_evaluate`,`user_store_pic`,`user_store_pic1`,`user_store_pic2`,`user_store_pic3`,`user_store_pic4`,`user_store_phone` FROM `user` WHERE `user_grade` = 2  [ RunTime:0.001000s ]
NOTIC: [8] Undefined index: p C:\aaa\WWW\gzsc\Application\Home\Controller\DianshangController.class.php Á¨¨ 65 Ë°å.
NOTIC: [8] Undefined variable: p C:\aaa\WWW\gzsc\Application\Home\Controller\DianshangController.class.php Á¨¨ 74 Ë°å.

[ 2017-08-11T14:28:27+08:00 ] 192.168.31.216 /gzsc/index.php/Home/Store/store?store_id=20
INFO: [ app_init ] --START--
INFO: Run Behavior\BuildLiteBehavior [ RunTime:0.000000s ]
INFO: [ app_init ] --END-- [ RunTime:0.001000s ]
INFO: [ app_begin ] --START--
INFO: Run Behavior\ReadHtmlCacheBehavior [ RunTime:0.001000s ]
INFO: [ app_begin ] --END-- [ RunTime:0.001000s ]
NOTIC: [8192] mysql_connect(): The mysql extension is deprecated and will be removed in the future: use mysqli or PDO instead C:\aaa\WWW\gzsc\ThinkPHP\Library\Think\Db\Driver\Mysql.class.php Á¨¨ 52 Ë°å.
SQL: SHOW COLUMNS FROM `user` [ RunTime:0.004000s ]
SQL: SELECT `user_store_name`,`user_store_pic`,`user_store_evaluate`,`user_store_phone`,`user_store_address`,`user_store_pic`,`user_store_pic1`,`user_store_pic2`,`user_store_pic3`,`user_store_pic4` FROM `user` WHERE `id` = 20 LIMIT 1   [ RunTime:0.000000s ]

[ 2017-08-11T14:28:34+08:00 ] 192.168.31.216 /gzsc/index.php/Home/Login/dologin?username=lyl&pwd=123456
INFO: [ app_init ] --START--
INFO: Run Behavior\BuildLiteBehavior [ RunTime:0.000000s ]
INFO: [ app_init ] --END-- [ RunTime:0.001000s ]
INFO: [ app_begin ] --START--
INFO: Run Behavior\ReadHtmlCacheBehavior [ RunTime:0.001000s ]
INFO: [ app_begin ] --END-- [ RunTime:0.001000s ]
NOTIC: [8192] mysql_connect(): The mysql extension is deprecated and will be removed in the future: use mysqli or PDO instead C:\aaa\WWW\gzsc\ThinkPHP\Library\Think\Db\Driver\Mysql.class.php Á¨¨ 52 Ë°å.
SQL: SHOW COLUMNS FROM `user` [ RunTime:0.006000s ]
SQL: SELECT * FROM `user` WHERE ( user_name='lyl' OR user_phone='lyl' OR user_store_name='lyl' ) LIMIT 1   [ RunTime:0.001000s ]
SQL: SELECT * FROM `user` WHERE ( user_name='lyl' OR user_phone='lyl' ) LIMIT 1   [ RunTime:0.000000s ]

[ 2017-08-11T14:28:35+08:00 ] 192.168.31.216 /gzsc/index.php/Home/Dianshang/indexaa
INFO: [ app_init ] --START--
INFO: Run Behavior\BuildLiteBehavior [ RunTime:0.000000s ]
INFO: [ app_init ] --END-- [ RunTime:0.000000s ]
INFO: [ app_begin ] --START--
INFO: Run Behavior\ReadHtmlCacheBehavior [ RunTime:0.001000s ]
INFO: [ app_begin ] --END-- [ RunTime:0.001000s ]
NOTIC: [8192] mysql_connect(): The mysql extension is deprecated and will be removed in the future: use mysqli or PDO instead C:\aaa\WWW\gzsc\ThinkPHP\Library\Think\Db\Driver\Mysql.class.php Á¨¨ 52 Ë°å.
SQL: SHOW COLUMNS FROM `user` [ RunTime:0.006000s ]
SQL: SELECT `id`,`user_store_name`,`user_store_evaluate`,`user_store_pic`,`user_store_pic1`,`user_store_pic2`,`user_store_pic3`,`user_store_pic4`,`user_store_phone` FROM `user` WHERE `user_grade` = 2  [ RunTime:0.000000s ]
NOTIC: [8] Undefined index: p C:\aaa\WWW\gzsc\Application\Home\Controller\DianshangController.class.php Á¨¨ 65 Ë°å.
NOTIC: [8] Undefined variable: p C:\aaa\WWW\gzsc\Application\Home\Controller\DianshangController.class.php Á¨¨ 74 Ë°å.

[ 2017-08-11T14:28:36+08:00 ] 192.168.31.216 /gzsc/index.php/Home/Dianshang/index
INFO: [ app_init ] --START--
INFO: Run Behavior\BuildLiteBehavior [ RunTime:0.000000s ]
INFO: [ app_init ] --END-- [ RunTime:0.001000s ]
INFO: [ app_begin ] --START--
INFO: Run Behavior\ReadHtmlCacheBehavior [ RunTime:0.001000s ]
INFO: [ app_begin ] --END-- [ RunTime:0.001000s ]
NOTIC: [8192] mysql_connect(): The mysql extension is deprecated and will be removed in the future: use mysqli or PDO instead C:\aaa\WWW\gzsc\ThinkPHP\Library\Think\Db\Driver\Mysql.class.php Á¨¨ 52 Ë°å.
SQL: SHOW COLUMNS FROM `pics` [ RunTime:0.007000s ]
SQL: SHOW COLUMNS FROM `user` [ RunTime:0.009000s ]
SQL: SELECT `pic`,`pic_http`,`pic_descr` FROM `pics` WHERE `pic_address` = 1 AND `pic_state` = 1  [ RunTime:0.001000s ]
SQL: SELECT `pic`,`pic_http`,`pic_descr` FROM `pics` WHERE `pic_address` = 2 AND `pic_state` = 1  [ RunTime:0.001000s ]

[ 2017-08-11T14:28:37+08:00 ] 192.168.31.216 /gzsc/index.php/Home/Goods/shoppingcar?user_id=1
INFO: [ app_init ] --START--
INFO: Run Behavior\BuildLiteBehavior [ RunTime:0.000000s ]
INFO: [ app_init ] --END-- [ RunTime:0.001000s ]
INFO: [ app_begin ] --START--
INFO: Run Behavior\ReadHtmlCacheBehavior [ RunTime:0.001000s ]
INFO: [ app_begin ] --END-- [ RunTime:0.001000s ]
NOTIC: [8192] mysql_connect(): The mysql extension is deprecated and will be removed in the future: use mysqli or PDO instead C:\aaa\WWW\gzsc\ThinkPHP\Library\Think\Db\Driver\Mysql.class.php Á¨¨ 52 Ë°å.
SQL: SHOW COLUMNS FROM `shoppingcar` [ RunTime:0.008000s ]
SQL: SHOW COLUMNS FROM `user` [ RunTime:0.004000s ]
SQL: SHOW COLUMNS FROM `good_attr` [ RunTime:0.005000s ]
SQL: SHOW COLUMNS FROM `good` [ RunTime:0.006000s ]
SQL: SHOW COLUMNS FROM `file` [ RunTime:0.008000s ]
SQL: SELECT * FROM `shoppingcar` WHERE `user_id` = 1  [ RunTime:0.000000s ]
SQL: SELECT `id`,`user_store_name` FROM `user` WHERE `id` = 6 LIMIT 1   [ RunTime:0.001000s ]
SQL: SELECT `file_pic` FROM `file` WHERE `good_attr_id` = 39 LIMIT 1   [ RunTime:0.000000s ]
SQL: SELECT `id`,`good_name` FROM `good` WHERE `id` = 14 LIMIT 1   [ RunTime:0.000000s ]
SQL: SELECT `id`,`good_attr_color`,`good_attr_size`,`good_attr_price`,`good_attr_des` FROM `good_attr` WHERE `id` = 39 LIMIT 1   [ RunTime:0.000000s ]
SQL: SELECT `file_pic` FROM `file` WHERE `good_attr_id` = 39 LIMIT 1   [ RunTime:0.000000s ]
SQL: SELECT `id`,`good_name` FROM `good` WHERE `id` = 13 LIMIT 1   [ RunTime:0.001000s ]
SQL: SELECT `id`,`good_attr_color`,`good_attr_size`,`good_attr_price`,`good_attr_des` FROM `good_attr` WHERE `id` = 39 LIMIT 1   [ RunTime:0.000000s ]
SQL: SELECT `file_pic` FROM `file` WHERE `good_attr_id` = 39 LIMIT 1   [ RunTime:0.000000s ]
SQL: SELECT `id`,`good_name` FROM `good` WHERE `id` = 12 LIMIT 1   [ RunTime:0.001000s ]
SQL: SELECT `id`,`good_attr_color`,`good_attr_size`,`good_attr_price`,`good_attr_des` FROM `good_attr` WHERE `id` = 39 LIMIT 1   [ RunTime:0.002000s ]
SQL: SELECT `file_pic` FROM `file` WHERE `good_attr_id` = 39 LIMIT 1   [ RunTime:0.000000s ]
SQL: SELECT `id`,`good_name` FROM `good` WHERE `id` = 11 LIMIT 1   [ RunTime:0.001000s ]
SQL: SELECT `id`,`good_attr_color`,`good_attr_size`,`good_attr_price`,`good_attr_des` FROM `good_attr` WHERE `id` = 39 LIMIT 1   [ RunTime:0.000000s ]
SQL: SELECT `file_pic` FROM `file` WHERE `good_attr_id` = 39 LIMIT 1   [ RunTime:0.000000s ]
SQL: SELECT `id`,`good_name` FROM `good` WHERE `id` = 8 LIMIT 1   [ RunTime:0.000000s ]
SQL: SELECT `id`,`good_attr_color`,`good_attr_size`,`good_attr_price`,`good_attr_des` FROM `good_attr` WHERE `id` = 39 LIMIT 1   [ RunTime:0.000000s ]

[ 2017-08-11T14:35:37+08:00 ] 192.168.31.216 /gzsc/index.php/Home/Store/store?store_id=20
INFO: [ app_init ] --START--
INFO: Run Behavior\BuildLiteBehavior [ RunTime:0.000000s ]
INFO: [ app_init ] --END-- [ RunTime:0.002000s ]
INFO: [ app_begin ] --START--
INFO: Run Behavior\ReadHtmlCacheBehavior [ RunTime:0.001000s ]
INFO: [ app_begin ] --END-- [ RunTime:0.001000s ]
NOTIC: [8192] mysql_connect(): The mysql extension is deprecated and will be removed in the future: use mysqli or PDO instead C:\aaa\WWW\gzsc\ThinkPHP\Library\Think\Db\Driver\Mysql.class.php Á¨¨ 52 Ë°å.
SQL: SHOW COLUMNS FROM `user` [ RunTime:0.007000s ]
SQL: SELECT `user_store_name`,`user_store_pic`,`user_store_evaluate`,`user_store_phone`,`user_store_address`,`user_store_pic`,`user_store_pic1`,`user_store_pic2`,`user_store_pic3`,`user_store_pic4` FROM `user` WHERE `id` = 20 LIMIT 1   [ RunTime:0.001000s ]

[ 2017-08-11T19:25:36+08:00 ] 192.168.31.125 /gzsc/
INFO: [ app_init ] --START--
INFO: Run Behavior\BuildLiteBehavior [ RunTime:0.000000s ]
INFO: [ app_init ] --END-- [ RunTime:0.002000s ]
INFO: [ app_begin ] --START--
INFO: Run Behavior\ReadHtmlCacheBehavior [ RunTime:0.001000s ]
INFO: [ app_begin ] --END-- [ RunTime:0.001000s ]
INFO: [ view_parse ] --START--
INFO: [ template_filter ] --START--
INFO: Run Behavior\ContentReplaceBehavior [ RunTime:0.000000s ]
INFO: [ template_filter ] --END-- [ RunTime:0.000000s ]
INFO: Run Behavior\ParseTemplateBehavior [ RunTime:0.008000s ]
INFO: [ view_parse ] --END-- [ RunTime:0.008000s ]
INFO: [ view_filter ] --START--
INFO: Run Behavior\WriteHtmlCacheBehavior [ RunTime:0.002000s ]
INFO: [ view_filter ] --END-- [ RunTime:0.002000s ]
INFO: [ app_end ] --START--
INFO: Run Behavior\ShowPageTraceBehavior [ RunTime:0.001000s ]
INFO: [ app_end ] --END-- [ RunTime:0.001000s ]

